[2.169s] Invoking command in '/home/fishros/chapt5/chapt5_ws/src/demo_python_tf': PYTHONPATH=/home/fishros/chapt5/build/demo_python_tf/prefix_override:/usr/lib/python3/dist-packages/colcon_core/task/python/colcon_distutils_commands:/home/fishros/chapt5/install/demo_python_tf/lib/python3.10/site-packages:${PYTHONPATH} /usr/bin/python3 -W ignore:setup.py install is deprecated -W ignore:easy_install command is deprecated setup.py egg_info --egg-base ../../../build/demo_python_tf build --build-base /home/fishros/chapt5/build/demo_python_tf/build install --record /home/fishros/chapt5/build/demo_python_tf/install.log --single-version-externally-managed install_data
[2.976s] running egg_info
[2.976s] creating ../../../build/demo_python_tf/demo_python_tf.egg-info
[2.977s] writing ../../../build/demo_python_tf/demo_python_tf.egg-info/PKG-INFO
[2.982s] writing dependency_links to ../../../build/demo_python_tf/demo_python_tf.egg-info/dependency_links.txt
[2.982s] writing entry points to ../../../build/demo_python_tf/demo_python_tf.egg-info/entry_points.txt
[2.982s] writing requirements to ../../../build/demo_python_tf/demo_python_tf.egg-info/requires.txt
[2.982s] writing top-level names to ../../../build/demo_python_tf/demo_python_tf.egg-info/top_level.txt
[2.982s] writing manifest file '../../../build/demo_python_tf/demo_python_tf.egg-info/SOURCES.txt'
[2.990s] reading manifest file '../../../build/demo_python_tf/demo_python_tf.egg-info/SOURCES.txt'
[2.990s] adding license file 'LICENSE'
[2.991s] writing manifest file '../../../build/demo_python_tf/demo_python_tf.egg-info/SOURCES.txt'
[2.991s] running build
[2.992s] running build_py
[2.993s] creating /home/fishros/chapt5/build/demo_python_tf/build
[2.994s] creating /home/fishros/chapt5/build/demo_python_tf/build/lib
[2.994s] creating /home/fishros/chapt5/build/demo_python_tf/build/lib/demo_python_tf
[2.994s] copying demo_python_tf/__init__.py -> /home/fishros/chapt5/build/demo_python_tf/build/lib/demo_python_tf
[2.995s] copying demo_python_tf/dynamic_tf_broadcaster.py -> /home/fishros/chapt5/build/demo_python_tf/build/lib/demo_python_tf
[2.996s] copying demo_python_tf/static_tf_broadcaster.py -> /home/fishros/chapt5/build/demo_python_tf/build/lib/demo_python_tf
[2.997s] running install
[3.001s] running install_lib
[3.001s] creating /home/fishros/chapt5/install/demo_python_tf/lib/python3.10/site-packages/demo_python_tf
[3.001s] copying /home/fishros/chapt5/build/demo_python_tf/build/lib/demo_python_tf/__init__.py -> /home/fishros/chapt5/install/demo_python_tf/lib/python3.10/site-packages/demo_python_tf
[3.002s] copying /home/fishros/chapt5/build/demo_python_tf/build/lib/demo_python_tf/dynamic_tf_broadcaster.py -> /home/fishros/chapt5/install/demo_python_tf/lib/python3.10/site-packages/demo_python_tf
[3.005s] copying /home/fishros/chapt5/build/demo_python_tf/build/lib/demo_python_tf/static_tf_broadcaster.py -> /home/fishros/chapt5/install/demo_python_tf/lib/python3.10/site-packages/demo_python_tf
[3.005s] byte-compiling /home/fishros/chapt5/install/demo_python_tf/lib/python3.10/site-packages/demo_python_tf/__init__.py to __init__.cpython-310.pyc
[3.006s] byte-compiling /home/fishros/chapt5/install/demo_python_tf/lib/python3.10/site-packages/demo_python_tf/dynamic_tf_broadcaster.py to dynamic_tf_broadcaster.cpython-310.pyc
[3.008s] byte-compiling /home/fishros/chapt5/install/demo_python_tf/lib/python3.10/site-packages/demo_python_tf/static_tf_broadcaster.py to static_tf_broadcaster.cpython-310.pyc
[3.009s] running install_data
[3.009s] creating /home/fishros/chapt5/install/demo_python_tf/share/ament_index
[3.010s] creating /home/fishros/chapt5/install/demo_python_tf/share/ament_index/resource_index
[3.010s] creating /home/fishros/chapt5/install/demo_python_tf/share/ament_index/resource_index/packages
[3.011s] copying resource/demo_python_tf -> /home/fishros/chapt5/install/demo_python_tf/share/ament_index/resource_index/packages
[3.013s] copying package.xml -> /home/fishros/chapt5/install/demo_python_tf/share/demo_python_tf
[3.014s] running install_egg_info
[3.017s] Copying ../../../build/demo_python_tf/demo_python_tf.egg-info to /home/fishros/chapt5/install/demo_python_tf/lib/python3.10/site-packages/demo_python_tf-0.0.0-py3.10.egg-info
[3.021s] running install_scripts
[3.094s] Installing dynamic_tf_broadcaster script to /home/fishros/chapt5/install/demo_python_tf/lib/demo_python_tf
[3.100s] Installing static_tf_broadcaster script to /home/fishros/chapt5/install/demo_python_tf/lib/demo_python_tf
[3.100s] writing list of installed files to '/home/fishros/chapt5/build/demo_python_tf/install.log'
[3.214s] Invoked command in '/home/fishros/chapt5/chapt5_ws/src/demo_python_tf' returned '0': PYTHONPATH=/home/fishros/chapt5/build/demo_python_tf/prefix_override:/usr/lib/python3/dist-packages/colcon_core/task/python/colcon_distutils_commands:/home/fishros/chapt5/install/demo_python_tf/lib/python3.10/site-packages:${PYTHONPATH} /usr/bin/python3 -W ignore:setup.py install is deprecated -W ignore:easy_install command is deprecated setup.py egg_info --egg-base ../../../build/demo_python_tf build --build-base /home/fishros/chapt5/build/demo_python_tf/build install --record /home/fishros/chapt5/build/demo_python_tf/install.log --single-version-externally-managed install_data
