[0.200s] DEBUG:colcon:Command line arguments: ['/usr/bin/colcon', 'build']
[0.201s] DEBUG:colcon:Parsed command line arguments: Namespace(log_base=None, log_level=None, verb_name='build', build_base='build', install_base='install', merge_install=False, symlink_install=False, test_result_base=None, continue_on_error=False, executor='parallel', parallel_workers=1, event_handlers=None, ignore_user_meta=False, metas=['./colcon.meta'], base_paths=['.'], packages_ignore=None, packages_ignore_regex=None, paths=None, packages_up_to=None, packages_up_to_regex=None, packages_above=None, packages_above_and_dependencies=None, packages_above_depth=None, packages_select_by_dep=None, packages_skip_by_dep=None, packages_skip_up_to=None, packages_select_build_failed=False, packages_skip_build_finished=False, packages_select_test_failures=False, packages_skip_test_passed=False, packages_select=None, packages_skip=None, packages_select_regex=None, packages_skip_regex=None, packages_start=None, packages_end=None, allow_overriding=[], cmake_args=None, cmake_target=None, cmake_target_skip_unavailable=False, cmake_clean_cache=False, cmake_clean_first=False, cmake_force_configure=False, ament_cmake_args=None, catkin_cmake_args=None, catkin_skip_building_tests=False, verb_parser=<colcon_defaults.argument_parser.defaults.DefaultArgumentsDecorator object at 0x748cc8dd30d0>, verb_extension=<colcon_core.verb.build.BuildVerb object at 0x748cc8f00580>, main=<bound method BuildVerb.main of <colcon_core.verb.build.BuildVerb object at 0x748cc8f00580>>)
[0.376s] Level 1:colcon.colcon_core.package_discovery:discover_packages(colcon_meta) check parameters
[0.376s] Level 1:colcon.colcon_core.package_discovery:discover_packages(recursive) check parameters
[0.376s] Level 1:colcon.colcon_core.package_discovery:discover_packages(ignore) check parameters
[0.377s] Level 1:colcon.colcon_core.package_discovery:discover_packages(path) check parameters
[0.377s] Level 1:colcon.colcon_core.package_discovery:discover_packages(colcon_meta) discover
[0.377s] Level 1:colcon.colcon_core.package_discovery:discover_packages(recursive) discover
[0.378s] INFO:colcon.colcon_core.package_discovery:Crawling recursively for packages in '/home/fishros/chapt4/chapt4_ws/src/chapt4_interfaces'
[0.378s] Level 1:colcon.colcon_core.package_identification:_identify(.) by extensions ['ignore', 'ignore_ament_install']
[0.378s] Level 1:colcon.colcon_core.package_identification:_identify(.) by extension 'ignore'
[0.379s] Level 1:colcon.colcon_core.package_identification:_identify(.) by extension 'ignore_ament_install'
[0.379s] Level 1:colcon.colcon_core.package_identification:_identify(.) by extensions ['colcon_pkg']
[0.379s] Level 1:colcon.colcon_core.package_identification:_identify(.) by extension 'colcon_pkg'
[0.379s] Level 1:colcon.colcon_core.package_identification:_identify(.) by extensions ['colcon_meta']
[0.380s] Level 1:colcon.colcon_core.package_identification:_identify(.) by extension 'colcon_meta'
[0.380s] Level 1:colcon.colcon_core.package_identification:_identify(.) by extensions ['ros']
[0.380s] Level 1:colcon.colcon_core.package_identification:_identify(.) by extension 'ros'
[0.398s] DEBUG:colcon.colcon_core.package_identification:Package '.' with type 'ros.ament_cmake' and name 'chapt4_interfaces'
[0.398s] Level 1:colcon.colcon_core.package_discovery:discover_packages(recursive) using defaults
[0.398s] Level 1:colcon.colcon_core.package_discovery:discover_packages(ignore) discover
[0.399s] Level 1:colcon.colcon_core.package_discovery:discover_packages(ignore) using defaults
[0.399s] Level 1:colcon.colcon_core.package_discovery:discover_packages(path) discover
[0.399s] Level 1:colcon.colcon_core.package_discovery:discover_packages(path) using defaults
[0.421s] Level 1:colcon.colcon_core.package_discovery:discover_packages(prefix_path) check parameters
[0.421s] Level 1:colcon.colcon_core.package_discovery:discover_packages(prefix_path) discover
[0.424s] DEBUG:colcon.colcon_installed_package_information.package_discovery:Found 271 installed packages in /opt/ros/humble
[0.427s] Level 1:colcon.colcon_core.package_discovery:discover_packages(prefix_path) using defaults
[0.496s] Level 5:colcon.colcon_core.verb:set package 'chapt4_interfaces' build argument 'cmake_args' from command line to 'None'
[0.497s] Level 5:colcon.colcon_core.verb:set package 'chapt4_interfaces' build argument 'cmake_target' from command line to 'None'
[0.497s] Level 5:colcon.colcon_core.verb:set package 'chapt4_interfaces' build argument 'cmake_target_skip_unavailable' from command line to 'False'
[0.497s] Level 5:colcon.colcon_core.verb:set package 'chapt4_interfaces' build argument 'cmake_clean_cache' from command line to 'False'
[0.497s] Level 5:colcon.colcon_core.verb:set package 'chapt4_interfaces' build argument 'cmake_clean_first' from command line to 'False'
[0.497s] Level 5:colcon.colcon_core.verb:set package 'chapt4_interfaces' build argument 'cmake_force_configure' from command line to 'False'
[0.497s] Level 5:colcon.colcon_core.verb:set package 'chapt4_interfaces' build argument 'ament_cmake_args' from command line to 'None'
[0.497s] Level 5:colcon.colcon_core.verb:set package 'chapt4_interfaces' build argument 'catkin_cmake_args' from command line to 'None'
[0.497s] Level 5:colcon.colcon_core.verb:set package 'chapt4_interfaces' build argument 'catkin_skip_building_tests' from command line to 'False'
[0.497s] DEBUG:colcon.colcon_core.verb:Building package 'chapt4_interfaces' with the following arguments: {'ament_cmake_args': None, 'build_base': '/home/fishros/chapt4/chapt4_ws/src/chapt4_interfaces/build/chapt4_interfaces', 'catkin_cmake_args': None, 'catkin_skip_building_tests': False, 'cmake_args': None, 'cmake_clean_cache': False, 'cmake_clean_first': False, 'cmake_force_configure': False, 'cmake_target': None, 'cmake_target_skip_unavailable': False, 'install_base': '/home/fishros/chapt4/chapt4_ws/src/chapt4_interfaces/install/chapt4_interfaces', 'merge_install': False, 'path': '/home/fishros/chapt4/chapt4_ws/src/chapt4_interfaces', 'symlink_install': False, 'test_result_base': None}
[0.497s] INFO:colcon.colcon_core.executor:Executing jobs using 'parallel' executor
[0.499s] DEBUG:colcon.colcon_parallel_executor.executor.parallel:run_until_complete
[0.500s] INFO:colcon.colcon_ros.task.ament_cmake.build:Building ROS package in '/home/fishros/chapt4/chapt4_ws/src/chapt4_interfaces' with build type 'ament_cmake'
[0.501s] INFO:colcon.colcon_cmake.task.cmake.build:Building CMake package in '/home/fishros/chapt4/chapt4_ws/src/chapt4_interfaces'
[0.503s] INFO:colcon.colcon_core.plugin_system:Skipping extension 'colcon_core.shell.bat': Not used on non-Windows systems
[0.504s] INFO:colcon.colcon_core.shell:Skip shell extension 'powershell' for command environment: Not usable outside of PowerShell
[0.504s] DEBUG:colcon.colcon_core.shell:Skip shell extension 'dsv' for command environment
[0.521s] DEBUG:colcon.colcon_core.event_handler.log_command:Invoking command in '/home/fishros/chapt4/chapt4_ws/src/chapt4_interfaces/build/chapt4_interfaces': CMAKE_PREFIX_PATH=/opt/ros/humble /usr/bin/cmake /home/fishros/chapt4/chapt4_ws/src/chapt4_interfaces -DCMAKE_INSTALL_PREFIX=/home/fishros/chapt4/chapt4_ws/src/chapt4_interfaces/install/chapt4_interfaces
[5.548s] DEBUG:colcon.colcon_core.event_handler.log_command:Invoked command in '/home/fishros/chapt4/chapt4_ws/src/chapt4_interfaces/build/chapt4_interfaces' returned '0': CMAKE_PREFIX_PATH=/opt/ros/humble /usr/bin/cmake /home/fishros/chapt4/chapt4_ws/src/chapt4_interfaces -DCMAKE_INSTALL_PREFIX=/home/fishros/chapt4/chapt4_ws/src/chapt4_interfaces/install/chapt4_interfaces
[5.549s] DEBUG:colcon.colcon_core.event_handler.log_command:Invoking command in '/home/fishros/chapt4/chapt4_ws/src/chapt4_interfaces/build/chapt4_interfaces': CMAKE_PREFIX_PATH=/opt/ros/humble /usr/bin/cmake --build /home/fishros/chapt4/chapt4_ws/src/chapt4_interfaces/build/chapt4_interfaces -- -j1 -l1
[28.790s] DEBUG:colcon.colcon_core.event_handler.log_command:Invoked command in '/home/fishros/chapt4/chapt4_ws/src/chapt4_interfaces/build/chapt4_interfaces' returned '0': CMAKE_PREFIX_PATH=/opt/ros/humble /usr/bin/cmake --build /home/fishros/chapt4/chapt4_ws/src/chapt4_interfaces/build/chapt4_interfaces -- -j1 -l1
[28.833s] DEBUG:colcon.colcon_core.event_handler.log_command:Invoking command in '/home/fishros/chapt4/chapt4_ws/src/chapt4_interfaces/build/chapt4_interfaces': CMAKE_PREFIX_PATH=/opt/ros/humble /usr/bin/cmake --install /home/fishros/chapt4/chapt4_ws/src/chapt4_interfaces/build/chapt4_interfaces
[29.056s] Level 1:colcon.colcon_core.environment:create_environment_scripts_only(chapt4_interfaces)
[29.058s] Level 1:colcon.colcon_core.environment:checking '/home/fishros/chapt4/chapt4_ws/src/chapt4_interfaces/install/chapt4_interfaces' for CMake module files
[29.059s] Level 1:colcon.colcon_core.environment:checking '/home/fishros/chapt4/chapt4_ws/src/chapt4_interfaces/install/chapt4_interfaces' for CMake config files
[29.060s] Level 1:colcon.colcon_core.shell:create_environment_hook('chapt4_interfaces', 'cmake_prefix_path')
[29.060s] INFO:colcon.colcon_core.shell:Creating environment hook '/home/fishros/chapt4/chapt4_ws/src/chapt4_interfaces/install/chapt4_interfaces/share/chapt4_interfaces/hook/cmake_prefix_path.ps1'
[29.066s] DEBUG:colcon.colcon_core.event_handler.log_command:Invoked command in '/home/fishros/chapt4/chapt4_ws/src/chapt4_interfaces/build/chapt4_interfaces' returned '0': CMAKE_PREFIX_PATH=/opt/ros/humble /usr/bin/cmake --install /home/fishros/chapt4/chapt4_ws/src/chapt4_interfaces/build/chapt4_interfaces
[29.072s] INFO:colcon.colcon_core.shell:Creating environment descriptor '/home/fishros/chapt4/chapt4_ws/src/chapt4_interfaces/install/chapt4_interfaces/share/chapt4_interfaces/hook/cmake_prefix_path.dsv'
[29.073s] INFO:colcon.colcon_core.shell:Creating environment hook '/home/fishros/chapt4/chapt4_ws/src/chapt4_interfaces/install/chapt4_interfaces/share/chapt4_interfaces/hook/cmake_prefix_path.sh'
[29.075s] Level 1:colcon.colcon_core.environment:checking '/home/fishros/chapt4/chapt4_ws/src/chapt4_interfaces/install/chapt4_interfaces/lib'
[29.075s] Level 1:colcon.colcon_core.shell:create_environment_hook('chapt4_interfaces', 'ld_library_path_lib')
[29.075s] INFO:colcon.colcon_core.shell:Creating environment hook '/home/fishros/chapt4/chapt4_ws/src/chapt4_interfaces/install/chapt4_interfaces/share/chapt4_interfaces/hook/ld_library_path_lib.ps1'
[29.076s] INFO:colcon.colcon_core.shell:Creating environment descriptor '/home/fishros/chapt4/chapt4_ws/src/chapt4_interfaces/install/chapt4_interfaces/share/chapt4_interfaces/hook/ld_library_path_lib.dsv'
[29.076s] INFO:colcon.colcon_core.shell:Creating environment hook '/home/fishros/chapt4/chapt4_ws/src/chapt4_interfaces/install/chapt4_interfaces/share/chapt4_interfaces/hook/ld_library_path_lib.sh'
[29.076s] Level 1:colcon.colcon_core.environment:checking '/home/fishros/chapt4/chapt4_ws/src/chapt4_interfaces/install/chapt4_interfaces/bin'
[29.076s] Level 1:colcon.colcon_core.environment:checking '/home/fishros/chapt4/chapt4_ws/src/chapt4_interfaces/install/chapt4_interfaces/lib/pkgconfig/chapt4_interfaces.pc'
[29.076s] Level 1:colcon.colcon_core.environment:checking '/home/fishros/chapt4/chapt4_ws/src/chapt4_interfaces/install/chapt4_interfaces/lib/python3.10/site-packages'
[29.077s] Level 1:colcon.colcon_core.environment:checking '/home/fishros/chapt4/chapt4_ws/src/chapt4_interfaces/install/chapt4_interfaces/bin'
[29.077s] INFO:colcon.colcon_core.shell:Creating package script '/home/fishros/chapt4/chapt4_ws/src/chapt4_interfaces/install/chapt4_interfaces/share/chapt4_interfaces/package.ps1'
[29.085s] INFO:colcon.colcon_core.shell:Creating package descriptor '/home/fishros/chapt4/chapt4_ws/src/chapt4_interfaces/install/chapt4_interfaces/share/chapt4_interfaces/package.dsv'
[29.086s] INFO:colcon.colcon_core.shell:Creating package script '/home/fishros/chapt4/chapt4_ws/src/chapt4_interfaces/install/chapt4_interfaces/share/chapt4_interfaces/package.sh'
[29.087s] INFO:colcon.colcon_core.shell:Creating package script '/home/fishros/chapt4/chapt4_ws/src/chapt4_interfaces/install/chapt4_interfaces/share/chapt4_interfaces/package.bash'
[29.088s] INFO:colcon.colcon_core.shell:Creating package script '/home/fishros/chapt4/chapt4_ws/src/chapt4_interfaces/install/chapt4_interfaces/share/chapt4_interfaces/package.zsh'
[29.089s] Level 1:colcon.colcon_core.environment:create_file_with_runtime_dependencies(/home/fishros/chapt4/chapt4_ws/src/chapt4_interfaces/install/chapt4_interfaces/share/colcon-core/packages/chapt4_interfaces)
[29.090s] Level 1:colcon.colcon_core.environment:create_environment_scripts_only(chapt4_interfaces)
[29.090s] Level 1:colcon.colcon_core.environment:checking '/home/fishros/chapt4/chapt4_ws/src/chapt4_interfaces/install/chapt4_interfaces' for CMake module files
[29.091s] Level 1:colcon.colcon_core.environment:checking '/home/fishros/chapt4/chapt4_ws/src/chapt4_interfaces/install/chapt4_interfaces' for CMake config files
[29.091s] Level 1:colcon.colcon_core.shell:create_environment_hook('chapt4_interfaces', 'cmake_prefix_path')
[29.092s] INFO:colcon.colcon_core.shell:Creating environment hook '/home/fishros/chapt4/chapt4_ws/src/chapt4_interfaces/install/chapt4_interfaces/share/chapt4_interfaces/hook/cmake_prefix_path.ps1'
[29.120s] INFO:colcon.colcon_core.shell:Creating environment descriptor '/home/fishros/chapt4/chapt4_ws/src/chapt4_interfaces/install/chapt4_interfaces/share/chapt4_interfaces/hook/cmake_prefix_path.dsv'
[29.120s] INFO:colcon.colcon_core.shell:Creating environment hook '/home/fishros/chapt4/chapt4_ws/src/chapt4_interfaces/install/chapt4_interfaces/share/chapt4_interfaces/hook/cmake_prefix_path.sh'
[29.121s] Level 1:colcon.colcon_core.environment:checking '/home/fishros/chapt4/chapt4_ws/src/chapt4_interfaces/install/chapt4_interfaces/lib'
[29.121s] Level 1:colcon.colcon_core.shell:create_environment_hook('chapt4_interfaces', 'ld_library_path_lib')
[29.121s] INFO:colcon.colcon_core.shell:Creating environment hook '/home/fishros/chapt4/chapt4_ws/src/chapt4_interfaces/install/chapt4_interfaces/share/chapt4_interfaces/hook/ld_library_path_lib.ps1'
[29.122s] INFO:colcon.colcon_core.shell:Creating environment descriptor '/home/fishros/chapt4/chapt4_ws/src/chapt4_interfaces/install/chapt4_interfaces/share/chapt4_interfaces/hook/ld_library_path_lib.dsv'
[29.122s] INFO:colcon.colcon_core.shell:Creating environment hook '/home/fishros/chapt4/chapt4_ws/src/chapt4_interfaces/install/chapt4_interfaces/share/chapt4_interfaces/hook/ld_library_path_lib.sh'
[29.123s] Level 1:colcon.colcon_core.environment:checking '/home/fishros/chapt4/chapt4_ws/src/chapt4_interfaces/install/chapt4_interfaces/bin'
[29.123s] Level 1:colcon.colcon_core.environment:checking '/home/fishros/chapt4/chapt4_ws/src/chapt4_interfaces/install/chapt4_interfaces/lib/pkgconfig/chapt4_interfaces.pc'
[29.123s] Level 1:colcon.colcon_core.environment:checking '/home/fishros/chapt4/chapt4_ws/src/chapt4_interfaces/install/chapt4_interfaces/lib/python3.10/site-packages'
[29.123s] Level 1:colcon.colcon_core.environment:checking '/home/fishros/chapt4/chapt4_ws/src/chapt4_interfaces/install/chapt4_interfaces/bin'
[29.124s] INFO:colcon.colcon_core.shell:Creating package script '/home/fishros/chapt4/chapt4_ws/src/chapt4_interfaces/install/chapt4_interfaces/share/chapt4_interfaces/package.ps1'
[29.125s] INFO:colcon.colcon_core.shell:Creating package descriptor '/home/fishros/chapt4/chapt4_ws/src/chapt4_interfaces/install/chapt4_interfaces/share/chapt4_interfaces/package.dsv'
[29.125s] INFO:colcon.colcon_core.shell:Creating package script '/home/fishros/chapt4/chapt4_ws/src/chapt4_interfaces/install/chapt4_interfaces/share/chapt4_interfaces/package.sh'
[29.126s] INFO:colcon.colcon_core.shell:Creating package script '/home/fishros/chapt4/chapt4_ws/src/chapt4_interfaces/install/chapt4_interfaces/share/chapt4_interfaces/package.bash'
[29.126s] INFO:colcon.colcon_core.shell:Creating package script '/home/fishros/chapt4/chapt4_ws/src/chapt4_interfaces/install/chapt4_interfaces/share/chapt4_interfaces/package.zsh'
[29.127s] Level 1:colcon.colcon_core.environment:create_file_with_runtime_dependencies(/home/fishros/chapt4/chapt4_ws/src/chapt4_interfaces/install/chapt4_interfaces/share/colcon-core/packages/chapt4_interfaces)
[29.128s] DEBUG:colcon.colcon_parallel_executor.executor.parallel:closing loop
[29.129s] DEBUG:colcon.colcon_parallel_executor.executor.parallel:loop closed
[29.129s] DEBUG:colcon.colcon_parallel_executor.executor.parallel:run_until_complete finished with '0'
[29.129s] DEBUG:colcon.colcon_core.event_reactor:joining thread
[29.134s] INFO:colcon.colcon_core.plugin_system:Skipping extension 'colcon_notification.desktop_notification.terminal_notifier': Not used on non-Darwin systems
[29.134s] INFO:colcon.colcon_core.plugin_system:Skipping extension 'colcon_notification.desktop_notification.win32': Not used on non-Windows systems
[29.134s] INFO:colcon.colcon_notification.desktop_notification:Sending desktop notification using 'notify2'
[29.164s] DEBUG:colcon.colcon_core.event_reactor:joined thread
[29.164s] INFO:colcon.colcon_core.shell:Creating prefix script '/home/fishros/chapt4/chapt4_ws/src/chapt4_interfaces/install/local_setup.ps1'
[29.169s] INFO:colcon.colcon_core.shell:Creating prefix util module '/home/fishros/chapt4/chapt4_ws/src/chapt4_interfaces/install/_local_setup_util_ps1.py'
[29.177s] INFO:colcon.colcon_core.shell:Creating prefix chain script '/home/fishros/chapt4/chapt4_ws/src/chapt4_interfaces/install/setup.ps1'
[29.181s] INFO:colcon.colcon_core.shell:Creating prefix script '/home/fishros/chapt4/chapt4_ws/src/chapt4_interfaces/install/local_setup.sh'
[29.186s] INFO:colcon.colcon_core.shell:Creating prefix util module '/home/fishros/chapt4/chapt4_ws/src/chapt4_interfaces/install/_local_setup_util_sh.py'
[29.187s] INFO:colcon.colcon_core.shell:Creating prefix chain script '/home/fishros/chapt4/chapt4_ws/src/chapt4_interfaces/install/setup.sh'
[29.195s] INFO:colcon.colcon_core.shell:Creating prefix script '/home/fishros/chapt4/chapt4_ws/src/chapt4_interfaces/install/local_setup.bash'
[29.199s] INFO:colcon.colcon_core.shell:Creating prefix chain script '/home/fishros/chapt4/chapt4_ws/src/chapt4_interfaces/install/setup.bash'
[29.203s] INFO:colcon.colcon_core.shell:Creating prefix script '/home/fishros/chapt4/chapt4_ws/src/chapt4_interfaces/install/local_setup.zsh'
[29.207s] INFO:colcon.colcon_core.shell:Creating prefix chain script '/home/fishros/chapt4/chapt4_ws/src/chapt4_interfaces/install/setup.zsh'
