[0.054s] Invoking command in '/home/fishros/chapt6/chapt6_ws/build/fishbot_description': CMAKE_PREFIX_PATH=${CMAKE_PREFIX_PATH}:/opt/ros/humble /usr/bin/cmake --build /home/fishros/chapt6/chapt6_ws/build/fishbot_description -- -j1 -l1
[0.436s] -- Found ament_cmake: 1.3.11 (/opt/ros/humble/share/ament_cmake/cmake)
[1.118s] -- Found ament_lint_auto: 0.12.12 (/opt/ros/humble/share/ament_lint_auto/cmake)
[1.496s] -- Added test 'flake8' to check Python code syntax and style conventions
[1.500s] -- Added test 'lint_cmake' to check CMake code style
[1.504s] -- Added test 'pep257' to check Python code against some of the docstring style conventions in PEP 257
[1.513s] -- Added test 'xmllint' to check XML markup files
[1.519s] -- Configuring done
[1.544s] -- Generating done
[1.555s] -- Build files have been written to: /home/fishros/chapt6/chapt6_ws/build/fishbot_description
[1.638s] Invoked command in '/home/fishros/chapt6/chapt6_ws/build/fishbot_description' returned '0': CMAKE_PREFIX_PATH=${CMAKE_PREFIX_PATH}:/opt/ros/humble /usr/bin/cmake --build /home/fishros/chapt6/chapt6_ws/build/fishbot_description -- -j1 -l1
[1.681s] Invoking command in '/home/fishros/chapt6/chapt6_ws/build/fishbot_description': CMAKE_PREFIX_PATH=${CMAKE_PREFIX_PATH}:/opt/ros/humble /usr/bin/cmake --install /home/fishros/chapt6/chapt6_ws/build/fishbot_description
[1.711s] -- Install configuration: ""
[1.713s] -- Up-to-date: /home/fishros/chapt6/chapt6_ws/install/fishbot_description/share/fishbot_description/launch
[1.714s] -- Installing: /home/fishros/chapt6/chapt6_ws/install/fishbot_description/share/fishbot_description/launch/display_robot.launch.py
[1.716s] -- Up-to-date: /home/fishros/chapt6/chapt6_ws/install/fishbot_description/share/fishbot_description/urdf
[1.716s] -- Up-to-date: /home/fishros/chapt6/chapt6_ws/install/fishbot_description/share/fishbot_description/urdf/first_robot.gv
[1.718s] -- Up-to-date: /home/fishros/chapt6/chapt6_ws/install/fishbot_description/share/fishbot_description/urdf/first_robot.urdf
[1.719s] -- Up-to-date: /home/fishros/chapt6/chapt6_ws/install/fishbot_description/share/fishbot_description/urdf/first_robot.pdf
[1.720s] -- Installing: /home/fishros/chapt6/chapt6_ws/install/fishbot_description/share/fishbot_description/config
[1.720s] -- Installing: /home/fishros/chapt6/chapt6_ws/install/fishbot_description/share/fishbot_description/config/rviz
[1.720s] -- Installing: /home/fishros/chapt6/chapt6_ws/install/fishbot_description/share/fishbot_description/config/rviz/display_model.rviz
[1.722s] -- Up-to-date: /home/fishros/chapt6/chapt6_ws/install/fishbot_description/share/ament_index/resource_index/package_run_dependencies/fishbot_description
[1.722s] -- Installing: /home/fishros/chapt6/chapt6_ws/install/fishbot_description/share/ament_index/resource_index/parent_prefix_path/fishbot_description
[1.724s] -- Up-to-date: /home/fishros/chapt6/chapt6_ws/install/fishbot_description/share/fishbot_description/environment/ament_prefix_path.sh
[1.725s] -- Installing: /home/fishros/chapt6/chapt6_ws/install/fishbot_description/share/fishbot_description/environment/ament_prefix_path.dsv
[1.726s] -- Up-to-date: /home/fishros/chapt6/chapt6_ws/install/fishbot_description/share/fishbot_description/environment/path.sh
[1.727s] -- Installing: /home/fishros/chapt6/chapt6_ws/install/fishbot_description/share/fishbot_description/environment/path.dsv
[1.729s] -- Up-to-date: /home/fishros/chapt6/chapt6_ws/install/fishbot_description/share/fishbot_description/local_setup.bash
[1.732s] -- Up-to-date: /home/fishros/chapt6/chapt6_ws/install/fishbot_description/share/fishbot_description/local_setup.sh
[1.732s] -- Up-to-date: /home/fishros/chapt6/chapt6_ws/install/fishbot_description/share/fishbot_description/local_setup.zsh
[1.732s] -- Installing: /home/fishros/chapt6/chapt6_ws/install/fishbot_description/share/fishbot_description/local_setup.dsv
[1.734s] -- Installing: /home/fishros/chapt6/chapt6_ws/install/fishbot_description/share/fishbot_description/package.dsv
[1.736s] -- Up-to-date: /home/fishros/chapt6/chapt6_ws/install/fishbot_description/share/ament_index/resource_index/packages/fishbot_description
[1.736s] -- Up-to-date: /home/fishros/chapt6/chapt6_ws/install/fishbot_description/share/fishbot_description/cmake/fishbot_descriptionConfig.cmake
[1.737s] -- Up-to-date: /home/fishros/chapt6/chapt6_ws/install/fishbot_description/share/fishbot_description/cmake/fishbot_descriptionConfig-version.cmake
[1.740s] -- Up-to-date: /home/fishros/chapt6/chapt6_ws/install/fishbot_description/share/fishbot_description/package.xml
[1.748s] Invoked command in '/home/fishros/chapt6/chapt6_ws/build/fishbot_description' returned '0': CMAKE_PREFIX_PATH=${CMAKE_PREFIX_PATH}:/opt/ros/humble /usr/bin/cmake --install /home/fishros/chapt6/chapt6_ws/build/fishbot_description
