[0.040s] Invoking command in '/home/fishros/chapt3/topic_practice_ws/build/status_display': CMAKE_PREFIX_PATH=${CMAKE_PREFIX_PATH}:/home/fishros/chapt3/topic_practice_ws/install/status_publisher:/opt/ros/humble /usr/bin/cmake --build /home/fishros/chapt3/topic_practice_ws/build/status_display -- -j1 -l1
[0.503s] [35m[1mConsolidate compiler generated dependencies of target hello_qt[0m
[0.550s] [100%] Built target hello_qt
[0.581s] Invoked command in '/home/fishros/chapt3/topic_practice_ws/build/status_display' returned '0': CMAKE_PREFIX_PATH=${CMAKE_PREFIX_PATH}:/home/fishros/chapt3/topic_practice_ws/install/status_publisher:/opt/ros/humble /usr/bin/cmake --build /home/fishros/chapt3/topic_practice_ws/build/status_display -- -j1 -l1
[0.609s] Invoking command in '/home/fishros/chapt3/topic_practice_ws/build/status_display': CMAKE_PREFIX_PATH=${CMAKE_PREFIX_PATH}:/home/fishros/chapt3/topic_practice_ws/install/status_publisher:/opt/ros/humble /usr/bin/cmake --install /home/fishros/chapt3/topic_practice_ws/build/status_display
[0.648s] -- Install configuration: ""
[0.658s] -- Up-to-date: /home/fishros/chapt3/topic_practice_ws/install/status_display/lib/status_display/hello_qt
[0.658s] -- Up-to-date: /home/fishros/chapt3/topic_practice_ws/install/status_display/share/ament_index/resource_index/package_run_dependencies/status_display
[0.658s] -- Up-to-date: /home/fishros/chapt3/topic_practice_ws/install/status_display/share/ament_index/resource_index/parent_prefix_path/status_display
[0.658s] -- Up-to-date: /home/fishros/chapt3/topic_practice_ws/install/status_display/share/status_display/environment/ament_prefix_path.sh
[0.658s] -- Up-to-date: /home/fishros/chapt3/topic_practice_ws/install/status_display/share/status_display/environment/ament_prefix_path.dsv
[0.658s] -- Up-to-date: /home/fishros/chapt3/topic_practice_ws/install/status_display/share/status_display/environment/path.sh
[0.658s] -- Up-to-date: /home/fishros/chapt3/topic_practice_ws/install/status_display/share/status_display/environment/path.dsv
[0.658s] -- Up-to-date: /home/fishros/chapt3/topic_practice_ws/install/status_display/share/status_display/local_setup.bash
[0.658s] -- Up-to-date: /home/fishros/chapt3/topic_practice_ws/install/status_display/share/status_display/local_setup.sh
[0.659s] -- Up-to-date: /home/fishros/chapt3/topic_practice_ws/install/status_display/share/status_display/local_setup.zsh
[0.662s] -- Up-to-date: /home/fishros/chapt3/topic_practice_ws/install/status_display/share/status_display/local_setup.dsv
[0.662s] -- Installing: /home/fishros/chapt3/topic_practice_ws/install/status_display/share/status_display/package.dsv
[0.662s] -- Up-to-date: /home/fishros/chapt3/topic_practice_ws/install/status_display/share/ament_index/resource_index/packages/status_display
[0.662s] -- Up-to-date: /home/fishros/chapt3/topic_practice_ws/install/status_display/share/status_display/cmake/status_displayConfig.cmake
[0.662s] -- Up-to-date: /home/fishros/chapt3/topic_practice_ws/install/status_display/share/status_display/cmake/status_displayConfig-version.cmake
[0.662s] -- Up-to-date: /home/fishros/chapt3/topic_practice_ws/install/status_display/share/status_display/package.xml
[0.666s] Invoked command in '/home/fishros/chapt3/topic_practice_ws/build/status_display' returned '0': CMAKE_PREFIX_PATH=${CMAKE_PREFIX_PATH}:/home/fishros/chapt3/topic_practice_ws/install/status_publisher:/opt/ros/humble /usr/bin/cmake --install /home/fishros/chapt3/topic_practice_ws/build/status_display
