[1.727s] Invoking command in '/home/fishros/chapt4/chapt4_ws/src/demo_python_service': PYTHONPATH=/home/fishros/chapt4/chapt4_ws/build/demo_python_service/prefix_override:/usr/lib/python3/dist-packages/colcon_core/task/python/colcon_distutils_commands:/home/fishros/chapt4/chapt4_ws/install/demo_python_service/lib/python3.10/site-packages:${PYTHONPATH} /usr/bin/python3 -W ignore:setup.py install is deprecated -W ignore:easy_install command is deprecated setup.py egg_info --egg-base ../../build/demo_python_service build --build-base /home/fishros/chapt4/chapt4_ws/build/demo_python_service/build install --record /home/fishros/chapt4/chapt4_ws/build/demo_python_service/install.log --single-version-externally-managed install_data
[2.379s] running egg_info
[2.382s] writing ../../build/demo_python_service/demo_python_service.egg-info/PKG-INFO
[2.391s] writing dependency_links to ../../build/demo_python_service/demo_python_service.egg-info/dependency_links.txt
[2.392s] writing entry points to ../../build/demo_python_service/demo_python_service.egg-info/entry_points.txt
[2.392s] writing requirements to ../../build/demo_python_service/demo_python_service.egg-info/requires.txt
[2.392s] writing top-level names to ../../build/demo_python_service/demo_python_service.egg-info/top_level.txt
[2.392s] reading manifest file '../../build/demo_python_service/demo_python_service.egg-info/SOURCES.txt'
[2.393s] adding license file 'LICENSE'
[2.400s] writing manifest file '../../build/demo_python_service/demo_python_service.egg-info/SOURCES.txt'
[2.400s] running build
[2.400s] running build_py
[2.409s] copying demo_python_service/face_detect_node.py -> /home/fishros/chapt4/chapt4_ws/build/demo_python_service/build/lib/demo_python_service
[2.412s] copying demo_python_service/learn_face_detect.py -> /home/fishros/chapt4/chapt4_ws/build/demo_python_service/build/lib/demo_python_service
[2.412s] running install
[2.412s] running install_lib
[2.412s] copying /home/fishros/chapt4/chapt4_ws/build/demo_python_service/build/lib/demo_python_service/face_detect_node.py -> /home/fishros/chapt4/chapt4_ws/install/demo_python_service/lib/python3.10/site-packages/demo_python_service
[2.412s] copying /home/fishros/chapt4/chapt4_ws/build/demo_python_service/build/lib/demo_python_service/learn_face_detect.py -> /home/fishros/chapt4/chapt4_ws/install/demo_python_service/lib/python3.10/site-packages/demo_python_service
[2.412s] byte-compiling /home/fishros/chapt4/chapt4_ws/install/demo_python_service/lib/python3.10/site-packages/demo_python_service/face_detect_node.py to face_detect_node.cpython-310.pyc
[2.414s] error: can't copy 'resource/default.jpg': doesn't exist or not a regular file
[2.446s] byte-compiling /home/fishros/chapt4/chapt4_ws/install/demo_python_service/lib/python3.10/site-packages/demo_python_service/learn_face_detect.py to learn_face_detect.cpython-310.pyc
[2.446s] running install_data
[2.462s] Invoked command in '/home/fishros/chapt4/chapt4_ws/src/demo_python_service' returned '1': PYTHONPATH=/home/fishros/chapt4/chapt4_ws/build/demo_python_service/prefix_override:/usr/lib/python3/dist-packages/colcon_core/task/python/colcon_distutils_commands:/home/fishros/chapt4/chapt4_ws/install/demo_python_service/lib/python3.10/site-packages:${PYTHONPATH} /usr/bin/python3 -W ignore:setup.py install is deprecated -W ignore:easy_install command is deprecated setup.py egg_info --egg-base ../../build/demo_python_service build --build-base /home/fishros/chapt4/chapt4_ws/build/demo_python_service/build install --record /home/fishros/chapt4/chapt4_ws/build/demo_python_service/install.log --single-version-externally-managed install_data
