[0.648s] DEBUG:colcon:Command line arguments: ['/usr/bin/colcon', 'build']
[0.648s] DEBUG:colcon:Parsed command line arguments: Namespace(log_base=None, log_level=None, verb_name='build', build_base='build', install_base='install', merge_install=False, symlink_install=False, test_result_base=None, continue_on_error=False, executor='parallel', parallel_workers=1, event_handlers=None, ignore_user_meta=False, metas=['./colcon.meta'], base_paths=['.'], packages_ignore=None, packages_ignore_regex=None, paths=None, packages_up_to=None, packages_up_to_regex=None, packages_above=None, packages_above_and_dependencies=None, packages_above_depth=None, packages_select_by_dep=None, packages_skip_by_dep=None, packages_skip_up_to=None, packages_select_build_failed=False, packages_skip_build_finished=False, packages_select_test_failures=False, packages_skip_test_passed=False, packages_select=None, packages_skip=None, packages_select_regex=None, packages_skip_regex=None, packages_start=None, packages_end=None, allow_overriding=[], cmake_args=None, cmake_target=None, cmake_target_skip_unavailable=False, cmake_clean_cache=False, cmake_clean_first=False, cmake_force_configure=False, ament_cmake_args=None, catkin_cmake_args=None, catkin_skip_building_tests=False, verb_parser=<colcon_defaults.argument_parser.defaults.DefaultArgumentsDecorator object at 0x77d48a7e6c20>, verb_extension=<colcon_core.verb.build.BuildVerb object at 0x77d48a92c0d0>, main=<bound method BuildVerb.main of <colcon_core.verb.build.BuildVerb object at 0x77d48a92c0d0>>)
[1.018s] Level 1:colcon.colcon_core.package_discovery:discover_packages(colcon_meta) check parameters
[1.018s] Level 1:colcon.colcon_core.package_discovery:discover_packages(recursive) check parameters
[1.018s] Level 1:colcon.colcon_core.package_discovery:discover_packages(ignore) check parameters
[1.018s] Level 1:colcon.colcon_core.package_discovery:discover_packages(path) check parameters
[1.018s] Level 1:colcon.colcon_core.package_discovery:discover_packages(colcon_meta) discover
[1.018s] Level 1:colcon.colcon_core.package_discovery:discover_packages(recursive) discover
[1.018s] INFO:colcon.colcon_core.package_discovery:Crawling recursively for packages in '/home/fishros/chapt3/topic_ws'
[1.018s] Level 1:colcon.colcon_core.package_identification:_identify(.) by extensions ['ignore', 'ignore_ament_install']
[1.018s] Level 1:colcon.colcon_core.package_identification:_identify(.) by extension 'ignore'
[1.018s] Level 1:colcon.colcon_core.package_identification:_identify(.) by extension 'ignore_ament_install'
[1.019s] Level 1:colcon.colcon_core.package_identification:_identify(.) by extensions ['colcon_pkg']
[1.019s] Level 1:colcon.colcon_core.package_identification:_identify(.) by extension 'colcon_pkg'
[1.019s] Level 1:colcon.colcon_core.package_identification:_identify(.) by extensions ['colcon_meta']
[1.019s] Level 1:colcon.colcon_core.package_identification:_identify(.) by extension 'colcon_meta'
[1.019s] Level 1:colcon.colcon_core.package_identification:_identify(.) by extensions ['ros']
[1.019s] Level 1:colcon.colcon_core.package_identification:_identify(.) by extension 'ros'
[1.038s] Level 1:colcon.colcon_core.package_identification:_identify(.) by extensions ['cmake', 'python']
[1.039s] Level 1:colcon.colcon_core.package_identification:_identify(.) by extension 'cmake'
[1.039s] Level 1:colcon.colcon_core.package_identification:_identify(.) by extension 'python'
[1.039s] Level 1:colcon.colcon_core.package_identification:_identify(.) by extensions ['python_setup_py']
[1.039s] Level 1:colcon.colcon_core.package_identification:_identify(.) by extension 'python_setup_py'
[1.039s] Level 1:colcon.colcon_core.package_identification:_identify(build) by extensions ['ignore', 'ignore_ament_install']
[1.039s] Level 1:colcon.colcon_core.package_identification:_identify(build) by extension 'ignore'
[1.039s] Level 1:colcon.colcon_core.package_identification:_identify(build) ignored
[1.040s] Level 1:colcon.colcon_core.package_identification:_identify(install) by extensions ['ignore', 'ignore_ament_install']
[1.040s] Level 1:colcon.colcon_core.package_identification:_identify(install) by extension 'ignore'
[1.040s] Level 1:colcon.colcon_core.package_identification:_identify(install) ignored
[1.040s] Level 1:colcon.colcon_core.package_identification:_identify(log) by extensions ['ignore', 'ignore_ament_install']
[1.040s] Level 1:colcon.colcon_core.package_identification:_identify(log) by extension 'ignore'
[1.040s] Level 1:colcon.colcon_core.package_identification:_identify(log) ignored
[1.040s] Level 1:colcon.colcon_core.package_identification:_identify(src) by extensions ['ignore', 'ignore_ament_install']
[1.040s] Level 1:colcon.colcon_core.package_identification:_identify(src) by extension 'ignore'
[1.040s] Level 1:colcon.colcon_core.package_identification:_identify(src) by extension 'ignore_ament_install'
[1.040s] Level 1:colcon.colcon_core.package_identification:_identify(src) by extensions ['colcon_pkg']
[1.040s] Level 1:colcon.colcon_core.package_identification:_identify(src) by extension 'colcon_pkg'
[1.040s] Level 1:colcon.colcon_core.package_identification:_identify(src) by extensions ['colcon_meta']
[1.040s] Level 1:colcon.colcon_core.package_identification:_identify(src) by extension 'colcon_meta'
[1.040s] Level 1:colcon.colcon_core.package_identification:_identify(src) by extensions ['ros']
[1.040s] Level 1:colcon.colcon_core.package_identification:_identify(src) by extension 'ros'
[1.041s] Level 1:colcon.colcon_core.package_identification:_identify(src) by extensions ['cmake', 'python']
[1.041s] Level 1:colcon.colcon_core.package_identification:_identify(src) by extension 'cmake'
[1.041s] Level 1:colcon.colcon_core.package_identification:_identify(src) by extension 'python'
[1.041s] Level 1:colcon.colcon_core.package_identification:_identify(src) by extensions ['python_setup_py']
[1.041s] Level 1:colcon.colcon_core.package_identification:_identify(src) by extension 'python_setup_py'
[1.041s] Level 1:colcon.colcon_core.package_identification:_identify(src/demo_python_topic) by extensions ['ignore', 'ignore_ament_install']
[1.041s] Level 1:colcon.colcon_core.package_identification:_identify(src/demo_python_topic) by extension 'ignore'
[1.042s] Level 1:colcon.colcon_core.package_identification:_identify(src/demo_python_topic) by extension 'ignore_ament_install'
[1.042s] Level 1:colcon.colcon_core.package_identification:_identify(src/demo_python_topic) by extensions ['colcon_pkg']
[1.042s] Level 1:colcon.colcon_core.package_identification:_identify(src/demo_python_topic) by extension 'colcon_pkg'
[1.042s] Level 1:colcon.colcon_core.package_identification:_identify(src/demo_python_topic) by extensions ['colcon_meta']
[1.042s] Level 1:colcon.colcon_core.package_identification:_identify(src/demo_python_topic) by extension 'colcon_meta'
[1.043s] Level 1:colcon.colcon_core.package_identification:_identify(src/demo_python_topic) by extensions ['ros']
[1.043s] Level 1:colcon.colcon_core.package_identification:_identify(src/demo_python_topic) by extension 'ros'
[1.048s] DEBUG:colcon.colcon_core.package_identification:Package 'src/demo_python_topic' with type 'ros.ament_python' and name 'demo_python_topic'
[1.048s] Level 1:colcon.colcon_core.package_discovery:discover_packages(recursive) using defaults
[1.048s] Level 1:colcon.colcon_core.package_discovery:discover_packages(ignore) discover
[1.048s] Level 1:colcon.colcon_core.package_discovery:discover_packages(ignore) using defaults
[1.048s] Level 1:colcon.colcon_core.package_discovery:discover_packages(path) discover
[1.048s] Level 1:colcon.colcon_core.package_discovery:discover_packages(path) using defaults
[1.089s] Level 1:colcon.colcon_core.package_discovery:discover_packages(prefix_path) check parameters
[1.089s] Level 1:colcon.colcon_core.package_discovery:discover_packages(prefix_path) discover
[1.094s] DEBUG:colcon.colcon_installed_package_information.package_discovery:Found 271 installed packages in /opt/ros/humble
[1.097s] Level 1:colcon.colcon_core.package_discovery:discover_packages(prefix_path) using defaults
[1.168s] Level 5:colcon.colcon_core.verb:set package 'demo_python_topic' build argument 'cmake_args' from command line to 'None'
[1.168s] Level 5:colcon.colcon_core.verb:set package 'demo_python_topic' build argument 'cmake_target' from command line to 'None'
[1.168s] Level 5:colcon.colcon_core.verb:set package 'demo_python_topic' build argument 'cmake_target_skip_unavailable' from command line to 'False'
[1.168s] Level 5:colcon.colcon_core.verb:set package 'demo_python_topic' build argument 'cmake_clean_cache' from command line to 'False'
[1.168s] Level 5:colcon.colcon_core.verb:set package 'demo_python_topic' build argument 'cmake_clean_first' from command line to 'False'
[1.169s] Level 5:colcon.colcon_core.verb:set package 'demo_python_topic' build argument 'cmake_force_configure' from command line to 'False'
[1.169s] Level 5:colcon.colcon_core.verb:set package 'demo_python_topic' build argument 'ament_cmake_args' from command line to 'None'
[1.169s] Level 5:colcon.colcon_core.verb:set package 'demo_python_topic' build argument 'catkin_cmake_args' from command line to 'None'
[1.169s] Level 5:colcon.colcon_core.verb:set package 'demo_python_topic' build argument 'catkin_skip_building_tests' from command line to 'False'
[1.169s] DEBUG:colcon.colcon_core.verb:Building package 'demo_python_topic' with the following arguments: {'ament_cmake_args': None, 'build_base': '/home/fishros/chapt3/topic_ws/build/demo_python_topic', 'catkin_cmake_args': None, 'catkin_skip_building_tests': False, 'cmake_args': None, 'cmake_clean_cache': False, 'cmake_clean_first': False, 'cmake_force_configure': False, 'cmake_target': None, 'cmake_target_skip_unavailable': False, 'install_base': '/home/fishros/chapt3/topic_ws/install/demo_python_topic', 'merge_install': False, 'path': '/home/fishros/chapt3/topic_ws/src/demo_python_topic', 'symlink_install': False, 'test_result_base': None}
[1.169s] INFO:colcon.colcon_core.executor:Executing jobs using 'parallel' executor
[1.170s] DEBUG:colcon.colcon_parallel_executor.executor.parallel:run_until_complete
[1.172s] INFO:colcon.colcon_ros.task.ament_python.build:Building ROS package in '/home/fishros/chapt3/topic_ws/src/demo_python_topic' with build type 'ament_python'
[1.172s] Level 1:colcon.colcon_core.shell:create_environment_hook('demo_python_topic', 'ament_prefix_path')
[1.182s] INFO:colcon.colcon_core.plugin_system:Skipping extension 'colcon_core.shell.bat': Not used on non-Windows systems
[1.182s] INFO:colcon.colcon_core.shell:Creating environment hook '/home/fishros/chapt3/topic_ws/install/demo_python_topic/share/demo_python_topic/hook/ament_prefix_path.ps1'
[1.185s] INFO:colcon.colcon_core.shell:Creating environment descriptor '/home/fishros/chapt3/topic_ws/install/demo_python_topic/share/demo_python_topic/hook/ament_prefix_path.dsv'
[1.186s] INFO:colcon.colcon_core.shell:Creating environment hook '/home/fishros/chapt3/topic_ws/install/demo_python_topic/share/demo_python_topic/hook/ament_prefix_path.sh'
[1.189s] INFO:colcon.colcon_core.shell:Skip shell extension 'powershell' for command environment: Not usable outside of PowerShell
[1.190s] DEBUG:colcon.colcon_core.shell:Skip shell extension 'dsv' for command environment
[2.165s] INFO:colcon.colcon_core.task.python.build:Building Python package in '/home/fishros/chapt3/topic_ws/src/demo_python_topic'
[2.167s] INFO:colcon.colcon_core.shell:Skip shell extension 'powershell' for command environment: Not usable outside of PowerShell
[2.167s] DEBUG:colcon.colcon_core.shell:Skip shell extension 'dsv' for command environment
[3.428s] DEBUG:colcon.colcon_core.event_handler.log_command:Invoking command in '/home/fishros/chapt3/topic_ws/src/demo_python_topic': PYTHONPATH=/home/fishros/chapt3/topic_ws/build/demo_python_topic/prefix_override:/usr/lib/python3/dist-packages/colcon_core/task/python/colcon_distutils_commands:/home/fishros/chapt3/topic_ws/install/demo_python_topic/lib/python3.10/site-packages:${PYTHONPATH} /usr/bin/python3 -W ignore:setup.py install is deprecated -W ignore:easy_install command is deprecated setup.py egg_info --egg-base ../../build/demo_python_topic build --build-base /home/fishros/chapt3/topic_ws/build/demo_python_topic/build install --record /home/fishros/chapt3/topic_ws/build/demo_python_topic/install.log --single-version-externally-managed install_data
[4.451s] DEBUG:colcon.colcon_core.event_handler.log_command:Invoked command in '/home/fishros/chapt3/topic_ws/src/demo_python_topic' returned '0': PYTHONPATH=/home/fishros/chapt3/topic_ws/build/demo_python_topic/prefix_override:/usr/lib/python3/dist-packages/colcon_core/task/python/colcon_distutils_commands:/home/fishros/chapt3/topic_ws/install/demo_python_topic/lib/python3.10/site-packages:${PYTHONPATH} /usr/bin/python3 -W ignore:setup.py install is deprecated -W ignore:easy_install command is deprecated setup.py egg_info --egg-base ../../build/demo_python_topic build --build-base /home/fishros/chapt3/topic_ws/build/demo_python_topic/build install --record /home/fishros/chapt3/topic_ws/build/demo_python_topic/install.log --single-version-externally-managed install_data
[4.467s] Level 1:colcon.colcon_core.environment:checking '/home/fishros/chapt3/topic_ws/install/demo_python_topic' for CMake module files
[4.468s] Level 1:colcon.colcon_core.environment:checking '/home/fishros/chapt3/topic_ws/install/demo_python_topic' for CMake config files
[4.471s] Level 1:colcon.colcon_core.environment:checking '/home/fishros/chapt3/topic_ws/install/demo_python_topic/lib'
[4.471s] Level 1:colcon.colcon_core.environment:checking '/home/fishros/chapt3/topic_ws/install/demo_python_topic/bin'
[4.471s] Level 1:colcon.colcon_core.environment:checking '/home/fishros/chapt3/topic_ws/install/demo_python_topic/lib/pkgconfig/demo_python_topic.pc'
[4.472s] Level 1:colcon.colcon_core.environment:checking '/home/fishros/chapt3/topic_ws/install/demo_python_topic/lib/python3.10/site-packages'
[4.472s] Level 1:colcon.colcon_core.shell:create_environment_hook('demo_python_topic', 'pythonpath')
[4.472s] INFO:colcon.colcon_core.shell:Creating environment hook '/home/fishros/chapt3/topic_ws/install/demo_python_topic/share/demo_python_topic/hook/pythonpath.ps1'
[4.473s] INFO:colcon.colcon_core.shell:Creating environment descriptor '/home/fishros/chapt3/topic_ws/install/demo_python_topic/share/demo_python_topic/hook/pythonpath.dsv'
[4.473s] INFO:colcon.colcon_core.shell:Creating environment hook '/home/fishros/chapt3/topic_ws/install/demo_python_topic/share/demo_python_topic/hook/pythonpath.sh'
[4.475s] Level 1:colcon.colcon_core.environment:checking '/home/fishros/chapt3/topic_ws/install/demo_python_topic/bin'
[4.478s] Level 1:colcon.colcon_core.environment:create_environment_scripts_only(demo_python_topic)
[4.478s] INFO:colcon.colcon_core.shell:Creating package script '/home/fishros/chapt3/topic_ws/install/demo_python_topic/share/demo_python_topic/package.ps1'
[4.482s] INFO:colcon.colcon_core.shell:Creating package descriptor '/home/fishros/chapt3/topic_ws/install/demo_python_topic/share/demo_python_topic/package.dsv'
[4.488s] INFO:colcon.colcon_core.shell:Creating package script '/home/fishros/chapt3/topic_ws/install/demo_python_topic/share/demo_python_topic/package.sh'
[4.491s] INFO:colcon.colcon_core.shell:Creating package script '/home/fishros/chapt3/topic_ws/install/demo_python_topic/share/demo_python_topic/package.bash'
[4.496s] INFO:colcon.colcon_core.shell:Creating package script '/home/fishros/chapt3/topic_ws/install/demo_python_topic/share/demo_python_topic/package.zsh'
[4.500s] Level 1:colcon.colcon_core.environment:create_file_with_runtime_dependencies(/home/fishros/chapt3/topic_ws/install/demo_python_topic/share/colcon-core/packages/demo_python_topic)
[4.503s] DEBUG:colcon.colcon_parallel_executor.executor.parallel:closing loop
[4.505s] DEBUG:colcon.colcon_parallel_executor.executor.parallel:loop closed
[4.505s] DEBUG:colcon.colcon_parallel_executor.executor.parallel:run_until_complete finished with '0'
[4.505s] DEBUG:colcon.colcon_core.event_reactor:joining thread
[4.533s] INFO:colcon.colcon_core.plugin_system:Skipping extension 'colcon_notification.desktop_notification.terminal_notifier': Not used on non-Darwin systems
[4.534s] INFO:colcon.colcon_core.plugin_system:Skipping extension 'colcon_notification.desktop_notification.win32': Not used on non-Windows systems
[4.535s] INFO:colcon.colcon_notification.desktop_notification:Sending desktop notification using 'notify2'
[4.843s] DEBUG:colcon.colcon_core.event_reactor:joined thread
[4.843s] INFO:colcon.colcon_core.shell:Creating prefix script '/home/fishros/chapt3/topic_ws/install/local_setup.ps1'
[4.848s] INFO:colcon.colcon_core.shell:Creating prefix util module '/home/fishros/chapt3/topic_ws/install/_local_setup_util_ps1.py'
[4.853s] INFO:colcon.colcon_core.shell:Creating prefix chain script '/home/fishros/chapt3/topic_ws/install/setup.ps1'
[4.857s] INFO:colcon.colcon_core.shell:Creating prefix script '/home/fishros/chapt3/topic_ws/install/local_setup.sh'
[4.861s] INFO:colcon.colcon_core.shell:Creating prefix util module '/home/fishros/chapt3/topic_ws/install/_local_setup_util_sh.py'
[4.862s] INFO:colcon.colcon_core.shell:Creating prefix chain script '/home/fishros/chapt3/topic_ws/install/setup.sh'
[4.866s] INFO:colcon.colcon_core.shell:Creating prefix script '/home/fishros/chapt3/topic_ws/install/local_setup.bash'
[4.868s] INFO:colcon.colcon_core.shell:Creating prefix chain script '/home/fishros/chapt3/topic_ws/install/setup.bash'
[4.872s] INFO:colcon.colcon_core.shell:Creating prefix script '/home/fishros/chapt3/topic_ws/install/local_setup.zsh'
[4.874s] INFO:colcon.colcon_core.shell:Creating prefix chain script '/home/fishros/chapt3/topic_ws/install/setup.zsh'
