[0.705s] DEBUG:colcon:Command line arguments: ['/usr/bin/colcon', 'build', '--packages-select', 'demo_python_pkg']
[0.706s] DEBUG:colcon:Parsed command line arguments: Namespace(log_base=None, log_level=None, verb_name='build', build_base='build', install_base='install', merge_install=False, symlink_install=False, test_result_base=None, continue_on_error=False, executor='parallel', parallel_workers=1, event_handlers=None, ignore_user_meta=False, metas=['./colcon.meta'], base_paths=['.'], packages_ignore=None, packages_ignore_regex=None, paths=None, packages_up_to=None, packages_up_to_regex=None, packages_above=None, packages_above_and_dependencies=None, packages_above_depth=None, packages_select_by_dep=None, packages_skip_by_dep=None, packages_skip_up_to=None, packages_select_build_failed=False, packages_skip_build_finished=False, packages_select_test_failures=False, packages_skip_test_passed=False, packages_select=['demo_python_pkg'], packages_skip=None, packages_select_regex=None, packages_skip_regex=None, packages_start=None, packages_end=None, allow_overriding=[], cmake_args=None, cmake_target=None, cmake_target_skip_unavailable=False, cmake_clean_cache=False, cmake_clean_first=False, cmake_force_configure=False, ament_cmake_args=None, catkin_cmake_args=None, catkin_skip_building_tests=False, verb_parser=<colcon_defaults.argument_parser.defaults.DefaultArgumentsDecorator object at 0x7a2b81d272b0>, verb_extension=<colcon_core.verb.build.BuildVerb object at 0x7a2b81e54760>, main=<bound method BuildVerb.main of <colcon_core.verb.build.BuildVerb object at 0x7a2b81e54760>>)
[1.678s] Level 1:colcon.colcon_core.package_discovery:discover_packages(colcon_meta) check parameters
[1.678s] Level 1:colcon.colcon_core.package_discovery:discover_packages(recursive) check parameters
[1.678s] Level 1:colcon.colcon_core.package_discovery:discover_packages(ignore) check parameters
[1.679s] Level 1:colcon.colcon_core.package_discovery:discover_packages(path) check parameters
[1.679s] Level 1:colcon.colcon_core.package_discovery:discover_packages(colcon_meta) discover
[1.679s] Level 1:colcon.colcon_core.package_discovery:discover_packages(recursive) discover
[1.679s] INFO:colcon.colcon_core.package_discovery:Crawling recursively for packages in '/home/fishros/chapt2/chapt2_ws'
[1.679s] Level 1:colcon.colcon_core.package_identification:_identify(.) by extensions ['ignore', 'ignore_ament_install']
[1.681s] Level 1:colcon.colcon_core.package_identification:_identify(.) by extension 'ignore'
[1.681s] Level 1:colcon.colcon_core.package_identification:_identify(.) by extension 'ignore_ament_install'
[1.682s] Level 1:colcon.colcon_core.package_identification:_identify(.) by extensions ['colcon_pkg']
[1.682s] Level 1:colcon.colcon_core.package_identification:_identify(.) by extension 'colcon_pkg'
[1.682s] Level 1:colcon.colcon_core.package_identification:_identify(.) by extensions ['colcon_meta']
[1.682s] Level 1:colcon.colcon_core.package_identification:_identify(.) by extension 'colcon_meta'
[1.682s] Level 1:colcon.colcon_core.package_identification:_identify(.) by extensions ['ros']
[1.682s] Level 1:colcon.colcon_core.package_identification:_identify(.) by extension 'ros'
[1.760s] Level 1:colcon.colcon_core.package_identification:_identify(.) by extensions ['cmake', 'python']
[1.762s] Level 1:colcon.colcon_core.package_identification:_identify(.) by extension 'cmake'
[1.762s] Level 1:colcon.colcon_core.package_identification:_identify(.) by extension 'python'
[1.762s] Level 1:colcon.colcon_core.package_identification:_identify(.) by extensions ['python_setup_py']
[1.762s] Level 1:colcon.colcon_core.package_identification:_identify(.) by extension 'python_setup_py'
[1.763s] Level 1:colcon.colcon_core.package_identification:_identify(build) by extensions ['ignore', 'ignore_ament_install']
[1.763s] Level 1:colcon.colcon_core.package_identification:_identify(build) by extension 'ignore'
[1.763s] Level 1:colcon.colcon_core.package_identification:_identify(build) ignored
[1.766s] Level 1:colcon.colcon_core.package_identification:_identify(install) by extensions ['ignore', 'ignore_ament_install']
[1.766s] Level 1:colcon.colcon_core.package_identification:_identify(install) by extension 'ignore'
[1.766s] Level 1:colcon.colcon_core.package_identification:_identify(install) ignored
[1.766s] Level 1:colcon.colcon_core.package_identification:_identify(log) by extensions ['ignore', 'ignore_ament_install']
[1.767s] Level 1:colcon.colcon_core.package_identification:_identify(log) by extension 'ignore'
[1.767s] Level 1:colcon.colcon_core.package_identification:_identify(log) ignored
[1.767s] Level 1:colcon.colcon_core.package_identification:_identify(src) by extensions ['ignore', 'ignore_ament_install']
[1.767s] Level 1:colcon.colcon_core.package_identification:_identify(src) by extension 'ignore'
[1.767s] Level 1:colcon.colcon_core.package_identification:_identify(src) by extension 'ignore_ament_install'
[1.770s] Level 1:colcon.colcon_core.package_identification:_identify(src) by extensions ['colcon_pkg']
[1.770s] Level 1:colcon.colcon_core.package_identification:_identify(src) by extension 'colcon_pkg'
[1.771s] Level 1:colcon.colcon_core.package_identification:_identify(src) by extensions ['colcon_meta']
[1.771s] Level 1:colcon.colcon_core.package_identification:_identify(src) by extension 'colcon_meta'
[1.771s] Level 1:colcon.colcon_core.package_identification:_identify(src) by extensions ['ros']
[1.771s] Level 1:colcon.colcon_core.package_identification:_identify(src) by extension 'ros'
[1.771s] Level 1:colcon.colcon_core.package_identification:_identify(src) by extensions ['cmake', 'python']
[1.771s] Level 1:colcon.colcon_core.package_identification:_identify(src) by extension 'cmake'
[1.771s] Level 1:colcon.colcon_core.package_identification:_identify(src) by extension 'python'
[1.773s] Level 1:colcon.colcon_core.package_identification:_identify(src) by extensions ['python_setup_py']
[1.774s] Level 1:colcon.colcon_core.package_identification:_identify(src) by extension 'python_setup_py'
[1.774s] Level 1:colcon.colcon_core.package_identification:_identify(src/demo_cpp_pkg) by extensions ['ignore', 'ignore_ament_install']
[1.774s] Level 1:colcon.colcon_core.package_identification:_identify(src/demo_cpp_pkg) by extension 'ignore'
[1.774s] Level 1:colcon.colcon_core.package_identification:_identify(src/demo_cpp_pkg) by extension 'ignore_ament_install'
[1.774s] Level 1:colcon.colcon_core.package_identification:_identify(src/demo_cpp_pkg) by extensions ['colcon_pkg']
[1.774s] Level 1:colcon.colcon_core.package_identification:_identify(src/demo_cpp_pkg) by extension 'colcon_pkg'
[1.775s] Level 1:colcon.colcon_core.package_identification:_identify(src/demo_cpp_pkg) by extensions ['colcon_meta']
[1.775s] Level 1:colcon.colcon_core.package_identification:_identify(src/demo_cpp_pkg) by extension 'colcon_meta'
[1.775s] Level 1:colcon.colcon_core.package_identification:_identify(src/demo_cpp_pkg) by extensions ['ros']
[1.775s] Level 1:colcon.colcon_core.package_identification:_identify(src/demo_cpp_pkg) by extension 'ros'
[1.788s] DEBUG:colcon.colcon_core.package_identification:Package 'src/demo_cpp_pkg' with type 'ros.ament_python' and name 'demo_cpp_pkg'
[1.788s] Level 1:colcon.colcon_core.package_identification:_identify(src/demo_python_pkg) by extensions ['ignore', 'ignore_ament_install']
[1.788s] Level 1:colcon.colcon_core.package_identification:_identify(src/demo_python_pkg) by extension 'ignore'
[1.788s] Level 1:colcon.colcon_core.package_identification:_identify(src/demo_python_pkg) by extension 'ignore_ament_install'
[1.788s] Level 1:colcon.colcon_core.package_identification:_identify(src/demo_python_pkg) by extensions ['colcon_pkg']
[1.789s] Level 1:colcon.colcon_core.package_identification:_identify(src/demo_python_pkg) by extension 'colcon_pkg'
[1.789s] Level 1:colcon.colcon_core.package_identification:_identify(src/demo_python_pkg) by extensions ['colcon_meta']
[1.789s] Level 1:colcon.colcon_core.package_identification:_identify(src/demo_python_pkg) by extension 'colcon_meta'
[1.790s] Level 1:colcon.colcon_core.package_identification:_identify(src/demo_python_pkg) by extensions ['ros']
[1.790s] Level 1:colcon.colcon_core.package_identification:_identify(src/demo_python_pkg) by extension 'ros'
[1.792s] DEBUG:colcon.colcon_core.package_identification:Package 'src/demo_python_pkg' with type 'ros.ament_python' and name 'demo_python_pkg'
[1.793s] Level 1:colcon.colcon_core.package_discovery:discover_packages(recursive) using defaults
[1.793s] Level 1:colcon.colcon_core.package_discovery:discover_packages(ignore) discover
[1.794s] Level 1:colcon.colcon_core.package_discovery:discover_packages(ignore) using defaults
[1.794s] Level 1:colcon.colcon_core.package_discovery:discover_packages(path) discover
[1.794s] Level 1:colcon.colcon_core.package_discovery:discover_packages(path) using defaults
[1.862s] INFO:colcon.colcon_core.package_selection:Skipping not selected package 'demo_cpp_pkg' in 'src/demo_cpp_pkg'
[1.863s] Level 1:colcon.colcon_core.package_discovery:discover_packages(prefix_path) check parameters
[1.864s] Level 1:colcon.colcon_core.package_discovery:discover_packages(prefix_path) discover
[1.866s] WARNING:colcon.colcon_core.prefix_path.colcon:The path '/home/fishros/chapt2/install' in the environment variable COLCON_PREFIX_PATH doesn't exist
[1.867s] WARNING:colcon.colcon_ros.prefix_path.ament:The path '/home/fishros/chapt2/install/demo_python_pkg' in the environment variable AMENT_PREFIX_PATH doesn't exist
[1.869s] DEBUG:colcon.colcon_installed_package_information.package_discovery:Found 1 installed packages in /home/fishros/chapt2/chapt2_ws/install
[1.876s] DEBUG:colcon.colcon_installed_package_information.package_discovery:Found 271 installed packages in /opt/ros/humble
[1.887s] Level 1:colcon.colcon_core.package_discovery:discover_packages(prefix_path) using defaults
[2.121s] Level 5:colcon.colcon_core.verb:set package 'demo_python_pkg' build argument 'cmake_args' from command line to 'None'
[2.122s] Level 5:colcon.colcon_core.verb:set package 'demo_python_pkg' build argument 'cmake_target' from command line to 'None'
[2.122s] Level 5:colcon.colcon_core.verb:set package 'demo_python_pkg' build argument 'cmake_target_skip_unavailable' from command line to 'False'
[2.122s] Level 5:colcon.colcon_core.verb:set package 'demo_python_pkg' build argument 'cmake_clean_cache' from command line to 'False'
[2.122s] Level 5:colcon.colcon_core.verb:set package 'demo_python_pkg' build argument 'cmake_clean_first' from command line to 'False'
[2.122s] Level 5:colcon.colcon_core.verb:set package 'demo_python_pkg' build argument 'cmake_force_configure' from command line to 'False'
[2.122s] Level 5:colcon.colcon_core.verb:set package 'demo_python_pkg' build argument 'ament_cmake_args' from command line to 'None'
[2.122s] Level 5:colcon.colcon_core.verb:set package 'demo_python_pkg' build argument 'catkin_cmake_args' from command line to 'None'
[2.122s] Level 5:colcon.colcon_core.verb:set package 'demo_python_pkg' build argument 'catkin_skip_building_tests' from command line to 'False'
[2.122s] DEBUG:colcon.colcon_core.verb:Building package 'demo_python_pkg' with the following arguments: {'ament_cmake_args': None, 'build_base': '/home/fishros/chapt2/chapt2_ws/build/demo_python_pkg', 'catkin_cmake_args': None, 'catkin_skip_building_tests': False, 'cmake_args': None, 'cmake_clean_cache': False, 'cmake_clean_first': False, 'cmake_force_configure': False, 'cmake_target': None, 'cmake_target_skip_unavailable': False, 'install_base': '/home/fishros/chapt2/chapt2_ws/install/demo_python_pkg', 'merge_install': False, 'path': '/home/fishros/chapt2/chapt2_ws/src/demo_python_pkg', 'symlink_install': False, 'test_result_base': None}
[2.123s] INFO:colcon.colcon_core.executor:Executing jobs using 'parallel' executor
[2.126s] DEBUG:colcon.colcon_parallel_executor.executor.parallel:run_until_complete
[2.127s] INFO:colcon.colcon_ros.task.ament_python.build:Building ROS package in '/home/fishros/chapt2/chapt2_ws/src/demo_python_pkg' with build type 'ament_python'
[2.127s] Level 1:colcon.colcon_core.shell:create_environment_hook('demo_python_pkg', 'ament_prefix_path')
[2.135s] INFO:colcon.colcon_core.plugin_system:Skipping extension 'colcon_core.shell.bat': Not used on non-Windows systems
[2.137s] INFO:colcon.colcon_core.shell:Creating environment hook '/home/fishros/chapt2/chapt2_ws/install/demo_python_pkg/share/demo_python_pkg/hook/ament_prefix_path.ps1'
[2.140s] INFO:colcon.colcon_core.shell:Creating environment descriptor '/home/fishros/chapt2/chapt2_ws/install/demo_python_pkg/share/demo_python_pkg/hook/ament_prefix_path.dsv'
[2.143s] INFO:colcon.colcon_core.shell:Creating environment hook '/home/fishros/chapt2/chapt2_ws/install/demo_python_pkg/share/demo_python_pkg/hook/ament_prefix_path.sh'
[2.147s] INFO:colcon.colcon_core.shell:Skip shell extension 'powershell' for command environment: Not usable outside of PowerShell
[2.147s] DEBUG:colcon.colcon_core.shell:Skip shell extension 'dsv' for command environment
[3.467s] INFO:colcon.colcon_core.task.python.build:Building Python package in '/home/fishros/chapt2/chapt2_ws/src/demo_python_pkg'
[3.468s] INFO:colcon.colcon_core.shell:Skip shell extension 'powershell' for command environment: Not usable outside of PowerShell
[3.468s] DEBUG:colcon.colcon_core.shell:Skip shell extension 'dsv' for command environment
[5.401s] DEBUG:colcon.colcon_core.event_handler.log_command:Invoking command in '/home/fishros/chapt2/chapt2_ws/src/demo_python_pkg': PYTHONPATH=/home/fishros/chapt2/chapt2_ws/build/demo_python_pkg/prefix_override:/usr/lib/python3/dist-packages/colcon_core/task/python/colcon_distutils_commands:/home/fishros/chapt2/chapt2_ws/install/demo_python_pkg/lib/python3.10/site-packages:${PYTHONPATH} /usr/bin/python3 -W ignore:setup.py install is deprecated -W ignore:easy_install command is deprecated setup.py egg_info --egg-base ../../build/demo_python_pkg build --build-base /home/fishros/chapt2/chapt2_ws/build/demo_python_pkg/build install --record /home/fishros/chapt2/chapt2_ws/build/demo_python_pkg/install.log --single-version-externally-managed install_data
[6.851s] DEBUG:colcon.colcon_core.event_handler.log_command:Invoked command in '/home/fishros/chapt2/chapt2_ws/src/demo_python_pkg' returned '0': PYTHONPATH=/home/fishros/chapt2/chapt2_ws/build/demo_python_pkg/prefix_override:/usr/lib/python3/dist-packages/colcon_core/task/python/colcon_distutils_commands:/home/fishros/chapt2/chapt2_ws/install/demo_python_pkg/lib/python3.10/site-packages:${PYTHONPATH} /usr/bin/python3 -W ignore:setup.py install is deprecated -W ignore:easy_install command is deprecated setup.py egg_info --egg-base ../../build/demo_python_pkg build --build-base /home/fishros/chapt2/chapt2_ws/build/demo_python_pkg/build install --record /home/fishros/chapt2/chapt2_ws/build/demo_python_pkg/install.log --single-version-externally-managed install_data
[6.862s] Level 1:colcon.colcon_core.environment:checking '/home/fishros/chapt2/chapt2_ws/install/demo_python_pkg' for CMake module files
[6.863s] Level 1:colcon.colcon_core.environment:checking '/home/fishros/chapt2/chapt2_ws/install/demo_python_pkg' for CMake config files
[6.866s] Level 1:colcon.colcon_core.environment:checking '/home/fishros/chapt2/chapt2_ws/install/demo_python_pkg/lib'
[6.868s] Level 1:colcon.colcon_core.environment:checking '/home/fishros/chapt2/chapt2_ws/install/demo_python_pkg/bin'
[6.869s] Level 1:colcon.colcon_core.environment:checking '/home/fishros/chapt2/chapt2_ws/install/demo_python_pkg/lib/pkgconfig/demo_python_pkg.pc'
[6.869s] Level 1:colcon.colcon_core.environment:checking '/home/fishros/chapt2/chapt2_ws/install/demo_python_pkg/lib/python3.10/site-packages'
[6.869s] Level 1:colcon.colcon_core.shell:create_environment_hook('demo_python_pkg', 'pythonpath')
[6.872s] INFO:colcon.colcon_core.shell:Creating environment hook '/home/fishros/chapt2/chapt2_ws/install/demo_python_pkg/share/demo_python_pkg/hook/pythonpath.ps1'
[6.875s] INFO:colcon.colcon_core.shell:Creating environment descriptor '/home/fishros/chapt2/chapt2_ws/install/demo_python_pkg/share/demo_python_pkg/hook/pythonpath.dsv'
[6.877s] INFO:colcon.colcon_core.shell:Creating environment hook '/home/fishros/chapt2/chapt2_ws/install/demo_python_pkg/share/demo_python_pkg/hook/pythonpath.sh'
[6.879s] Level 1:colcon.colcon_core.environment:checking '/home/fishros/chapt2/chapt2_ws/install/demo_python_pkg/bin'
[6.879s] Level 1:colcon.colcon_core.environment:create_environment_scripts_only(demo_python_pkg)
[6.881s] INFO:colcon.colcon_core.shell:Creating package script '/home/fishros/chapt2/chapt2_ws/install/demo_python_pkg/share/demo_python_pkg/package.ps1'
[6.884s] INFO:colcon.colcon_core.shell:Creating package descriptor '/home/fishros/chapt2/chapt2_ws/install/demo_python_pkg/share/demo_python_pkg/package.dsv'
[6.886s] INFO:colcon.colcon_core.shell:Creating package script '/home/fishros/chapt2/chapt2_ws/install/demo_python_pkg/share/demo_python_pkg/package.sh'
[6.889s] INFO:colcon.colcon_core.shell:Creating package script '/home/fishros/chapt2/chapt2_ws/install/demo_python_pkg/share/demo_python_pkg/package.bash'
[6.892s] INFO:colcon.colcon_core.shell:Creating package script '/home/fishros/chapt2/chapt2_ws/install/demo_python_pkg/share/demo_python_pkg/package.zsh'
[6.897s] Level 1:colcon.colcon_core.environment:create_file_with_runtime_dependencies(/home/fishros/chapt2/chapt2_ws/install/demo_python_pkg/share/colcon-core/packages/demo_python_pkg)
[6.899s] DEBUG:colcon.colcon_parallel_executor.executor.parallel:closing loop
[6.901s] DEBUG:colcon.colcon_parallel_executor.executor.parallel:loop closed
[6.901s] DEBUG:colcon.colcon_parallel_executor.executor.parallel:run_until_complete finished with '0'
[6.901s] DEBUG:colcon.colcon_core.event_reactor:joining thread
[6.916s] INFO:colcon.colcon_core.plugin_system:Skipping extension 'colcon_notification.desktop_notification.terminal_notifier': Not used on non-Darwin systems
[6.917s] INFO:colcon.colcon_core.plugin_system:Skipping extension 'colcon_notification.desktop_notification.win32': Not used on non-Windows systems
[6.917s] INFO:colcon.colcon_notification.desktop_notification:Sending desktop notification using 'notify2'
[6.962s] DEBUG:colcon.colcon_core.event_reactor:joined thread
[6.962s] INFO:colcon.colcon_core.shell:Creating prefix script '/home/fishros/chapt2/chapt2_ws/install/local_setup.ps1'
[6.970s] INFO:colcon.colcon_core.shell:Creating prefix util module '/home/fishros/chapt2/chapt2_ws/install/_local_setup_util_ps1.py'
[6.979s] INFO:colcon.colcon_core.shell:Creating prefix chain script '/home/fishros/chapt2/chapt2_ws/install/setup.ps1'
[6.987s] INFO:colcon.colcon_core.shell:Creating prefix script '/home/fishros/chapt2/chapt2_ws/install/local_setup.sh'
[6.988s] INFO:colcon.colcon_core.shell:Creating prefix util module '/home/fishros/chapt2/chapt2_ws/install/_local_setup_util_sh.py'
[6.991s] INFO:colcon.colcon_core.shell:Creating prefix chain script '/home/fishros/chapt2/chapt2_ws/install/setup.sh'
[7.000s] INFO:colcon.colcon_core.shell:Creating prefix script '/home/fishros/chapt2/chapt2_ws/install/local_setup.bash'
[7.003s] INFO:colcon.colcon_core.shell:Creating prefix chain script '/home/fishros/chapt2/chapt2_ws/install/setup.bash'
[7.007s] INFO:colcon.colcon_core.shell:Creating prefix script '/home/fishros/chapt2/chapt2_ws/install/local_setup.zsh'
[7.010s] INFO:colcon.colcon_core.shell:Creating prefix chain script '/home/fishros/chapt2/chapt2_ws/install/setup.zsh'
