[2.036s] Invoking command in '/home/fishros/chapt5/chapt5_ws/src/demo_python_tf': PYTHONPATH=/home/fishros/chapt5/build/demo_python_tf/prefix_override:/usr/lib/python3/dist-packages/colcon_core/task/python/colcon_distutils_commands:/home/fishros/chapt5/install/demo_python_tf/lib/python3.10/site-packages:${PYTHONPATH} /usr/bin/python3 -W ignore:setup.py install is deprecated -W ignore:easy_install command is deprecated setup.py egg_info --egg-base ../../../build/demo_python_tf build --build-base /home/fishros/chapt5/build/demo_python_tf/build install --record /home/fishros/chapt5/build/demo_python_tf/install.log --single-version-externally-managed install_data
[2.950s] running egg_info
[2.959s] writing ../../../build/demo_python_tf/demo_python_tf.egg-info/PKG-INFO
[2.959s] writing dependency_links to ../../../build/demo_python_tf/demo_python_tf.egg-info/dependency_links.txt
[2.962s] writing entry points to ../../../build/demo_python_tf/demo_python_tf.egg-info/entry_points.txt
[2.963s] writing requirements to ../../../build/demo_python_tf/demo_python_tf.egg-info/requires.txt
[2.968s] writing top-level names to ../../../build/demo_python_tf/demo_python_tf.egg-info/top_level.txt
[2.980s] reading manifest file '../../../build/demo_python_tf/demo_python_tf.egg-info/SOURCES.txt'
[2.980s] adding license file 'LICENSE'
[2.984s] writing manifest file '../../../build/demo_python_tf/demo_python_tf.egg-info/SOURCES.txt'
[2.987s] running build
[2.987s] running build_py
[2.993s] running install
[2.993s] running install_lib
[3.004s] running install_data
[3.004s] running install_egg_info
[3.004s] removing '/home/fishros/chapt5/install/demo_python_tf/lib/python3.10/site-packages/demo_python_tf-0.0.0-py3.10.egg-info' (and everything under it)
[3.006s] Copying ../../../build/demo_python_tf/demo_python_tf.egg-info to /home/fishros/chapt5/install/demo_python_tf/lib/python3.10/site-packages/demo_python_tf-0.0.0-py3.10.egg-info
[3.008s] running install_scripts
[3.072s] Installing dynamic_tf_broadcaster script to /home/fishros/chapt5/install/demo_python_tf/lib/demo_python_tf
[3.073s] Installing static_tf_broadcaster script to /home/fishros/chapt5/install/demo_python_tf/lib/demo_python_tf
[3.075s] Installing tf_listener script to /home/fishros/chapt5/install/demo_python_tf/lib/demo_python_tf
[3.076s] writing list of installed files to '/home/fishros/chapt5/build/demo_python_tf/install.log'
[3.210s] Invoked command in '/home/fishros/chapt5/chapt5_ws/src/demo_python_tf' returned '0': PYTHONPATH=/home/fishros/chapt5/build/demo_python_tf/prefix_override:/usr/lib/python3/dist-packages/colcon_core/task/python/colcon_distutils_commands:/home/fishros/chapt5/install/demo_python_tf/lib/python3.10/site-packages:${PYTHONPATH} /usr/bin/python3 -W ignore:setup.py install is deprecated -W ignore:easy_install command is deprecated setup.py egg_info --egg-base ../../../build/demo_python_tf build --build-base /home/fishros/chapt5/build/demo_python_tf/build install --record /home/fishros/chapt5/build/demo_python_tf/install.log --single-version-externally-managed install_data
