[1.910s] Invoking command in '/home/fishros/chapt4/chapt4_ws/src/demo_python_service': PYTHONPATH=/home/fishros/chapt4/chapt4_ws/src/demo_python_service/build/demo_python_service/prefix_override:/usr/lib/python3/dist-packages/colcon_core/task/python/colcon_distutils_commands:/home/fishros/chapt4/chapt4_ws/src/demo_python_service/install/demo_python_service/lib/python3.10/site-packages:${PYTHONPATH} /usr/bin/python3 -W ignore:setup.py install is deprecated -W ignore:easy_install command is deprecated setup.py egg_info --egg-base build/demo_python_service build --build-base /home/fishros/chapt4/chapt4_ws/src/demo_python_service/build/demo_python_service/build install --record /home/fishros/chapt4/chapt4_ws/src/demo_python_service/build/demo_python_service/install.log --single-version-externally-managed install_data
[2.540s] running egg_info
[2.540s] writing build/demo_python_service/demo_python_service.egg-info/PKG-INFO
[2.542s] writing dependency_links to build/demo_python_service/demo_python_service.egg-info/dependency_links.txt
[2.552s] writing entry points to build/demo_python_service/demo_python_service.egg-info/entry_points.txt
[2.552s] writing requirements to build/demo_python_service/demo_python_service.egg-info/requires.txt
[2.552s] writing top-level names to build/demo_python_service/demo_python_service.egg-info/top_level.txt
[2.552s] reading manifest file 'build/demo_python_service/demo_python_service.egg-info/SOURCES.txt'
[2.552s] adding license file 'LICENSE'
[2.552s] writing manifest file 'build/demo_python_service/demo_python_service.egg-info/SOURCES.txt'
[2.561s] running build
[2.561s] running build_py
[2.574s] running install
[2.575s] running install_lib
[2.575s] running install_data
[2.575s] copying resource/default.jpg -> /home/fishros/chapt4/chapt4_ws/src/demo_python_service/install/demo_python_service/share/demo_python_service/resource
[2.575s] running install_egg_info
[2.575s] Copying build/demo_python_service/demo_python_service.egg-info to /home/fishros/chapt4/chapt4_ws/src/demo_python_service/install/demo_python_service/lib/python3.10/site-packages/demo_python_service-0.0.0-py3.10.egg-info
[2.575s] running install_scripts
[2.673s] writing list of installed files to '/home/fishros/chapt4/chapt4_ws/src/demo_python_service/build/demo_python_service/install.log'
[2.713s] Invoked command in '/home/fishros/chapt4/chapt4_ws/src/demo_python_service' returned '0': PYTHONPATH=/home/fishros/chapt4/chapt4_ws/src/demo_python_service/build/demo_python_service/prefix_override:/usr/lib/python3/dist-packages/colcon_core/task/python/colcon_distutils_commands:/home/fishros/chapt4/chapt4_ws/src/demo_python_service/install/demo_python_service/lib/python3.10/site-packages:${PYTHONPATH} /usr/bin/python3 -W ignore:setup.py install is deprecated -W ignore:easy_install command is deprecated setup.py egg_info --egg-base build/demo_python_service build --build-base /home/fishros/chapt4/chapt4_ws/src/demo_python_service/build/demo_python_service/build install --record /home/fishros/chapt4/chapt4_ws/src/demo_python_service/build/demo_python_service/install.log --single-version-externally-managed install_data
