[2.775s] Invoking command in '/home/fishros/chapt2/chapt2_ws/src/demo_python_pkg': PYTHONPATH=/home/fishros/chapt2/chapt2_ws/build/demo_python_pkg/prefix_override:/usr/lib/python3/dist-packages/colcon_core/task/python/colcon_distutils_commands:/home/fishros/chapt2/chapt2_ws/install/demo_python_pkg/lib/python3.10/site-packages:${PYTHONPATH} /usr/bin/python3 -W ignore:setup.py install is deprecated -W ignore:easy_install command is deprecated setup.py egg_info --egg-base ../../build/demo_python_pkg build --build-base /home/fishros/chapt2/chapt2_ws/build/demo_python_pkg/build install --record /home/fishros/chapt2/chapt2_ws/build/demo_python_pkg/install.log --single-version-externally-managed install_data
[3.949s] running egg_info
[3.956s] writing ../../build/demo_python_pkg/demo_python_pkg.egg-info/PKG-INFO
[3.956s] writing dependency_links to ../../build/demo_python_pkg/demo_python_pkg.egg-info/dependency_links.txt
[3.956s] writing entry points to ../../build/demo_python_pkg/demo_python_pkg.egg-info/entry_points.txt
[3.961s] writing requirements to ../../build/demo_python_pkg/demo_python_pkg.egg-info/requires.txt
[3.961s] writing top-level names to ../../build/demo_python_pkg/demo_python_pkg.egg-info/top_level.txt
[3.976s] reading manifest file '../../build/demo_python_pkg/demo_python_pkg.egg-info/SOURCES.txt'
[3.979s] adding license file 'LICENSE'
[3.986s] writing manifest file '../../build/demo_python_pkg/demo_python_pkg.egg-info/SOURCES.txt'
[3.993s] running build
[3.993s] running build_py
[3.993s] copying demo_python_pkg/learn_thread.py -> /home/fishros/chapt2/chapt2_ws/build/demo_python_pkg/build/lib/demo_python_pkg
[4.002s] running install
[4.002s] running install_lib
[4.002s] copying /home/fishros/chapt2/chapt2_ws/build/demo_python_pkg/build/lib/demo_python_pkg/learn_thread.py -> /home/fishros/chapt2/chapt2_ws/install/demo_python_pkg/lib/python3.10/site-packages/demo_python_pkg
[4.008s] byte-compiling /home/fishros/chapt2/chapt2_ws/install/demo_python_pkg/lib/python3.10/site-packages/demo_python_pkg/learn_thread.py to learn_thread.cpython-310.pyc
[4.015s] running install_data
[4.018s] running install_egg_info
[4.033s] removing '/home/fishros/chapt2/chapt2_ws/install/demo_python_pkg/lib/python3.10/site-packages/demo_python_pkg-0.0.0-py3.10.egg-info' (and everything under it)
[4.033s] Copying ../../build/demo_python_pkg/demo_python_pkg.egg-info to /home/fishros/chapt2/chapt2_ws/install/demo_python_pkg/lib/python3.10/site-packages/demo_python_pkg-0.0.0-py3.10.egg-info
[4.042s] running install_scripts
[4.143s] Installing learn_thread script to /home/fishros/chapt2/chapt2_ws/install/demo_python_pkg/lib/demo_python_pkg
[4.143s] Installing person_node script to /home/fishros/chapt2/chapt2_ws/install/demo_python_pkg/lib/demo_python_pkg
[4.143s] Installing python_node script to /home/fishros/chapt2/chapt2_ws/install/demo_python_pkg/lib/demo_python_pkg
[4.148s] writing list of installed files to '/home/fishros/chapt2/chapt2_ws/build/demo_python_pkg/install.log'
[4.259s] Invoked command in '/home/fishros/chapt2/chapt2_ws/src/demo_python_pkg' returned '0': PYTHONPATH=/home/fishros/chapt2/chapt2_ws/build/demo_python_pkg/prefix_override:/usr/lib/python3/dist-packages/colcon_core/task/python/colcon_distutils_commands:/home/fishros/chapt2/chapt2_ws/install/demo_python_pkg/lib/python3.10/site-packages:${PYTHONPATH} /usr/bin/python3 -W ignore:setup.py install is deprecated -W ignore:easy_install command is deprecated setup.py egg_info --egg-base ../../build/demo_python_pkg build --build-base /home/fishros/chapt2/chapt2_ws/build/demo_python_pkg/build install --record /home/fishros/chapt2/chapt2_ws/build/demo_python_pkg/install.log --single-version-externally-managed install_data
