[0.975s] DEBUG:colcon:Command line arguments: ['/usr/bin/colcon', 'build']
[0.975s] DEBUG:colcon:Parsed command line arguments: Namespace(log_base=None, log_level=None, verb_name='build', build_base='build', install_base='install', merge_install=False, symlink_install=False, test_result_base=None, continue_on_error=False, executor='parallel', parallel_workers=1, event_handlers=None, ignore_user_meta=False, metas=['./colcon.meta'], base_paths=['.'], packages_ignore=None, packages_ignore_regex=None, paths=None, packages_up_to=None, packages_up_to_regex=None, packages_above=None, packages_above_and_dependencies=None, packages_above_depth=None, packages_select_by_dep=None, packages_skip_by_dep=None, packages_skip_up_to=None, packages_select_build_failed=False, packages_skip_build_finished=False, packages_select_test_failures=False, packages_skip_test_passed=False, packages_select=None, packages_skip=None, packages_select_regex=None, packages_skip_regex=None, packages_start=None, packages_end=None, allow_overriding=[], cmake_args=None, cmake_target=None, cmake_target_skip_unavailable=False, cmake_clean_cache=False, cmake_clean_first=False, cmake_force_configure=False, ament_cmake_args=None, catkin_cmake_args=None, catkin_skip_building_tests=False, verb_parser=<colcon_defaults.argument_parser.defaults.DefaultArgumentsDecorator object at 0x79b060133040>, verb_extension=<colcon_core.verb.build.BuildVerb object at 0x79b0602644f0>, main=<bound method BuildVerb.main of <colcon_core.verb.build.BuildVerb object at 0x79b0602644f0>>)
[2.013s] Level 1:colcon.colcon_core.package_discovery:discover_packages(colcon_meta) check parameters
[2.014s] Level 1:colcon.colcon_core.package_discovery:discover_packages(recursive) check parameters
[2.014s] Level 1:colcon.colcon_core.package_discovery:discover_packages(ignore) check parameters
[2.014s] Level 1:colcon.colcon_core.package_discovery:discover_packages(path) check parameters
[2.014s] Level 1:colcon.colcon_core.package_discovery:discover_packages(colcon_meta) discover
[2.014s] Level 1:colcon.colcon_core.package_discovery:discover_packages(recursive) discover
[2.016s] INFO:colcon.colcon_core.package_discovery:Crawling recursively for packages in '/home/fishros/chapt2/demo_cpp_pkg'
[2.016s] Level 1:colcon.colcon_core.package_identification:_identify(.) by extensions ['ignore', 'ignore_ament_install']
[2.016s] Level 1:colcon.colcon_core.package_identification:_identify(.) by extension 'ignore'
[2.016s] Level 1:colcon.colcon_core.package_identification:_identify(.) by extension 'ignore_ament_install'
[2.016s] Level 1:colcon.colcon_core.package_identification:_identify(.) by extensions ['colcon_pkg']
[2.016s] Level 1:colcon.colcon_core.package_identification:_identify(.) by extension 'colcon_pkg'
[2.016s] Level 1:colcon.colcon_core.package_identification:_identify(.) by extensions ['colcon_meta']
[2.016s] Level 1:colcon.colcon_core.package_identification:_identify(.) by extension 'colcon_meta'
[2.016s] Level 1:colcon.colcon_core.package_identification:_identify(.) by extensions ['ros']
[2.017s] Level 1:colcon.colcon_core.package_identification:_identify(.) by extension 'ros'
[2.095s] DEBUG:colcon.colcon_core.package_identification:Package '.' with type 'ros.ament_cmake' and name 'demo_cpp_pkg'
[2.095s] Level 1:colcon.colcon_core.package_discovery:discover_packages(recursive) using defaults
[2.096s] Level 1:colcon.colcon_core.package_discovery:discover_packages(ignore) discover
[2.096s] Level 1:colcon.colcon_core.package_discovery:discover_packages(ignore) using defaults
[2.096s] Level 1:colcon.colcon_core.package_discovery:discover_packages(path) discover
[2.096s] Level 1:colcon.colcon_core.package_discovery:discover_packages(path) using defaults
[2.212s] Level 1:colcon.colcon_core.package_discovery:discover_packages(prefix_path) check parameters
[2.214s] Level 1:colcon.colcon_core.package_discovery:discover_packages(prefix_path) discover
[2.231s] DEBUG:colcon.colcon_installed_package_information.package_discovery:Found 271 installed packages in /opt/ros/humble
[2.235s] Level 1:colcon.colcon_core.package_discovery:discover_packages(prefix_path) using defaults
[2.586s] Level 5:colcon.colcon_core.verb:set package 'demo_cpp_pkg' build argument 'cmake_args' from command line to 'None'
[2.589s] Level 5:colcon.colcon_core.verb:set package 'demo_cpp_pkg' build argument 'cmake_target' from command line to 'None'
[2.589s] Level 5:colcon.colcon_core.verb:set package 'demo_cpp_pkg' build argument 'cmake_target_skip_unavailable' from command line to 'False'
[2.589s] Level 5:colcon.colcon_core.verb:set package 'demo_cpp_pkg' build argument 'cmake_clean_cache' from command line to 'False'
[2.589s] Level 5:colcon.colcon_core.verb:set package 'demo_cpp_pkg' build argument 'cmake_clean_first' from command line to 'False'
[2.589s] Level 5:colcon.colcon_core.verb:set package 'demo_cpp_pkg' build argument 'cmake_force_configure' from command line to 'False'
[2.589s] Level 5:colcon.colcon_core.verb:set package 'demo_cpp_pkg' build argument 'ament_cmake_args' from command line to 'None'
[2.589s] Level 5:colcon.colcon_core.verb:set package 'demo_cpp_pkg' build argument 'catkin_cmake_args' from command line to 'None'
[2.589s] Level 5:colcon.colcon_core.verb:set package 'demo_cpp_pkg' build argument 'catkin_skip_building_tests' from command line to 'False'
[2.589s] DEBUG:colcon.colcon_core.verb:Building package 'demo_cpp_pkg' with the following arguments: {'ament_cmake_args': None, 'build_base': '/home/fishros/chapt2/demo_cpp_pkg/build/demo_cpp_pkg', 'catkin_cmake_args': None, 'catkin_skip_building_tests': False, 'cmake_args': None, 'cmake_clean_cache': False, 'cmake_clean_first': False, 'cmake_force_configure': False, 'cmake_target': None, 'cmake_target_skip_unavailable': False, 'install_base': '/home/fishros/chapt2/demo_cpp_pkg/install/demo_cpp_pkg', 'merge_install': False, 'path': '/home/fishros/chapt2/demo_cpp_pkg', 'symlink_install': False, 'test_result_base': None}
[2.589s] INFO:colcon.colcon_core.executor:Executing jobs using 'parallel' executor
[2.595s] DEBUG:colcon.colcon_parallel_executor.executor.parallel:run_until_complete
[2.596s] INFO:colcon.colcon_ros.task.ament_cmake.build:Building ROS package in '/home/fishros/chapt2/demo_cpp_pkg' with build type 'ament_cmake'
[2.596s] INFO:colcon.colcon_cmake.task.cmake.build:Building CMake package in '/home/fishros/chapt2/demo_cpp_pkg'
[2.610s] INFO:colcon.colcon_core.plugin_system:Skipping extension 'colcon_core.shell.bat': Not used on non-Windows systems
[2.611s] INFO:colcon.colcon_core.shell:Skip shell extension 'powershell' for command environment: Not usable outside of PowerShell
[2.611s] DEBUG:colcon.colcon_core.shell:Skip shell extension 'dsv' for command environment
[2.656s] DEBUG:colcon.colcon_core.event_handler.log_command:Invoking command in '/home/fishros/chapt2/demo_cpp_pkg/build/demo_cpp_pkg': CMAKE_PREFIX_PATH=/opt/ros/humble /usr/bin/cmake /home/fishros/chapt2/demo_cpp_pkg -DCMAKE_INSTALL_PREFIX=/home/fishros/chapt2/demo_cpp_pkg/install/demo_cpp_pkg
[5.532s] DEBUG:colcon.colcon_core.event_handler.log_command:Invoked command in '/home/fishros/chapt2/demo_cpp_pkg/build/demo_cpp_pkg' returned '0': CMAKE_PREFIX_PATH=/opt/ros/humble /usr/bin/cmake /home/fishros/chapt2/demo_cpp_pkg -DCMAKE_INSTALL_PREFIX=/home/fishros/chapt2/demo_cpp_pkg/install/demo_cpp_pkg
[5.538s] DEBUG:colcon.colcon_core.event_handler.log_command:Invoking command in '/home/fishros/chapt2/demo_cpp_pkg/build/demo_cpp_pkg': CMAKE_PREFIX_PATH=/opt/ros/humble /usr/bin/cmake --build /home/fishros/chapt2/demo_cpp_pkg/build/demo_cpp_pkg -- -j1 -l1
[17.683s] DEBUG:colcon.colcon_core.event_handler.log_command:Invoked command in '/home/fishros/chapt2/demo_cpp_pkg/build/demo_cpp_pkg' returned '0': CMAKE_PREFIX_PATH=/opt/ros/humble /usr/bin/cmake --build /home/fishros/chapt2/demo_cpp_pkg/build/demo_cpp_pkg -- -j1 -l1
[17.723s] DEBUG:colcon.colcon_core.event_handler.log_command:Invoking command in '/home/fishros/chapt2/demo_cpp_pkg/build/demo_cpp_pkg': CMAKE_PREFIX_PATH=/opt/ros/humble /usr/bin/cmake --install /home/fishros/chapt2/demo_cpp_pkg/build/demo_cpp_pkg
[17.796s] Level 1:colcon.colcon_core.environment:create_environment_scripts_only(demo_cpp_pkg)
[17.797s] DEBUG:colcon.colcon_core.event_handler.log_command:Invoked command in '/home/fishros/chapt2/demo_cpp_pkg/build/demo_cpp_pkg' returned '0': CMAKE_PREFIX_PATH=/opt/ros/humble /usr/bin/cmake --install /home/fishros/chapt2/demo_cpp_pkg/build/demo_cpp_pkg
[17.811s] Level 1:colcon.colcon_core.environment:checking '/home/fishros/chapt2/demo_cpp_pkg/install/demo_cpp_pkg' for CMake module files
[17.812s] Level 1:colcon.colcon_core.environment:checking '/home/fishros/chapt2/demo_cpp_pkg/install/demo_cpp_pkg' for CMake config files
[17.812s] Level 1:colcon.colcon_core.shell:create_environment_hook('demo_cpp_pkg', 'cmake_prefix_path')
[17.813s] INFO:colcon.colcon_core.shell:Creating environment hook '/home/fishros/chapt2/demo_cpp_pkg/install/demo_cpp_pkg/share/demo_cpp_pkg/hook/cmake_prefix_path.ps1'
[17.816s] INFO:colcon.colcon_core.shell:Creating environment descriptor '/home/fishros/chapt2/demo_cpp_pkg/install/demo_cpp_pkg/share/demo_cpp_pkg/hook/cmake_prefix_path.dsv'
[17.819s] INFO:colcon.colcon_core.shell:Creating environment hook '/home/fishros/chapt2/demo_cpp_pkg/install/demo_cpp_pkg/share/demo_cpp_pkg/hook/cmake_prefix_path.sh'
[17.822s] Level 1:colcon.colcon_core.environment:checking '/home/fishros/chapt2/demo_cpp_pkg/install/demo_cpp_pkg/lib'
[17.823s] Level 1:colcon.colcon_core.environment:checking '/home/fishros/chapt2/demo_cpp_pkg/install/demo_cpp_pkg/bin'
[17.823s] Level 1:colcon.colcon_core.environment:checking '/home/fishros/chapt2/demo_cpp_pkg/install/demo_cpp_pkg/lib/pkgconfig/demo_cpp_pkg.pc'
[17.824s] Level 1:colcon.colcon_core.environment:checking '/home/fishros/chapt2/demo_cpp_pkg/install/demo_cpp_pkg/lib/python3.10/site-packages'
[17.825s] Level 1:colcon.colcon_core.environment:checking '/home/fishros/chapt2/demo_cpp_pkg/install/demo_cpp_pkg/bin'
[17.826s] INFO:colcon.colcon_core.shell:Creating package script '/home/fishros/chapt2/demo_cpp_pkg/install/demo_cpp_pkg/share/demo_cpp_pkg/package.ps1'
[17.829s] INFO:colcon.colcon_core.shell:Creating package descriptor '/home/fishros/chapt2/demo_cpp_pkg/install/demo_cpp_pkg/share/demo_cpp_pkg/package.dsv'
[17.831s] INFO:colcon.colcon_core.shell:Creating package script '/home/fishros/chapt2/demo_cpp_pkg/install/demo_cpp_pkg/share/demo_cpp_pkg/package.sh'
[17.835s] INFO:colcon.colcon_core.shell:Creating package script '/home/fishros/chapt2/demo_cpp_pkg/install/demo_cpp_pkg/share/demo_cpp_pkg/package.bash'
[17.838s] INFO:colcon.colcon_core.shell:Creating package script '/home/fishros/chapt2/demo_cpp_pkg/install/demo_cpp_pkg/share/demo_cpp_pkg/package.zsh'
[17.842s] Level 1:colcon.colcon_core.environment:create_file_with_runtime_dependencies(/home/fishros/chapt2/demo_cpp_pkg/install/demo_cpp_pkg/share/colcon-core/packages/demo_cpp_pkg)
[17.843s] Level 1:colcon.colcon_core.environment:create_environment_scripts_only(demo_cpp_pkg)
[17.844s] Level 1:colcon.colcon_core.environment:checking '/home/fishros/chapt2/demo_cpp_pkg/install/demo_cpp_pkg' for CMake module files
[17.845s] Level 1:colcon.colcon_core.environment:checking '/home/fishros/chapt2/demo_cpp_pkg/install/demo_cpp_pkg' for CMake config files
[17.845s] Level 1:colcon.colcon_core.shell:create_environment_hook('demo_cpp_pkg', 'cmake_prefix_path')
[17.846s] INFO:colcon.colcon_core.shell:Creating environment hook '/home/fishros/chapt2/demo_cpp_pkg/install/demo_cpp_pkg/share/demo_cpp_pkg/hook/cmake_prefix_path.ps1'
[17.848s] INFO:colcon.colcon_core.shell:Creating environment descriptor '/home/fishros/chapt2/demo_cpp_pkg/install/demo_cpp_pkg/share/demo_cpp_pkg/hook/cmake_prefix_path.dsv'
[17.850s] INFO:colcon.colcon_core.shell:Creating environment hook '/home/fishros/chapt2/demo_cpp_pkg/install/demo_cpp_pkg/share/demo_cpp_pkg/hook/cmake_prefix_path.sh'
[17.851s] Level 1:colcon.colcon_core.environment:checking '/home/fishros/chapt2/demo_cpp_pkg/install/demo_cpp_pkg/lib'
[17.852s] Level 1:colcon.colcon_core.environment:checking '/home/fishros/chapt2/demo_cpp_pkg/install/demo_cpp_pkg/bin'
[17.852s] Level 1:colcon.colcon_core.environment:checking '/home/fishros/chapt2/demo_cpp_pkg/install/demo_cpp_pkg/lib/pkgconfig/demo_cpp_pkg.pc'
[17.854s] Level 1:colcon.colcon_core.environment:checking '/home/fishros/chapt2/demo_cpp_pkg/install/demo_cpp_pkg/lib/python3.10/site-packages'
[17.854s] Level 1:colcon.colcon_core.environment:checking '/home/fishros/chapt2/demo_cpp_pkg/install/demo_cpp_pkg/bin'
[17.854s] INFO:colcon.colcon_core.shell:Creating package script '/home/fishros/chapt2/demo_cpp_pkg/install/demo_cpp_pkg/share/demo_cpp_pkg/package.ps1'
[17.857s] INFO:colcon.colcon_core.shell:Creating package descriptor '/home/fishros/chapt2/demo_cpp_pkg/install/demo_cpp_pkg/share/demo_cpp_pkg/package.dsv'
[17.859s] INFO:colcon.colcon_core.shell:Creating package script '/home/fishros/chapt2/demo_cpp_pkg/install/demo_cpp_pkg/share/demo_cpp_pkg/package.sh'
[17.860s] INFO:colcon.colcon_core.shell:Creating package script '/home/fishros/chapt2/demo_cpp_pkg/install/demo_cpp_pkg/share/demo_cpp_pkg/package.bash'
[17.862s] INFO:colcon.colcon_core.shell:Creating package script '/home/fishros/chapt2/demo_cpp_pkg/install/demo_cpp_pkg/share/demo_cpp_pkg/package.zsh'
[17.864s] Level 1:colcon.colcon_core.environment:create_file_with_runtime_dependencies(/home/fishros/chapt2/demo_cpp_pkg/install/demo_cpp_pkg/share/colcon-core/packages/demo_cpp_pkg)
[17.867s] DEBUG:colcon.colcon_parallel_executor.executor.parallel:closing loop
[17.867s] DEBUG:colcon.colcon_parallel_executor.executor.parallel:loop closed
[17.867s] DEBUG:colcon.colcon_parallel_executor.executor.parallel:run_until_complete finished with '0'
[17.867s] DEBUG:colcon.colcon_core.event_reactor:joining thread
[17.893s] INFO:colcon.colcon_core.plugin_system:Skipping extension 'colcon_notification.desktop_notification.terminal_notifier': Not used on non-Darwin systems
[17.893s] INFO:colcon.colcon_core.plugin_system:Skipping extension 'colcon_notification.desktop_notification.win32': Not used on non-Windows systems
[17.893s] INFO:colcon.colcon_notification.desktop_notification:Sending desktop notification using 'notify2'
[18.204s] DEBUG:colcon.colcon_core.event_reactor:joined thread
[18.207s] INFO:colcon.colcon_core.shell:Creating prefix script '/home/fishros/chapt2/demo_cpp_pkg/install/local_setup.ps1'
[18.212s] INFO:colcon.colcon_core.shell:Creating prefix util module '/home/fishros/chapt2/demo_cpp_pkg/install/_local_setup_util_ps1.py'
[18.221s] INFO:colcon.colcon_core.shell:Creating prefix chain script '/home/fishros/chapt2/demo_cpp_pkg/install/setup.ps1'
[18.226s] INFO:colcon.colcon_core.shell:Creating prefix script '/home/fishros/chapt2/demo_cpp_pkg/install/local_setup.sh'
[18.229s] INFO:colcon.colcon_core.shell:Creating prefix util module '/home/fishros/chapt2/demo_cpp_pkg/install/_local_setup_util_sh.py'
[18.232s] INFO:colcon.colcon_core.shell:Creating prefix chain script '/home/fishros/chapt2/demo_cpp_pkg/install/setup.sh'
[18.239s] INFO:colcon.colcon_core.shell:Creating prefix script '/home/fishros/chapt2/demo_cpp_pkg/install/local_setup.bash'
[18.242s] INFO:colcon.colcon_core.shell:Creating prefix chain script '/home/fishros/chapt2/demo_cpp_pkg/install/setup.bash'
[18.248s] INFO:colcon.colcon_core.shell:Creating prefix script '/home/fishros/chapt2/demo_cpp_pkg/install/local_setup.zsh'
[18.253s] INFO:colcon.colcon_core.shell:Creating prefix chain script '/home/fishros/chapt2/demo_cpp_pkg/install/setup.zsh'
