[2.930s] Invoking command in '/home/fishros/chapt2/chapt2_ws/src/demo_python_pkg': PYTHONPATH=/home/fishros/chapt2/chapt2_ws/build/demo_python_pkg/prefix_override:/usr/lib/python3/dist-packages/colcon_core/task/python/colcon_distutils_commands:/home/fishros/chapt2/chapt2_ws/install/demo_python_pkg/lib/python3.10/site-packages:${PYTHONPATH} /usr/bin/python3 -W ignore:setup.py install is deprecated -W ignore:easy_install command is deprecated setup.py egg_info --egg-base ../../build/demo_python_pkg build --build-base /home/fishros/chapt2/chapt2_ws/build/demo_python_pkg/build install --record /home/fishros/chapt2/chapt2_ws/build/demo_python_pkg/install.log --single-version-externally-managed install_data
[3.655s] running egg_info
[3.657s] creating ../../build/demo_python_pkg/demo_python_pkg.egg-info
[3.657s] writing ../../build/demo_python_pkg/demo_python_pkg.egg-info/PKG-INFO
[3.658s] writing dependency_links to ../../build/demo_python_pkg/demo_python_pkg.egg-info/dependency_links.txt
[3.660s] writing entry points to ../../build/demo_python_pkg/demo_python_pkg.egg-info/entry_points.txt
[3.663s] writing requirements to ../../build/demo_python_pkg/demo_python_pkg.egg-info/requires.txt
[3.663s] writing top-level names to ../../build/demo_python_pkg/demo_python_pkg.egg-info/top_level.txt
[3.663s] writing manifest file '../../build/demo_python_pkg/demo_python_pkg.egg-info/SOURCES.txt'
[3.666s] reading manifest file '../../build/demo_python_pkg/demo_python_pkg.egg-info/SOURCES.txt'
[3.668s] adding license file 'LICENSE'
[3.669s] writing manifest file '../../build/demo_python_pkg/demo_python_pkg.egg-info/SOURCES.txt'
[3.671s] running build
[3.672s] running build_py
[3.672s] creating /home/fishros/chapt2/chapt2_ws/build/demo_python_pkg/build
[3.672s] creating /home/fishros/chapt2/chapt2_ws/build/demo_python_pkg/build/lib
[3.673s] creating /home/fishros/chapt2/chapt2_ws/build/demo_python_pkg/build/lib/demo_python_pkg
[3.673s] copying demo_python_pkg/__init__.py -> /home/fishros/chapt2/chapt2_ws/build/demo_python_pkg/build/lib/demo_python_pkg
[3.673s] copying demo_python_pkg/python_node.py -> /home/fishros/chapt2/chapt2_ws/build/demo_python_pkg/build/lib/demo_python_pkg
[3.675s] copying demo_python_pkg/person_node.py -> /home/fishros/chapt2/chapt2_ws/build/demo_python_pkg/build/lib/demo_python_pkg
[3.675s] running install
[3.676s] running install_lib
[3.679s] creating /home/fishros/chapt2/chapt2_ws/install/demo_python_pkg/lib/python3.10/site-packages/demo_python_pkg
[3.679s] copying /home/fishros/chapt2/chapt2_ws/build/demo_python_pkg/build/lib/demo_python_pkg/__init__.py -> /home/fishros/chapt2/chapt2_ws/install/demo_python_pkg/lib/python3.10/site-packages/demo_python_pkg
[3.680s] copying /home/fishros/chapt2/chapt2_ws/build/demo_python_pkg/build/lib/demo_python_pkg/python_node.py -> /home/fishros/chapt2/chapt2_ws/install/demo_python_pkg/lib/python3.10/site-packages/demo_python_pkg
[3.683s] copying /home/fishros/chapt2/chapt2_ws/build/demo_python_pkg/build/lib/demo_python_pkg/person_node.py -> /home/fishros/chapt2/chapt2_ws/install/demo_python_pkg/lib/python3.10/site-packages/demo_python_pkg
[3.684s] byte-compiling /home/fishros/chapt2/chapt2_ws/install/demo_python_pkg/lib/python3.10/site-packages/demo_python_pkg/__init__.py to __init__.cpython-310.pyc
[3.686s] byte-compiling /home/fishros/chapt2/chapt2_ws/install/demo_python_pkg/lib/python3.10/site-packages/demo_python_pkg/python_node.py to python_node.cpython-310.pyc
[3.687s] byte-compiling /home/fishros/chapt2/chapt2_ws/install/demo_python_pkg/lib/python3.10/site-packages/demo_python_pkg/person_node.py to person_node.cpython-310.pyc
[3.688s] running install_data
[3.689s] creating /home/fishros/chapt2/chapt2_ws/install/demo_python_pkg/share/ament_index
[3.689s] creating /home/fishros/chapt2/chapt2_ws/install/demo_python_pkg/share/ament_index/resource_index
[3.690s] creating /home/fishros/chapt2/chapt2_ws/install/demo_python_pkg/share/ament_index/resource_index/packages
[3.691s] copying resource/demo_python_pkg -> /home/fishros/chapt2/chapt2_ws/install/demo_python_pkg/share/ament_index/resource_index/packages
[3.693s] copying package.xml -> /home/fishros/chapt2/chapt2_ws/install/demo_python_pkg/share/demo_python_pkg
[3.694s] running install_egg_info
[3.702s] Copying ../../build/demo_python_pkg/demo_python_pkg.egg-info to /home/fishros/chapt2/chapt2_ws/install/demo_python_pkg/lib/python3.10/site-packages/demo_python_pkg-0.0.0-py3.10.egg-info
[3.702s] running install_scripts
[3.763s] Installing person_node script to /home/fishros/chapt2/chapt2_ws/install/demo_python_pkg/lib/demo_python_pkg
[3.765s] Installing python_node script to /home/fishros/chapt2/chapt2_ws/install/demo_python_pkg/lib/demo_python_pkg
[3.765s] writing list of installed files to '/home/fishros/chapt2/chapt2_ws/build/demo_python_pkg/install.log'
[3.853s] Invoked command in '/home/fishros/chapt2/chapt2_ws/src/demo_python_pkg' returned '0': PYTHONPATH=/home/fishros/chapt2/chapt2_ws/build/demo_python_pkg/prefix_override:/usr/lib/python3/dist-packages/colcon_core/task/python/colcon_distutils_commands:/home/fishros/chapt2/chapt2_ws/install/demo_python_pkg/lib/python3.10/site-packages:${PYTHONPATH} /usr/bin/python3 -W ignore:setup.py install is deprecated -W ignore:easy_install command is deprecated setup.py egg_info --egg-base ../../build/demo_python_pkg build --build-base /home/fishros/chapt2/chapt2_ws/build/demo_python_pkg/build install --record /home/fishros/chapt2/chapt2_ws/build/demo_python_pkg/install.log --single-version-externally-managed install_data
