[0.036s] Invoking command in '/home/fishros/chapt3/topic_practice_ws/build/status_display': CMAKE_PREFIX_PATH=/opt/ros/humble /usr/bin/cmake --build /home/fishros/chapt3/topic_practice_ws/build/status_display -- -j1 -l1
[0.319s] -- Found ament_cmake: 1.3.11 (/opt/ros/humble/share/ament_cmake/cmake)
[0.852s] -- Found rclcpp: 16.0.12 (/opt/ros/humble/share/rclcpp/cmake)
[0.976s] -- Found rosidl_generator_c: 3.1.6 (/opt/ros/humble/share/rosidl_generator_c/cmake)
[0.993s] -- Found rosidl_adapter: 3.1.6 (/opt/ros/humble/share/rosidl_adapter/cmake)
[1.033s] -- Found rosidl_generator_cpp: 3.1.6 (/opt/ros/humble/share/rosidl_generator_cpp/cmake)
[1.085s] -- Using all available rosidl_typesupport_c: rosidl_typesupport_fastrtps_c;rosidl_typesupport_introspection_c
[1.152s] -- Using all available rosidl_typesupport_cpp: rosidl_typesupport_fastrtps_cpp;rosidl_typesupport_introspection_cpp
[1.316s] -- Found rmw_implementation_cmake: 6.1.2 (/opt/ros/humble/share/rmw_implementation_cmake/cmake)
[1.324s] -- Found rmw_fastrtps_cpp: 6.2.7 (/opt/ros/humble/share/rmw_fastrtps_cpp/cmake)
[1.704s] -- Using RMW implementation 'rmw_fastrtps_cpp' as default
[1.998s] -- Found status_interfaces: 0.0.0 (/home/fishros/chapt3/topic_practice_ws/install/status_interfaces/share/status_interfaces/cmake)
[2.138s] -- Configuring incomplete, errors occurred!
[2.138s] See also "/home/fishros/chapt3/topic_practice_ws/build/status_display/CMakeFiles/CMakeOutput.log".
[2.138s] [31mCMake Error at /opt/ros/humble/share/ament_cmake_target_dependencies/cmake/ament_target_dependencies.cmake:42 (message):
[2.138s]   ament_target_dependencies() the first argument must be a valid target name
[2.138s] Call Stack (most recent call first):
[2.138s]   CMakeLists.txt:22 (ament_target_dependencies)
[2.138s] 
[2.138s] [0m
[2.178s] gmake: *** [Makefile:267：cmake_check_build_system] 错误 1
[2.185s] Invoked command in '/home/fishros/chapt3/topic_practice_ws/build/status_display' returned '2': CMAKE_PREFIX_PATH=/opt/ros/humble /usr/bin/cmake --build /home/fishros/chapt3/topic_practice_ws/build/status_display -- -j1 -l1
