[2.218s] Invoking command in '/home/fishros/chapt5/chapt5_ws/src/demo_python_tf': PYTHONPATH=/home/fishros/chapt5/chapt5_ws/build/demo_python_tf/prefix_override:/usr/lib/python3/dist-packages/colcon_core/task/python/colcon_distutils_commands:/home/fishros/chapt5/chapt5_ws/install/demo_python_tf/lib/python3.10/site-packages:${PYTHONPATH} /usr/bin/python3 -W ignore:setup.py install is deprecated -W ignore:easy_install command is deprecated setup.py egg_info --egg-base ../../build/demo_python_tf build --build-base /home/fishros/chapt5/chapt5_ws/build/demo_python_tf/build install --record /home/fishros/chapt5/chapt5_ws/build/demo_python_tf/install.log --single-version-externally-managed install_data
[3.025s] running egg_info
[3.027s] creating ../../build/demo_python_tf/demo_python_tf.egg-info
[3.028s] writing ../../build/demo_python_tf/demo_python_tf.egg-info/PKG-INFO
[3.030s] writing dependency_links to ../../build/demo_python_tf/demo_python_tf.egg-info/dependency_links.txt
[3.031s] writing entry points to ../../build/demo_python_tf/demo_python_tf.egg-info/entry_points.txt
[3.031s] writing requirements to ../../build/demo_python_tf/demo_python_tf.egg-info/requires.txt
[3.031s] writing top-level names to ../../build/demo_python_tf/demo_python_tf.egg-info/top_level.txt
[3.035s] writing manifest file '../../build/demo_python_tf/demo_python_tf.egg-info/SOURCES.txt'
[3.038s] reading manifest file '../../build/demo_python_tf/demo_python_tf.egg-info/SOURCES.txt'
[3.039s] adding license file 'LICENSE'
[3.041s] writing manifest file '../../build/demo_python_tf/demo_python_tf.egg-info/SOURCES.txt'
[3.042s] running build
[3.043s] running build_py
[3.043s] creating /home/fishros/chapt5/chapt5_ws/build/demo_python_tf/build
[3.044s] creating /home/fishros/chapt5/chapt5_ws/build/demo_python_tf/build/lib
[3.045s] creating /home/fishros/chapt5/chapt5_ws/build/demo_python_tf/build/lib/demo_python_tf
[3.046s] copying demo_python_tf/__init__.py -> /home/fishros/chapt5/chapt5_ws/build/demo_python_tf/build/lib/demo_python_tf
[3.046s] copying demo_python_tf/static_tf_broadcaster.py -> /home/fishros/chapt5/chapt5_ws/build/demo_python_tf/build/lib/demo_python_tf
[3.047s] running install
[3.050s] running install_lib
[3.051s] creating /home/fishros/chapt5/chapt5_ws/install/demo_python_tf/lib/python3.10/site-packages/demo_python_tf
[3.051s] copying /home/fishros/chapt5/chapt5_ws/build/demo_python_tf/build/lib/demo_python_tf/__init__.py -> /home/fishros/chapt5/chapt5_ws/install/demo_python_tf/lib/python3.10/site-packages/demo_python_tf
[3.052s] copying /home/fishros/chapt5/chapt5_ws/build/demo_python_tf/build/lib/demo_python_tf/static_tf_broadcaster.py -> /home/fishros/chapt5/chapt5_ws/install/demo_python_tf/lib/python3.10/site-packages/demo_python_tf
[3.053s] byte-compiling /home/fishros/chapt5/chapt5_ws/install/demo_python_tf/lib/python3.10/site-packages/demo_python_tf/__init__.py to __init__.cpython-310.pyc
[3.056s] byte-compiling /home/fishros/chapt5/chapt5_ws/install/demo_python_tf/lib/python3.10/site-packages/demo_python_tf/static_tf_broadcaster.py to static_tf_broadcaster.cpython-310.pyc
[3.056s] running install_data
[3.057s] creating /home/fishros/chapt5/chapt5_ws/install/demo_python_tf/share/ament_index
[3.058s] creating /home/fishros/chapt5/chapt5_ws/install/demo_python_tf/share/ament_index/resource_index
[3.058s] creating /home/fishros/chapt5/chapt5_ws/install/demo_python_tf/share/ament_index/resource_index/packages
[3.060s] copying resource/demo_python_tf -> /home/fishros/chapt5/chapt5_ws/install/demo_python_tf/share/ament_index/resource_index/packages
[3.063s] copying package.xml -> /home/fishros/chapt5/chapt5_ws/install/demo_python_tf/share/demo_python_tf
[3.063s] running install_egg_info
[3.066s] Copying ../../build/demo_python_tf/demo_python_tf.egg-info to /home/fishros/chapt5/chapt5_ws/install/demo_python_tf/lib/python3.10/site-packages/demo_python_tf-0.0.0-py3.10.egg-info
[3.069s] running install_scripts
[3.154s] Installing static_tf_broadcaster script to /home/fishros/chapt5/chapt5_ws/install/demo_python_tf/lib/demo_python_tf
[3.161s] writing list of installed files to '/home/fishros/chapt5/chapt5_ws/build/demo_python_tf/install.log'
[3.274s] Invoked command in '/home/fishros/chapt5/chapt5_ws/src/demo_python_tf' returned '0': PYTHONPATH=/home/fishros/chapt5/chapt5_ws/build/demo_python_tf/prefix_override:/usr/lib/python3/dist-packages/colcon_core/task/python/colcon_distutils_commands:/home/fishros/chapt5/chapt5_ws/install/demo_python_tf/lib/python3.10/site-packages:${PYTHONPATH} /usr/bin/python3 -W ignore:setup.py install is deprecated -W ignore:easy_install command is deprecated setup.py egg_info --egg-base ../../build/demo_python_tf build --build-base /home/fishros/chapt5/chapt5_ws/build/demo_python_tf/build install --record /home/fishros/chapt5/chapt5_ws/build/demo_python_tf/install.log --single-version-externally-managed install_data
