[0.381s] DEBUG:colcon:Command line arguments: ['/usr/bin/colcon', 'build']
[0.381s] DEBUG:colcon:Parsed command line arguments: Namespace(log_base=None, log_level=None, verb_name='build', build_base='build', install_base='install', merge_install=False, symlink_install=False, test_result_base=None, continue_on_error=False, executor='parallel', parallel_workers=1, event_handlers=None, ignore_user_meta=False, metas=['./colcon.meta'], base_paths=['.'], packages_ignore=None, packages_ignore_regex=None, paths=None, packages_up_to=None, packages_up_to_regex=None, packages_above=None, packages_above_and_dependencies=None, packages_above_depth=None, packages_select_by_dep=None, packages_skip_by_dep=None, packages_skip_up_to=None, packages_select_build_failed=False, packages_skip_build_finished=False, packages_select_test_failures=False, packages_skip_test_passed=False, packages_select=None, packages_skip=None, packages_select_regex=None, packages_skip_regex=None, packages_start=None, packages_end=None, allow_overriding=[], cmake_args=None, cmake_target=None, cmake_target_skip_unavailable=False, cmake_clean_cache=False, cmake_clean_first=False, cmake_force_configure=False, ament_cmake_args=None, catkin_cmake_args=None, catkin_skip_building_tests=False, verb_parser=<colcon_defaults.argument_parser.defaults.DefaultArgumentsDecorator object at 0x70fd552f7460>, verb_extension=<colcon_core.verb.build.BuildVerb object at 0x70fd55478910>, main=<bound method BuildVerb.main of <colcon_core.verb.build.BuildVerb object at 0x70fd55478910>>)
[0.582s] Level 1:colcon.colcon_core.package_discovery:discover_packages(colcon_meta) check parameters
[0.582s] Level 1:colcon.colcon_core.package_discovery:discover_packages(recursive) check parameters
[0.582s] Level 1:colcon.colcon_core.package_discovery:discover_packages(ignore) check parameters
[0.583s] Level 1:colcon.colcon_core.package_discovery:discover_packages(path) check parameters
[0.583s] Level 1:colcon.colcon_core.package_discovery:discover_packages(colcon_meta) discover
[0.583s] Level 1:colcon.colcon_core.package_discovery:discover_packages(recursive) discover
[0.583s] INFO:colcon.colcon_core.package_discovery:Crawling recursively for packages in '/home/fishros/chapt4/chapt4_ws/src/demo_python_service'
[0.583s] Level 1:colcon.colcon_core.package_identification:_identify(.) by extensions ['ignore', 'ignore_ament_install']
[0.583s] Level 1:colcon.colcon_core.package_identification:_identify(.) by extension 'ignore'
[0.583s] Level 1:colcon.colcon_core.package_identification:_identify(.) by extension 'ignore_ament_install'
[0.583s] Level 1:colcon.colcon_core.package_identification:_identify(.) by extensions ['colcon_pkg']
[0.583s] Level 1:colcon.colcon_core.package_identification:_identify(.) by extension 'colcon_pkg'
[0.583s] Level 1:colcon.colcon_core.package_identification:_identify(.) by extensions ['colcon_meta']
[0.583s] Level 1:colcon.colcon_core.package_identification:_identify(.) by extension 'colcon_meta'
[0.583s] Level 1:colcon.colcon_core.package_identification:_identify(.) by extensions ['ros']
[0.583s] Level 1:colcon.colcon_core.package_identification:_identify(.) by extension 'ros'
[0.606s] DEBUG:colcon.colcon_core.package_identification:Package '.' with type 'ros.ament_python' and name 'demo_python_service'
[0.606s] Level 1:colcon.colcon_core.package_discovery:discover_packages(recursive) using defaults
[0.606s] Level 1:colcon.colcon_core.package_discovery:discover_packages(ignore) discover
[0.606s] Level 1:colcon.colcon_core.package_discovery:discover_packages(ignore) using defaults
[0.606s] Level 1:colcon.colcon_core.package_discovery:discover_packages(path) discover
[0.606s] Level 1:colcon.colcon_core.package_discovery:discover_packages(path) using defaults
[0.640s] Level 1:colcon.colcon_core.package_discovery:discover_packages(prefix_path) check parameters
[0.640s] Level 1:colcon.colcon_core.package_discovery:discover_packages(prefix_path) discover
[0.644s] DEBUG:colcon.colcon_installed_package_information.package_discovery:Found 1 installed packages in /home/fishros/chapt4/chapt4_ws/src/demo_python_service/install
[0.646s] DEBUG:colcon.colcon_installed_package_information.package_discovery:Found 271 installed packages in /opt/ros/humble
[0.648s] Level 1:colcon.colcon_core.package_discovery:discover_packages(prefix_path) using defaults
[0.722s] Level 5:colcon.colcon_core.verb:set package 'demo_python_service' build argument 'cmake_args' from command line to 'None'
[0.722s] Level 5:colcon.colcon_core.verb:set package 'demo_python_service' build argument 'cmake_target' from command line to 'None'
[0.722s] Level 5:colcon.colcon_core.verb:set package 'demo_python_service' build argument 'cmake_target_skip_unavailable' from command line to 'False'
[0.722s] Level 5:colcon.colcon_core.verb:set package 'demo_python_service' build argument 'cmake_clean_cache' from command line to 'False'
[0.722s] Level 5:colcon.colcon_core.verb:set package 'demo_python_service' build argument 'cmake_clean_first' from command line to 'False'
[0.722s] Level 5:colcon.colcon_core.verb:set package 'demo_python_service' build argument 'cmake_force_configure' from command line to 'False'
[0.722s] Level 5:colcon.colcon_core.verb:set package 'demo_python_service' build argument 'ament_cmake_args' from command line to 'None'
[0.722s] Level 5:colcon.colcon_core.verb:set package 'demo_python_service' build argument 'catkin_cmake_args' from command line to 'None'
[0.722s] Level 5:colcon.colcon_core.verb:set package 'demo_python_service' build argument 'catkin_skip_building_tests' from command line to 'False'
[0.722s] DEBUG:colcon.colcon_core.verb:Building package 'demo_python_service' with the following arguments: {'ament_cmake_args': None, 'build_base': '/home/fishros/chapt4/chapt4_ws/src/demo_python_service/build/demo_python_service', 'catkin_cmake_args': None, 'catkin_skip_building_tests': False, 'cmake_args': None, 'cmake_clean_cache': False, 'cmake_clean_first': False, 'cmake_force_configure': False, 'cmake_target': None, 'cmake_target_skip_unavailable': False, 'install_base': '/home/fishros/chapt4/chapt4_ws/src/demo_python_service/install/demo_python_service', 'merge_install': False, 'path': '/home/fishros/chapt4/chapt4_ws/src/demo_python_service', 'symlink_install': False, 'test_result_base': None}
[0.722s] INFO:colcon.colcon_core.executor:Executing jobs using 'parallel' executor
[0.724s] DEBUG:colcon.colcon_parallel_executor.executor.parallel:run_until_complete
[0.725s] INFO:colcon.colcon_ros.task.ament_python.build:Building ROS package in '/home/fishros/chapt4/chapt4_ws/src/demo_python_service' with build type 'ament_python'
[0.726s] Level 1:colcon.colcon_core.shell:create_environment_hook('demo_python_service', 'ament_prefix_path')
[0.731s] INFO:colcon.colcon_core.plugin_system:Skipping extension 'colcon_core.shell.bat': Not used on non-Windows systems
[0.731s] INFO:colcon.colcon_core.shell:Creating environment hook '/home/fishros/chapt4/chapt4_ws/src/demo_python_service/install/demo_python_service/share/demo_python_service/hook/ament_prefix_path.ps1'
[0.734s] INFO:colcon.colcon_core.shell:Creating environment descriptor '/home/fishros/chapt4/chapt4_ws/src/demo_python_service/install/demo_python_service/share/demo_python_service/hook/ament_prefix_path.dsv'
[0.735s] INFO:colcon.colcon_core.shell:Creating environment hook '/home/fishros/chapt4/chapt4_ws/src/demo_python_service/install/demo_python_service/share/demo_python_service/hook/ament_prefix_path.sh'
[0.740s] INFO:colcon.colcon_core.shell:Skip shell extension 'powershell' for command environment: Not usable outside of PowerShell
[0.740s] DEBUG:colcon.colcon_core.shell:Skip shell extension 'dsv' for command environment
[1.609s] INFO:colcon.colcon_core.task.python.build:Building Python package in '/home/fishros/chapt4/chapt4_ws/src/demo_python_service'
[1.609s] INFO:colcon.colcon_core.shell:Skip shell extension 'powershell' for command environment: Not usable outside of PowerShell
[1.610s] DEBUG:colcon.colcon_core.shell:Skip shell extension 'dsv' for command environment
[2.493s] DEBUG:colcon.colcon_core.event_handler.log_command:Invoking command in '/home/fishros/chapt4/chapt4_ws/src/demo_python_service': PYTHONPATH=/home/fishros/chapt4/chapt4_ws/src/demo_python_service/build/demo_python_service/prefix_override:/usr/lib/python3/dist-packages/colcon_core/task/python/colcon_distutils_commands:/home/fishros/chapt4/chapt4_ws/src/demo_python_service/install/demo_python_service/lib/python3.10/site-packages:${PYTHONPATH} /usr/bin/python3 -W ignore:setup.py install is deprecated -W ignore:easy_install command is deprecated setup.py egg_info --egg-base build/demo_python_service build --build-base /home/fishros/chapt4/chapt4_ws/src/demo_python_service/build/demo_python_service/build install --record /home/fishros/chapt4/chapt4_ws/src/demo_python_service/build/demo_python_service/install.log --single-version-externally-managed install_data
[3.437s] DEBUG:colcon.colcon_core.event_handler.log_command:Invoked command in '/home/fishros/chapt4/chapt4_ws/src/demo_python_service' returned '0': PYTHONPATH=/home/fishros/chapt4/chapt4_ws/src/demo_python_service/build/demo_python_service/prefix_override:/usr/lib/python3/dist-packages/colcon_core/task/python/colcon_distutils_commands:/home/fishros/chapt4/chapt4_ws/src/demo_python_service/install/demo_python_service/lib/python3.10/site-packages:${PYTHONPATH} /usr/bin/python3 -W ignore:setup.py install is deprecated -W ignore:easy_install command is deprecated setup.py egg_info --egg-base build/demo_python_service build --build-base /home/fishros/chapt4/chapt4_ws/src/demo_python_service/build/demo_python_service/build install --record /home/fishros/chapt4/chapt4_ws/src/demo_python_service/build/demo_python_service/install.log --single-version-externally-managed install_data
[3.448s] Level 1:colcon.colcon_core.environment:checking '/home/fishros/chapt4/chapt4_ws/src/demo_python_service/install/demo_python_service' for CMake module files
[3.451s] Level 1:colcon.colcon_core.environment:checking '/home/fishros/chapt4/chapt4_ws/src/demo_python_service/install/demo_python_service' for CMake config files
[3.454s] Level 1:colcon.colcon_core.environment:checking '/home/fishros/chapt4/chapt4_ws/src/demo_python_service/install/demo_python_service/lib'
[3.456s] Level 1:colcon.colcon_core.environment:checking '/home/fishros/chapt4/chapt4_ws/src/demo_python_service/install/demo_python_service/bin'
[3.456s] Level 1:colcon.colcon_core.environment:checking '/home/fishros/chapt4/chapt4_ws/src/demo_python_service/install/demo_python_service/lib/pkgconfig/demo_python_service.pc'
[3.456s] Level 1:colcon.colcon_core.environment:checking '/home/fishros/chapt4/chapt4_ws/src/demo_python_service/install/demo_python_service/lib/python3.10/site-packages'
[3.459s] Level 1:colcon.colcon_core.shell:create_environment_hook('demo_python_service', 'pythonpath')
[3.459s] INFO:colcon.colcon_core.shell:Creating environment hook '/home/fishros/chapt4/chapt4_ws/src/demo_python_service/install/demo_python_service/share/demo_python_service/hook/pythonpath.ps1'
[3.460s] INFO:colcon.colcon_core.shell:Creating environment descriptor '/home/fishros/chapt4/chapt4_ws/src/demo_python_service/install/demo_python_service/share/demo_python_service/hook/pythonpath.dsv'
[3.463s] INFO:colcon.colcon_core.shell:Creating environment hook '/home/fishros/chapt4/chapt4_ws/src/demo_python_service/install/demo_python_service/share/demo_python_service/hook/pythonpath.sh'
[3.467s] Level 1:colcon.colcon_core.environment:checking '/home/fishros/chapt4/chapt4_ws/src/demo_python_service/install/demo_python_service/bin'
[3.467s] Level 1:colcon.colcon_core.environment:create_environment_scripts_only(demo_python_service)
[3.467s] INFO:colcon.colcon_core.shell:Creating package script '/home/fishros/chapt4/chapt4_ws/src/demo_python_service/install/demo_python_service/share/demo_python_service/package.ps1'
[3.474s] INFO:colcon.colcon_core.shell:Creating package descriptor '/home/fishros/chapt4/chapt4_ws/src/demo_python_service/install/demo_python_service/share/demo_python_service/package.dsv'
[3.475s] INFO:colcon.colcon_core.shell:Creating package script '/home/fishros/chapt4/chapt4_ws/src/demo_python_service/install/demo_python_service/share/demo_python_service/package.sh'
[3.481s] INFO:colcon.colcon_core.shell:Creating package script '/home/fishros/chapt4/chapt4_ws/src/demo_python_service/install/demo_python_service/share/demo_python_service/package.bash'
[3.488s] INFO:colcon.colcon_core.shell:Creating package script '/home/fishros/chapt4/chapt4_ws/src/demo_python_service/install/demo_python_service/share/demo_python_service/package.zsh'
[3.491s] Level 1:colcon.colcon_core.environment:create_file_with_runtime_dependencies(/home/fishros/chapt4/chapt4_ws/src/demo_python_service/install/demo_python_service/share/colcon-core/packages/demo_python_service)
[3.495s] DEBUG:colcon.colcon_parallel_executor.executor.parallel:closing loop
[3.499s] DEBUG:colcon.colcon_parallel_executor.executor.parallel:loop closed
[3.499s] DEBUG:colcon.colcon_parallel_executor.executor.parallel:run_until_complete finished with '0'
[3.499s] DEBUG:colcon.colcon_core.event_reactor:joining thread
[3.531s] INFO:colcon.colcon_core.plugin_system:Skipping extension 'colcon_notification.desktop_notification.terminal_notifier': Not used on non-Darwin systems
[3.531s] INFO:colcon.colcon_core.plugin_system:Skipping extension 'colcon_notification.desktop_notification.win32': Not used on non-Windows systems
[3.531s] INFO:colcon.colcon_notification.desktop_notification:Sending desktop notification using 'notify2'
[3.581s] DEBUG:colcon.colcon_core.event_reactor:joined thread
[3.581s] INFO:colcon.colcon_core.shell:Creating prefix script '/home/fishros/chapt4/chapt4_ws/src/demo_python_service/install/local_setup.ps1'
[3.587s] INFO:colcon.colcon_core.shell:Creating prefix util module '/home/fishros/chapt4/chapt4_ws/src/demo_python_service/install/_local_setup_util_ps1.py'
[3.596s] INFO:colcon.colcon_core.shell:Creating prefix chain script '/home/fishros/chapt4/chapt4_ws/src/demo_python_service/install/setup.ps1'
[3.602s] INFO:colcon.colcon_core.shell:Creating prefix script '/home/fishros/chapt4/chapt4_ws/src/demo_python_service/install/local_setup.sh'
[3.606s] INFO:colcon.colcon_core.shell:Creating prefix util module '/home/fishros/chapt4/chapt4_ws/src/demo_python_service/install/_local_setup_util_sh.py'
[3.607s] INFO:colcon.colcon_core.shell:Creating prefix chain script '/home/fishros/chapt4/chapt4_ws/src/demo_python_service/install/setup.sh'
[3.614s] INFO:colcon.colcon_core.shell:Creating prefix script '/home/fishros/chapt4/chapt4_ws/src/demo_python_service/install/local_setup.bash'
[3.616s] INFO:colcon.colcon_core.shell:Creating prefix chain script '/home/fishros/chapt4/chapt4_ws/src/demo_python_service/install/setup.bash'
[3.623s] INFO:colcon.colcon_core.shell:Creating prefix script '/home/fishros/chapt4/chapt4_ws/src/demo_python_service/install/local_setup.zsh'
[3.627s] INFO:colcon.colcon_core.shell:Creating prefix chain script '/home/fishros/chapt4/chapt4_ws/src/demo_python_service/install/setup.zsh'
