[1.936s] Invoking command in '/home/fishros/chapt4/chapt4_ws/src/demo_python_service': PYTHONPATH=/home/fishros/chapt4/chapt4_ws/src/demo_python_service/build/demo_python_service/prefix_override:/usr/lib/python3/dist-packages/colcon_core/task/python/colcon_distutils_commands:/home/fishros/chapt4/chapt4_ws/src/demo_python_service/install/demo_python_service/lib/python3.10/site-packages:${PYTHONPATH} /usr/bin/python3 -W ignore:setup.py install is deprecated -W ignore:easy_install command is deprecated setup.py egg_info --egg-base build/demo_python_service build --build-base /home/fishros/chapt4/chapt4_ws/src/demo_python_service/build/demo_python_service/build install --record /home/fishros/chapt4/chapt4_ws/src/demo_python_service/build/demo_python_service/install.log --single-version-externally-managed install_data
[2.690s] running egg_info
[2.691s] writing build/demo_python_service/demo_python_service.egg-info/PKG-INFO
[2.691s] writing dependency_links to build/demo_python_service/demo_python_service.egg-info/dependency_links.txt
[2.691s] writing entry points to build/demo_python_service/demo_python_service.egg-info/entry_points.txt
[2.692s] writing requirements to build/demo_python_service/demo_python_service.egg-info/requires.txt
[2.693s] writing top-level names to build/demo_python_service/demo_python_service.egg-info/top_level.txt
[2.701s] reading manifest file 'build/demo_python_service/demo_python_service.egg-info/SOURCES.txt'
[2.703s] adding license file 'LICENSE'
[2.706s] writing manifest file 'build/demo_python_service/demo_python_service.egg-info/SOURCES.txt'
[2.709s] running build
[2.709s] running build_py
[2.709s] copying demo_python_service/face_detect_node.py -> /home/fishros/chapt4/chapt4_ws/src/demo_python_service/build/demo_python_service/build/lib/demo_python_service
[2.711s] running install
[2.712s] running install_lib
[2.716s] copying /home/fishros/chapt4/chapt4_ws/src/demo_python_service/build/demo_python_service/build/lib/demo_python_service/face_detect_node.py -> /home/fishros/chapt4/chapt4_ws/src/demo_python_service/install/demo_python_service/lib/python3.10/site-packages/demo_python_service
[2.717s] byte-compiling /home/fishros/chapt4/chapt4_ws/src/demo_python_service/install/demo_python_service/lib/python3.10/site-packages/demo_python_service/face_detect_node.py to face_detect_node.cpython-310.pyc
[2.719s] running install_data
[2.720s] running install_egg_info
[2.726s] removing '/home/fishros/chapt4/chapt4_ws/src/demo_python_service/install/demo_python_service/lib/python3.10/site-packages/demo_python_service-0.0.0-py3.10.egg-info' (and everything under it)
[2.730s] Copying build/demo_python_service/demo_python_service.egg-info to /home/fishros/chapt4/chapt4_ws/src/demo_python_service/install/demo_python_service/lib/python3.10/site-packages/demo_python_service-0.0.0-py3.10.egg-info
[2.732s] running install_scripts
[2.800s] Installing learn_face_detect = demo_python_service.learn_face_detect:mainface_detect_node script to /home/fishros/chapt4/chapt4_ws/src/demo_python_service/install/demo_python_service/lib/demo_python_service
[2.802s] writing list of installed files to '/home/fishros/chapt4/chapt4_ws/src/demo_python_service/build/demo_python_service/install.log'
[2.920s] Invoked command in '/home/fishros/chapt4/chapt4_ws/src/demo_python_service' returned '0': PYTHONPATH=/home/fishros/chapt4/chapt4_ws/src/demo_python_service/build/demo_python_service/prefix_override:/usr/lib/python3/dist-packages/colcon_core/task/python/colcon_distutils_commands:/home/fishros/chapt4/chapt4_ws/src/demo_python_service/install/demo_python_service/lib/python3.10/site-packages:${PYTHONPATH} /usr/bin/python3 -W ignore:setup.py install is deprecated -W ignore:easy_install command is deprecated setup.py egg_info --egg-base build/demo_python_service build --build-base /home/fishros/chapt4/chapt4_ws/src/demo_python_service/build/demo_python_service/build install --record /home/fishros/chapt4/chapt4_ws/src/demo_python_service/build/demo_python_service/install.log --single-version-externally-managed install_data
