[0.026s] Invoking command in '/home/fishros/chapt4/chapt4_ws/build/chapt4_interfaces': CMAKE_PREFIX_PATH=${CMAKE_PREFIX_PATH}:/home/fishros/chapt4/chapt4_ws/install/demo_python_service:/home/fishros/chapt4/chapt4_ws/src/demo_python_service/install/demo_python_service:/opt/ros/humble /usr/bin/cmake --build /home/fishros/chapt4/chapt4_ws/build/chapt4_interfaces -- -j1 -l1
[0.188s] [  3%] Built target chapt4_interfaces__cpp
[0.241s] [ 12%] Built target chapt4_interfaces__rosidl_typesupport_cpp
[0.294s] [ 22%] Built target chapt4_interfaces__rosidl_generator_c
[0.370s] [ 32%] Built target chapt4_interfaces__rosidl_typesupport_fastrtps_c
[0.436s] [ 41%] Built target chapt4_interfaces__rosidl_typesupport_introspection_c
[0.490s] [ 51%] Built target chapt4_interfaces__rosidl_typesupport_c
[0.569s] [ 61%] Built target chapt4_interfaces__rosidl_typesupport_fastrtps_cpp
[0.637s] [ 70%] Built target chapt4_interfaces__rosidl_typesupport_introspection_cpp
[0.694s] [ 70%] Built target chapt4_interfaces
[0.764s] [ 70%] Built target ament_cmake_python_copy_chapt4_interfaces
[1.508s] running egg_info
[1.509s] writing chapt4_interfaces.egg-info/PKG-INFO
[1.514s] writing dependency_links to chapt4_interfaces.egg-info/dependency_links.txt
[1.514s] writing top-level names to chapt4_interfaces.egg-info/top_level.txt
[1.520s] reading manifest file 'chapt4_interfaces.egg-info/SOURCES.txt'
[1.520s] writing manifest file 'chapt4_interfaces.egg-info/SOURCES.txt'
[1.614s] [ 70%] Built target ament_cmake_python_build_chapt4_interfaces_egg
[1.680s] [ 74%] Built target chapt4_interfaces__py
[1.735s] [ 80%] Built target chapt4_interfaces__rosidl_generator_py
[1.806s] [ 87%] Built target chapt4_interfaces__rosidl_typesupport_fastrtps_c__pyext
[1.867s] [ 93%] Built target chapt4_interfaces__rosidl_typesupport_introspection_c__pyext
[1.936s] [100%] Built target chapt4_interfaces__rosidl_typesupport_c__pyext
[1.968s] Invoked command in '/home/fishros/chapt4/chapt4_ws/build/chapt4_interfaces' returned '0': CMAKE_PREFIX_PATH=${CMAKE_PREFIX_PATH}:/home/fishros/chapt4/chapt4_ws/install/demo_python_service:/home/fishros/chapt4/chapt4_ws/src/demo_python_service/install/demo_python_service:/opt/ros/humble /usr/bin/cmake --build /home/fishros/chapt4/chapt4_ws/build/chapt4_interfaces -- -j1 -l1
[1.995s] Invoking command in '/home/fishros/chapt4/chapt4_ws/build/chapt4_interfaces': CMAKE_PREFIX_PATH=${CMAKE_PREFIX_PATH}:/home/fishros/chapt4/chapt4_ws/install/demo_python_service:/home/fishros/chapt4/chapt4_ws/src/demo_python_service/install/demo_python_service:/opt/ros/humble /usr/bin/cmake --install /home/fishros/chapt4/chapt4_ws/build/chapt4_interfaces
[2.022s] -- Install configuration: ""
[2.022s] -- Up-to-date: /home/fishros/chapt4/chapt4_ws/install/chapt4_interfaces/share/ament_index/resource_index/rosidl_interfaces/chapt4_interfaces
[2.022s] -- Up-to-date: /home/fishros/chapt4/chapt4_ws/install/chapt4_interfaces/include/chapt4_interfaces/chapt4_interfaces
[2.022s] -- Up-to-date: /home/fishros/chapt4/chapt4_ws/install/chapt4_interfaces/include/chapt4_interfaces/chapt4_interfaces/srv
[2.027s] -- Up-to-date: /home/fishros/chapt4/chapt4_ws/install/chapt4_interfaces/include/chapt4_interfaces/chapt4_interfaces/srv/face_detector.h
[2.027s] -- Up-to-date: /home/fishros/chapt4/chapt4_ws/install/chapt4_interfaces/include/chapt4_interfaces/chapt4_interfaces/srv/detail
[2.028s] -- Up-to-date: /home/fishros/chapt4/chapt4_ws/install/chapt4_interfaces/include/chapt4_interfaces/chapt4_interfaces/srv/detail/face_detector__functions.h
[2.028s] -- Up-to-date: /home/fishros/chapt4/chapt4_ws/install/chapt4_interfaces/include/chapt4_interfaces/chapt4_interfaces/srv/detail/face_detector__struct.h
[2.028s] -- Up-to-date: /home/fishros/chapt4/chapt4_ws/install/chapt4_interfaces/include/chapt4_interfaces/chapt4_interfaces/srv/detail/face_detector__functions.c
[2.028s] -- Up-to-date: /home/fishros/chapt4/chapt4_ws/install/chapt4_interfaces/include/chapt4_interfaces/chapt4_interfaces/srv/detail/face_detector__type_support.h
[2.028s] -- Up-to-date: /home/fishros/chapt4/chapt4_ws/install/chapt4_interfaces/include/chapt4_interfaces/chapt4_interfaces/msg
[2.028s] -- Up-to-date: /home/fishros/chapt4/chapt4_ws/install/chapt4_interfaces/include/chapt4_interfaces/chapt4_interfaces/msg/rosidl_generator_c__visibility_control.h
[2.033s] -- Up-to-date: /home/fishros/chapt4/chapt4_ws/install/chapt4_interfaces/share/chapt4_interfaces/environment/library_path.sh
[2.033s] -- Up-to-date: /home/fishros/chapt4/chapt4_ws/install/chapt4_interfaces/share/chapt4_interfaces/environment/library_path.dsv
[2.033s] -- Up-to-date: /home/fishros/chapt4/chapt4_ws/install/chapt4_interfaces/lib/libchapt4_interfaces__rosidl_generator_c.so
[2.034s] -- Up-to-date: /home/fishros/chapt4/chapt4_ws/install/chapt4_interfaces/include/chapt4_interfaces/chapt4_interfaces
[2.034s] -- Up-to-date: /home/fishros/chapt4/chapt4_ws/install/chapt4_interfaces/include/chapt4_interfaces/chapt4_interfaces/srv
[2.034s] -- Up-to-date: /home/fishros/chapt4/chapt4_ws/install/chapt4_interfaces/include/chapt4_interfaces/chapt4_interfaces/srv/detail
[2.034s] -- Up-to-date: /home/fishros/chapt4/chapt4_ws/install/chapt4_interfaces/include/chapt4_interfaces/chapt4_interfaces/srv/detail/face_detector__rosidl_typesupport_fastrtps_c.h
[2.034s] -- Up-to-date: /home/fishros/chapt4/chapt4_ws/install/chapt4_interfaces/include/chapt4_interfaces/chapt4_interfaces/msg
[2.034s] -- Up-to-date: /home/fishros/chapt4/chapt4_ws/install/chapt4_interfaces/include/chapt4_interfaces/chapt4_interfaces/msg/rosidl_typesupport_fastrtps_c__visibility_control.h
[2.034s] -- Up-to-date: /home/fishros/chapt4/chapt4_ws/install/chapt4_interfaces/lib/libchapt4_interfaces__rosidl_typesupport_fastrtps_c.so
[2.034s] -- Up-to-date: /home/fishros/chapt4/chapt4_ws/install/chapt4_interfaces/include/chapt4_interfaces/chapt4_interfaces
[2.039s] -- Up-to-date: /home/fishros/chapt4/chapt4_ws/install/chapt4_interfaces/include/chapt4_interfaces/chapt4_interfaces/srv
[2.039s] -- Up-to-date: /home/fishros/chapt4/chapt4_ws/install/chapt4_interfaces/include/chapt4_interfaces/chapt4_interfaces/srv/detail
[2.039s] -- Up-to-date: /home/fishros/chapt4/chapt4_ws/install/chapt4_interfaces/include/chapt4_interfaces/chapt4_interfaces/srv/detail/face_detector__rosidl_typesupport_introspection_c.h
[2.039s] -- Up-to-date: /home/fishros/chapt4/chapt4_ws/install/chapt4_interfaces/include/chapt4_interfaces/chapt4_interfaces/srv/detail/face_detector__type_support.c
[2.040s] -- Up-to-date: /home/fishros/chapt4/chapt4_ws/install/chapt4_interfaces/include/chapt4_interfaces/chapt4_interfaces/msg
[2.040s] -- Up-to-date: /home/fishros/chapt4/chapt4_ws/install/chapt4_interfaces/include/chapt4_interfaces/chapt4_interfaces/msg/rosidl_typesupport_introspection_c__visibility_control.h
[2.040s] -- Up-to-date: /home/fishros/chapt4/chapt4_ws/install/chapt4_interfaces/lib/libchapt4_interfaces__rosidl_typesupport_introspection_c.so
[2.040s] -- Up-to-date: /home/fishros/chapt4/chapt4_ws/install/chapt4_interfaces/lib/libchapt4_interfaces__rosidl_typesupport_c.so
[2.040s] -- Up-to-date: /home/fishros/chapt4/chapt4_ws/install/chapt4_interfaces/include/chapt4_interfaces/chapt4_interfaces
[2.040s] -- Up-to-date: /home/fishros/chapt4/chapt4_ws/install/chapt4_interfaces/include/chapt4_interfaces/chapt4_interfaces/srv
[2.040s] -- Up-to-date: /home/fishros/chapt4/chapt4_ws/install/chapt4_interfaces/include/chapt4_interfaces/chapt4_interfaces/srv/face_detector.hpp
[2.040s] -- Up-to-date: /home/fishros/chapt4/chapt4_ws/install/chapt4_interfaces/include/chapt4_interfaces/chapt4_interfaces/srv/detail
[2.040s] -- Up-to-date: /home/fishros/chapt4/chapt4_ws/install/chapt4_interfaces/include/chapt4_interfaces/chapt4_interfaces/srv/detail/face_detector__struct.hpp
[2.040s] -- Up-to-date: /home/fishros/chapt4/chapt4_ws/install/chapt4_interfaces/include/chapt4_interfaces/chapt4_interfaces/srv/detail/face_detector__type_support.hpp
[2.040s] -- Up-to-date: /home/fishros/chapt4/chapt4_ws/install/chapt4_interfaces/include/chapt4_interfaces/chapt4_interfaces/srv/detail/face_detector__traits.hpp
[2.040s] -- Up-to-date: /home/fishros/chapt4/chapt4_ws/install/chapt4_interfaces/include/chapt4_interfaces/chapt4_interfaces/srv/detail/face_detector__builder.hpp
[2.047s] -- Up-to-date: /home/fishros/chapt4/chapt4_ws/install/chapt4_interfaces/include/chapt4_interfaces/chapt4_interfaces/msg
[2.047s] -- Up-to-date: /home/fishros/chapt4/chapt4_ws/install/chapt4_interfaces/include/chapt4_interfaces/chapt4_interfaces/msg/rosidl_generator_cpp__visibility_control.hpp
[2.047s] -- Up-to-date: /home/fishros/chapt4/chapt4_ws/install/chapt4_interfaces/include/chapt4_interfaces/chapt4_interfaces
[2.047s] -- Up-to-date: /home/fishros/chapt4/chapt4_ws/install/chapt4_interfaces/include/chapt4_interfaces/chapt4_interfaces/srv
[2.047s] -- Up-to-date: /home/fishros/chapt4/chapt4_ws/install/chapt4_interfaces/include/chapt4_interfaces/chapt4_interfaces/srv/detail
[2.048s] -- Up-to-date: /home/fishros/chapt4/chapt4_ws/install/chapt4_interfaces/include/chapt4_interfaces/chapt4_interfaces/srv/detail/dds_fastrtps
[2.048s] -- Up-to-date: /home/fishros/chapt4/chapt4_ws/install/chapt4_interfaces/include/chapt4_interfaces/chapt4_interfaces/srv/detail/face_detector__rosidl_typesupport_fastrtps_cpp.hpp
[2.048s] -- Up-to-date: /home/fishros/chapt4/chapt4_ws/install/chapt4_interfaces/include/chapt4_interfaces/chapt4_interfaces/msg
[2.048s] -- Up-to-date: /home/fishros/chapt4/chapt4_ws/install/chapt4_interfaces/include/chapt4_interfaces/chapt4_interfaces/msg/rosidl_typesupport_fastrtps_cpp__visibility_control.h
[2.048s] -- Up-to-date: /home/fishros/chapt4/chapt4_ws/install/chapt4_interfaces/lib/libchapt4_interfaces__rosidl_typesupport_fastrtps_cpp.so
[2.048s] -- Up-to-date: /home/fishros/chapt4/chapt4_ws/install/chapt4_interfaces/include/chapt4_interfaces/chapt4_interfaces
[2.048s] -- Up-to-date: /home/fishros/chapt4/chapt4_ws/install/chapt4_interfaces/include/chapt4_interfaces/chapt4_interfaces/srv
[2.053s] -- Up-to-date: /home/fishros/chapt4/chapt4_ws/install/chapt4_interfaces/include/chapt4_interfaces/chapt4_interfaces/srv/detail
[2.053s] -- Up-to-date: /home/fishros/chapt4/chapt4_ws/install/chapt4_interfaces/include/chapt4_interfaces/chapt4_interfaces/srv/detail/face_detector__type_support.cpp
[2.053s] -- Up-to-date: /home/fishros/chapt4/chapt4_ws/install/chapt4_interfaces/include/chapt4_interfaces/chapt4_interfaces/srv/detail/face_detector__rosidl_typesupport_introspection_cpp.hpp
[2.055s] -- Up-to-date: /home/fishros/chapt4/chapt4_ws/install/chapt4_interfaces/lib/libchapt4_interfaces__rosidl_typesupport_introspection_cpp.so
[2.055s] -- Up-to-date: /home/fishros/chapt4/chapt4_ws/install/chapt4_interfaces/lib/libchapt4_interfaces__rosidl_typesupport_cpp.so
[2.056s] -- Up-to-date: /home/fishros/chapt4/chapt4_ws/install/chapt4_interfaces/share/chapt4_interfaces/environment/pythonpath.sh
[2.056s] -- Up-to-date: /home/fishros/chapt4/chapt4_ws/install/chapt4_interfaces/share/chapt4_interfaces/environment/pythonpath.dsv
[2.056s] -- Up-to-date: /home/fishros/chapt4/chapt4_ws/install/chapt4_interfaces/local/lib/python3.10/dist-packages/chapt4_interfaces-0.0.0-py3.10.egg-info
[2.056s] -- Installing: /home/fishros/chapt4/chapt4_ws/install/chapt4_interfaces/local/lib/python3.10/dist-packages/chapt4_interfaces-0.0.0-py3.10.egg-info/top_level.txt
[2.056s] -- Installing: /home/fishros/chapt4/chapt4_ws/install/chapt4_interfaces/local/lib/python3.10/dist-packages/chapt4_interfaces-0.0.0-py3.10.egg-info/dependency_links.txt
[2.056s] -- Installing: /home/fishros/chapt4/chapt4_ws/install/chapt4_interfaces/local/lib/python3.10/dist-packages/chapt4_interfaces-0.0.0-py3.10.egg-info/PKG-INFO
[2.056s] -- Installing: /home/fishros/chapt4/chapt4_ws/install/chapt4_interfaces/local/lib/python3.10/dist-packages/chapt4_interfaces-0.0.0-py3.10.egg-info/SOURCES.txt
[2.063s] -- Up-to-date: /home/fishros/chapt4/chapt4_ws/install/chapt4_interfaces/local/lib/python3.10/dist-packages/chapt4_interfaces
[2.063s] -- Up-to-date: /home/fishros/chapt4/chapt4_ws/install/chapt4_interfaces/local/lib/python3.10/dist-packages/chapt4_interfaces/chapt4_interfaces_s__rosidl_typesupport_c.cpython-310-x86_64-linux-gnu.so
[2.063s] -- Up-to-date: /home/fishros/chapt4/chapt4_ws/install/chapt4_interfaces/local/lib/python3.10/dist-packages/chapt4_interfaces/chapt4_interfaces_s__rosidl_typesupport_fastrtps_c.cpython-310-x86_64-linux-gnu.so
[2.063s] -- Up-to-date: /home/fishros/chapt4/chapt4_ws/install/chapt4_interfaces/local/lib/python3.10/dist-packages/chapt4_interfaces/libchapt4_interfaces__rosidl_generator_py.so
[2.068s] -- Up-to-date: /home/fishros/chapt4/chapt4_ws/install/chapt4_interfaces/local/lib/python3.10/dist-packages/chapt4_interfaces/__init__.py
[2.068s] -- Up-to-date: /home/fishros/chapt4/chapt4_ws/install/chapt4_interfaces/local/lib/python3.10/dist-packages/chapt4_interfaces/_chapt4_interfaces_s.ep.rosidl_typesupport_fastrtps_c.c
[2.068s] -- Up-to-date: /home/fishros/chapt4/chapt4_ws/install/chapt4_interfaces/local/lib/python3.10/dist-packages/chapt4_interfaces/chapt4_interfaces_s__rosidl_typesupport_introspection_c.cpython-310-x86_64-linux-gnu.so
[2.068s] -- Up-to-date: /home/fishros/chapt4/chapt4_ws/install/chapt4_interfaces/local/lib/python3.10/dist-packages/chapt4_interfaces/_chapt4_interfaces_s.ep.rosidl_typesupport_c.c
[2.068s] -- Up-to-date: /home/fishros/chapt4/chapt4_ws/install/chapt4_interfaces/local/lib/python3.10/dist-packages/chapt4_interfaces/_chapt4_interfaces_s.ep.rosidl_typesupport_introspection_c.c
[2.069s] -- Up-to-date: /home/fishros/chapt4/chapt4_ws/install/chapt4_interfaces/local/lib/python3.10/dist-packages/chapt4_interfaces/srv
[2.070s] -- Up-to-date: /home/fishros/chapt4/chapt4_ws/install/chapt4_interfaces/local/lib/python3.10/dist-packages/chapt4_interfaces/srv/_face_detector.py
[2.070s] -- Up-to-date: /home/fishros/chapt4/chapt4_ws/install/chapt4_interfaces/local/lib/python3.10/dist-packages/chapt4_interfaces/srv/_face_detector_s.c
[2.070s] -- Up-to-date: /home/fishros/chapt4/chapt4_ws/install/chapt4_interfaces/local/lib/python3.10/dist-packages/chapt4_interfaces/srv/__init__.py
[2.173s] Listing '/home/fishros/chapt4/chapt4_ws/install/chapt4_interfaces/local/lib/python3.10/dist-packages/chapt4_interfaces'...
[2.174s] Listing '/home/fishros/chapt4/chapt4_ws/install/chapt4_interfaces/local/lib/python3.10/dist-packages/chapt4_interfaces/srv'...
[2.197s] -- Up-to-date: /home/fishros/chapt4/chapt4_ws/install/chapt4_interfaces/local/lib/python3.10/dist-packages/chapt4_interfaces/chapt4_interfaces_s__rosidl_typesupport_fastrtps_c.cpython-310-x86_64-linux-gnu.so
[2.203s] -- Up-to-date: /home/fishros/chapt4/chapt4_ws/install/chapt4_interfaces/local/lib/python3.10/dist-packages/chapt4_interfaces/chapt4_interfaces_s__rosidl_typesupport_introspection_c.cpython-310-x86_64-linux-gnu.so
[2.204s] -- Up-to-date: /home/fishros/chapt4/chapt4_ws/install/chapt4_interfaces/local/lib/python3.10/dist-packages/chapt4_interfaces/chapt4_interfaces_s__rosidl_typesupport_c.cpython-310-x86_64-linux-gnu.so
[2.204s] -- Up-to-date: /home/fishros/chapt4/chapt4_ws/install/chapt4_interfaces/lib/libchapt4_interfaces__rosidl_generator_py.so
[2.204s] -- Up-to-date: /home/fishros/chapt4/chapt4_ws/install/chapt4_interfaces/share/chapt4_interfaces/srv/FaceDetector.idl
[2.209s] -- Up-to-date: /home/fishros/chapt4/chapt4_ws/install/chapt4_interfaces/share/chapt4_interfaces/srv/FaceDetector.srv
[2.209s] -- Up-to-date: /home/fishros/chapt4/chapt4_ws/install/chapt4_interfaces/share/chapt4_interfaces/srv/FaceDetector_Request.msg
[2.209s] -- Up-to-date: /home/fishros/chapt4/chapt4_ws/install/chapt4_interfaces/share/chapt4_interfaces/srv/FaceDetector_Response.msg
[2.209s] -- Up-to-date: /home/fishros/chapt4/chapt4_ws/install/chapt4_interfaces/share/ament_index/resource_index/package_run_dependencies/chapt4_interfaces
[2.209s] -- Up-to-date: /home/fishros/chapt4/chapt4_ws/install/chapt4_interfaces/share/ament_index/resource_index/parent_prefix_path/chapt4_interfaces
[2.209s] -- Up-to-date: /home/fishros/chapt4/chapt4_ws/install/chapt4_interfaces/share/chapt4_interfaces/environment/ament_prefix_path.sh
[2.209s] -- Up-to-date: /home/fishros/chapt4/chapt4_ws/install/chapt4_interfaces/share/chapt4_interfaces/environment/ament_prefix_path.dsv
[2.209s] -- Up-to-date: /home/fishros/chapt4/chapt4_ws/install/chapt4_interfaces/share/chapt4_interfaces/environment/path.sh
[2.209s] -- Up-to-date: /home/fishros/chapt4/chapt4_ws/install/chapt4_interfaces/share/chapt4_interfaces/environment/path.dsv
[2.209s] -- Up-to-date: /home/fishros/chapt4/chapt4_ws/install/chapt4_interfaces/share/chapt4_interfaces/local_setup.bash
[2.209s] -- Up-to-date: /home/fishros/chapt4/chapt4_ws/install/chapt4_interfaces/share/chapt4_interfaces/local_setup.sh
[2.209s] -- Up-to-date: /home/fishros/chapt4/chapt4_ws/install/chapt4_interfaces/share/chapt4_interfaces/local_setup.zsh
[2.210s] -- Up-to-date: /home/fishros/chapt4/chapt4_ws/install/chapt4_interfaces/share/chapt4_interfaces/local_setup.dsv
[2.215s] -- Installing: /home/fishros/chapt4/chapt4_ws/install/chapt4_interfaces/share/chapt4_interfaces/package.dsv
[2.215s] -- Up-to-date: /home/fishros/chapt4/chapt4_ws/install/chapt4_interfaces/share/ament_index/resource_index/packages/chapt4_interfaces
[2.215s] -- Up-to-date: /home/fishros/chapt4/chapt4_ws/install/chapt4_interfaces/share/chapt4_interfaces/cmake/export_chapt4_interfaces__rosidl_generator_cExport.cmake
[2.215s] -- Up-to-date: /home/fishros/chapt4/chapt4_ws/install/chapt4_interfaces/share/chapt4_interfaces/cmake/export_chapt4_interfaces__rosidl_generator_cExport-noconfig.cmake
[2.215s] -- Up-to-date: /home/fishros/chapt4/chapt4_ws/install/chapt4_interfaces/share/chapt4_interfaces/cmake/export_chapt4_interfaces__rosidl_typesupport_fastrtps_cExport.cmake
[2.216s] -- Up-to-date: /home/fishros/chapt4/chapt4_ws/install/chapt4_interfaces/share/chapt4_interfaces/cmake/export_chapt4_interfaces__rosidl_typesupport_fastrtps_cExport-noconfig.cmake
[2.216s] -- Up-to-date: /home/fishros/chapt4/chapt4_ws/install/chapt4_interfaces/share/chapt4_interfaces/cmake/chapt4_interfaces__rosidl_typesupport_introspection_cExport.cmake
[2.216s] -- Up-to-date: /home/fishros/chapt4/chapt4_ws/install/chapt4_interfaces/share/chapt4_interfaces/cmake/chapt4_interfaces__rosidl_typesupport_introspection_cExport-noconfig.cmake
[2.216s] -- Up-to-date: /home/fishros/chapt4/chapt4_ws/install/chapt4_interfaces/share/chapt4_interfaces/cmake/chapt4_interfaces__rosidl_typesupport_cExport.cmake
[2.216s] -- Up-to-date: /home/fishros/chapt4/chapt4_ws/install/chapt4_interfaces/share/chapt4_interfaces/cmake/chapt4_interfaces__rosidl_typesupport_cExport-noconfig.cmake
[2.222s] -- Up-to-date: /home/fishros/chapt4/chapt4_ws/install/chapt4_interfaces/share/chapt4_interfaces/cmake/export_chapt4_interfaces__rosidl_generator_cppExport.cmake
[2.222s] -- Up-to-date: /home/fishros/chapt4/chapt4_ws/install/chapt4_interfaces/share/chapt4_interfaces/cmake/export_chapt4_interfaces__rosidl_typesupport_fastrtps_cppExport.cmake
[2.223s] -- Up-to-date: /home/fishros/chapt4/chapt4_ws/install/chapt4_interfaces/share/chapt4_interfaces/cmake/export_chapt4_interfaces__rosidl_typesupport_fastrtps_cppExport-noconfig.cmake
[2.223s] -- Up-to-date: /home/fishros/chapt4/chapt4_ws/install/chapt4_interfaces/share/chapt4_interfaces/cmake/chapt4_interfaces__rosidl_typesupport_introspection_cppExport.cmake
[2.223s] -- Up-to-date: /home/fishros/chapt4/chapt4_ws/install/chapt4_interfaces/share/chapt4_interfaces/cmake/chapt4_interfaces__rosidl_typesupport_introspection_cppExport-noconfig.cmake
[2.223s] -- Up-to-date: /home/fishros/chapt4/chapt4_ws/install/chapt4_interfaces/share/chapt4_interfaces/cmake/chapt4_interfaces__rosidl_typesupport_cppExport.cmake
[2.223s] -- Up-to-date: /home/fishros/chapt4/chapt4_ws/install/chapt4_interfaces/share/chapt4_interfaces/cmake/chapt4_interfaces__rosidl_typesupport_cppExport-noconfig.cmake
[2.223s] -- Up-to-date: /home/fishros/chapt4/chapt4_ws/install/chapt4_interfaces/share/chapt4_interfaces/cmake/export_chapt4_interfaces__rosidl_generator_pyExport.cmake
[2.223s] -- Up-to-date: /home/fishros/chapt4/chapt4_ws/install/chapt4_interfaces/share/chapt4_interfaces/cmake/export_chapt4_interfaces__rosidl_generator_pyExport-noconfig.cmake
[2.223s] -- Up-to-date: /home/fishros/chapt4/chapt4_ws/install/chapt4_interfaces/share/chapt4_interfaces/cmake/rosidl_cmake-extras.cmake
[2.226s] -- Up-to-date: /home/fishros/chapt4/chapt4_ws/install/chapt4_interfaces/share/chapt4_interfaces/cmake/ament_cmake_export_dependencies-extras.cmake
[2.226s] -- Up-to-date: /home/fishros/chapt4/chapt4_ws/install/chapt4_interfaces/share/chapt4_interfaces/cmake/ament_cmake_export_include_directories-extras.cmake
[2.226s] -- Up-to-date: /home/fishros/chapt4/chapt4_ws/install/chapt4_interfaces/share/chapt4_interfaces/cmake/ament_cmake_export_libraries-extras.cmake
[2.226s] -- Up-to-date: /home/fishros/chapt4/chapt4_ws/install/chapt4_interfaces/share/chapt4_interfaces/cmake/ament_cmake_export_targets-extras.cmake
[2.227s] -- Up-to-date: /home/fishros/chapt4/chapt4_ws/install/chapt4_interfaces/share/chapt4_interfaces/cmake/rosidl_cmake_export_typesupport_targets-extras.cmake
[2.227s] -- Up-to-date: /home/fishros/chapt4/chapt4_ws/install/chapt4_interfaces/share/chapt4_interfaces/cmake/rosidl_cmake_export_typesupport_libraries-extras.cmake
[2.227s] -- Up-to-date: /home/fishros/chapt4/chapt4_ws/install/chapt4_interfaces/share/chapt4_interfaces/cmake/chapt4_interfacesConfig.cmake
[2.227s] -- Up-to-date: /home/fishros/chapt4/chapt4_ws/install/chapt4_interfaces/share/chapt4_interfaces/cmake/chapt4_interfacesConfig-version.cmake
[2.229s] -- Up-to-date: /home/fishros/chapt4/chapt4_ws/install/chapt4_interfaces/share/chapt4_interfaces/package.xml
[2.239s] Invoked command in '/home/fishros/chapt4/chapt4_ws/build/chapt4_interfaces' returned '0': CMAKE_PREFIX_PATH=${CMAKE_PREFIX_PATH}:/home/fishros/chapt4/chapt4_ws/install/demo_python_service:/home/fishros/chapt4/chapt4_ws/src/demo_python_service/install/demo_python_service:/opt/ros/humble /usr/bin/cmake --install /home/fishros/chapt4/chapt4_ws/build/chapt4_interfaces
