[2.256s] Invoking command in '/home/fishros/chapt3/topic_ws/src/demo_python_topic': PYTHONPATH=/home/fishros/chapt3/topic_ws/build/demo_python_topic/prefix_override:/usr/lib/python3/dist-packages/colcon_core/task/python/colcon_distutils_commands:/home/fishros/chapt3/topic_ws/install/demo_python_topic/lib/python3.10/site-packages:${PYTHONPATH} /usr/bin/python3 -W ignore:setup.py install is deprecated -W ignore:easy_install command is deprecated setup.py egg_info --egg-base ../../build/demo_python_topic build --build-base /home/fishros/chapt3/topic_ws/build/demo_python_topic/build install --record /home/fishros/chapt3/topic_ws/build/demo_python_topic/install.log --single-version-externally-managed install_data
[3.064s] running egg_info
[3.064s] creating ../../build/demo_python_topic/demo_python_topic.egg-info
[3.068s] writing ../../build/demo_python_topic/demo_python_topic.egg-info/PKG-INFO
[3.068s] writing dependency_links to ../../build/demo_python_topic/demo_python_topic.egg-info/dependency_links.txt
[3.068s] writing entry points to ../../build/demo_python_topic/demo_python_topic.egg-info/entry_points.txt
[3.069s] writing requirements to ../../build/demo_python_topic/demo_python_topic.egg-info/requires.txt
[3.069s] writing top-level names to ../../build/demo_python_topic/demo_python_topic.egg-info/top_level.txt
[3.070s] writing manifest file '../../build/demo_python_topic/demo_python_topic.egg-info/SOURCES.txt'
[3.080s] reading manifest file '../../build/demo_python_topic/demo_python_topic.egg-info/SOURCES.txt'
[3.080s] adding license file 'LICENSE'
[3.088s] writing manifest file '../../build/demo_python_topic/demo_python_topic.egg-info/SOURCES.txt'
[3.088s] running build
[3.088s] running build_py
[3.088s] creating /home/fishros/chapt3/topic_ws/build/demo_python_topic/build
[3.088s] creating /home/fishros/chapt3/topic_ws/build/demo_python_topic/build/lib
[3.088s] creating /home/fishros/chapt3/topic_ws/build/demo_python_topic/build/lib/demo_python_topic
[3.088s] copying demo_python_topic/__init__.py -> /home/fishros/chapt3/topic_ws/build/demo_python_topic/build/lib/demo_python_topic
[3.088s] copying demo_python_topic/novel_pub_node.py -> /home/fishros/chapt3/topic_ws/build/demo_python_topic/build/lib/demo_python_topic
[3.097s] running install
[3.097s] running install_lib
[3.099s] creating /home/fishros/chapt3/topic_ws/install/demo_python_topic/lib/python3.10/site-packages/demo_python_topic
[3.099s] copying /home/fishros/chapt3/topic_ws/build/demo_python_topic/build/lib/demo_python_topic/__init__.py -> /home/fishros/chapt3/topic_ws/install/demo_python_topic/lib/python3.10/site-packages/demo_python_topic
[3.099s] copying /home/fishros/chapt3/topic_ws/build/demo_python_topic/build/lib/demo_python_topic/novel_pub_node.py -> /home/fishros/chapt3/topic_ws/install/demo_python_topic/lib/python3.10/site-packages/demo_python_topic
[3.100s] byte-compiling /home/fishros/chapt3/topic_ws/install/demo_python_topic/lib/python3.10/site-packages/demo_python_topic/__init__.py to __init__.cpython-310.pyc
[3.101s] byte-compiling /home/fishros/chapt3/topic_ws/install/demo_python_topic/lib/python3.10/site-packages/demo_python_topic/novel_pub_node.py to novel_pub_node.cpython-310.pyc
[3.103s] running install_data
[3.104s] creating /home/fishros/chapt3/topic_ws/install/demo_python_topic/share/ament_index
[3.104s] creating /home/fishros/chapt3/topic_ws/install/demo_python_topic/share/ament_index/resource_index
[3.104s] creating /home/fishros/chapt3/topic_ws/install/demo_python_topic/share/ament_index/resource_index/packages
[3.105s] copying resource/demo_python_topic -> /home/fishros/chapt3/topic_ws/install/demo_python_topic/share/ament_index/resource_index/packages
[3.106s] copying package.xml -> /home/fishros/chapt3/topic_ws/install/demo_python_topic/share/demo_python_topic
[3.106s] running install_egg_info
[3.111s] Copying ../../build/demo_python_topic/demo_python_topic.egg-info to /home/fishros/chapt3/topic_ws/install/demo_python_topic/lib/python3.10/site-packages/demo_python_topic-0.0.0-py3.10.egg-info
[3.115s] running install_scripts
[3.172s] Installing novel_pub_node script to /home/fishros/chapt3/topic_ws/install/demo_python_topic/lib/demo_python_topic
[3.172s] writing list of installed files to '/home/fishros/chapt3/topic_ws/build/demo_python_topic/install.log'
[3.279s] Invoked command in '/home/fishros/chapt3/topic_ws/src/demo_python_topic' returned '0': PYTHONPATH=/home/fishros/chapt3/topic_ws/build/demo_python_topic/prefix_override:/usr/lib/python3/dist-packages/colcon_core/task/python/colcon_distutils_commands:/home/fishros/chapt3/topic_ws/install/demo_python_topic/lib/python3.10/site-packages:${PYTHONPATH} /usr/bin/python3 -W ignore:setup.py install is deprecated -W ignore:easy_install command is deprecated setup.py egg_info --egg-base ../../build/demo_python_topic build --build-base /home/fishros/chapt3/topic_ws/build/demo_python_topic/build install --record /home/fishros/chapt3/topic_ws/build/demo_python_topic/install.log --single-version-externally-managed install_data
