[1.711s] Invoking command in '/home/fishros/chapt3/topic_ws/src/demo_python_topic': PYTHONPATH=/home/fishros/chapt3/topic_ws/build/demo_python_topic/prefix_override:/usr/lib/python3/dist-packages/colcon_core/task/python/colcon_distutils_commands:/home/fishros/chapt3/topic_ws/install/demo_python_topic/lib/python3.10/site-packages:${PYTHONPATH} /usr/bin/python3 -W ignore:setup.py install is deprecated -W ignore:easy_install command is deprecated setup.py egg_info --egg-base ../../build/demo_python_topic build --build-base /home/fishros/chapt3/topic_ws/build/demo_python_topic/build install --record /home/fishros/chapt3/topic_ws/build/demo_python_topic/install.log --single-version-externally-managed install_data
[2.407s] running egg_info
[2.409s] writing ../../build/demo_python_topic/demo_python_topic.egg-info/PKG-INFO
[2.411s] writing dependency_links to ../../build/demo_python_topic/demo_python_topic.egg-info/dependency_links.txt
[2.413s] writing entry points to ../../build/demo_python_topic/demo_python_topic.egg-info/entry_points.txt
[2.416s] writing requirements to ../../build/demo_python_topic/demo_python_topic.egg-info/requires.txt
[2.416s] writing top-level names to ../../build/demo_python_topic/demo_python_topic.egg-info/top_level.txt
[2.419s] reading manifest file '../../build/demo_python_topic/demo_python_topic.egg-info/SOURCES.txt'
[2.420s] adding license file 'LICENSE'
[2.422s] writing manifest file '../../build/demo_python_topic/demo_python_topic.egg-info/SOURCES.txt'
[2.423s] running build
[2.424s] running build_py
[2.426s] running install
[2.428s] running install_lib
[2.430s] running install_data
[2.433s] running install_egg_info
[2.435s] removing '/home/fishros/chapt3/topic_ws/install/demo_python_topic/lib/python3.10/site-packages/demo_python_topic-0.0.0-py3.10.egg-info' (and everything under it)
[2.437s] Copying ../../build/demo_python_topic/demo_python_topic.egg-info to /home/fishros/chapt3/topic_ws/install/demo_python_topic/lib/python3.10/site-packages/demo_python_topic-0.0.0-py3.10.egg-info
[2.441s] running install_scripts
[2.498s] Installing novel_pub_node script to /home/fishros/chapt3/topic_ws/install/demo_python_topic/lib/demo_python_topic
[2.498s] writing list of installed files to '/home/fishros/chapt3/topic_ws/build/demo_python_topic/install.log'
[2.614s] Invoked command in '/home/fishros/chapt3/topic_ws/src/demo_python_topic' returned '0': PYTHONPATH=/home/fishros/chapt3/topic_ws/build/demo_python_topic/prefix_override:/usr/lib/python3/dist-packages/colcon_core/task/python/colcon_distutils_commands:/home/fishros/chapt3/topic_ws/install/demo_python_topic/lib/python3.10/site-packages:${PYTHONPATH} /usr/bin/python3 -W ignore:setup.py install is deprecated -W ignore:easy_install command is deprecated setup.py egg_info --egg-base ../../build/demo_python_topic build --build-base /home/fishros/chapt3/topic_ws/build/demo_python_topic/build install --record /home/fishros/chapt3/topic_ws/build/demo_python_topic/install.log --single-version-externally-managed install_data
