[2.059s] Invoking command in '/home/fishros/chapt4/chapt4_ws/src/demo_python_service': AMENT_PREFIX_PATH=/home/fishros/chapt4/chapt4_ws/install/chapt4_interfaces:${AMENT_PREFIX_PATH} CMAKE_PREFIX_PATH=/home/fishros/chapt4/chapt4_ws/install/chapt4_interfaces LD_LIBRARY_PATH=/home/fishros/chapt4/chapt4_ws/install/chapt4_interfaces/lib:${LD_LIBRARY_PATH} PYTHONPATH=/home/fishros/chapt4/chapt4_ws/build/demo_python_service/prefix_override:/usr/lib/python3/dist-packages/colcon_core/task/python/colcon_distutils_commands:/home/fishros/chapt4/chapt4_ws/install/demo_python_service/lib/python3.10/site-packages:/home/fishros/chapt4/chapt4_ws/install/chapt4_interfaces/local/lib/python3.10/dist-packages:${PYTHONPATH} /usr/bin/python3 -W ignore:setup.py install is deprecated -W ignore:easy_install command is deprecated setup.py egg_info --egg-base ../../build/demo_python_service build --build-base /home/fishros/chapt4/chapt4_ws/build/demo_python_service/build install --record /home/fishros/chapt4/chapt4_ws/build/demo_python_service/install.log --single-version-externally-managed install_data
[2.844s] running egg_info
[2.844s] creating ../../build/demo_python_service/demo_python_service.egg-info
[2.845s] writing ../../build/demo_python_service/demo_python_service.egg-info/PKG-INFO
[2.846s] writing dependency_links to ../../build/demo_python_service/demo_python_service.egg-info/dependency_links.txt
[2.847s] writing entry points to ../../build/demo_python_service/demo_python_service.egg-info/entry_points.txt
[2.850s] writing requirements to ../../build/demo_python_service/demo_python_service.egg-info/requires.txt
[2.850s] writing top-level names to ../../build/demo_python_service/demo_python_service.egg-info/top_level.txt
[2.850s] writing manifest file '../../build/demo_python_service/demo_python_service.egg-info/SOURCES.txt'
[2.855s] reading manifest file '../../build/demo_python_service/demo_python_service.egg-info/SOURCES.txt'
[2.855s] adding license file 'LICENSE'
[2.857s] writing manifest file '../../build/demo_python_service/demo_python_service.egg-info/SOURCES.txt'
[2.858s] running build
[2.858s] running build_py
[2.859s] creating /home/fishros/chapt4/chapt4_ws/build/demo_python_service/build
[2.859s] creating /home/fishros/chapt4/chapt4_ws/build/demo_python_service/build/lib
[2.860s] creating /home/fishros/chapt4/chapt4_ws/build/demo_python_service/build/lib/demo_python_service
[2.860s] copying demo_python_service/__init__.py -> /home/fishros/chapt4/chapt4_ws/build/demo_python_service/build/lib/demo_python_service
[2.861s] copying demo_python_service/face_detect_node.py -> /home/fishros/chapt4/chapt4_ws/build/demo_python_service/build/lib/demo_python_service
[2.863s] copying demo_python_service/learn_face_detect.py -> /home/fishros/chapt4/chapt4_ws/build/demo_python_service/build/lib/demo_python_service
[2.865s] running install
[2.865s] running install_lib
[2.867s] creating /home/fishros/chapt4/chapt4_ws/install/demo_python_service/lib/python3.10/site-packages/demo_python_service
[2.869s] copying /home/fishros/chapt4/chapt4_ws/build/demo_python_service/build/lib/demo_python_service/__init__.py -> /home/fishros/chapt4/chapt4_ws/install/demo_python_service/lib/python3.10/site-packages/demo_python_service
[2.869s] copying /home/fishros/chapt4/chapt4_ws/build/demo_python_service/build/lib/demo_python_service/face_detect_node.py -> /home/fishros/chapt4/chapt4_ws/install/demo_python_service/lib/python3.10/site-packages/demo_python_service
[2.870s] copying /home/fishros/chapt4/chapt4_ws/build/demo_python_service/build/lib/demo_python_service/learn_face_detect.py -> /home/fishros/chapt4/chapt4_ws/install/demo_python_service/lib/python3.10/site-packages/demo_python_service
[2.873s] byte-compiling /home/fishros/chapt4/chapt4_ws/install/demo_python_service/lib/python3.10/site-packages/demo_python_service/__init__.py to __init__.cpython-310.pyc
[2.873s] byte-compiling /home/fishros/chapt4/chapt4_ws/install/demo_python_service/lib/python3.10/site-packages/demo_python_service/face_detect_node.py to face_detect_node.cpython-310.pyc
[2.873s] byte-compiling /home/fishros/chapt4/chapt4_ws/install/demo_python_service/lib/python3.10/site-packages/demo_python_service/learn_face_detect.py to learn_face_detect.cpython-310.pyc
[2.874s] running install_data
[2.875s] creating /home/fishros/chapt4/chapt4_ws/install/demo_python_service/share/ament_index
[2.875s] creating /home/fishros/chapt4/chapt4_ws/install/demo_python_service/share/ament_index/resource_index
[2.876s] creating /home/fishros/chapt4/chapt4_ws/install/demo_python_service/share/ament_index/resource_index/packages
[2.876s] copying resource/demo_python_service -> /home/fishros/chapt4/chapt4_ws/install/demo_python_service/share/ament_index/resource_index/packages
[2.877s] copying package.xml -> /home/fishros/chapt4/chapt4_ws/install/demo_python_service/share/demo_python_service
[2.878s] creating /home/fishros/chapt4/chapt4_ws/install/demo_python_service/share/demo_python_service/resource
[2.878s] copying resource/default.jpg -> /home/fishros/chapt4/chapt4_ws/install/demo_python_service/share/demo_python_service/resource
[2.880s] running install_egg_info
[2.887s] Copying ../../build/demo_python_service/demo_python_service.egg-info to /home/fishros/chapt4/chapt4_ws/install/demo_python_service/lib/python3.10/site-packages/demo_python_service-0.0.0-py3.10.egg-info
[2.889s] running install_scripts
[2.956s] Installing face_detect_node script to /home/fishros/chapt4/chapt4_ws/install/demo_python_service/lib/demo_python_service
[2.956s] Installing learn_face_detect script to /home/fishros/chapt4/chapt4_ws/install/demo_python_service/lib/demo_python_service
[2.956s] writing list of installed files to '/home/fishros/chapt4/chapt4_ws/build/demo_python_service/install.log'
[3.071s] Invoked command in '/home/fishros/chapt4/chapt4_ws/src/demo_python_service' returned '0': AMENT_PREFIX_PATH=/home/fishros/chapt4/chapt4_ws/install/chapt4_interfaces:${AMENT_PREFIX_PATH} CMAKE_PREFIX_PATH=/home/fishros/chapt4/chapt4_ws/install/chapt4_interfaces LD_LIBRARY_PATH=/home/fishros/chapt4/chapt4_ws/install/chapt4_interfaces/lib:${LD_LIBRARY_PATH} PYTHONPATH=/home/fishros/chapt4/chapt4_ws/build/demo_python_service/prefix_override:/usr/lib/python3/dist-packages/colcon_core/task/python/colcon_distutils_commands:/home/fishros/chapt4/chapt4_ws/install/demo_python_service/lib/python3.10/site-packages:/home/fishros/chapt4/chapt4_ws/install/chapt4_interfaces/local/lib/python3.10/dist-packages:${PYTHONPATH} /usr/bin/python3 -W ignore:setup.py install is deprecated -W ignore:easy_install command is deprecated setup.py egg_info --egg-base ../../build/demo_python_service build --build-base /home/fishros/chapt4/chapt4_ws/build/demo_python_service/build install --record /home/fishros/chapt4/chapt4_ws/build/demo_python_service/install.log --single-version-externally-managed install_data
