[0.046s] Invoking command in '/home/fishros/chapt3/topic_ws/build/demo_cpp_topic': CMAKE_PREFIX_PATH=/opt/ros/humble /usr/bin/cmake /home/fishros/chapt3/topic_ws/src/demo_cpp_topic -DCMAKE_INSTALL_PREFIX=/home/fishros/chapt3/topic_ws/install/demo_cpp_topic
[0.484s] -- The C compiler identification is GNU 11.4.0
[0.763s] -- The CXX compiler identification is GNU 11.4.0
[0.804s] -- Detecting C compiler ABI info
[1.089s] -- Detecting C compiler ABI info - done
[1.110s] -- Check for working C compiler: /usr/bin/cc - skipped
[1.112s] -- Detecting C compile features
[1.123s] -- Detecting C compile features - done
[1.143s] -- Detecting CXX compiler ABI info
[1.395s] -- Detecting CXX compiler ABI info - done
[1.412s] -- Check for working CXX compiler: /usr/bin/c++ - skipped
[1.414s] -- Detecting CXX compile features
[1.417s] -- Detecting CXX compile features - done
[1.452s] -- Found ament_cmake: 1.3.11 (/opt/ros/humble/share/ament_cmake/cmake)
[1.989s] -- Found Python3: /usr/bin/python3 (found version "3.10.12") found components: Interpreter 
[2.365s] -- Found rclcpp: 16.0.12 (/opt/ros/humble/share/rclcpp/cmake)
[2.612s] -- Found rosidl_generator_c: 3.1.6 (/opt/ros/humble/share/rosidl_generator_c/cmake)
[2.633s] -- Found rosidl_adapter: 3.1.6 (/opt/ros/humble/share/rosidl_adapter/cmake)
[2.687s] -- Found rosidl_generator_cpp: 3.1.6 (/opt/ros/humble/share/rosidl_generator_cpp/cmake)
[2.758s] -- Using all available rosidl_typesupport_c: rosidl_typesupport_fastrtps_c;rosidl_typesupport_introspection_c
[2.837s] -- Using all available rosidl_typesupport_cpp: rosidl_typesupport_fastrtps_cpp;rosidl_typesupport_introspection_cpp
[3.101s] -- Found rmw_implementation_cmake: 6.1.2 (/opt/ros/humble/share/rmw_implementation_cmake/cmake)
[3.119s] -- Found rmw_fastrtps_cpp: 6.2.7 (/opt/ros/humble/share/rmw_fastrtps_cpp/cmake)
[3.495s] -- Found OpenSSL: /usr/lib/x86_64-linux-gnu/libcrypto.so (found version "3.0.2")  
[3.611s] -- Found FastRTPS: /opt/ros/humble/include  
[3.774s] -- Using RMW implementation 'rmw_fastrtps_cpp' as default
[3.817s] -- Looking for pthread.h
[4.134s] -- Looking for pthread.h - found
[4.135s] -- Performing Test CMAKE_HAVE_LIBC_PTHREAD
[4.453s] -- Performing Test CMAKE_HAVE_LIBC_PTHREAD - Success
[4.453s] -- Found Threads: TRUE  
[4.738s] -- Found geometry_msgs: 4.8.0 (/opt/ros/humble/share/geometry_msgs/cmake)
[4.830s] -- Found turtlesim: 1.4.2 (/opt/ros/humble/share/turtlesim/cmake)
[5.072s] -- Found ament_lint_auto: 0.12.12 (/opt/ros/humble/share/ament_lint_auto/cmake)
[5.312s] -- Added test 'cppcheck' to perform static code analysis on C / C++ code
[5.312s] -- Configured cppcheck include dirs: 
[5.313s] -- Configured cppcheck exclude dirs and/or files: 
[5.320s] -- Added test 'lint_cmake' to check CMake code style
[5.323s] -- Added test 'uncrustify' to check C / C++ code style
[5.325s] -- Configured uncrustify additional arguments: 
[5.327s] -- Added test 'xmllint' to check XML markup files
[5.334s] -- Configuring done
[5.352s] -- Generating done
[5.361s] -- Build files have been written to: /home/fishros/chapt3/topic_ws/build/demo_cpp_topic
[5.420s] Invoked command in '/home/fishros/chapt3/topic_ws/build/demo_cpp_topic' returned '0': CMAKE_PREFIX_PATH=/opt/ros/humble /usr/bin/cmake /home/fishros/chapt3/topic_ws/src/demo_cpp_topic -DCMAKE_INSTALL_PREFIX=/home/fishros/chapt3/topic_ws/install/demo_cpp_topic
[5.426s] Invoking command in '/home/fishros/chapt3/topic_ws/build/demo_cpp_topic': CMAKE_PREFIX_PATH=/opt/ros/humble /usr/bin/cmake --build /home/fishros/chapt3/topic_ws/build/demo_cpp_topic -- -j1 -l1
[5.556s] Invoked command in '/home/fishros/chapt3/topic_ws/build/demo_cpp_topic' returned '0': CMAKE_PREFIX_PATH=/opt/ros/humble /usr/bin/cmake --build /home/fishros/chapt3/topic_ws/build/demo_cpp_topic -- -j1 -l1
[5.561s] Invoking command in '/home/fishros/chapt3/topic_ws/build/demo_cpp_topic': CMAKE_PREFIX_PATH=/opt/ros/humble /usr/bin/cmake --install /home/fishros/chapt3/topic_ws/build/demo_cpp_topic
[5.603s] -- Install configuration: ""
[5.606s] -- Installing: /home/fishros/chapt3/topic_ws/install/demo_cpp_topic/share/ament_index/resource_index/package_run_dependencies/demo_cpp_topic
[5.607s] -- Installing: /home/fishros/chapt3/topic_ws/install/demo_cpp_topic/share/ament_index/resource_index/parent_prefix_path/demo_cpp_topic
[5.610s] -- Installing: /home/fishros/chapt3/topic_ws/install/demo_cpp_topic/share/demo_cpp_topic/environment/ament_prefix_path.sh
[5.611s] -- Installing: /home/fishros/chapt3/topic_ws/install/demo_cpp_topic/share/demo_cpp_topic/environment/ament_prefix_path.dsv
[5.613s] -- Installing: /home/fishros/chapt3/topic_ws/install/demo_cpp_topic/share/demo_cpp_topic/environment/path.sh
[5.615s] -- Installing: /home/fishros/chapt3/topic_ws/install/demo_cpp_topic/share/demo_cpp_topic/environment/path.dsv
[5.617s] -- Installing: /home/fishros/chapt3/topic_ws/install/demo_cpp_topic/share/demo_cpp_topic/local_setup.bash
[5.619s] -- Installing: /home/fishros/chapt3/topic_ws/install/demo_cpp_topic/share/demo_cpp_topic/local_setup.sh
[5.620s] -- Installing: /home/fishros/chapt3/topic_ws/install/demo_cpp_topic/share/demo_cpp_topic/local_setup.zsh
[5.621s] -- Installing: /home/fishros/chapt3/topic_ws/install/demo_cpp_topic/share/demo_cpp_topic/local_setup.dsv
[5.625s] -- Installing: /home/fishros/chapt3/topic_ws/install/demo_cpp_topic/share/demo_cpp_topic/package.dsv
[5.625s] -- Installing: /home/fishros/chapt3/topic_ws/install/demo_cpp_topic/share/ament_index/resource_index/packages/demo_cpp_topic
[5.630s] -- Installing: /home/fishros/chapt3/topic_ws/install/demo_cpp_topic/share/demo_cpp_topic/cmake/demo_cpp_topicConfig.cmake
[5.630s] -- Installing: /home/fishros/chapt3/topic_ws/install/demo_cpp_topic/share/demo_cpp_topic/cmake/demo_cpp_topicConfig-version.cmake
[5.630s] -- Installing: /home/fishros/chapt3/topic_ws/install/demo_cpp_topic/share/demo_cpp_topic/package.xml
[5.638s] Invoked command in '/home/fishros/chapt3/topic_ws/build/demo_cpp_topic' returned '0': CMAKE_PREFIX_PATH=/opt/ros/humble /usr/bin/cmake --install /home/fishros/chapt3/topic_ws/build/demo_cpp_topic
