[0.381s] DEBUG:colcon:Command line arguments: ['/usr/bin/colcon', 'build']
[0.381s] DEBUG:colcon:Parsed command line arguments: Namespace(log_base=None, log_level=None, verb_name='build', build_base='build', install_base='install', merge_install=False, symlink_install=False, test_result_base=None, continue_on_error=False, executor='parallel', parallel_workers=1, event_handlers=None, ignore_user_meta=False, metas=['./colcon.meta'], base_paths=['.'], packages_ignore=None, packages_ignore_regex=None, paths=None, packages_up_to=None, packages_up_to_regex=None, packages_above=None, packages_above_and_dependencies=None, packages_above_depth=None, packages_select_by_dep=None, packages_skip_by_dep=None, packages_skip_up_to=None, packages_select_build_failed=False, packages_skip_build_finished=False, packages_select_test_failures=False, packages_skip_test_passed=False, packages_select=None, packages_skip=None, packages_select_regex=None, packages_skip_regex=None, packages_start=None, packages_end=None, allow_overriding=[], cmake_args=None, cmake_target=None, cmake_target_skip_unavailable=False, cmake_clean_cache=False, cmake_clean_first=False, cmake_force_configure=False, ament_cmake_args=None, catkin_cmake_args=None, catkin_skip_building_tests=False, verb_parser=<colcon_defaults.argument_parser.defaults.DefaultArgumentsDecorator object at 0x79f58452b730>, verb_extension=<colcon_core.verb.build.BuildVerb object at 0x79f58466cbe0>, main=<bound method BuildVerb.main of <colcon_core.verb.build.BuildVerb object at 0x79f58466cbe0>>)
[0.775s] Level 1:colcon.colcon_core.package_discovery:discover_packages(colcon_meta) check parameters
[0.776s] Level 1:colcon.colcon_core.package_discovery:discover_packages(recursive) check parameters
[0.776s] Level 1:colcon.colcon_core.package_discovery:discover_packages(ignore) check parameters
[0.776s] Level 1:colcon.colcon_core.package_discovery:discover_packages(path) check parameters
[0.776s] Level 1:colcon.colcon_core.package_discovery:discover_packages(colcon_meta) discover
[0.777s] Level 1:colcon.colcon_core.package_discovery:discover_packages(recursive) discover
[0.777s] INFO:colcon.colcon_core.package_discovery:Crawling recursively for packages in '/home/fishros/chapt6/chapt6_ws'
[0.777s] Level 1:colcon.colcon_core.package_identification:_identify(.) by extensions ['ignore', 'ignore_ament_install']
[0.778s] Level 1:colcon.colcon_core.package_identification:_identify(.) by extension 'ignore'
[0.778s] Level 1:colcon.colcon_core.package_identification:_identify(.) by extension 'ignore_ament_install'
[0.778s] Level 1:colcon.colcon_core.package_identification:_identify(.) by extensions ['colcon_pkg']
[0.778s] Level 1:colcon.colcon_core.package_identification:_identify(.) by extension 'colcon_pkg'
[0.778s] Level 1:colcon.colcon_core.package_identification:_identify(.) by extensions ['colcon_meta']
[0.778s] Level 1:colcon.colcon_core.package_identification:_identify(.) by extension 'colcon_meta'
[0.778s] Level 1:colcon.colcon_core.package_identification:_identify(.) by extensions ['ros']
[0.778s] Level 1:colcon.colcon_core.package_identification:_identify(.) by extension 'ros'
[0.795s] Level 1:colcon.colcon_core.package_identification:_identify(.) by extensions ['cmake', 'python']
[0.795s] Level 1:colcon.colcon_core.package_identification:_identify(.) by extension 'cmake'
[0.795s] Level 1:colcon.colcon_core.package_identification:_identify(.) by extension 'python'
[0.795s] Level 1:colcon.colcon_core.package_identification:_identify(.) by extensions ['python_setup_py']
[0.795s] Level 1:colcon.colcon_core.package_identification:_identify(.) by extension 'python_setup_py'
[0.796s] Level 1:colcon.colcon_core.package_identification:_identify(build) by extensions ['ignore', 'ignore_ament_install']
[0.796s] Level 1:colcon.colcon_core.package_identification:_identify(build) by extension 'ignore'
[0.796s] Level 1:colcon.colcon_core.package_identification:_identify(build) ignored
[0.796s] Level 1:colcon.colcon_core.package_identification:_identify(install) by extensions ['ignore', 'ignore_ament_install']
[0.797s] Level 1:colcon.colcon_core.package_identification:_identify(install) by extension 'ignore'
[0.797s] Level 1:colcon.colcon_core.package_identification:_identify(install) ignored
[0.797s] Level 1:colcon.colcon_core.package_identification:_identify(log) by extensions ['ignore', 'ignore_ament_install']
[0.797s] Level 1:colcon.colcon_core.package_identification:_identify(log) by extension 'ignore'
[0.797s] Level 1:colcon.colcon_core.package_identification:_identify(log) ignored
[0.797s] Level 1:colcon.colcon_core.package_identification:_identify(src) by extensions ['ignore', 'ignore_ament_install']
[0.797s] Level 1:colcon.colcon_core.package_identification:_identify(src) by extension 'ignore'
[0.797s] Level 1:colcon.colcon_core.package_identification:_identify(src) by extension 'ignore_ament_install'
[0.797s] Level 1:colcon.colcon_core.package_identification:_identify(src) by extensions ['colcon_pkg']
[0.797s] Level 1:colcon.colcon_core.package_identification:_identify(src) by extension 'colcon_pkg'
[0.798s] Level 1:colcon.colcon_core.package_identification:_identify(src) by extensions ['colcon_meta']
[0.798s] Level 1:colcon.colcon_core.package_identification:_identify(src) by extension 'colcon_meta'
[0.798s] Level 1:colcon.colcon_core.package_identification:_identify(src) by extensions ['ros']
[0.798s] Level 1:colcon.colcon_core.package_identification:_identify(src) by extension 'ros'
[0.798s] Level 1:colcon.colcon_core.package_identification:_identify(src) by extensions ['cmake', 'python']
[0.798s] Level 1:colcon.colcon_core.package_identification:_identify(src) by extension 'cmake'
[0.798s] Level 1:colcon.colcon_core.package_identification:_identify(src) by extension 'python'
[0.798s] Level 1:colcon.colcon_core.package_identification:_identify(src) by extensions ['python_setup_py']
[0.799s] Level 1:colcon.colcon_core.package_identification:_identify(src) by extension 'python_setup_py'
[0.799s] Level 1:colcon.colcon_core.package_identification:_identify(src/fishbot_description) by extensions ['ignore', 'ignore_ament_install']
[0.799s] Level 1:colcon.colcon_core.package_identification:_identify(src/fishbot_description) by extension 'ignore'
[0.799s] Level 1:colcon.colcon_core.package_identification:_identify(src/fishbot_description) by extension 'ignore_ament_install'
[0.799s] Level 1:colcon.colcon_core.package_identification:_identify(src/fishbot_description) by extensions ['colcon_pkg']
[0.799s] Level 1:colcon.colcon_core.package_identification:_identify(src/fishbot_description) by extension 'colcon_pkg'
[0.799s] Level 1:colcon.colcon_core.package_identification:_identify(src/fishbot_description) by extensions ['colcon_meta']
[0.799s] Level 1:colcon.colcon_core.package_identification:_identify(src/fishbot_description) by extension 'colcon_meta'
[0.799s] Level 1:colcon.colcon_core.package_identification:_identify(src/fishbot_description) by extensions ['ros']
[0.799s] Level 1:colcon.colcon_core.package_identification:_identify(src/fishbot_description) by extension 'ros'
[0.803s] DEBUG:colcon.colcon_core.package_identification:Package 'src/fishbot_description' with type 'ros.ament_cmake' and name 'fishbot_description'
[0.803s] Level 1:colcon.colcon_core.package_discovery:discover_packages(recursive) using defaults
[0.804s] Level 1:colcon.colcon_core.package_discovery:discover_packages(ignore) discover
[0.804s] Level 1:colcon.colcon_core.package_discovery:discover_packages(ignore) using defaults
[0.804s] Level 1:colcon.colcon_core.package_discovery:discover_packages(path) discover
[0.804s] Level 1:colcon.colcon_core.package_discovery:discover_packages(path) using defaults
[0.848s] Level 1:colcon.colcon_core.package_discovery:discover_packages(prefix_path) check parameters
[0.849s] Level 1:colcon.colcon_core.package_discovery:discover_packages(prefix_path) discover
[0.857s] DEBUG:colcon.colcon_installed_package_information.package_discovery:Found 1 installed packages in /home/fishros/chapt6/chapt6_ws/install
[0.862s] DEBUG:colcon.colcon_installed_package_information.package_discovery:Found 296 installed packages in /opt/ros/humble
[0.870s] Level 1:colcon.colcon_core.package_discovery:discover_packages(prefix_path) using defaults
[1.174s] Level 5:colcon.colcon_core.verb:set package 'fishbot_description' build argument 'cmake_args' from command line to 'None'
[1.176s] Level 5:colcon.colcon_core.verb:set package 'fishbot_description' build argument 'cmake_target' from command line to 'None'
[1.177s] Level 5:colcon.colcon_core.verb:set package 'fishbot_description' build argument 'cmake_target_skip_unavailable' from command line to 'False'
[1.177s] Level 5:colcon.colcon_core.verb:set package 'fishbot_description' build argument 'cmake_clean_cache' from command line to 'False'
[1.177s] Level 5:colcon.colcon_core.verb:set package 'fishbot_description' build argument 'cmake_clean_first' from command line to 'False'
[1.177s] Level 5:colcon.colcon_core.verb:set package 'fishbot_description' build argument 'cmake_force_configure' from command line to 'False'
[1.177s] Level 5:colcon.colcon_core.verb:set package 'fishbot_description' build argument 'ament_cmake_args' from command line to 'None'
[1.177s] Level 5:colcon.colcon_core.verb:set package 'fishbot_description' build argument 'catkin_cmake_args' from command line to 'None'
[1.177s] Level 5:colcon.colcon_core.verb:set package 'fishbot_description' build argument 'catkin_skip_building_tests' from command line to 'False'
[1.177s] DEBUG:colcon.colcon_core.verb:Building package 'fishbot_description' with the following arguments: {'ament_cmake_args': None, 'build_base': '/home/fishros/chapt6/chapt6_ws/build/fishbot_description', 'catkin_cmake_args': None, 'catkin_skip_building_tests': False, 'cmake_args': None, 'cmake_clean_cache': False, 'cmake_clean_first': False, 'cmake_force_configure': False, 'cmake_target': None, 'cmake_target_skip_unavailable': False, 'install_base': '/home/fishros/chapt6/chapt6_ws/install/fishbot_description', 'merge_install': False, 'path': '/home/fishros/chapt6/chapt6_ws/src/fishbot_description', 'symlink_install': False, 'test_result_base': None}
[1.177s] INFO:colcon.colcon_core.executor:Executing jobs using 'parallel' executor
[1.181s] DEBUG:colcon.colcon_parallel_executor.executor.parallel:run_until_complete
[1.182s] INFO:colcon.colcon_ros.task.ament_cmake.build:Building ROS package in '/home/fishros/chapt6/chapt6_ws/src/fishbot_description' with build type 'ament_cmake'
[1.183s] INFO:colcon.colcon_cmake.task.cmake.build:Building CMake package in '/home/fishros/chapt6/chapt6_ws/src/fishbot_description'
[1.192s] INFO:colcon.colcon_core.plugin_system:Skipping extension 'colcon_core.shell.bat': Not used on non-Windows systems
[1.192s] INFO:colcon.colcon_core.shell:Skip shell extension 'powershell' for command environment: Not usable outside of PowerShell
[1.192s] DEBUG:colcon.colcon_core.shell:Skip shell extension 'dsv' for command environment
[1.217s] DEBUG:colcon.colcon_core.event_handler.log_command:Invoking command in '/home/fishros/chapt6/chapt6_ws/build/fishbot_description': CMAKE_PREFIX_PATH=${CMAKE_PREFIX_PATH}:/opt/ros/humble /usr/bin/cmake --build /home/fishros/chapt6/chapt6_ws/build/fishbot_description -- -j1 -l1
[1.332s] DEBUG:colcon.colcon_core.event_handler.log_command:Invoked command in '/home/fishros/chapt6/chapt6_ws/build/fishbot_description' returned '0': CMAKE_PREFIX_PATH=${CMAKE_PREFIX_PATH}:/opt/ros/humble /usr/bin/cmake --build /home/fishros/chapt6/chapt6_ws/build/fishbot_description -- -j1 -l1
[1.372s] DEBUG:colcon.colcon_core.event_handler.log_command:Invoking command in '/home/fishros/chapt6/chapt6_ws/build/fishbot_description': CMAKE_PREFIX_PATH=${CMAKE_PREFIX_PATH}:/opt/ros/humble /usr/bin/cmake --install /home/fishros/chapt6/chapt6_ws/build/fishbot_description
[1.426s] Level 1:colcon.colcon_core.environment:create_environment_scripts_only(fishbot_description)
[1.432s] DEBUG:colcon.colcon_core.event_handler.log_command:Invoked command in '/home/fishros/chapt6/chapt6_ws/build/fishbot_description' returned '0': CMAKE_PREFIX_PATH=${CMAKE_PREFIX_PATH}:/opt/ros/humble /usr/bin/cmake --install /home/fishros/chapt6/chapt6_ws/build/fishbot_description
[1.446s] Level 1:colcon.colcon_core.environment:checking '/home/fishros/chapt6/chapt6_ws/install/fishbot_description' for CMake module files
[1.449s] Level 1:colcon.colcon_core.environment:checking '/home/fishros/chapt6/chapt6_ws/install/fishbot_description' for CMake config files
[1.451s] Level 1:colcon.colcon_core.shell:create_environment_hook('fishbot_description', 'cmake_prefix_path')
[1.451s] INFO:colcon.colcon_core.shell:Creating environment hook '/home/fishros/chapt6/chapt6_ws/install/fishbot_description/share/fishbot_description/hook/cmake_prefix_path.ps1'
[1.454s] INFO:colcon.colcon_core.shell:Creating environment descriptor '/home/fishros/chapt6/chapt6_ws/install/fishbot_description/share/fishbot_description/hook/cmake_prefix_path.dsv'
[1.456s] INFO:colcon.colcon_core.shell:Creating environment hook '/home/fishros/chapt6/chapt6_ws/install/fishbot_description/share/fishbot_description/hook/cmake_prefix_path.sh'
[1.459s] Level 1:colcon.colcon_core.environment:checking '/home/fishros/chapt6/chapt6_ws/install/fishbot_description/bin'
[1.459s] Level 1:colcon.colcon_core.environment:checking '/home/fishros/chapt6/chapt6_ws/install/fishbot_description/lib/pkgconfig/fishbot_description.pc'
[1.461s] Level 1:colcon.colcon_core.environment:checking '/home/fishros/chapt6/chapt6_ws/install/fishbot_description/lib/python3.10/site-packages'
[1.461s] Level 1:colcon.colcon_core.environment:checking '/home/fishros/chapt6/chapt6_ws/install/fishbot_description/bin'
[1.461s] INFO:colcon.colcon_core.shell:Creating package script '/home/fishros/chapt6/chapt6_ws/install/fishbot_description/share/fishbot_description/package.ps1'
[1.465s] INFO:colcon.colcon_core.shell:Creating package descriptor '/home/fishros/chapt6/chapt6_ws/install/fishbot_description/share/fishbot_description/package.dsv'
[1.468s] INFO:colcon.colcon_core.shell:Creating package script '/home/fishros/chapt6/chapt6_ws/install/fishbot_description/share/fishbot_description/package.sh'
[1.471s] INFO:colcon.colcon_core.shell:Creating package script '/home/fishros/chapt6/chapt6_ws/install/fishbot_description/share/fishbot_description/package.bash'
[1.474s] INFO:colcon.colcon_core.shell:Creating package script '/home/fishros/chapt6/chapt6_ws/install/fishbot_description/share/fishbot_description/package.zsh'
[1.476s] Level 1:colcon.colcon_core.environment:create_file_with_runtime_dependencies(/home/fishros/chapt6/chapt6_ws/install/fishbot_description/share/colcon-core/packages/fishbot_description)
[1.479s] Level 1:colcon.colcon_core.environment:create_environment_scripts_only(fishbot_description)
[1.479s] Level 1:colcon.colcon_core.environment:checking '/home/fishros/chapt6/chapt6_ws/install/fishbot_description' for CMake module files
[1.480s] Level 1:colcon.colcon_core.environment:checking '/home/fishros/chapt6/chapt6_ws/install/fishbot_description' for CMake config files
[1.480s] Level 1:colcon.colcon_core.shell:create_environment_hook('fishbot_description', 'cmake_prefix_path')
[1.483s] INFO:colcon.colcon_core.shell:Creating environment hook '/home/fishros/chapt6/chapt6_ws/install/fishbot_description/share/fishbot_description/hook/cmake_prefix_path.ps1'
[1.483s] INFO:colcon.colcon_core.shell:Creating environment descriptor '/home/fishros/chapt6/chapt6_ws/install/fishbot_description/share/fishbot_description/hook/cmake_prefix_path.dsv'
[1.484s] INFO:colcon.colcon_core.shell:Creating environment hook '/home/fishros/chapt6/chapt6_ws/install/fishbot_description/share/fishbot_description/hook/cmake_prefix_path.sh'
[1.487s] Level 1:colcon.colcon_core.environment:checking '/home/fishros/chapt6/chapt6_ws/install/fishbot_description/bin'
[1.487s] Level 1:colcon.colcon_core.environment:checking '/home/fishros/chapt6/chapt6_ws/install/fishbot_description/lib/pkgconfig/fishbot_description.pc'
[1.488s] Level 1:colcon.colcon_core.environment:checking '/home/fishros/chapt6/chapt6_ws/install/fishbot_description/lib/python3.10/site-packages'
[1.489s] Level 1:colcon.colcon_core.environment:checking '/home/fishros/chapt6/chapt6_ws/install/fishbot_description/bin'
[1.489s] INFO:colcon.colcon_core.shell:Creating package script '/home/fishros/chapt6/chapt6_ws/install/fishbot_description/share/fishbot_description/package.ps1'
[1.490s] INFO:colcon.colcon_core.shell:Creating package descriptor '/home/fishros/chapt6/chapt6_ws/install/fishbot_description/share/fishbot_description/package.dsv'
[1.491s] INFO:colcon.colcon_core.shell:Creating package script '/home/fishros/chapt6/chapt6_ws/install/fishbot_description/share/fishbot_description/package.sh'
[1.494s] INFO:colcon.colcon_core.shell:Creating package script '/home/fishros/chapt6/chapt6_ws/install/fishbot_description/share/fishbot_description/package.bash'
[1.495s] INFO:colcon.colcon_core.shell:Creating package script '/home/fishros/chapt6/chapt6_ws/install/fishbot_description/share/fishbot_description/package.zsh'
[1.497s] Level 1:colcon.colcon_core.environment:create_file_with_runtime_dependencies(/home/fishros/chapt6/chapt6_ws/install/fishbot_description/share/colcon-core/packages/fishbot_description)
[1.500s] DEBUG:colcon.colcon_parallel_executor.executor.parallel:closing loop
[1.500s] DEBUG:colcon.colcon_parallel_executor.executor.parallel:loop closed
[1.500s] DEBUG:colcon.colcon_parallel_executor.executor.parallel:run_until_complete finished with '0'
[1.500s] DEBUG:colcon.colcon_core.event_reactor:joining thread
[1.522s] INFO:colcon.colcon_core.plugin_system:Skipping extension 'colcon_notification.desktop_notification.terminal_notifier': Not used on non-Darwin systems
[1.522s] INFO:colcon.colcon_core.plugin_system:Skipping extension 'colcon_notification.desktop_notification.win32': Not used on non-Windows systems
[1.522s] INFO:colcon.colcon_notification.desktop_notification:Sending desktop notification using 'notify2'
[1.575s] DEBUG:colcon.colcon_core.event_reactor:joined thread
[1.575s] INFO:colcon.colcon_core.shell:Creating prefix script '/home/fishros/chapt6/chapt6_ws/install/local_setup.ps1'
[1.583s] INFO:colcon.colcon_core.shell:Creating prefix util module '/home/fishros/chapt6/chapt6_ws/install/_local_setup_util_ps1.py'
[1.592s] INFO:colcon.colcon_core.shell:Creating prefix chain script '/home/fishros/chapt6/chapt6_ws/install/setup.ps1'
[1.600s] INFO:colcon.colcon_core.shell:Creating prefix script '/home/fishros/chapt6/chapt6_ws/install/local_setup.sh'
[1.602s] INFO:colcon.colcon_core.shell:Creating prefix util module '/home/fishros/chapt6/chapt6_ws/install/_local_setup_util_sh.py'
[1.605s] INFO:colcon.colcon_core.shell:Creating prefix chain script '/home/fishros/chapt6/chapt6_ws/install/setup.sh'
[1.613s] INFO:colcon.colcon_core.shell:Creating prefix script '/home/fishros/chapt6/chapt6_ws/install/local_setup.bash'
[1.616s] INFO:colcon.colcon_core.shell:Creating prefix chain script '/home/fishros/chapt6/chapt6_ws/install/setup.bash'
[1.622s] INFO:colcon.colcon_core.shell:Creating prefix script '/home/fishros/chapt6/chapt6_ws/install/local_setup.zsh'
[1.624s] INFO:colcon.colcon_core.shell:Creating prefix chain script '/home/fishros/chapt6/chapt6_ws/install/setup.zsh'
