[0.578s] DEBUG:colcon:Command line arguments: ['/usr/bin/colcon', 'build', '--packages-select', 'demo_python_pkg']
[0.580s] DEBUG:colcon:Parsed command line arguments: Namespace(log_base=None, log_level=None, verb_name='build', build_base='build', install_base='install', merge_install=False, symlink_install=False, test_result_base=None, continue_on_error=False, executor='parallel', parallel_workers=1, event_handlers=None, ignore_user_meta=False, metas=['./colcon.meta'], base_paths=['.'], packages_ignore=None, packages_ignore_regex=None, paths=None, packages_up_to=None, packages_up_to_regex=None, packages_above=None, packages_above_and_dependencies=None, packages_above_depth=None, packages_select_by_dep=None, packages_skip_by_dep=None, packages_skip_up_to=None, packages_select_build_failed=False, packages_skip_build_finished=False, packages_select_test_failures=False, packages_skip_test_passed=False, packages_select=['demo_python_pkg'], packages_skip=None, packages_select_regex=None, packages_skip_regex=None, packages_start=None, packages_end=None, allow_overriding=[], cmake_args=None, cmake_target=None, cmake_target_skip_unavailable=False, cmake_clean_cache=False, cmake_clean_first=False, cmake_force_configure=False, ament_cmake_args=None, catkin_cmake_args=None, catkin_skip_building_tests=False, verb_parser=<colcon_defaults.argument_parser.defaults.DefaultArgumentsDecorator object at 0x7a78ab1ef2b0>, verb_extension=<colcon_core.verb.build.BuildVerb object at 0x7a78ab31c760>, main=<bound method BuildVerb.main of <colcon_core.verb.build.BuildVerb object at 0x7a78ab31c760>>)
[0.984s] Level 1:colcon.colcon_core.package_discovery:discover_packages(colcon_meta) check parameters
[0.984s] Level 1:colcon.colcon_core.package_discovery:discover_packages(recursive) check parameters
[0.985s] Level 1:colcon.colcon_core.package_discovery:discover_packages(ignore) check parameters
[0.985s] Level 1:colcon.colcon_core.package_discovery:discover_packages(path) check parameters
[0.985s] Level 1:colcon.colcon_core.package_discovery:discover_packages(colcon_meta) discover
[0.985s] Level 1:colcon.colcon_core.package_discovery:discover_packages(recursive) discover
[0.985s] INFO:colcon.colcon_core.package_discovery:Crawling recursively for packages in '/home/fishros/chapt2/chapt2_ws'
[0.985s] Level 1:colcon.colcon_core.package_identification:_identify(.) by extensions ['ignore', 'ignore_ament_install']
[0.985s] Level 1:colcon.colcon_core.package_identification:_identify(.) by extension 'ignore'
[0.985s] Level 1:colcon.colcon_core.package_identification:_identify(.) by extension 'ignore_ament_install'
[0.985s] Level 1:colcon.colcon_core.package_identification:_identify(.) by extensions ['colcon_pkg']
[0.986s] Level 1:colcon.colcon_core.package_identification:_identify(.) by extension 'colcon_pkg'
[0.986s] Level 1:colcon.colcon_core.package_identification:_identify(.) by extensions ['colcon_meta']
[0.987s] Level 1:colcon.colcon_core.package_identification:_identify(.) by extension 'colcon_meta'
[0.987s] Level 1:colcon.colcon_core.package_identification:_identify(.) by extensions ['ros']
[0.987s] Level 1:colcon.colcon_core.package_identification:_identify(.) by extension 'ros'
[1.011s] Level 1:colcon.colcon_core.package_identification:_identify(.) by extensions ['cmake', 'python']
[1.011s] Level 1:colcon.colcon_core.package_identification:_identify(.) by extension 'cmake'
[1.012s] Level 1:colcon.colcon_core.package_identification:_identify(.) by extension 'python'
[1.012s] Level 1:colcon.colcon_core.package_identification:_identify(.) by extensions ['python_setup_py']
[1.012s] Level 1:colcon.colcon_core.package_identification:_identify(.) by extension 'python_setup_py'
[1.012s] Level 1:colcon.colcon_core.package_identification:_identify(build) by extensions ['ignore', 'ignore_ament_install']
[1.012s] Level 1:colcon.colcon_core.package_identification:_identify(build) by extension 'ignore'
[1.012s] Level 1:colcon.colcon_core.package_identification:_identify(build) ignored
[1.013s] Level 1:colcon.colcon_core.package_identification:_identify(install) by extensions ['ignore', 'ignore_ament_install']
[1.013s] Level 1:colcon.colcon_core.package_identification:_identify(install) by extension 'ignore'
[1.013s] Level 1:colcon.colcon_core.package_identification:_identify(install) ignored
[1.014s] Level 1:colcon.colcon_core.package_identification:_identify(log) by extensions ['ignore', 'ignore_ament_install']
[1.014s] Level 1:colcon.colcon_core.package_identification:_identify(log) by extension 'ignore'
[1.014s] Level 1:colcon.colcon_core.package_identification:_identify(log) ignored
[1.015s] Level 1:colcon.colcon_core.package_identification:_identify(src) by extensions ['ignore', 'ignore_ament_install']
[1.015s] Level 1:colcon.colcon_core.package_identification:_identify(src) by extension 'ignore'
[1.015s] Level 1:colcon.colcon_core.package_identification:_identify(src) by extension 'ignore_ament_install'
[1.015s] Level 1:colcon.colcon_core.package_identification:_identify(src) by extensions ['colcon_pkg']
[1.015s] Level 1:colcon.colcon_core.package_identification:_identify(src) by extension 'colcon_pkg'
[1.015s] Level 1:colcon.colcon_core.package_identification:_identify(src) by extensions ['colcon_meta']
[1.015s] Level 1:colcon.colcon_core.package_identification:_identify(src) by extension 'colcon_meta'
[1.015s] Level 1:colcon.colcon_core.package_identification:_identify(src) by extensions ['ros']
[1.015s] Level 1:colcon.colcon_core.package_identification:_identify(src) by extension 'ros'
[1.016s] Level 1:colcon.colcon_core.package_identification:_identify(src) by extensions ['cmake', 'python']
[1.016s] Level 1:colcon.colcon_core.package_identification:_identify(src) by extension 'cmake'
[1.017s] Level 1:colcon.colcon_core.package_identification:_identify(src) by extension 'python'
[1.017s] Level 1:colcon.colcon_core.package_identification:_identify(src) by extensions ['python_setup_py']
[1.017s] Level 1:colcon.colcon_core.package_identification:_identify(src) by extension 'python_setup_py'
[1.017s] Level 1:colcon.colcon_core.package_identification:_identify(src/demo_cpp_pkg) by extensions ['ignore', 'ignore_ament_install']
[1.017s] Level 1:colcon.colcon_core.package_identification:_identify(src/demo_cpp_pkg) by extension 'ignore'
[1.018s] Level 1:colcon.colcon_core.package_identification:_identify(src/demo_cpp_pkg) by extension 'ignore_ament_install'
[1.018s] Level 1:colcon.colcon_core.package_identification:_identify(src/demo_cpp_pkg) by extensions ['colcon_pkg']
[1.018s] Level 1:colcon.colcon_core.package_identification:_identify(src/demo_cpp_pkg) by extension 'colcon_pkg'
[1.018s] Level 1:colcon.colcon_core.package_identification:_identify(src/demo_cpp_pkg) by extensions ['colcon_meta']
[1.018s] Level 1:colcon.colcon_core.package_identification:_identify(src/demo_cpp_pkg) by extension 'colcon_meta'
[1.019s] Level 1:colcon.colcon_core.package_identification:_identify(src/demo_cpp_pkg) by extensions ['ros']
[1.019s] Level 1:colcon.colcon_core.package_identification:_identify(src/demo_cpp_pkg) by extension 'ros'
[1.024s] DEBUG:colcon.colcon_core.package_identification:Package 'src/demo_cpp_pkg' with type 'ros.ament_python' and name 'demo_cpp_pkg'
[1.025s] Level 1:colcon.colcon_core.package_identification:_identify(src/demo_python_pkg) by extensions ['ignore', 'ignore_ament_install']
[1.025s] Level 1:colcon.colcon_core.package_identification:_identify(src/demo_python_pkg) by extension 'ignore'
[1.025s] Level 1:colcon.colcon_core.package_identification:_identify(src/demo_python_pkg) by extension 'ignore_ament_install'
[1.026s] Level 1:colcon.colcon_core.package_identification:_identify(src/demo_python_pkg) by extensions ['colcon_pkg']
[1.026s] Level 1:colcon.colcon_core.package_identification:_identify(src/demo_python_pkg) by extension 'colcon_pkg'
[1.026s] Level 1:colcon.colcon_core.package_identification:_identify(src/demo_python_pkg) by extensions ['colcon_meta']
[1.026s] Level 1:colcon.colcon_core.package_identification:_identify(src/demo_python_pkg) by extension 'colcon_meta'
[1.026s] Level 1:colcon.colcon_core.package_identification:_identify(src/demo_python_pkg) by extensions ['ros']
[1.026s] Level 1:colcon.colcon_core.package_identification:_identify(src/demo_python_pkg) by extension 'ros'
[1.028s] DEBUG:colcon.colcon_core.package_identification:Package 'src/demo_python_pkg' with type 'ros.ament_python' and name 'demo_python_pkg'
[1.028s] Level 1:colcon.colcon_core.package_discovery:discover_packages(recursive) using defaults
[1.029s] Level 1:colcon.colcon_core.package_discovery:discover_packages(ignore) discover
[1.029s] Level 1:colcon.colcon_core.package_discovery:discover_packages(ignore) using defaults
[1.029s] Level 1:colcon.colcon_core.package_discovery:discover_packages(path) discover
[1.029s] Level 1:colcon.colcon_core.package_discovery:discover_packages(path) using defaults
[1.069s] INFO:colcon.colcon_core.package_selection:Skipping not selected package 'demo_cpp_pkg' in 'src/demo_cpp_pkg'
[1.070s] Level 1:colcon.colcon_core.package_discovery:discover_packages(prefix_path) check parameters
[1.071s] Level 1:colcon.colcon_core.package_discovery:discover_packages(prefix_path) discover
[1.073s] WARNING:colcon.colcon_core.prefix_path.colcon:The path '/home/fishros/chapt2/install' in the environment variable COLCON_PREFIX_PATH doesn't exist
[1.074s] WARNING:colcon.colcon_ros.prefix_path.ament:The path '/home/fishros/chapt2/install/demo_python_pkg' in the environment variable AMENT_PREFIX_PATH doesn't exist
[1.076s] DEBUG:colcon.colcon_installed_package_information.package_discovery:Found 1 installed packages in /home/fishros/chapt2/chapt2_ws/install
[1.084s] DEBUG:colcon.colcon_installed_package_information.package_discovery:Found 271 installed packages in /opt/ros/humble
[1.094s] Level 1:colcon.colcon_core.package_discovery:discover_packages(prefix_path) using defaults
[1.334s] Level 5:colcon.colcon_core.verb:set package 'demo_python_pkg' build argument 'cmake_args' from command line to 'None'
[1.334s] Level 5:colcon.colcon_core.verb:set package 'demo_python_pkg' build argument 'cmake_target' from command line to 'None'
[1.334s] Level 5:colcon.colcon_core.verb:set package 'demo_python_pkg' build argument 'cmake_target_skip_unavailable' from command line to 'False'
[1.334s] Level 5:colcon.colcon_core.verb:set package 'demo_python_pkg' build argument 'cmake_clean_cache' from command line to 'False'
[1.334s] Level 5:colcon.colcon_core.verb:set package 'demo_python_pkg' build argument 'cmake_clean_first' from command line to 'False'
[1.334s] Level 5:colcon.colcon_core.verb:set package 'demo_python_pkg' build argument 'cmake_force_configure' from command line to 'False'
[1.335s] Level 5:colcon.colcon_core.verb:set package 'demo_python_pkg' build argument 'ament_cmake_args' from command line to 'None'
[1.335s] Level 5:colcon.colcon_core.verb:set package 'demo_python_pkg' build argument 'catkin_cmake_args' from command line to 'None'
[1.335s] Level 5:colcon.colcon_core.verb:set package 'demo_python_pkg' build argument 'catkin_skip_building_tests' from command line to 'False'
[1.335s] DEBUG:colcon.colcon_core.verb:Building package 'demo_python_pkg' with the following arguments: {'ament_cmake_args': None, 'build_base': '/home/fishros/chapt2/chapt2_ws/build/demo_python_pkg', 'catkin_cmake_args': None, 'catkin_skip_building_tests': False, 'cmake_args': None, 'cmake_clean_cache': False, 'cmake_clean_first': False, 'cmake_force_configure': False, 'cmake_target': None, 'cmake_target_skip_unavailable': False, 'install_base': '/home/fishros/chapt2/chapt2_ws/install/demo_python_pkg', 'merge_install': False, 'path': '/home/fishros/chapt2/chapt2_ws/src/demo_python_pkg', 'symlink_install': False, 'test_result_base': None}
[1.335s] INFO:colcon.colcon_core.executor:Executing jobs using 'parallel' executor
[1.340s] DEBUG:colcon.colcon_parallel_executor.executor.parallel:run_until_complete
[1.340s] INFO:colcon.colcon_ros.task.ament_python.build:Building ROS package in '/home/fishros/chapt2/chapt2_ws/src/demo_python_pkg' with build type 'ament_python'
[1.340s] Level 1:colcon.colcon_core.shell:create_environment_hook('demo_python_pkg', 'ament_prefix_path')
[1.348s] INFO:colcon.colcon_core.plugin_system:Skipping extension 'colcon_core.shell.bat': Not used on non-Windows systems
[1.350s] INFO:colcon.colcon_core.shell:Creating environment hook '/home/fishros/chapt2/chapt2_ws/install/demo_python_pkg/share/demo_python_pkg/hook/ament_prefix_path.ps1'
[1.352s] INFO:colcon.colcon_core.shell:Creating environment descriptor '/home/fishros/chapt2/chapt2_ws/install/demo_python_pkg/share/demo_python_pkg/hook/ament_prefix_path.dsv'
[1.356s] INFO:colcon.colcon_core.shell:Creating environment hook '/home/fishros/chapt2/chapt2_ws/install/demo_python_pkg/share/demo_python_pkg/hook/ament_prefix_path.sh'
[1.360s] INFO:colcon.colcon_core.shell:Skip shell extension 'powershell' for command environment: Not usable outside of PowerShell
[1.360s] DEBUG:colcon.colcon_core.shell:Skip shell extension 'dsv' for command environment
[2.593s] INFO:colcon.colcon_core.task.python.build:Building Python package in '/home/fishros/chapt2/chapt2_ws/src/demo_python_pkg'
[2.595s] INFO:colcon.colcon_core.shell:Skip shell extension 'powershell' for command environment: Not usable outside of PowerShell
[2.595s] DEBUG:colcon.colcon_core.shell:Skip shell extension 'dsv' for command environment
[4.140s] DEBUG:colcon.colcon_core.event_handler.log_command:Invoking command in '/home/fishros/chapt2/chapt2_ws/src/demo_python_pkg': PYTHONPATH=/home/fishros/chapt2/chapt2_ws/build/demo_python_pkg/prefix_override:/usr/lib/python3/dist-packages/colcon_core/task/python/colcon_distutils_commands:/home/fishros/chapt2/chapt2_ws/install/demo_python_pkg/lib/python3.10/site-packages:${PYTHONPATH} /usr/bin/python3 -W ignore:setup.py install is deprecated -W ignore:easy_install command is deprecated setup.py egg_info --egg-base ../../build/demo_python_pkg build --build-base /home/fishros/chapt2/chapt2_ws/build/demo_python_pkg/build install --record /home/fishros/chapt2/chapt2_ws/build/demo_python_pkg/install.log --single-version-externally-managed install_data
[5.588s] DEBUG:colcon.colcon_core.event_handler.log_command:Invoked command in '/home/fishros/chapt2/chapt2_ws/src/demo_python_pkg' returned '0': PYTHONPATH=/home/fishros/chapt2/chapt2_ws/build/demo_python_pkg/prefix_override:/usr/lib/python3/dist-packages/colcon_core/task/python/colcon_distutils_commands:/home/fishros/chapt2/chapt2_ws/install/demo_python_pkg/lib/python3.10/site-packages:${PYTHONPATH} /usr/bin/python3 -W ignore:setup.py install is deprecated -W ignore:easy_install command is deprecated setup.py egg_info --egg-base ../../build/demo_python_pkg build --build-base /home/fishros/chapt2/chapt2_ws/build/demo_python_pkg/build install --record /home/fishros/chapt2/chapt2_ws/build/demo_python_pkg/install.log --single-version-externally-managed install_data
[5.596s] Level 1:colcon.colcon_core.environment:checking '/home/fishros/chapt2/chapt2_ws/install/demo_python_pkg' for CMake module files
[5.598s] Level 1:colcon.colcon_core.environment:checking '/home/fishros/chapt2/chapt2_ws/install/demo_python_pkg' for CMake config files
[5.601s] Level 1:colcon.colcon_core.environment:checking '/home/fishros/chapt2/chapt2_ws/install/demo_python_pkg/lib'
[5.602s] Level 1:colcon.colcon_core.environment:checking '/home/fishros/chapt2/chapt2_ws/install/demo_python_pkg/bin'
[5.602s] Level 1:colcon.colcon_core.environment:checking '/home/fishros/chapt2/chapt2_ws/install/demo_python_pkg/lib/pkgconfig/demo_python_pkg.pc'
[5.604s] Level 1:colcon.colcon_core.environment:checking '/home/fishros/chapt2/chapt2_ws/install/demo_python_pkg/lib/python3.10/site-packages'
[5.604s] Level 1:colcon.colcon_core.shell:create_environment_hook('demo_python_pkg', 'pythonpath')
[5.604s] INFO:colcon.colcon_core.shell:Creating environment hook '/home/fishros/chapt2/chapt2_ws/install/demo_python_pkg/share/demo_python_pkg/hook/pythonpath.ps1'
[5.606s] INFO:colcon.colcon_core.shell:Creating environment descriptor '/home/fishros/chapt2/chapt2_ws/install/demo_python_pkg/share/demo_python_pkg/hook/pythonpath.dsv'
[5.608s] INFO:colcon.colcon_core.shell:Creating environment hook '/home/fishros/chapt2/chapt2_ws/install/demo_python_pkg/share/demo_python_pkg/hook/pythonpath.sh'
[5.611s] Level 1:colcon.colcon_core.environment:checking '/home/fishros/chapt2/chapt2_ws/install/demo_python_pkg/bin'
[5.611s] Level 1:colcon.colcon_core.environment:create_environment_scripts_only(demo_python_pkg)
[5.612s] INFO:colcon.colcon_core.shell:Creating package script '/home/fishros/chapt2/chapt2_ws/install/demo_python_pkg/share/demo_python_pkg/package.ps1'
[5.617s] INFO:colcon.colcon_core.shell:Creating package descriptor '/home/fishros/chapt2/chapt2_ws/install/demo_python_pkg/share/demo_python_pkg/package.dsv'
[5.618s] INFO:colcon.colcon_core.shell:Creating package script '/home/fishros/chapt2/chapt2_ws/install/demo_python_pkg/share/demo_python_pkg/package.sh'
[5.623s] INFO:colcon.colcon_core.shell:Creating package script '/home/fishros/chapt2/chapt2_ws/install/demo_python_pkg/share/demo_python_pkg/package.bash'
[5.629s] INFO:colcon.colcon_core.shell:Creating package script '/home/fishros/chapt2/chapt2_ws/install/demo_python_pkg/share/demo_python_pkg/package.zsh'
[5.632s] Level 1:colcon.colcon_core.environment:create_file_with_runtime_dependencies(/home/fishros/chapt2/chapt2_ws/install/demo_python_pkg/share/colcon-core/packages/demo_python_pkg)
[5.637s] DEBUG:colcon.colcon_parallel_executor.executor.parallel:closing loop
[5.637s] DEBUG:colcon.colcon_parallel_executor.executor.parallel:loop closed
[5.637s] DEBUG:colcon.colcon_parallel_executor.executor.parallel:run_until_complete finished with '0'
[5.638s] DEBUG:colcon.colcon_core.event_reactor:joining thread
[5.655s] INFO:colcon.colcon_core.plugin_system:Skipping extension 'colcon_notification.desktop_notification.terminal_notifier': Not used on non-Darwin systems
[5.656s] INFO:colcon.colcon_core.plugin_system:Skipping extension 'colcon_notification.desktop_notification.win32': Not used on non-Windows systems
[5.657s] INFO:colcon.colcon_notification.desktop_notification:Sending desktop notification using 'notify2'
[5.709s] DEBUG:colcon.colcon_core.event_reactor:joined thread
[5.711s] INFO:colcon.colcon_core.shell:Creating prefix script '/home/fishros/chapt2/chapt2_ws/install/local_setup.ps1'
[5.718s] INFO:colcon.colcon_core.shell:Creating prefix util module '/home/fishros/chapt2/chapt2_ws/install/_local_setup_util_ps1.py'
[5.730s] INFO:colcon.colcon_core.shell:Creating prefix chain script '/home/fishros/chapt2/chapt2_ws/install/setup.ps1'
[5.740s] INFO:colcon.colcon_core.shell:Creating prefix script '/home/fishros/chapt2/chapt2_ws/install/local_setup.sh'
[5.742s] INFO:colcon.colcon_core.shell:Creating prefix util module '/home/fishros/chapt2/chapt2_ws/install/_local_setup_util_sh.py'
[5.748s] INFO:colcon.colcon_core.shell:Creating prefix chain script '/home/fishros/chapt2/chapt2_ws/install/setup.sh'
[5.757s] INFO:colcon.colcon_core.shell:Creating prefix script '/home/fishros/chapt2/chapt2_ws/install/local_setup.bash'
[5.760s] INFO:colcon.colcon_core.shell:Creating prefix chain script '/home/fishros/chapt2/chapt2_ws/install/setup.bash'
[5.768s] INFO:colcon.colcon_core.shell:Creating prefix script '/home/fishros/chapt2/chapt2_ws/install/local_setup.zsh'
[5.771s] INFO:colcon.colcon_core.shell:Creating prefix chain script '/home/fishros/chapt2/chapt2_ws/install/setup.zsh'
