[2.877s] Invoking command in '/home/fishros/chapt2/chapt2_ws/src/demo_python_pkg': PYTHONPATH=/home/fishros/chapt2/chapt2_ws/build/demo_python_pkg/prefix_override:/usr/lib/python3/dist-packages/colcon_core/task/python/colcon_distutils_commands:/home/fishros/chapt2/chapt2_ws/install/demo_python_pkg/lib/python3.10/site-packages:${PYTHONPATH} /usr/bin/python3 -W ignore:setup.py install is deprecated -W ignore:easy_install command is deprecated setup.py egg_info --egg-base ../../build/demo_python_pkg build --build-base /home/fishros/chapt2/chapt2_ws/build/demo_python_pkg/build install --record /home/fishros/chapt2/chapt2_ws/build/demo_python_pkg/install.log --single-version-externally-managed install_data
[4.002s] running egg_info
[4.005s] writing ../../build/demo_python_pkg/demo_python_pkg.egg-info/PKG-INFO
[4.005s] writing dependency_links to ../../build/demo_python_pkg/demo_python_pkg.egg-info/dependency_links.txt
[4.007s] writing entry points to ../../build/demo_python_pkg/demo_python_pkg.egg-info/entry_points.txt
[4.008s] writing requirements to ../../build/demo_python_pkg/demo_python_pkg.egg-info/requires.txt
[4.011s] writing top-level names to ../../build/demo_python_pkg/demo_python_pkg.egg-info/top_level.txt
[4.018s] reading manifest file '../../build/demo_python_pkg/demo_python_pkg.egg-info/SOURCES.txt'
[4.022s] adding license file 'LICENSE'
[4.026s] writing manifest file '../../build/demo_python_pkg/demo_python_pkg.egg-info/SOURCES.txt'
[4.031s] running build
[4.031s] running build_py
[4.031s] copying demo_python_pkg/learn_thread.py -> /home/fishros/chapt2/chapt2_ws/build/demo_python_pkg/build/lib/demo_python_pkg
[4.031s] running install
[4.032s] running install_lib
[4.036s] copying /home/fishros/chapt2/chapt2_ws/build/demo_python_pkg/build/lib/demo_python_pkg/learn_thread.py -> /home/fishros/chapt2/chapt2_ws/install/demo_python_pkg/lib/python3.10/site-packages/demo_python_pkg
[4.041s] byte-compiling /home/fishros/chapt2/chapt2_ws/install/demo_python_pkg/lib/python3.10/site-packages/demo_python_pkg/learn_thread.py to learn_thread.cpython-310.pyc
[4.042s] running install_data
[4.044s] running install_egg_info
[4.053s] removing '/home/fishros/chapt2/chapt2_ws/install/demo_python_pkg/lib/python3.10/site-packages/demo_python_pkg-0.0.0-py3.10.egg-info' (and everything under it)
[4.057s] Copying ../../build/demo_python_pkg/demo_python_pkg.egg-info to /home/fishros/chapt2/chapt2_ws/install/demo_python_pkg/lib/python3.10/site-packages/demo_python_pkg-0.0.0-py3.10.egg-info
[4.061s] running install_scripts
[4.154s] Installing learn_thread script to /home/fishros/chapt2/chapt2_ws/install/demo_python_pkg/lib/demo_python_pkg
[4.154s] Installing person_node script to /home/fishros/chapt2/chapt2_ws/install/demo_python_pkg/lib/demo_python_pkg
[4.154s] Installing python_node script to /home/fishros/chapt2/chapt2_ws/install/demo_python_pkg/lib/demo_python_pkg
[4.158s] writing list of installed files to '/home/fishros/chapt2/chapt2_ws/build/demo_python_pkg/install.log'
[4.296s] Invoked command in '/home/fishros/chapt2/chapt2_ws/src/demo_python_pkg' returned '0': PYTHONPATH=/home/fishros/chapt2/chapt2_ws/build/demo_python_pkg/prefix_override:/usr/lib/python3/dist-packages/colcon_core/task/python/colcon_distutils_commands:/home/fishros/chapt2/chapt2_ws/install/demo_python_pkg/lib/python3.10/site-packages:${PYTHONPATH} /usr/bin/python3 -W ignore:setup.py install is deprecated -W ignore:easy_install command is deprecated setup.py egg_info --egg-base ../../build/demo_python_pkg build --build-base /home/fishros/chapt2/chapt2_ws/build/demo_python_pkg/build install --record /home/fishros/chapt2/chapt2_ws/build/demo_python_pkg/install.log --single-version-externally-managed install_data
