[3.004s] Invoking command in '/home/fishros/chapt4/chapt4_ws/src/demo_python_service': AMENT_PREFIX_PATH=/home/fishros/chapt4/chapt4_ws/install/chapt4_interfaces:${AMENT_PREFIX_PATH} CMAKE_PREFIX_PATH=/home/fishros/chapt4/chapt4_ws/install/chapt4_interfaces LD_LIBRARY_PATH=/home/fishros/chapt4/chapt4_ws/install/chapt4_interfaces/lib:${LD_LIBRARY_PATH} PYTHONPATH=/home/fishros/chapt4/chapt4_ws/build/demo_python_service/prefix_override:/usr/lib/python3/dist-packages/colcon_core/task/python/colcon_distutils_commands:/home/fishros/chapt4/chapt4_ws/install/demo_python_service/lib/python3.10/site-packages:/home/fishros/chapt4/chapt4_ws/install/chapt4_interfaces/local/lib/python3.10/dist-packages:${PYTHONPATH} /usr/bin/python3 -W ignore:setup.py install is deprecated -W ignore:easy_install command is deprecated setup.py egg_info --egg-base ../../build/demo_python_service build --build-base /home/fishros/chapt4/chapt4_ws/build/demo_python_service/build install --record /home/fishros/chapt4/chapt4_ws/build/demo_python_service/install.log --single-version-externally-managed install_data
[3.763s] running egg_info
[3.764s] writing ../../build/demo_python_service/demo_python_service.egg-info/PKG-INFO
[3.765s] writing dependency_links to ../../build/demo_python_service/demo_python_service.egg-info/dependency_links.txt
[3.767s] writing entry points to ../../build/demo_python_service/demo_python_service.egg-info/entry_points.txt
[3.768s] writing requirements to ../../build/demo_python_service/demo_python_service.egg-info/requires.txt
[3.777s] writing top-level names to ../../build/demo_python_service/demo_python_service.egg-info/top_level.txt
[3.778s] reading manifest file '../../build/demo_python_service/demo_python_service.egg-info/SOURCES.txt'
[3.780s] adding license file 'LICENSE'
[3.782s] writing manifest file '../../build/demo_python_service/demo_python_service.egg-info/SOURCES.txt'
[3.783s] running build
[3.785s] running build_py
[3.786s] running install
[3.788s] running install_lib
[3.794s] running install_data
[3.799s] running install_egg_info
[3.802s] removing '/home/fishros/chapt4/chapt4_ws/install/demo_python_service/lib/python3.10/site-packages/demo_python_service-0.0.0-py3.10.egg-info' (and everything under it)
[3.804s] Copying ../../build/demo_python_service/demo_python_service.egg-info to /home/fishros/chapt4/chapt4_ws/install/demo_python_service/lib/python3.10/site-packages/demo_python_service-0.0.0-py3.10.egg-info
[3.810s] running install_scripts
[3.878s] Installing face_detect_client_node script to /home/fishros/chapt4/chapt4_ws/install/demo_python_service/lib/demo_python_service
[3.883s] Installing face_detect_node script to /home/fishros/chapt4/chapt4_ws/install/demo_python_service/lib/demo_python_service
[3.884s] Installing learn_face_detect script to /home/fishros/chapt4/chapt4_ws/install/demo_python_service/lib/demo_python_service
[3.886s] writing list of installed files to '/home/fishros/chapt4/chapt4_ws/build/demo_python_service/install.log'
[3.974s] Invoked command in '/home/fishros/chapt4/chapt4_ws/src/demo_python_service' returned '0': AMENT_PREFIX_PATH=/home/fishros/chapt4/chapt4_ws/install/chapt4_interfaces:${AMENT_PREFIX_PATH} CMAKE_PREFIX_PATH=/home/fishros/chapt4/chapt4_ws/install/chapt4_interfaces LD_LIBRARY_PATH=/home/fishros/chapt4/chapt4_ws/install/chapt4_interfaces/lib:${LD_LIBRARY_PATH} PYTHONPATH=/home/fishros/chapt4/chapt4_ws/build/demo_python_service/prefix_override:/usr/lib/python3/dist-packages/colcon_core/task/python/colcon_distutils_commands:/home/fishros/chapt4/chapt4_ws/install/demo_python_service/lib/python3.10/site-packages:/home/fishros/chapt4/chapt4_ws/install/chapt4_interfaces/local/lib/python3.10/dist-packages:${PYTHONPATH} /usr/bin/python3 -W ignore:setup.py install is deprecated -W ignore:easy_install command is deprecated setup.py egg_info --egg-base ../../build/demo_python_service build --build-base /home/fishros/chapt4/chapt4_ws/build/demo_python_service/build install --record /home/fishros/chapt4/chapt4_ws/build/demo_python_service/install.log --single-version-externally-managed install_data
