[0.581s] DEBUG:colcon:Command line arguments: ['/usr/bin/colcon', 'build']
[0.581s] DEBUG:colcon:Parsed command line arguments: Namespace(log_base=None, log_level=None, verb_name='build', build_base='build', install_base='install', merge_install=False, symlink_install=False, test_result_base=None, continue_on_error=False, executor='parallel', parallel_workers=1, event_handlers=None, ignore_user_meta=False, metas=['./colcon.meta'], base_paths=['.'], packages_ignore=None, packages_ignore_regex=None, paths=None, packages_up_to=None, packages_up_to_regex=None, packages_above=None, packages_above_and_dependencies=None, packages_above_depth=None, packages_select_by_dep=None, packages_skip_by_dep=None, packages_skip_up_to=None, packages_select_build_failed=False, packages_skip_build_finished=False, packages_select_test_failures=False, packages_skip_test_passed=False, packages_select=None, packages_skip=None, packages_select_regex=None, packages_skip_regex=None, packages_start=None, packages_end=None, allow_overriding=[], cmake_args=None, cmake_target=None, cmake_target_skip_unavailable=False, cmake_clean_cache=False, cmake_clean_first=False, cmake_force_configure=False, ament_cmake_args=None, catkin_cmake_args=None, catkin_skip_building_tests=False, verb_parser=<colcon_defaults.argument_parser.defaults.DefaultArgumentsDecorator object at 0x705d4d5eb0d0>, verb_extension=<colcon_core.verb.build.BuildVerb object at 0x705d4d71c580>, main=<bound method BuildVerb.main of <colcon_core.verb.build.BuildVerb object at 0x705d4d71c580>>)
[1.448s] Level 1:colcon.colcon_core.package_discovery:discover_packages(colcon_meta) check parameters
[1.448s] Level 1:colcon.colcon_core.package_discovery:discover_packages(recursive) check parameters
[1.449s] Level 1:colcon.colcon_core.package_discovery:discover_packages(ignore) check parameters
[1.449s] Level 1:colcon.colcon_core.package_discovery:discover_packages(path) check parameters
[1.449s] Level 1:colcon.colcon_core.package_discovery:discover_packages(colcon_meta) discover
[1.449s] Level 1:colcon.colcon_core.package_discovery:discover_packages(recursive) discover
[1.449s] INFO:colcon.colcon_core.package_discovery:Crawling recursively for packages in '/home/fishros/chapt4/chapt4_ws/src/chapt4_interfaces'
[1.449s] Level 1:colcon.colcon_core.package_identification:_identify(.) by extensions ['ignore', 'ignore_ament_install']
[1.449s] Level 1:colcon.colcon_core.package_identification:_identify(.) by extension 'ignore'
[1.449s] Level 1:colcon.colcon_core.package_identification:_identify(.) by extension 'ignore_ament_install'
[1.449s] Level 1:colcon.colcon_core.package_identification:_identify(.) by extensions ['colcon_pkg']
[1.449s] Level 1:colcon.colcon_core.package_identification:_identify(.) by extension 'colcon_pkg'
[1.449s] Level 1:colcon.colcon_core.package_identification:_identify(.) by extensions ['colcon_meta']
[1.449s] Level 1:colcon.colcon_core.package_identification:_identify(.) by extension 'colcon_meta'
[1.449s] Level 1:colcon.colcon_core.package_identification:_identify(.) by extensions ['ros']
[1.449s] Level 1:colcon.colcon_core.package_identification:_identify(.) by extension 'ros'
[1.475s] DEBUG:colcon.colcon_core.package_identification:Package '.' with type 'ros.ament_cmake' and name 'chapt4_interfaces'
[1.475s] Level 1:colcon.colcon_core.package_discovery:discover_packages(recursive) using defaults
[1.475s] Level 1:colcon.colcon_core.package_discovery:discover_packages(ignore) discover
[1.475s] Level 1:colcon.colcon_core.package_discovery:discover_packages(ignore) using defaults
[1.475s] Level 1:colcon.colcon_core.package_discovery:discover_packages(path) discover
[1.475s] Level 1:colcon.colcon_core.package_discovery:discover_packages(path) using defaults
[1.521s] Level 1:colcon.colcon_core.package_discovery:discover_packages(prefix_path) check parameters
[1.521s] Level 1:colcon.colcon_core.package_discovery:discover_packages(prefix_path) discover
[1.529s] DEBUG:colcon.colcon_installed_package_information.package_discovery:Found 271 installed packages in /opt/ros/humble
[1.531s] Level 1:colcon.colcon_core.package_discovery:discover_packages(prefix_path) using defaults
[1.649s] Level 5:colcon.colcon_core.verb:set package 'chapt4_interfaces' build argument 'cmake_args' from command line to 'None'
[1.649s] Level 5:colcon.colcon_core.verb:set package 'chapt4_interfaces' build argument 'cmake_target' from command line to 'None'
[1.649s] Level 5:colcon.colcon_core.verb:set package 'chapt4_interfaces' build argument 'cmake_target_skip_unavailable' from command line to 'False'
[1.649s] Level 5:colcon.colcon_core.verb:set package 'chapt4_interfaces' build argument 'cmake_clean_cache' from command line to 'False'
[1.649s] Level 5:colcon.colcon_core.verb:set package 'chapt4_interfaces' build argument 'cmake_clean_first' from command line to 'False'
[1.649s] Level 5:colcon.colcon_core.verb:set package 'chapt4_interfaces' build argument 'cmake_force_configure' from command line to 'False'
[1.649s] Level 5:colcon.colcon_core.verb:set package 'chapt4_interfaces' build argument 'ament_cmake_args' from command line to 'None'
[1.649s] Level 5:colcon.colcon_core.verb:set package 'chapt4_interfaces' build argument 'catkin_cmake_args' from command line to 'None'
[1.649s] Level 5:colcon.colcon_core.verb:set package 'chapt4_interfaces' build argument 'catkin_skip_building_tests' from command line to 'False'
[1.649s] DEBUG:colcon.colcon_core.verb:Building package 'chapt4_interfaces' with the following arguments: {'ament_cmake_args': None, 'build_base': '/home/fishros/chapt4/chapt4_ws/src/chapt4_interfaces/build/chapt4_interfaces', 'catkin_cmake_args': None, 'catkin_skip_building_tests': False, 'cmake_args': None, 'cmake_clean_cache': False, 'cmake_clean_first': False, 'cmake_force_configure': False, 'cmake_target': None, 'cmake_target_skip_unavailable': False, 'install_base': '/home/fishros/chapt4/chapt4_ws/src/chapt4_interfaces/install/chapt4_interfaces', 'merge_install': False, 'path': '/home/fishros/chapt4/chapt4_ws/src/chapt4_interfaces', 'symlink_install': False, 'test_result_base': None}
[1.650s] INFO:colcon.colcon_core.executor:Executing jobs using 'parallel' executor
[1.651s] DEBUG:colcon.colcon_parallel_executor.executor.parallel:run_until_complete
[1.652s] INFO:colcon.colcon_ros.task.ament_cmake.build:Building ROS package in '/home/fishros/chapt4/chapt4_ws/src/chapt4_interfaces' with build type 'ament_cmake'
[1.652s] INFO:colcon.colcon_cmake.task.cmake.build:Building CMake package in '/home/fishros/chapt4/chapt4_ws/src/chapt4_interfaces'
[1.662s] INFO:colcon.colcon_core.plugin_system:Skipping extension 'colcon_core.shell.bat': Not used on non-Windows systems
[1.662s] INFO:colcon.colcon_core.shell:Skip shell extension 'powershell' for command environment: Not usable outside of PowerShell
[1.663s] DEBUG:colcon.colcon_core.shell:Skip shell extension 'dsv' for command environment
[1.680s] DEBUG:colcon.colcon_core.event_handler.log_command:Invoking command in '/home/fishros/chapt4/chapt4_ws/src/chapt4_interfaces/build/chapt4_interfaces': CMAKE_PREFIX_PATH=/opt/ros/humble /usr/bin/cmake /home/fishros/chapt4/chapt4_ws/src/chapt4_interfaces -DCMAKE_INSTALL_PREFIX=/home/fishros/chapt4/chapt4_ws/src/chapt4_interfaces/install/chapt4_interfaces
[4.892s] DEBUG:colcon.colcon_core.event_handler.log_command:Invoked command in '/home/fishros/chapt4/chapt4_ws/src/chapt4_interfaces/build/chapt4_interfaces' returned '1': CMAKE_PREFIX_PATH=/opt/ros/humble /usr/bin/cmake /home/fishros/chapt4/chapt4_ws/src/chapt4_interfaces -DCMAKE_INSTALL_PREFIX=/home/fishros/chapt4/chapt4_ws/src/chapt4_interfaces/install/chapt4_interfaces
[4.943s] Level 1:colcon.colcon_core.environment:create_environment_scripts_only(chapt4_interfaces)
[4.968s] Level 1:colcon.colcon_core.environment:checking '/home/fishros/chapt4/chapt4_ws/src/chapt4_interfaces/install/chapt4_interfaces' for CMake module files
[4.968s] Level 1:colcon.colcon_core.environment:checking '/home/fishros/chapt4/chapt4_ws/src/chapt4_interfaces/install/chapt4_interfaces' for CMake config files
[4.971s] Level 1:colcon.colcon_core.environment:checking '/home/fishros/chapt4/chapt4_ws/src/chapt4_interfaces/install/chapt4_interfaces/bin'
[4.971s] Level 1:colcon.colcon_core.environment:checking '/home/fishros/chapt4/chapt4_ws/src/chapt4_interfaces/install/chapt4_interfaces/lib/pkgconfig/chapt4_interfaces.pc'
[4.971s] Level 1:colcon.colcon_core.environment:checking '/home/fishros/chapt4/chapt4_ws/src/chapt4_interfaces/install/chapt4_interfaces/lib/python3.10/site-packages'
[4.971s] Level 1:colcon.colcon_core.environment:checking '/home/fishros/chapt4/chapt4_ws/src/chapt4_interfaces/install/chapt4_interfaces/bin'
[4.973s] INFO:colcon.colcon_core.shell:Creating package script '/home/fishros/chapt4/chapt4_ws/src/chapt4_interfaces/install/chapt4_interfaces/share/chapt4_interfaces/package.ps1'
[4.980s] INFO:colcon.colcon_core.shell:Creating package descriptor '/home/fishros/chapt4/chapt4_ws/src/chapt4_interfaces/install/chapt4_interfaces/share/chapt4_interfaces/package.dsv'
[4.982s] INFO:colcon.colcon_core.shell:Creating package script '/home/fishros/chapt4/chapt4_ws/src/chapt4_interfaces/install/chapt4_interfaces/share/chapt4_interfaces/package.sh'
[4.985s] INFO:colcon.colcon_core.shell:Creating package script '/home/fishros/chapt4/chapt4_ws/src/chapt4_interfaces/install/chapt4_interfaces/share/chapt4_interfaces/package.bash'
[4.994s] INFO:colcon.colcon_core.shell:Creating package script '/home/fishros/chapt4/chapt4_ws/src/chapt4_interfaces/install/chapt4_interfaces/share/chapt4_interfaces/package.zsh'
[4.997s] Level 1:colcon.colcon_core.environment:create_file_with_runtime_dependencies(/home/fishros/chapt4/chapt4_ws/src/chapt4_interfaces/install/chapt4_interfaces/share/colcon-core/packages/chapt4_interfaces)
[5.000s] DEBUG:colcon.colcon_parallel_executor.executor.parallel:closing loop
[5.001s] DEBUG:colcon.colcon_parallel_executor.executor.parallel:loop closed
[5.001s] DEBUG:colcon.colcon_parallel_executor.executor.parallel:run_until_complete finished with '1'
[5.006s] DEBUG:colcon.colcon_core.event_reactor:joining thread
[5.058s] INFO:colcon.colcon_core.plugin_system:Skipping extension 'colcon_notification.desktop_notification.terminal_notifier': Not used on non-Darwin systems
[5.058s] INFO:colcon.colcon_core.plugin_system:Skipping extension 'colcon_notification.desktop_notification.win32': Not used on non-Windows systems
[5.058s] INFO:colcon.colcon_notification.desktop_notification:Sending desktop notification using 'notify2'
[5.276s] DEBUG:colcon.colcon_core.event_reactor:joined thread
[5.278s] INFO:colcon.colcon_core.shell:Creating prefix script '/home/fishros/chapt4/chapt4_ws/src/chapt4_interfaces/install/local_setup.ps1'
[5.286s] INFO:colcon.colcon_core.shell:Creating prefix util module '/home/fishros/chapt4/chapt4_ws/src/chapt4_interfaces/install/_local_setup_util_ps1.py'
[5.294s] INFO:colcon.colcon_core.shell:Creating prefix chain script '/home/fishros/chapt4/chapt4_ws/src/chapt4_interfaces/install/setup.ps1'
[5.299s] INFO:colcon.colcon_core.shell:Creating prefix script '/home/fishros/chapt4/chapt4_ws/src/chapt4_interfaces/install/local_setup.sh'
[5.302s] INFO:colcon.colcon_core.shell:Creating prefix util module '/home/fishros/chapt4/chapt4_ws/src/chapt4_interfaces/install/_local_setup_util_sh.py'
[5.305s] INFO:colcon.colcon_core.shell:Creating prefix chain script '/home/fishros/chapt4/chapt4_ws/src/chapt4_interfaces/install/setup.sh'
[5.311s] INFO:colcon.colcon_core.shell:Creating prefix script '/home/fishros/chapt4/chapt4_ws/src/chapt4_interfaces/install/local_setup.bash'
[5.313s] INFO:colcon.colcon_core.shell:Creating prefix chain script '/home/fishros/chapt4/chapt4_ws/src/chapt4_interfaces/install/setup.bash'
[5.319s] INFO:colcon.colcon_core.shell:Creating prefix script '/home/fishros/chapt4/chapt4_ws/src/chapt4_interfaces/install/local_setup.zsh'
[5.320s] INFO:colcon.colcon_core.shell:Creating prefix chain script '/home/fishros/chapt4/chapt4_ws/src/chapt4_interfaces/install/setup.zsh'
