[0.047s] Invoking command in '/home/fishros/chapt2/demo_cpp_pkg/build/demo_cpp_pkg': CMAKE_PREFIX_PATH=/opt/ros/humble /usr/bin/cmake /home/fishros/chapt2/demo_cpp_pkg -DCMAKE_INSTALL_PREFIX=/home/fishros/chapt2/demo_cpp_pkg/install/demo_cpp_pkg
[0.734s] -- The C compiler identification is GNU 11.4.0
[1.145s] -- The CXX compiler identification is GNU 11.4.0
[1.189s] -- Detecting C compiler ABI info
[1.471s] -- Detecting C compiler ABI info - done
[1.497s] -- Check for working C compiler: /usr/bin/cc - skipped
[1.498s] -- Detecting C compile features
[1.501s] -- Detecting C compile features - done
[1.512s] -- Detecting CXX compiler ABI info
[1.856s] -- Detecting CXX compiler ABI info - done
[1.898s] -- Check for working CXX compiler: /usr/bin/c++ - skipped
[1.898s] -- Detecting CXX compile features
[1.903s] -- Detecting CXX compile features - done
[1.940s] -- Found ament_cmake: 1.3.11 (/opt/ros/humble/share/ament_cmake/cmake)
[2.551s] -- Found Python3: /usr/bin/python3 (found version "3.10.12") found components: Interpreter 
[2.872s] -- Found rclcpp: 16.0.12 (/opt/ros/humble/share/rclcpp/cmake)
[3.021s] -- Found rosidl_generator_c: 3.1.6 (/opt/ros/humble/share/rosidl_generator_c/cmake)
[3.037s] -- Found rosidl_adapter: 3.1.6 (/opt/ros/humble/share/rosidl_adapter/cmake)
[3.081s] -- Found rosidl_generator_cpp: 3.1.6 (/opt/ros/humble/share/rosidl_generator_cpp/cmake)
[3.148s] -- Using all available rosidl_typesupport_c: rosidl_typesupport_fastrtps_c;rosidl_typesupport_introspection_c
[3.206s] -- Using all available rosidl_typesupport_cpp: rosidl_typesupport_fastrtps_cpp;rosidl_typesupport_introspection_cpp
[3.405s] -- Found rmw_implementation_cmake: 6.1.2 (/opt/ros/humble/share/rmw_implementation_cmake/cmake)
[3.423s] -- Found rmw_fastrtps_cpp: 6.2.7 (/opt/ros/humble/share/rmw_fastrtps_cpp/cmake)
[3.745s] -- Found OpenSSL: /usr/lib/x86_64-linux-gnu/libcrypto.so (found version "3.0.2")  
[3.820s] -- Found FastRTPS: /opt/ros/humble/include  
[3.976s] -- Using RMW implementation 'rmw_fastrtps_cpp' as default
[4.016s] -- Looking for pthread.h
[4.281s] -- Looking for pthread.h - found
[4.281s] -- Performing Test CMAKE_HAVE_LIBC_PTHREAD
[4.512s] -- Performing Test CMAKE_HAVE_LIBC_PTHREAD - Success
[4.514s] -- Found Threads: TRUE  
[4.758s] [31mCMake Error at CMakeLists.txt:16 (install):
[4.758s]   install does not recognize sub-command TARGET
[4.758s] 
[4.758s] [0m
[4.763s] -- Found ament_lint_auto: 0.12.12 (/opt/ros/humble/share/ament_lint_auto/cmake)
[5.024s] -- Added test 'cppcheck' to perform static code analysis on C / C++ code
[5.024s] -- Configured cppcheck include dirs: 
[5.024s] -- Configured cppcheck exclude dirs and/or files: 
[5.030s] -- Added test 'lint_cmake' to check CMake code style
[5.046s] -- Added test 'uncrustify' to check C / C++ code style
[5.048s] -- Configured uncrustify additional arguments: 
[5.051s] -- Added test 'xmllint' to check XML markup files
[5.055s] -- Configuring incomplete, errors occurred!
[5.056s] See also "/home/fishros/chapt2/demo_cpp_pkg/build/demo_cpp_pkg/CMakeFiles/CMakeOutput.log".
[5.088s] Invoked command in '/home/fishros/chapt2/demo_cpp_pkg/build/demo_cpp_pkg' returned '1': CMAKE_PREFIX_PATH=/opt/ros/humble /usr/bin/cmake /home/fishros/chapt2/demo_cpp_pkg -DCMAKE_INSTALL_PREFIX=/home/fishros/chapt2/demo_cpp_pkg/install/demo_cpp_pkg
