[0.612s] DEBUG:colcon:Command line arguments: ['/usr/bin/colcon', 'build']
[0.614s] DEBUG:colcon:Parsed command line arguments: Namespace(log_base=None, log_level=None, verb_name='build', build_base='build', install_base='install', merge_install=False, symlink_install=False, test_result_base=None, continue_on_error=False, executor='parallel', parallel_workers=1, event_handlers=None, ignore_user_meta=False, metas=['./colcon.meta'], base_paths=['.'], packages_ignore=None, packages_ignore_regex=None, paths=None, packages_up_to=None, packages_up_to_regex=None, packages_above=None, packages_above_and_dependencies=None, packages_above_depth=None, packages_select_by_dep=None, packages_skip_by_dep=None, packages_skip_up_to=None, packages_select_build_failed=False, packages_skip_build_finished=False, packages_select_test_failures=False, packages_skip_test_passed=False, packages_select=None, packages_skip=None, packages_select_regex=None, packages_skip_regex=None, packages_start=None, packages_end=None, allow_overriding=[], cmake_args=None, cmake_target=None, cmake_target_skip_unavailable=False, cmake_clean_cache=False, cmake_clean_first=False, cmake_force_configure=False, ament_cmake_args=None, catkin_cmake_args=None, catkin_skip_building_tests=False, verb_parser=<colcon_defaults.argument_parser.defaults.DefaultArgumentsDecorator object at 0x7258869eb040>, verb_extension=<colcon_core.verb.build.BuildVerb object at 0x725886b1c4f0>, main=<bound method BuildVerb.main of <colcon_core.verb.build.BuildVerb object at 0x725886b1c4f0>>)
[1.261s] Level 1:colcon.colcon_core.package_discovery:discover_packages(colcon_meta) check parameters
[1.262s] Level 1:colcon.colcon_core.package_discovery:discover_packages(recursive) check parameters
[1.262s] Level 1:colcon.colcon_core.package_discovery:discover_packages(ignore) check parameters
[1.262s] Level 1:colcon.colcon_core.package_discovery:discover_packages(path) check parameters
[1.262s] Level 1:colcon.colcon_core.package_discovery:discover_packages(colcon_meta) discover
[1.262s] Level 1:colcon.colcon_core.package_discovery:discover_packages(recursive) discover
[1.263s] INFO:colcon.colcon_core.package_discovery:Crawling recursively for packages in '/home/fishros/chapt3/topic_practice_ws'
[1.263s] Level 1:colcon.colcon_core.package_identification:_identify(.) by extensions ['ignore', 'ignore_ament_install']
[1.264s] Level 1:colcon.colcon_core.package_identification:_identify(.) by extension 'ignore'
[1.264s] Level 1:colcon.colcon_core.package_identification:_identify(.) by extension 'ignore_ament_install'
[1.264s] Level 1:colcon.colcon_core.package_identification:_identify(.) by extensions ['colcon_pkg']
[1.264s] Level 1:colcon.colcon_core.package_identification:_identify(.) by extension 'colcon_pkg'
[1.264s] Level 1:colcon.colcon_core.package_identification:_identify(.) by extensions ['colcon_meta']
[1.264s] Level 1:colcon.colcon_core.package_identification:_identify(.) by extension 'colcon_meta'
[1.265s] Level 1:colcon.colcon_core.package_identification:_identify(.) by extensions ['ros']
[1.265s] Level 1:colcon.colcon_core.package_identification:_identify(.) by extension 'ros'
[1.321s] Level 1:colcon.colcon_core.package_identification:_identify(.) by extensions ['cmake', 'python']
[1.322s] Level 1:colcon.colcon_core.package_identification:_identify(.) by extension 'cmake'
[1.322s] Level 1:colcon.colcon_core.package_identification:_identify(.) by extension 'python'
[1.323s] Level 1:colcon.colcon_core.package_identification:_identify(.) by extensions ['python_setup_py']
[1.323s] Level 1:colcon.colcon_core.package_identification:_identify(.) by extension 'python_setup_py'
[1.323s] Level 1:colcon.colcon_core.package_identification:_identify(build) by extensions ['ignore', 'ignore_ament_install']
[1.323s] Level 1:colcon.colcon_core.package_identification:_identify(build) by extension 'ignore'
[1.323s] Level 1:colcon.colcon_core.package_identification:_identify(build) ignored
[1.324s] Level 1:colcon.colcon_core.package_identification:_identify(install) by extensions ['ignore', 'ignore_ament_install']
[1.324s] Level 1:colcon.colcon_core.package_identification:_identify(install) by extension 'ignore'
[1.325s] Level 1:colcon.colcon_core.package_identification:_identify(install) ignored
[1.325s] Level 1:colcon.colcon_core.package_identification:_identify(log) by extensions ['ignore', 'ignore_ament_install']
[1.325s] Level 1:colcon.colcon_core.package_identification:_identify(log) by extension 'ignore'
[1.325s] Level 1:colcon.colcon_core.package_identification:_identify(log) ignored
[1.325s] Level 1:colcon.colcon_core.package_identification:_identify(src) by extensions ['ignore', 'ignore_ament_install']
[1.325s] Level 1:colcon.colcon_core.package_identification:_identify(src) by extension 'ignore'
[1.326s] Level 1:colcon.colcon_core.package_identification:_identify(src) by extension 'ignore_ament_install'
[1.327s] Level 1:colcon.colcon_core.package_identification:_identify(src) by extensions ['colcon_pkg']
[1.327s] Level 1:colcon.colcon_core.package_identification:_identify(src) by extension 'colcon_pkg'
[1.327s] Level 1:colcon.colcon_core.package_identification:_identify(src) by extensions ['colcon_meta']
[1.327s] Level 1:colcon.colcon_core.package_identification:_identify(src) by extension 'colcon_meta'
[1.327s] Level 1:colcon.colcon_core.package_identification:_identify(src) by extensions ['ros']
[1.327s] Level 1:colcon.colcon_core.package_identification:_identify(src) by extension 'ros'
[1.327s] Level 1:colcon.colcon_core.package_identification:_identify(src) by extensions ['cmake', 'python']
[1.327s] Level 1:colcon.colcon_core.package_identification:_identify(src) by extension 'cmake'
[1.327s] Level 1:colcon.colcon_core.package_identification:_identify(src) by extension 'python'
[1.329s] Level 1:colcon.colcon_core.package_identification:_identify(src) by extensions ['python_setup_py']
[1.329s] Level 1:colcon.colcon_core.package_identification:_identify(src) by extension 'python_setup_py'
[1.329s] Level 1:colcon.colcon_core.package_identification:_identify(src/status_interfaces) by extensions ['ignore', 'ignore_ament_install']
[1.329s] Level 1:colcon.colcon_core.package_identification:_identify(src/status_interfaces) by extension 'ignore'
[1.329s] Level 1:colcon.colcon_core.package_identification:_identify(src/status_interfaces) by extension 'ignore_ament_install'
[1.329s] Level 1:colcon.colcon_core.package_identification:_identify(src/status_interfaces) by extensions ['colcon_pkg']
[1.329s] Level 1:colcon.colcon_core.package_identification:_identify(src/status_interfaces) by extension 'colcon_pkg'
[1.329s] Level 1:colcon.colcon_core.package_identification:_identify(src/status_interfaces) by extensions ['colcon_meta']
[1.329s] Level 1:colcon.colcon_core.package_identification:_identify(src/status_interfaces) by extension 'colcon_meta'
[1.331s] Level 1:colcon.colcon_core.package_identification:_identify(src/status_interfaces) by extensions ['ros']
[1.331s] Level 1:colcon.colcon_core.package_identification:_identify(src/status_interfaces) by extension 'ros'
[1.342s] DEBUG:colcon.colcon_core.package_identification:Package 'src/status_interfaces' with type 'ros.ament_cmake' and name 'status_interfaces'
[1.342s] Level 1:colcon.colcon_core.package_discovery:discover_packages(recursive) using defaults
[1.342s] Level 1:colcon.colcon_core.package_discovery:discover_packages(ignore) discover
[1.342s] Level 1:colcon.colcon_core.package_discovery:discover_packages(ignore) using defaults
[1.342s] Level 1:colcon.colcon_core.package_discovery:discover_packages(path) discover
[1.342s] Level 1:colcon.colcon_core.package_discovery:discover_packages(path) using defaults
[1.396s] Level 1:colcon.colcon_core.package_discovery:discover_packages(prefix_path) check parameters
[1.396s] Level 1:colcon.colcon_core.package_discovery:discover_packages(prefix_path) discover
[1.401s] DEBUG:colcon.colcon_installed_package_information.package_discovery:Found 271 installed packages in /opt/ros/humble
[1.404s] Level 1:colcon.colcon_core.package_discovery:discover_packages(prefix_path) using defaults
[1.519s] Level 5:colcon.colcon_core.verb:set package 'status_interfaces' build argument 'cmake_args' from command line to 'None'
[1.519s] Level 5:colcon.colcon_core.verb:set package 'status_interfaces' build argument 'cmake_target' from command line to 'None'
[1.520s] Level 5:colcon.colcon_core.verb:set package 'status_interfaces' build argument 'cmake_target_skip_unavailable' from command line to 'False'
[1.520s] Level 5:colcon.colcon_core.verb:set package 'status_interfaces' build argument 'cmake_clean_cache' from command line to 'False'
[1.520s] Level 5:colcon.colcon_core.verb:set package 'status_interfaces' build argument 'cmake_clean_first' from command line to 'False'
[1.520s] Level 5:colcon.colcon_core.verb:set package 'status_interfaces' build argument 'cmake_force_configure' from command line to 'False'
[1.520s] Level 5:colcon.colcon_core.verb:set package 'status_interfaces' build argument 'ament_cmake_args' from command line to 'None'
[1.520s] Level 5:colcon.colcon_core.verb:set package 'status_interfaces' build argument 'catkin_cmake_args' from command line to 'None'
[1.520s] Level 5:colcon.colcon_core.verb:set package 'status_interfaces' build argument 'catkin_skip_building_tests' from command line to 'False'
[1.520s] DEBUG:colcon.colcon_core.verb:Building package 'status_interfaces' with the following arguments: {'ament_cmake_args': None, 'build_base': '/home/fishros/chapt3/topic_practice_ws/build/status_interfaces', 'catkin_cmake_args': None, 'catkin_skip_building_tests': False, 'cmake_args': None, 'cmake_clean_cache': False, 'cmake_clean_first': False, 'cmake_force_configure': False, 'cmake_target': None, 'cmake_target_skip_unavailable': False, 'install_base': '/home/fishros/chapt3/topic_practice_ws/install/status_interfaces', 'merge_install': False, 'path': '/home/fishros/chapt3/topic_practice_ws/src/status_interfaces', 'symlink_install': False, 'test_result_base': None}
[1.520s] INFO:colcon.colcon_core.executor:Executing jobs using 'parallel' executor
[1.523s] DEBUG:colcon.colcon_parallel_executor.executor.parallel:run_until_complete
[1.523s] INFO:colcon.colcon_ros.task.ament_cmake.build:Building ROS package in '/home/fishros/chapt3/topic_practice_ws/src/status_interfaces' with build type 'ament_cmake'
[1.524s] INFO:colcon.colcon_cmake.task.cmake.build:Building CMake package in '/home/fishros/chapt3/topic_practice_ws/src/status_interfaces'
[1.527s] INFO:colcon.colcon_core.plugin_system:Skipping extension 'colcon_core.shell.bat': Not used on non-Windows systems
[1.528s] INFO:colcon.colcon_core.shell:Skip shell extension 'powershell' for command environment: Not usable outside of PowerShell
[1.528s] DEBUG:colcon.colcon_core.shell:Skip shell extension 'dsv' for command environment
[1.558s] DEBUG:colcon.colcon_core.event_handler.log_command:Invoking command in '/home/fishros/chapt3/topic_practice_ws/build/status_interfaces': CMAKE_PREFIX_PATH=/opt/ros/humble /usr/bin/cmake /home/fishros/chapt3/topic_practice_ws/src/status_interfaces -DCMAKE_INSTALL_PREFIX=/home/fishros/chapt3/topic_practice_ws/install/status_interfaces
[9.476s] DEBUG:colcon.colcon_core.event_handler.log_command:Invoked command in '/home/fishros/chapt3/topic_practice_ws/build/status_interfaces' returned '0': CMAKE_PREFIX_PATH=/opt/ros/humble /usr/bin/cmake /home/fishros/chapt3/topic_practice_ws/src/status_interfaces -DCMAKE_INSTALL_PREFIX=/home/fishros/chapt3/topic_practice_ws/install/status_interfaces
[9.481s] DEBUG:colcon.colcon_core.event_handler.log_command:Invoking command in '/home/fishros/chapt3/topic_practice_ws/build/status_interfaces': CMAKE_PREFIX_PATH=/opt/ros/humble /usr/bin/cmake --build /home/fishros/chapt3/topic_practice_ws/build/status_interfaces -- -j1 -l1
[27.021s] DEBUG:colcon.colcon_core.event_handler.log_command:Invoked command in '/home/fishros/chapt3/topic_practice_ws/build/status_interfaces' returned '0': CMAKE_PREFIX_PATH=/opt/ros/humble /usr/bin/cmake --build /home/fishros/chapt3/topic_practice_ws/build/status_interfaces -- -j1 -l1
[27.059s] DEBUG:colcon.colcon_core.event_handler.log_command:Invoking command in '/home/fishros/chapt3/topic_practice_ws/build/status_interfaces': CMAKE_PREFIX_PATH=/opt/ros/humble /usr/bin/cmake --install /home/fishros/chapt3/topic_practice_ws/build/status_interfaces
[27.309s] Level 1:colcon.colcon_core.environment:create_environment_scripts_only(status_interfaces)
[27.312s] DEBUG:colcon.colcon_core.event_handler.log_command:Invoked command in '/home/fishros/chapt3/topic_practice_ws/build/status_interfaces' returned '0': CMAKE_PREFIX_PATH=/opt/ros/humble /usr/bin/cmake --install /home/fishros/chapt3/topic_practice_ws/build/status_interfaces
[27.330s] Level 1:colcon.colcon_core.environment:checking '/home/fishros/chapt3/topic_practice_ws/install/status_interfaces' for CMake module files
[27.332s] Level 1:colcon.colcon_core.environment:checking '/home/fishros/chapt3/topic_practice_ws/install/status_interfaces' for CMake config files
[27.332s] Level 1:colcon.colcon_core.shell:create_environment_hook('status_interfaces', 'cmake_prefix_path')
[27.333s] INFO:colcon.colcon_core.shell:Creating environment hook '/home/fishros/chapt3/topic_practice_ws/install/status_interfaces/share/status_interfaces/hook/cmake_prefix_path.ps1'
[27.337s] INFO:colcon.colcon_core.shell:Creating environment descriptor '/home/fishros/chapt3/topic_practice_ws/install/status_interfaces/share/status_interfaces/hook/cmake_prefix_path.dsv'
[27.343s] INFO:colcon.colcon_core.shell:Creating environment hook '/home/fishros/chapt3/topic_practice_ws/install/status_interfaces/share/status_interfaces/hook/cmake_prefix_path.sh'
[27.348s] Level 1:colcon.colcon_core.environment:checking '/home/fishros/chapt3/topic_practice_ws/install/status_interfaces/lib'
[27.348s] Level 1:colcon.colcon_core.shell:create_environment_hook('status_interfaces', 'ld_library_path_lib')
[27.349s] INFO:colcon.colcon_core.shell:Creating environment hook '/home/fishros/chapt3/topic_practice_ws/install/status_interfaces/share/status_interfaces/hook/ld_library_path_lib.ps1'
[27.350s] INFO:colcon.colcon_core.shell:Creating environment descriptor '/home/fishros/chapt3/topic_practice_ws/install/status_interfaces/share/status_interfaces/hook/ld_library_path_lib.dsv'
[27.350s] INFO:colcon.colcon_core.shell:Creating environment hook '/home/fishros/chapt3/topic_practice_ws/install/status_interfaces/share/status_interfaces/hook/ld_library_path_lib.sh'
[27.353s] Level 1:colcon.colcon_core.environment:checking '/home/fishros/chapt3/topic_practice_ws/install/status_interfaces/bin'
[27.354s] Level 1:colcon.colcon_core.environment:checking '/home/fishros/chapt3/topic_practice_ws/install/status_interfaces/lib/pkgconfig/status_interfaces.pc'
[27.354s] Level 1:colcon.colcon_core.environment:checking '/home/fishros/chapt3/topic_practice_ws/install/status_interfaces/lib/python3.10/site-packages'
[27.356s] Level 1:colcon.colcon_core.environment:checking '/home/fishros/chapt3/topic_practice_ws/install/status_interfaces/bin'
[27.358s] INFO:colcon.colcon_core.shell:Creating package script '/home/fishros/chapt3/topic_practice_ws/install/status_interfaces/share/status_interfaces/package.ps1'
[27.360s] INFO:colcon.colcon_core.shell:Creating package descriptor '/home/fishros/chapt3/topic_practice_ws/install/status_interfaces/share/status_interfaces/package.dsv'
[27.365s] INFO:colcon.colcon_core.shell:Creating package script '/home/fishros/chapt3/topic_practice_ws/install/status_interfaces/share/status_interfaces/package.sh'
[27.367s] INFO:colcon.colcon_core.shell:Creating package script '/home/fishros/chapt3/topic_practice_ws/install/status_interfaces/share/status_interfaces/package.bash'
[27.370s] INFO:colcon.colcon_core.shell:Creating package script '/home/fishros/chapt3/topic_practice_ws/install/status_interfaces/share/status_interfaces/package.zsh'
[27.373s] Level 1:colcon.colcon_core.environment:create_file_with_runtime_dependencies(/home/fishros/chapt3/topic_practice_ws/install/status_interfaces/share/colcon-core/packages/status_interfaces)
[27.375s] Level 1:colcon.colcon_core.environment:create_environment_scripts_only(status_interfaces)
[27.376s] Level 1:colcon.colcon_core.environment:checking '/home/fishros/chapt3/topic_practice_ws/install/status_interfaces' for CMake module files
[27.376s] Level 1:colcon.colcon_core.environment:checking '/home/fishros/chapt3/topic_practice_ws/install/status_interfaces' for CMake config files
[27.379s] Level 1:colcon.colcon_core.shell:create_environment_hook('status_interfaces', 'cmake_prefix_path')
[27.379s] INFO:colcon.colcon_core.shell:Creating environment hook '/home/fishros/chapt3/topic_practice_ws/install/status_interfaces/share/status_interfaces/hook/cmake_prefix_path.ps1'
[27.381s] INFO:colcon.colcon_core.shell:Creating environment descriptor '/home/fishros/chapt3/topic_practice_ws/install/status_interfaces/share/status_interfaces/hook/cmake_prefix_path.dsv'
[27.381s] INFO:colcon.colcon_core.shell:Creating environment hook '/home/fishros/chapt3/topic_practice_ws/install/status_interfaces/share/status_interfaces/hook/cmake_prefix_path.sh'
[27.383s] Level 1:colcon.colcon_core.environment:checking '/home/fishros/chapt3/topic_practice_ws/install/status_interfaces/lib'
[27.383s] Level 1:colcon.colcon_core.shell:create_environment_hook('status_interfaces', 'ld_library_path_lib')
[27.384s] INFO:colcon.colcon_core.shell:Creating environment hook '/home/fishros/chapt3/topic_practice_ws/install/status_interfaces/share/status_interfaces/hook/ld_library_path_lib.ps1'
[27.385s] INFO:colcon.colcon_core.shell:Creating environment descriptor '/home/fishros/chapt3/topic_practice_ws/install/status_interfaces/share/status_interfaces/hook/ld_library_path_lib.dsv'
[27.387s] INFO:colcon.colcon_core.shell:Creating environment hook '/home/fishros/chapt3/topic_practice_ws/install/status_interfaces/share/status_interfaces/hook/ld_library_path_lib.sh'
[27.388s] Level 1:colcon.colcon_core.environment:checking '/home/fishros/chapt3/topic_practice_ws/install/status_interfaces/bin'
[27.388s] Level 1:colcon.colcon_core.environment:checking '/home/fishros/chapt3/topic_practice_ws/install/status_interfaces/lib/pkgconfig/status_interfaces.pc'
[27.388s] Level 1:colcon.colcon_core.environment:checking '/home/fishros/chapt3/topic_practice_ws/install/status_interfaces/lib/python3.10/site-packages'
[27.389s] Level 1:colcon.colcon_core.environment:checking '/home/fishros/chapt3/topic_practice_ws/install/status_interfaces/bin'
[27.390s] INFO:colcon.colcon_core.shell:Creating package script '/home/fishros/chapt3/topic_practice_ws/install/status_interfaces/share/status_interfaces/package.ps1'
[27.391s] INFO:colcon.colcon_core.shell:Creating package descriptor '/home/fishros/chapt3/topic_practice_ws/install/status_interfaces/share/status_interfaces/package.dsv'
[27.393s] INFO:colcon.colcon_core.shell:Creating package script '/home/fishros/chapt3/topic_practice_ws/install/status_interfaces/share/status_interfaces/package.sh'
[27.394s] INFO:colcon.colcon_core.shell:Creating package script '/home/fishros/chapt3/topic_practice_ws/install/status_interfaces/share/status_interfaces/package.bash'
[27.396s] INFO:colcon.colcon_core.shell:Creating package script '/home/fishros/chapt3/topic_practice_ws/install/status_interfaces/share/status_interfaces/package.zsh'
[27.397s] Level 1:colcon.colcon_core.environment:create_file_with_runtime_dependencies(/home/fishros/chapt3/topic_practice_ws/install/status_interfaces/share/colcon-core/packages/status_interfaces)
[27.400s] DEBUG:colcon.colcon_parallel_executor.executor.parallel:closing loop
[27.400s] DEBUG:colcon.colcon_parallel_executor.executor.parallel:loop closed
[27.400s] DEBUG:colcon.colcon_parallel_executor.executor.parallel:run_until_complete finished with '0'
[27.400s] DEBUG:colcon.colcon_core.event_reactor:joining thread
[27.422s] INFO:colcon.colcon_core.plugin_system:Skipping extension 'colcon_notification.desktop_notification.terminal_notifier': Not used on non-Darwin systems
[27.422s] INFO:colcon.colcon_core.plugin_system:Skipping extension 'colcon_notification.desktop_notification.win32': Not used on non-Windows systems
[27.422s] INFO:colcon.colcon_notification.desktop_notification:Sending desktop notification using 'notify2'
[27.459s] DEBUG:colcon.colcon_core.event_reactor:joined thread
[27.460s] INFO:colcon.colcon_core.shell:Creating prefix script '/home/fishros/chapt3/topic_practice_ws/install/local_setup.ps1'
[27.465s] INFO:colcon.colcon_core.shell:Creating prefix util module '/home/fishros/chapt3/topic_practice_ws/install/_local_setup_util_ps1.py'
[27.473s] INFO:colcon.colcon_core.shell:Creating prefix chain script '/home/fishros/chapt3/topic_practice_ws/install/setup.ps1'
[27.479s] INFO:colcon.colcon_core.shell:Creating prefix script '/home/fishros/chapt3/topic_practice_ws/install/local_setup.sh'
[27.481s] INFO:colcon.colcon_core.shell:Creating prefix util module '/home/fishros/chapt3/topic_practice_ws/install/_local_setup_util_sh.py'
[27.483s] INFO:colcon.colcon_core.shell:Creating prefix chain script '/home/fishros/chapt3/topic_practice_ws/install/setup.sh'
[27.490s] INFO:colcon.colcon_core.shell:Creating prefix script '/home/fishros/chapt3/topic_practice_ws/install/local_setup.bash'
[27.495s] INFO:colcon.colcon_core.shell:Creating prefix chain script '/home/fishros/chapt3/topic_practice_ws/install/setup.bash'
[27.499s] INFO:colcon.colcon_core.shell:Creating prefix script '/home/fishros/chapt3/topic_practice_ws/install/local_setup.zsh'
[27.502s] INFO:colcon.colcon_core.shell:Creating prefix chain script '/home/fishros/chapt3/topic_practice_ws/install/setup.zsh'
