[2.117s] Invoking command in '/home/fishros/chapt4/chapt4_ws/src/demo_python_service': PYTHONPATH=/home/fishros/chapt4/chapt4_ws/src/demo_python_service/build/demo_python_service/prefix_override:/usr/lib/python3/dist-packages/colcon_core/task/python/colcon_distutils_commands:/home/fishros/chapt4/chapt4_ws/src/demo_python_service/install/demo_python_service/lib/python3.10/site-packages:${PYTHONPATH} /usr/bin/python3 -W ignore:setup.py install is deprecated -W ignore:easy_install command is deprecated setup.py egg_info --egg-base build/demo_python_service build --build-base /home/fishros/chapt4/chapt4_ws/src/demo_python_service/build/demo_python_service/build install --record /home/fishros/chapt4/chapt4_ws/src/demo_python_service/build/demo_python_service/install.log --single-version-externally-managed install_data
[2.791s] running egg_info
[2.792s] creating build/demo_python_service/demo_python_service.egg-info
[2.793s] writing build/demo_python_service/demo_python_service.egg-info/PKG-INFO
[2.795s] writing dependency_links to build/demo_python_service/demo_python_service.egg-info/dependency_links.txt
[2.796s] writing entry points to build/demo_python_service/demo_python_service.egg-info/entry_points.txt
[2.797s] writing requirements to build/demo_python_service/demo_python_service.egg-info/requires.txt
[2.797s] writing top-level names to build/demo_python_service/demo_python_service.egg-info/top_level.txt
[2.797s] writing manifest file 'build/demo_python_service/demo_python_service.egg-info/SOURCES.txt'
[2.802s] reading manifest file 'build/demo_python_service/demo_python_service.egg-info/SOURCES.txt'
[2.805s] adding license file 'LICENSE'
[2.806s] writing manifest file 'build/demo_python_service/demo_python_service.egg-info/SOURCES.txt'
[2.807s] running build
[2.807s] running build_py
[2.809s] creating /home/fishros/chapt4/chapt4_ws/src/demo_python_service/build/demo_python_service/build
[2.810s] creating /home/fishros/chapt4/chapt4_ws/src/demo_python_service/build/demo_python_service/build/lib
[2.810s] creating /home/fishros/chapt4/chapt4_ws/src/demo_python_service/build/demo_python_service/build/lib/demo_python_service
[2.810s] copying demo_python_service/__init__.py -> /home/fishros/chapt4/chapt4_ws/src/demo_python_service/build/demo_python_service/build/lib/demo_python_service
[2.811s] running install
[2.812s] running install_lib
[2.814s] creating /home/fishros/chapt4/chapt4_ws/src/demo_python_service/install/demo_python_service/lib/python3.10/site-packages/demo_python_service
[2.817s] copying /home/fishros/chapt4/chapt4_ws/src/demo_python_service/build/demo_python_service/build/lib/demo_python_service/__init__.py -> /home/fishros/chapt4/chapt4_ws/src/demo_python_service/install/demo_python_service/lib/python3.10/site-packages/demo_python_service
[2.817s] byte-compiling /home/fishros/chapt4/chapt4_ws/src/demo_python_service/install/demo_python_service/lib/python3.10/site-packages/demo_python_service/__init__.py to __init__.cpython-310.pyc
[2.817s] running install_data
[2.819s] creating /home/fishros/chapt4/chapt4_ws/src/demo_python_service/install/demo_python_service/share/ament_index
[2.819s] creating /home/fishros/chapt4/chapt4_ws/src/demo_python_service/install/demo_python_service/share/ament_index/resource_index
[2.819s] creating /home/fishros/chapt4/chapt4_ws/src/demo_python_service/install/demo_python_service/share/ament_index/resource_index/packages
[2.821s] copying resource/demo_python_service -> /home/fishros/chapt4/chapt4_ws/src/demo_python_service/install/demo_python_service/share/ament_index/resource_index/packages
[2.821s] copying package.xml -> /home/fishros/chapt4/chapt4_ws/src/demo_python_service/install/demo_python_service/share/demo_python_service
[2.821s] creating /home/fishros/chapt4/chapt4_ws/src/demo_python_service/install/demo_python_service/share/demo_python_service/resource
[2.824s] error: can't copy 'resource/default.jped': doesn't exist or not a regular file
[2.909s] Invoked command in '/home/fishros/chapt4/chapt4_ws/src/demo_python_service' returned '1': PYTHONPATH=/home/fishros/chapt4/chapt4_ws/src/demo_python_service/build/demo_python_service/prefix_override:/usr/lib/python3/dist-packages/colcon_core/task/python/colcon_distutils_commands:/home/fishros/chapt4/chapt4_ws/src/demo_python_service/install/demo_python_service/lib/python3.10/site-packages:${PYTHONPATH} /usr/bin/python3 -W ignore:setup.py install is deprecated -W ignore:easy_install command is deprecated setup.py egg_info --egg-base build/demo_python_service build --build-base /home/fishros/chapt4/chapt4_ws/src/demo_python_service/build/demo_python_service/build install --record /home/fishros/chapt4/chapt4_ws/src/demo_python_service/build/demo_python_service/install.log --single-version-externally-managed install_data
