[0.027s] Invoking command in '/home/fishros/chapt3/topic_practice_ws/build/status_display': CMAKE_PREFIX_PATH=/opt/ros/humble /usr/bin/cmake --build /home/fishros/chapt3/topic_practice_ws/build/status_display -- -j1 -l1
[0.097s] -- Found ament_cmake: 1.3.11 (/opt/ros/humble/share/ament_cmake/cmake)
[0.488s] -- Found rclcpp: 16.0.12 (/opt/ros/humble/share/rclcpp/cmake)
[0.581s] -- Found rosidl_generator_c: 3.1.6 (/opt/ros/humble/share/rosidl_generator_c/cmake)
[0.594s] -- Found rosidl_adapter: 3.1.6 (/opt/ros/humble/share/rosidl_adapter/cmake)
[0.612s] -- Found rosidl_generator_cpp: 3.1.6 (/opt/ros/humble/share/rosidl_generator_cpp/cmake)
[0.640s] -- Using all available rosidl_typesupport_c: rosidl_typesupport_fastrtps_c;rosidl_typesupport_introspection_c
[0.681s] -- Using all available rosidl_typesupport_cpp: rosidl_typesupport_fastrtps_cpp;rosidl_typesupport_introspection_cpp
[0.801s] -- Found rmw_implementation_cmake: 6.1.2 (/opt/ros/humble/share/rmw_implementation_cmake/cmake)
[0.802s] -- Found rmw_fastrtps_cpp: 6.2.7 (/opt/ros/humble/share/rmw_fastrtps_cpp/cmake)
[1.108s] -- Using RMW implementation 'rmw_fastrtps_cpp' as default
[1.293s] -- Found status_interfaces: 0.0.0 (/home/fishros/chapt3/topic_practice_ws/install/status_interfaces/share/status_interfaces/cmake)
[1.364s] -- Found ament_lint_auto: 0.12.12 (/opt/ros/humble/share/ament_lint_auto/cmake)
[1.598s] -- Added test 'cppcheck' to perform static code analysis on C / C++ code
[1.603s] -- Configured cppcheck include dirs: 
[1.603s] -- Configured cppcheck exclude dirs and/or files: 
[1.603s] -- Added test 'lint_cmake' to check CMake code style
[1.607s] -- Added test 'uncrustify' to check C / C++ code style
[1.607s] -- Configured uncrustify additional arguments: 
[1.607s] -- Added test 'xmllint' to check XML markup files
[1.608s] -- Configuring done
[1.687s] -- Generating done
[1.729s] -- Build files have been written to: /home/fishros/chapt3/topic_practice_ws/build/status_display
[1.788s] [35m[1mConsolidate compiler generated dependencies of target hello_qt[0m
[1.819s] [ 50%] Built target hello_qt
[1.869s] [ 75%] [32mBuilding CXX object CMakeFiles/sys_status_display.dir/src/sys_status_display.cpp.o[0m
[32.718s] [100%] [32m[1mLinking CXX executable sys_status_display[0m
[37.575s] [100%] Built target sys_status_display
[37.781s] Invoked command in '/home/fishros/chapt3/topic_practice_ws/build/status_display' returned '0': CMAKE_PREFIX_PATH=/opt/ros/humble /usr/bin/cmake --build /home/fishros/chapt3/topic_practice_ws/build/status_display -- -j1 -l1
[38.009s] Invoking command in '/home/fishros/chapt3/topic_practice_ws/build/status_display': CMAKE_PREFIX_PATH=/opt/ros/humble /usr/bin/cmake --install /home/fishros/chapt3/topic_practice_ws/build/status_display
[38.061s] -- Install configuration: ""
[38.061s] -- Up-to-date: /home/fishros/chapt3/topic_practice_ws/install/status_display/lib/status_display/hello_qt
[38.061s] -- Up-to-date: /home/fishros/chapt3/topic_practice_ws/install/status_display/lib/status_display/hello_qt
[38.061s] -- Installing: /home/fishros/chapt3/topic_practice_ws/install/status_display/lib/status_display/sys_status_display
[38.061s] -- Set runtime path of "/home/fishros/chapt3/topic_practice_ws/install/status_display/lib/status_display/sys_status_display" to ""
[38.062s] -- Up-to-date: /home/fishros/chapt3/topic_practice_ws/install/status_display/share/ament_index/resource_index/package_run_dependencies/status_display
[38.062s] -- Installing: /home/fishros/chapt3/topic_practice_ws/install/status_display/share/ament_index/resource_index/parent_prefix_path/status_display
[38.062s] -- Up-to-date: /home/fishros/chapt3/topic_practice_ws/install/status_display/share/status_display/environment/ament_prefix_path.sh
[38.062s] -- Installing: /home/fishros/chapt3/topic_practice_ws/install/status_display/share/status_display/environment/ament_prefix_path.dsv
[38.062s] -- Up-to-date: /home/fishros/chapt3/topic_practice_ws/install/status_display/share/status_display/environment/path.sh
[38.062s] -- Installing: /home/fishros/chapt3/topic_practice_ws/install/status_display/share/status_display/environment/path.dsv
[38.062s] -- Up-to-date: /home/fishros/chapt3/topic_practice_ws/install/status_display/share/status_display/local_setup.bash
[38.062s] -- Up-to-date: /home/fishros/chapt3/topic_practice_ws/install/status_display/share/status_display/local_setup.sh
[38.062s] -- Up-to-date: /home/fishros/chapt3/topic_practice_ws/install/status_display/share/status_display/local_setup.zsh
[38.062s] -- Installing: /home/fishros/chapt3/topic_practice_ws/install/status_display/share/status_display/local_setup.dsv
[38.062s] -- Installing: /home/fishros/chapt3/topic_practice_ws/install/status_display/share/status_display/package.dsv
[38.062s] -- Up-to-date: /home/fishros/chapt3/topic_practice_ws/install/status_display/share/ament_index/resource_index/packages/status_display
[38.062s] -- Up-to-date: /home/fishros/chapt3/topic_practice_ws/install/status_display/share/status_display/cmake/status_displayConfig.cmake
[38.062s] -- Up-to-date: /home/fishros/chapt3/topic_practice_ws/install/status_display/share/status_display/cmake/status_displayConfig-version.cmake
[38.062s] -- Up-to-date: /home/fishros/chapt3/topic_practice_ws/install/status_display/share/status_display/package.xml
[38.094s] Invoked command in '/home/fishros/chapt3/topic_practice_ws/build/status_display' returned '0': CMAKE_PREFIX_PATH=/opt/ros/humble /usr/bin/cmake --install /home/fishros/chapt3/topic_practice_ws/build/status_display
