[0.348s] DEBUG:colcon:Command line arguments: ['/usr/bin/colcon', 'build', '--packages-select', 'status_display']
[0.348s] DEBUG:colcon:Parsed command line arguments: Namespace(log_base=None, log_level=None, verb_name='build', build_base='build', install_base='install', merge_install=False, symlink_install=False, test_result_base=None, continue_on_error=False, executor='parallel', parallel_workers=1, event_handlers=None, ignore_user_meta=False, metas=['./colcon.meta'], base_paths=['.'], packages_ignore=None, packages_ignore_regex=None, paths=None, packages_up_to=None, packages_up_to_regex=None, packages_above=None, packages_above_and_dependencies=None, packages_above_depth=None, packages_select_by_dep=None, packages_skip_by_dep=None, packages_skip_up_to=None, packages_select_build_failed=False, packages_skip_build_finished=False, packages_select_test_failures=False, packages_skip_test_passed=False, packages_select=['status_display'], packages_skip=None, packages_select_regex=None, packages_skip_regex=None, packages_start=None, packages_end=None, allow_overriding=[], cmake_args=None, cmake_target=None, cmake_target_skip_unavailable=False, cmake_clean_cache=False, cmake_clean_first=False, cmake_force_configure=False, ament_cmake_args=None, catkin_cmake_args=None, catkin_skip_building_tests=False, verb_parser=<colcon_defaults.argument_parser.defaults.DefaultArgumentsDecorator object at 0x783be2b27100>, verb_extension=<colcon_core.verb.build.BuildVerb object at 0x783be2c585b0>, main=<bound method BuildVerb.main of <colcon_core.verb.build.BuildVerb object at 0x783be2c585b0>>)
[0.777s] Level 1:colcon.colcon_core.package_discovery:discover_packages(colcon_meta) check parameters
[0.778s] Level 1:colcon.colcon_core.package_discovery:discover_packages(recursive) check parameters
[0.778s] Level 1:colcon.colcon_core.package_discovery:discover_packages(ignore) check parameters
[0.779s] Level 1:colcon.colcon_core.package_discovery:discover_packages(path) check parameters
[0.779s] Level 1:colcon.colcon_core.package_discovery:discover_packages(colcon_meta) discover
[0.779s] Level 1:colcon.colcon_core.package_discovery:discover_packages(recursive) discover
[0.779s] INFO:colcon.colcon_core.package_discovery:Crawling recursively for packages in '/home/fishros/chapt3/topic_practice_ws'
[0.779s] Level 1:colcon.colcon_core.package_identification:_identify(.) by extensions ['ignore', 'ignore_ament_install']
[0.779s] Level 1:colcon.colcon_core.package_identification:_identify(.) by extension 'ignore'
[0.779s] Level 1:colcon.colcon_core.package_identification:_identify(.) by extension 'ignore_ament_install'
[0.779s] Level 1:colcon.colcon_core.package_identification:_identify(.) by extensions ['colcon_pkg']
[0.779s] Level 1:colcon.colcon_core.package_identification:_identify(.) by extension 'colcon_pkg'
[0.779s] Level 1:colcon.colcon_core.package_identification:_identify(.) by extensions ['colcon_meta']
[0.779s] Level 1:colcon.colcon_core.package_identification:_identify(.) by extension 'colcon_meta'
[0.779s] Level 1:colcon.colcon_core.package_identification:_identify(.) by extensions ['ros']
[0.779s] Level 1:colcon.colcon_core.package_identification:_identify(.) by extension 'ros'
[0.812s] Level 1:colcon.colcon_core.package_identification:_identify(.) by extensions ['cmake', 'python']
[0.814s] Level 1:colcon.colcon_core.package_identification:_identify(.) by extension 'cmake'
[0.814s] Level 1:colcon.colcon_core.package_identification:_identify(.) by extension 'python'
[0.814s] Level 1:colcon.colcon_core.package_identification:_identify(.) by extensions ['python_setup_py']
[0.814s] Level 1:colcon.colcon_core.package_identification:_identify(.) by extension 'python_setup_py'
[0.814s] Level 1:colcon.colcon_core.package_identification:_identify(build) by extensions ['ignore', 'ignore_ament_install']
[0.814s] Level 1:colcon.colcon_core.package_identification:_identify(build) by extension 'ignore'
[0.814s] Level 1:colcon.colcon_core.package_identification:_identify(build) ignored
[0.814s] Level 1:colcon.colcon_core.package_identification:_identify(install) by extensions ['ignore', 'ignore_ament_install']
[0.814s] Level 1:colcon.colcon_core.package_identification:_identify(install) by extension 'ignore'
[0.814s] Level 1:colcon.colcon_core.package_identification:_identify(install) ignored
[0.814s] Level 1:colcon.colcon_core.package_identification:_identify(log) by extensions ['ignore', 'ignore_ament_install']
[0.816s] Level 1:colcon.colcon_core.package_identification:_identify(log) by extension 'ignore'
[0.816s] Level 1:colcon.colcon_core.package_identification:_identify(log) ignored
[0.816s] Level 1:colcon.colcon_core.package_identification:_identify(src) by extensions ['ignore', 'ignore_ament_install']
[0.816s] Level 1:colcon.colcon_core.package_identification:_identify(src) by extension 'ignore'
[0.816s] Level 1:colcon.colcon_core.package_identification:_identify(src) by extension 'ignore_ament_install'
[0.816s] Level 1:colcon.colcon_core.package_identification:_identify(src) by extensions ['colcon_pkg']
[0.816s] Level 1:colcon.colcon_core.package_identification:_identify(src) by extension 'colcon_pkg'
[0.816s] Level 1:colcon.colcon_core.package_identification:_identify(src) by extensions ['colcon_meta']
[0.816s] Level 1:colcon.colcon_core.package_identification:_identify(src) by extension 'colcon_meta'
[0.816s] Level 1:colcon.colcon_core.package_identification:_identify(src) by extensions ['ros']
[0.816s] Level 1:colcon.colcon_core.package_identification:_identify(src) by extension 'ros'
[0.816s] Level 1:colcon.colcon_core.package_identification:_identify(src) by extensions ['cmake', 'python']
[0.816s] Level 1:colcon.colcon_core.package_identification:_identify(src) by extension 'cmake'
[0.816s] Level 1:colcon.colcon_core.package_identification:_identify(src) by extension 'python'
[0.816s] Level 1:colcon.colcon_core.package_identification:_identify(src) by extensions ['python_setup_py']
[0.816s] Level 1:colcon.colcon_core.package_identification:_identify(src) by extension 'python_setup_py'
[0.817s] Level 1:colcon.colcon_core.package_identification:_identify(src/status_display) by extensions ['ignore', 'ignore_ament_install']
[0.817s] Level 1:colcon.colcon_core.package_identification:_identify(src/status_display) by extension 'ignore'
[0.817s] Level 1:colcon.colcon_core.package_identification:_identify(src/status_display) by extension 'ignore_ament_install'
[0.817s] Level 1:colcon.colcon_core.package_identification:_identify(src/status_display) by extensions ['colcon_pkg']
[0.817s] Level 1:colcon.colcon_core.package_identification:_identify(src/status_display) by extension 'colcon_pkg'
[0.817s] Level 1:colcon.colcon_core.package_identification:_identify(src/status_display) by extensions ['colcon_meta']
[0.817s] Level 1:colcon.colcon_core.package_identification:_identify(src/status_display) by extension 'colcon_meta'
[0.817s] Level 1:colcon.colcon_core.package_identification:_identify(src/status_display) by extensions ['ros']
[0.817s] Level 1:colcon.colcon_core.package_identification:_identify(src/status_display) by extension 'ros'
[0.825s] DEBUG:colcon.colcon_core.package_identification:Package 'src/status_display' with type 'ros.ament_cmake' and name 'status_display'
[0.827s] Level 1:colcon.colcon_core.package_identification:_identify(src/status_interfaces) by extensions ['ignore', 'ignore_ament_install']
[0.827s] Level 1:colcon.colcon_core.package_identification:_identify(src/status_interfaces) by extension 'ignore'
[0.827s] Level 1:colcon.colcon_core.package_identification:_identify(src/status_interfaces) by extension 'ignore_ament_install'
[0.827s] Level 1:colcon.colcon_core.package_identification:_identify(src/status_interfaces) by extensions ['colcon_pkg']
[0.827s] Level 1:colcon.colcon_core.package_identification:_identify(src/status_interfaces) by extension 'colcon_pkg'
[0.827s] Level 1:colcon.colcon_core.package_identification:_identify(src/status_interfaces) by extensions ['colcon_meta']
[0.827s] Level 1:colcon.colcon_core.package_identification:_identify(src/status_interfaces) by extension 'colcon_meta'
[0.827s] Level 1:colcon.colcon_core.package_identification:_identify(src/status_interfaces) by extensions ['ros']
[0.827s] Level 1:colcon.colcon_core.package_identification:_identify(src/status_interfaces) by extension 'ros'
[0.828s] DEBUG:colcon.colcon_core.package_identification:Package 'src/status_interfaces' with type 'ros.ament_cmake' and name 'status_interfaces'
[0.830s] Level 1:colcon.colcon_core.package_identification:_identify(src/status_publisher) by extensions ['ignore', 'ignore_ament_install']
[0.830s] Level 1:colcon.colcon_core.package_identification:_identify(src/status_publisher) by extension 'ignore'
[0.830s] Level 1:colcon.colcon_core.package_identification:_identify(src/status_publisher) by extension 'ignore_ament_install'
[0.830s] Level 1:colcon.colcon_core.package_identification:_identify(src/status_publisher) by extensions ['colcon_pkg']
[0.830s] Level 1:colcon.colcon_core.package_identification:_identify(src/status_publisher) by extension 'colcon_pkg'
[0.830s] Level 1:colcon.colcon_core.package_identification:_identify(src/status_publisher) by extensions ['colcon_meta']
[0.830s] Level 1:colcon.colcon_core.package_identification:_identify(src/status_publisher) by extension 'colcon_meta'
[0.830s] Level 1:colcon.colcon_core.package_identification:_identify(src/status_publisher) by extensions ['ros']
[0.830s] Level 1:colcon.colcon_core.package_identification:_identify(src/status_publisher) by extension 'ros'
[0.832s] DEBUG:colcon.colcon_core.package_identification:Package 'src/status_publisher' with type 'ros.ament_python' and name 'status_publisher'
[0.832s] Level 1:colcon.colcon_core.package_discovery:discover_packages(recursive) using defaults
[0.832s] Level 1:colcon.colcon_core.package_discovery:discover_packages(ignore) discover
[0.832s] Level 1:colcon.colcon_core.package_discovery:discover_packages(ignore) using defaults
[0.832s] Level 1:colcon.colcon_core.package_discovery:discover_packages(path) discover
[0.832s] Level 1:colcon.colcon_core.package_discovery:discover_packages(path) using defaults
[0.887s] INFO:colcon.colcon_core.package_selection:Skipping not selected package 'status_interfaces' in 'src/status_interfaces'
[0.888s] INFO:colcon.colcon_core.package_selection:Skipping not selected package 'status_publisher' in 'src/status_publisher'
[0.889s] Level 1:colcon.colcon_core.package_discovery:discover_packages(prefix_path) check parameters
[0.889s] Level 1:colcon.colcon_core.package_discovery:discover_packages(prefix_path) discover
[0.896s] DEBUG:colcon.colcon_installed_package_information.package_discovery:Found 271 installed packages in /opt/ros/humble
[0.903s] Level 1:colcon.colcon_core.package_discovery:discover_packages(prefix_path) using defaults
[1.053s] Level 5:colcon.colcon_core.verb:set package 'status_display' build argument 'cmake_args' from command line to 'None'
[1.053s] Level 5:colcon.colcon_core.verb:set package 'status_display' build argument 'cmake_target' from command line to 'None'
[1.053s] Level 5:colcon.colcon_core.verb:set package 'status_display' build argument 'cmake_target_skip_unavailable' from command line to 'False'
[1.053s] Level 5:colcon.colcon_core.verb:set package 'status_display' build argument 'cmake_clean_cache' from command line to 'False'
[1.053s] Level 5:colcon.colcon_core.verb:set package 'status_display' build argument 'cmake_clean_first' from command line to 'False'
[1.053s] Level 5:colcon.colcon_core.verb:set package 'status_display' build argument 'cmake_force_configure' from command line to 'False'
[1.053s] Level 5:colcon.colcon_core.verb:set package 'status_display' build argument 'ament_cmake_args' from command line to 'None'
[1.053s] Level 5:colcon.colcon_core.verb:set package 'status_display' build argument 'catkin_cmake_args' from command line to 'None'
[1.053s] Level 5:colcon.colcon_core.verb:set package 'status_display' build argument 'catkin_skip_building_tests' from command line to 'False'
[1.053s] DEBUG:colcon.colcon_core.verb:Building package 'status_display' with the following arguments: {'ament_cmake_args': None, 'build_base': '/home/fishros/chapt3/topic_practice_ws/build/status_display', 'catkin_cmake_args': None, 'catkin_skip_building_tests': False, 'cmake_args': None, 'cmake_clean_cache': False, 'cmake_clean_first': False, 'cmake_force_configure': False, 'cmake_target': None, 'cmake_target_skip_unavailable': False, 'install_base': '/home/fishros/chapt3/topic_practice_ws/install/status_display', 'merge_install': False, 'path': '/home/fishros/chapt3/topic_practice_ws/src/status_display', 'symlink_install': False, 'test_result_base': None}
[1.054s] INFO:colcon.colcon_core.executor:Executing jobs using 'parallel' executor
[1.056s] DEBUG:colcon.colcon_parallel_executor.executor.parallel:run_until_complete
[1.059s] INFO:colcon.colcon_ros.task.ament_cmake.build:Building ROS package in '/home/fishros/chapt3/topic_practice_ws/src/status_display' with build type 'ament_cmake'
[1.059s] INFO:colcon.colcon_cmake.task.cmake.build:Building CMake package in '/home/fishros/chapt3/topic_practice_ws/src/status_display'
[1.063s] INFO:colcon.colcon_core.plugin_system:Skipping extension 'colcon_core.shell.bat': Not used on non-Windows systems
[1.064s] INFO:colcon.colcon_core.shell:Skip shell extension 'powershell' for command environment: Not usable outside of PowerShell
[1.064s] DEBUG:colcon.colcon_core.shell:Skip shell extension 'dsv' for command environment
[1.087s] DEBUG:colcon.colcon_core.event_handler.log_command:Invoking command in '/home/fishros/chapt3/topic_practice_ws/build/status_display': CMAKE_PREFIX_PATH=/opt/ros/humble /usr/bin/cmake --build /home/fishros/chapt3/topic_practice_ws/build/status_display -- -j1 -l1
[38.858s] DEBUG:colcon.colcon_core.event_handler.log_command:Invoked command in '/home/fishros/chapt3/topic_practice_ws/build/status_display' returned '0': CMAKE_PREFIX_PATH=/opt/ros/humble /usr/bin/cmake --build /home/fishros/chapt3/topic_practice_ws/build/status_display -- -j1 -l1
[39.068s] DEBUG:colcon.colcon_core.event_handler.log_command:Invoking command in '/home/fishros/chapt3/topic_practice_ws/build/status_display': CMAKE_PREFIX_PATH=/opt/ros/humble /usr/bin/cmake --install /home/fishros/chapt3/topic_practice_ws/build/status_display
[39.136s] Level 1:colcon.colcon_core.environment:create_environment_scripts_only(status_display)
[39.153s] DEBUG:colcon.colcon_core.event_handler.log_command:Invoked command in '/home/fishros/chapt3/topic_practice_ws/build/status_display' returned '0': CMAKE_PREFIX_PATH=/opt/ros/humble /usr/bin/cmake --install /home/fishros/chapt3/topic_practice_ws/build/status_display
[39.243s] Level 1:colcon.colcon_core.environment:checking '/home/fishros/chapt3/topic_practice_ws/install/status_display' for CMake module files
[39.247s] Level 1:colcon.colcon_core.environment:checking '/home/fishros/chapt3/topic_practice_ws/install/status_display' for CMake config files
[39.250s] Level 1:colcon.colcon_core.shell:create_environment_hook('status_display', 'cmake_prefix_path')
[39.259s] INFO:colcon.colcon_core.shell:Creating environment hook '/home/fishros/chapt3/topic_practice_ws/install/status_display/share/status_display/hook/cmake_prefix_path.ps1'
[39.305s] INFO:colcon.colcon_core.shell:Creating environment descriptor '/home/fishros/chapt3/topic_practice_ws/install/status_display/share/status_display/hook/cmake_prefix_path.dsv'
[39.309s] INFO:colcon.colcon_core.shell:Creating environment hook '/home/fishros/chapt3/topic_practice_ws/install/status_display/share/status_display/hook/cmake_prefix_path.sh'
[39.317s] Level 1:colcon.colcon_core.environment:checking '/home/fishros/chapt3/topic_practice_ws/install/status_display/lib'
[39.318s] Level 1:colcon.colcon_core.environment:checking '/home/fishros/chapt3/topic_practice_ws/install/status_display/bin'
[39.319s] Level 1:colcon.colcon_core.environment:checking '/home/fishros/chapt3/topic_practice_ws/install/status_display/lib/pkgconfig/status_display.pc'
[39.329s] Level 1:colcon.colcon_core.environment:checking '/home/fishros/chapt3/topic_practice_ws/install/status_display/lib/python3.10/site-packages'
[39.330s] Level 1:colcon.colcon_core.environment:checking '/home/fishros/chapt3/topic_practice_ws/install/status_display/bin'
[39.331s] INFO:colcon.colcon_core.shell:Creating package script '/home/fishros/chapt3/topic_practice_ws/install/status_display/share/status_display/package.ps1'
[39.338s] INFO:colcon.colcon_core.shell:Creating package descriptor '/home/fishros/chapt3/topic_practice_ws/install/status_display/share/status_display/package.dsv'
[39.341s] INFO:colcon.colcon_core.shell:Creating package script '/home/fishros/chapt3/topic_practice_ws/install/status_display/share/status_display/package.sh'
[39.344s] INFO:colcon.colcon_core.shell:Creating package script '/home/fishros/chapt3/topic_practice_ws/install/status_display/share/status_display/package.bash'
[39.350s] INFO:colcon.colcon_core.shell:Creating package script '/home/fishros/chapt3/topic_practice_ws/install/status_display/share/status_display/package.zsh'
[39.359s] Level 1:colcon.colcon_core.environment:create_file_with_runtime_dependencies(/home/fishros/chapt3/topic_practice_ws/install/status_display/share/colcon-core/packages/status_display)
[39.406s] Level 1:colcon.colcon_core.environment:create_environment_scripts_only(status_display)
[39.407s] Level 1:colcon.colcon_core.environment:checking '/home/fishros/chapt3/topic_practice_ws/install/status_display' for CMake module files
[39.407s] Level 1:colcon.colcon_core.environment:checking '/home/fishros/chapt3/topic_practice_ws/install/status_display' for CMake config files
[39.409s] Level 1:colcon.colcon_core.shell:create_environment_hook('status_display', 'cmake_prefix_path')
[39.410s] INFO:colcon.colcon_core.shell:Creating environment hook '/home/fishros/chapt3/topic_practice_ws/install/status_display/share/status_display/hook/cmake_prefix_path.ps1'
[39.413s] INFO:colcon.colcon_core.shell:Creating environment descriptor '/home/fishros/chapt3/topic_practice_ws/install/status_display/share/status_display/hook/cmake_prefix_path.dsv'
[39.415s] INFO:colcon.colcon_core.shell:Creating environment hook '/home/fishros/chapt3/topic_practice_ws/install/status_display/share/status_display/hook/cmake_prefix_path.sh'
[39.417s] Level 1:colcon.colcon_core.environment:checking '/home/fishros/chapt3/topic_practice_ws/install/status_display/lib'
[39.417s] Level 1:colcon.colcon_core.environment:checking '/home/fishros/chapt3/topic_practice_ws/install/status_display/bin'
[39.417s] Level 1:colcon.colcon_core.environment:checking '/home/fishros/chapt3/topic_practice_ws/install/status_display/lib/pkgconfig/status_display.pc'
[39.418s] Level 1:colcon.colcon_core.environment:checking '/home/fishros/chapt3/topic_practice_ws/install/status_display/lib/python3.10/site-packages'
[39.418s] Level 1:colcon.colcon_core.environment:checking '/home/fishros/chapt3/topic_practice_ws/install/status_display/bin'
[39.420s] INFO:colcon.colcon_core.shell:Creating package script '/home/fishros/chapt3/topic_practice_ws/install/status_display/share/status_display/package.ps1'
[39.421s] INFO:colcon.colcon_core.shell:Creating package descriptor '/home/fishros/chapt3/topic_practice_ws/install/status_display/share/status_display/package.dsv'
[39.422s] INFO:colcon.colcon_core.shell:Creating package script '/home/fishros/chapt3/topic_practice_ws/install/status_display/share/status_display/package.sh'
[39.424s] INFO:colcon.colcon_core.shell:Creating package script '/home/fishros/chapt3/topic_practice_ws/install/status_display/share/status_display/package.bash'
[39.426s] INFO:colcon.colcon_core.shell:Creating package script '/home/fishros/chapt3/topic_practice_ws/install/status_display/share/status_display/package.zsh'
[39.428s] Level 1:colcon.colcon_core.environment:create_file_with_runtime_dependencies(/home/fishros/chapt3/topic_practice_ws/install/status_display/share/colcon-core/packages/status_display)
[39.433s] DEBUG:colcon.colcon_parallel_executor.executor.parallel:closing loop
[39.437s] DEBUG:colcon.colcon_parallel_executor.executor.parallel:loop closed
[39.441s] DEBUG:colcon.colcon_parallel_executor.executor.parallel:run_until_complete finished with '0'
[39.443s] DEBUG:colcon.colcon_core.event_reactor:joining thread
[39.559s] INFO:colcon.colcon_core.plugin_system:Skipping extension 'colcon_notification.desktop_notification.terminal_notifier': Not used on non-Darwin systems
[39.559s] INFO:colcon.colcon_core.plugin_system:Skipping extension 'colcon_notification.desktop_notification.win32': Not used on non-Windows systems
[39.562s] INFO:colcon.colcon_notification.desktop_notification:Sending desktop notification using 'notify2'
[39.658s] DEBUG:colcon.colcon_core.event_reactor:joined thread
[39.662s] INFO:colcon.colcon_core.shell:Creating prefix script '/home/fishros/chapt3/topic_practice_ws/install/local_setup.ps1'
[39.666s] INFO:colcon.colcon_core.shell:Creating prefix util module '/home/fishros/chapt3/topic_practice_ws/install/_local_setup_util_ps1.py'
[39.672s] INFO:colcon.colcon_core.shell:Creating prefix chain script '/home/fishros/chapt3/topic_practice_ws/install/setup.ps1'
[39.680s] INFO:colcon.colcon_core.shell:Creating prefix script '/home/fishros/chapt3/topic_practice_ws/install/local_setup.sh'
[39.683s] INFO:colcon.colcon_core.shell:Creating prefix util module '/home/fishros/chapt3/topic_practice_ws/install/_local_setup_util_sh.py'
[39.686s] INFO:colcon.colcon_core.shell:Creating prefix chain script '/home/fishros/chapt3/topic_practice_ws/install/setup.sh'
[39.690s] INFO:colcon.colcon_core.shell:Creating prefix script '/home/fishros/chapt3/topic_practice_ws/install/local_setup.bash'
[39.695s] INFO:colcon.colcon_core.shell:Creating prefix chain script '/home/fishros/chapt3/topic_practice_ws/install/setup.bash'
[39.700s] INFO:colcon.colcon_core.shell:Creating prefix script '/home/fishros/chapt3/topic_practice_ws/install/local_setup.zsh'
[39.703s] INFO:colcon.colcon_core.shell:Creating prefix chain script '/home/fishros/chapt3/topic_practice_ws/install/setup.zsh'
