[3.577s] Invoking command in '/home/fishros/chapt3/topic_ws/src/demo_python_topic': PYTHONPATH=/home/fishros/chapt3/topic_ws/build/demo_python_topic/prefix_override:/usr/lib/python3/dist-packages/colcon_core/task/python/colcon_distutils_commands:/home/fishros/chapt3/topic_ws/install/demo_python_topic/lib/python3.10/site-packages:${PYTHONPATH} /usr/bin/python3 -W ignore:setup.py install is deprecated -W ignore:easy_install command is deprecated setup.py egg_info --egg-base ../../build/demo_python_topic build --build-base /home/fishros/chapt3/topic_ws/build/demo_python_topic/build install --record /home/fishros/chapt3/topic_ws/build/demo_python_topic/install.log --single-version-externally-managed install_data
[4.809s] running egg_info
[4.813s] writing ../../build/demo_python_topic/demo_python_topic.egg-info/PKG-INFO
[4.817s] writing dependency_links to ../../build/demo_python_topic/demo_python_topic.egg-info/dependency_links.txt
[4.818s] writing entry points to ../../build/demo_python_topic/demo_python_topic.egg-info/entry_points.txt
[4.820s] writing requirements to ../../build/demo_python_topic/demo_python_topic.egg-info/requires.txt
[4.823s] writing top-level names to ../../build/demo_python_topic/demo_python_topic.egg-info/top_level.txt
[4.832s] reading manifest file '../../build/demo_python_topic/demo_python_topic.egg-info/SOURCES.txt'
[4.835s] adding license file 'LICENSE'
[4.839s] writing manifest file '../../build/demo_python_topic/demo_python_topic.egg-info/SOURCES.txt'
[4.841s] running build
[4.843s] running build_py
[4.845s] running install
[4.851s] running install_lib
[4.854s] running install_data
[4.861s] running install_egg_info
[4.865s] removing '/home/fishros/chapt3/topic_ws/install/demo_python_topic/lib/python3.10/site-packages/demo_python_topic-0.0.0-py3.10.egg-info' (and everything under it)
[4.868s] Copying ../../build/demo_python_topic/demo_python_topic.egg-info to /home/fishros/chapt3/topic_ws/install/demo_python_topic/lib/python3.10/site-packages/demo_python_topic-0.0.0-py3.10.egg-info
[4.872s] running install_scripts
[4.986s] Installing novel_pub_node script to /home/fishros/chapt3/topic_ws/install/demo_python_topic/lib/demo_python_topic
[4.995s] writing list of installed files to '/home/fishros/chapt3/topic_ws/build/demo_python_topic/install.log'
[5.114s] Invoked command in '/home/fishros/chapt3/topic_ws/src/demo_python_topic' returned '0': PYTHONPATH=/home/fishros/chapt3/topic_ws/build/demo_python_topic/prefix_override:/usr/lib/python3/dist-packages/colcon_core/task/python/colcon_distutils_commands:/home/fishros/chapt3/topic_ws/install/demo_python_topic/lib/python3.10/site-packages:${PYTHONPATH} /usr/bin/python3 -W ignore:setup.py install is deprecated -W ignore:easy_install command is deprecated setup.py egg_info --egg-base ../../build/demo_python_topic build --build-base /home/fishros/chapt3/topic_ws/build/demo_python_topic/build install --record /home/fishros/chapt3/topic_ws/build/demo_python_topic/install.log --single-version-externally-managed install_data
