[0.025s] Invoking command in '/home/fishros/chapt2/demo_cpp_pkg/build/demo_cpp_pkg': CMAKE_PREFIX_PATH=/opt/ros/humble /usr/bin/cmake /home/fishros/chapt2/demo_cpp_pkg -DCMAKE_INSTALL_PREFIX=/home/fishros/chapt2/demo_cpp_pkg/install/demo_cpp_pkg
[0.079s] -- Found ament_cmake: 1.3.11 (/opt/ros/humble/share/ament_cmake/cmake)
[0.461s] -- Found rclcpp: 16.0.12 (/opt/ros/humble/share/rclcpp/cmake)
[0.554s] -- Found rosidl_generator_c: 3.1.6 (/opt/ros/humble/share/rosidl_generator_c/cmake)
[0.568s] -- Found rosidl_adapter: 3.1.6 (/opt/ros/humble/share/rosidl_adapter/cmake)
[0.586s] -- Found rosidl_generator_cpp: 3.1.6 (/opt/ros/humble/share/rosidl_generator_cpp/cmake)
[0.612s] -- Using all available rosidl_typesupport_c: rosidl_typesupport_fastrtps_c;rosidl_typesupport_introspection_c
[0.651s] -- Using all available rosidl_typesupport_cpp: rosidl_typesupport_fastrtps_cpp;rosidl_typesupport_introspection_cpp
[0.783s] -- Found rmw_implementation_cmake: 6.1.2 (/opt/ros/humble/share/rmw_implementation_cmake/cmake)
[0.788s] -- Found rmw_fastrtps_cpp: 6.2.7 (/opt/ros/humble/share/rmw_fastrtps_cpp/cmake)
[1.129s] -- Using RMW implementation 'rmw_fastrtps_cpp' as default
[1.347s] -- Found ament_lint_auto: 0.12.12 (/opt/ros/humble/share/ament_lint_auto/cmake)
[1.623s] -- Added test 'cppcheck' to perform static code analysis on C / C++ code
[1.626s] -- Configured cppcheck include dirs: 
[1.627s] -- Configured cppcheck exclude dirs and/or files: 
[1.630s] -- Added test 'flake8' to check Python code syntax and style conventions
[1.635s] -- Added test 'lint_cmake' to check CMake code style
[1.638s] -- Added test 'pep257' to check Python code against some of the docstring style conventions in PEP 257
[1.657s] -- Added test 'uncrustify' to check C / C++ code style
[1.657s] -- Configured uncrustify additional arguments: 
[1.663s] -- Added test 'xmllint' to check XML markup files
[1.665s] -- Configuring done
[1.672s] [31mCMake Error at CMakeLists.txt:14 (add_executable):
[1.672s]   Cannot find source file:
[1.672s] 
[1.673s]     src/cpp_node.cpp
[1.673s] 
[1.673s]   Tried extensions .c .C .c++ .cc .cpp .cxx .cu .mpp .m .M .mm .ixx .cppm .h
[1.673s]   .hh .h++ .hm .hpp .hxx .in .txx .f .F .for .f77 .f90 .f95 .f03 .hip .ispc
[1.673s] 
[1.673s] [0m
[1.675s] [31mCMake Error at CMakeLists.txt:14 (add_executable):
[1.675s]   No SOURCES given to target: cpp_node
[1.675s] 
[1.676s] [0m
[1.677s] [0mCMake Generate step failed.  Build files cannot be regenerated correctly.[0m
[1.698s] Invoked command in '/home/fishros/chapt2/demo_cpp_pkg/build/demo_cpp_pkg' returned '1': CMAKE_PREFIX_PATH=/opt/ros/humble /usr/bin/cmake /home/fishros/chapt2/demo_cpp_pkg -DCMAKE_INSTALL_PREFIX=/home/fishros/chapt2/demo_cpp_pkg/install/demo_cpp_pkg
