[0.649s] DEBUG:colcon:Command line arguments: ['/usr/bin/colcon', 'build', '--packages-select', 'status_display']
[0.650s] DEBUG:colcon:Parsed command line arguments: Namespace(log_base=None, log_level=None, verb_name='build', build_base='build', install_base='install', merge_install=False, symlink_install=False, test_result_base=None, continue_on_error=False, executor='parallel', parallel_workers=1, event_handlers=None, ignore_user_meta=False, metas=['./colcon.meta'], base_paths=['.'], packages_ignore=None, packages_ignore_regex=None, paths=None, packages_up_to=None, packages_up_to_regex=None, packages_above=None, packages_above_and_dependencies=None, packages_above_depth=None, packages_select_by_dep=None, packages_skip_by_dep=None, packages_skip_up_to=None, packages_select_build_failed=False, packages_skip_build_finished=False, packages_select_test_failures=False, packages_skip_test_passed=False, packages_select=['status_display'], packages_skip=None, packages_select_regex=None, packages_skip_regex=None, packages_start=None, packages_end=None, allow_overriding=[], cmake_args=None, cmake_target=None, cmake_target_skip_unavailable=False, cmake_clean_cache=False, cmake_clean_first=False, cmake_force_configure=False, ament_cmake_args=None, catkin_cmake_args=None, catkin_skip_building_tests=False, verb_parser=<colcon_defaults.argument_parser.defaults.DefaultArgumentsDecorator object at 0x7d6614deb640>, verb_extension=<colcon_core.verb.build.BuildVerb object at 0x7d6614f28af0>, main=<bound method BuildVerb.main of <colcon_core.verb.build.BuildVerb object at 0x7d6614f28af0>>)
[1.730s] Level 1:colcon.colcon_core.package_discovery:discover_packages(colcon_meta) check parameters
[1.731s] Level 1:colcon.colcon_core.package_discovery:discover_packages(recursive) check parameters
[1.731s] Level 1:colcon.colcon_core.package_discovery:discover_packages(ignore) check parameters
[1.731s] Level 1:colcon.colcon_core.package_discovery:discover_packages(path) check parameters
[1.731s] Level 1:colcon.colcon_core.package_discovery:discover_packages(colcon_meta) discover
[1.731s] Level 1:colcon.colcon_core.package_discovery:discover_packages(recursive) discover
[1.731s] INFO:colcon.colcon_core.package_discovery:Crawling recursively for packages in '/home/fishros/chapt3/topic_practice_ws'
[1.731s] Level 1:colcon.colcon_core.package_identification:_identify(.) by extensions ['ignore', 'ignore_ament_install']
[1.732s] Level 1:colcon.colcon_core.package_identification:_identify(.) by extension 'ignore'
[1.732s] Level 1:colcon.colcon_core.package_identification:_identify(.) by extension 'ignore_ament_install'
[1.732s] Level 1:colcon.colcon_core.package_identification:_identify(.) by extensions ['colcon_pkg']
[1.732s] Level 1:colcon.colcon_core.package_identification:_identify(.) by extension 'colcon_pkg'
[1.732s] Level 1:colcon.colcon_core.package_identification:_identify(.) by extensions ['colcon_meta']
[1.732s] Level 1:colcon.colcon_core.package_identification:_identify(.) by extension 'colcon_meta'
[1.732s] Level 1:colcon.colcon_core.package_identification:_identify(.) by extensions ['ros']
[1.732s] Level 1:colcon.colcon_core.package_identification:_identify(.) by extension 'ros'
[1.773s] Level 1:colcon.colcon_core.package_identification:_identify(.) by extensions ['cmake', 'python']
[1.775s] Level 1:colcon.colcon_core.package_identification:_identify(.) by extension 'cmake'
[1.775s] Level 1:colcon.colcon_core.package_identification:_identify(.) by extension 'python'
[1.775s] Level 1:colcon.colcon_core.package_identification:_identify(.) by extensions ['python_setup_py']
[1.775s] Level 1:colcon.colcon_core.package_identification:_identify(.) by extension 'python_setup_py'
[1.775s] Level 1:colcon.colcon_core.package_identification:_identify(build) by extensions ['ignore', 'ignore_ament_install']
[1.775s] Level 1:colcon.colcon_core.package_identification:_identify(build) by extension 'ignore'
[1.775s] Level 1:colcon.colcon_core.package_identification:_identify(build) ignored
[1.776s] Level 1:colcon.colcon_core.package_identification:_identify(install) by extensions ['ignore', 'ignore_ament_install']
[1.776s] Level 1:colcon.colcon_core.package_identification:_identify(install) by extension 'ignore'
[1.776s] Level 1:colcon.colcon_core.package_identification:_identify(install) ignored
[1.776s] Level 1:colcon.colcon_core.package_identification:_identify(log) by extensions ['ignore', 'ignore_ament_install']
[1.777s] Level 1:colcon.colcon_core.package_identification:_identify(log) by extension 'ignore'
[1.777s] Level 1:colcon.colcon_core.package_identification:_identify(log) ignored
[1.777s] Level 1:colcon.colcon_core.package_identification:_identify(src) by extensions ['ignore', 'ignore_ament_install']
[1.777s] Level 1:colcon.colcon_core.package_identification:_identify(src) by extension 'ignore'
[1.777s] Level 1:colcon.colcon_core.package_identification:_identify(src) by extension 'ignore_ament_install'
[1.777s] Level 1:colcon.colcon_core.package_identification:_identify(src) by extensions ['colcon_pkg']
[1.777s] Level 1:colcon.colcon_core.package_identification:_identify(src) by extension 'colcon_pkg'
[1.778s] Level 1:colcon.colcon_core.package_identification:_identify(src) by extensions ['colcon_meta']
[1.778s] Level 1:colcon.colcon_core.package_identification:_identify(src) by extension 'colcon_meta'
[1.778s] Level 1:colcon.colcon_core.package_identification:_identify(src) by extensions ['ros']
[1.778s] Level 1:colcon.colcon_core.package_identification:_identify(src) by extension 'ros'
[1.778s] Level 1:colcon.colcon_core.package_identification:_identify(src) by extensions ['cmake', 'python']
[1.778s] Level 1:colcon.colcon_core.package_identification:_identify(src) by extension 'cmake'
[1.778s] Level 1:colcon.colcon_core.package_identification:_identify(src) by extension 'python'
[1.778s] Level 1:colcon.colcon_core.package_identification:_identify(src) by extensions ['python_setup_py']
[1.778s] Level 1:colcon.colcon_core.package_identification:_identify(src) by extension 'python_setup_py'
[1.778s] Level 1:colcon.colcon_core.package_identification:_identify(src/status_display) by extensions ['ignore', 'ignore_ament_install']
[1.779s] Level 1:colcon.colcon_core.package_identification:_identify(src/status_display) by extension 'ignore'
[1.779s] Level 1:colcon.colcon_core.package_identification:_identify(src/status_display) by extension 'ignore_ament_install'
[1.779s] Level 1:colcon.colcon_core.package_identification:_identify(src/status_display) by extensions ['colcon_pkg']
[1.779s] Level 1:colcon.colcon_core.package_identification:_identify(src/status_display) by extension 'colcon_pkg'
[1.779s] Level 1:colcon.colcon_core.package_identification:_identify(src/status_display) by extensions ['colcon_meta']
[1.779s] Level 1:colcon.colcon_core.package_identification:_identify(src/status_display) by extension 'colcon_meta'
[1.779s] Level 1:colcon.colcon_core.package_identification:_identify(src/status_display) by extensions ['ros']
[1.779s] Level 1:colcon.colcon_core.package_identification:_identify(src/status_display) by extension 'ros'
[1.789s] DEBUG:colcon.colcon_core.package_identification:Package 'src/status_display' with type 'ros.ament_cmake' and name 'status_display'
[1.790s] Level 1:colcon.colcon_core.package_identification:_identify(src/status_interfaces) by extensions ['ignore', 'ignore_ament_install']
[1.791s] Level 1:colcon.colcon_core.package_identification:_identify(src/status_interfaces) by extension 'ignore'
[1.791s] Level 1:colcon.colcon_core.package_identification:_identify(src/status_interfaces) by extension 'ignore_ament_install'
[1.791s] Level 1:colcon.colcon_core.package_identification:_identify(src/status_interfaces) by extensions ['colcon_pkg']
[1.791s] Level 1:colcon.colcon_core.package_identification:_identify(src/status_interfaces) by extension 'colcon_pkg'
[1.791s] Level 1:colcon.colcon_core.package_identification:_identify(src/status_interfaces) by extensions ['colcon_meta']
[1.791s] Level 1:colcon.colcon_core.package_identification:_identify(src/status_interfaces) by extension 'colcon_meta'
[1.791s] Level 1:colcon.colcon_core.package_identification:_identify(src/status_interfaces) by extensions ['ros']
[1.791s] Level 1:colcon.colcon_core.package_identification:_identify(src/status_interfaces) by extension 'ros'
[1.793s] DEBUG:colcon.colcon_core.package_identification:Package 'src/status_interfaces' with type 'ros.ament_cmake' and name 'status_interfaces'
[1.793s] Level 1:colcon.colcon_core.package_identification:_identify(src/status_publisher) by extensions ['ignore', 'ignore_ament_install']
[1.793s] Level 1:colcon.colcon_core.package_identification:_identify(src/status_publisher) by extension 'ignore'
[1.794s] Level 1:colcon.colcon_core.package_identification:_identify(src/status_publisher) by extension 'ignore_ament_install'
[1.794s] Level 1:colcon.colcon_core.package_identification:_identify(src/status_publisher) by extensions ['colcon_pkg']
[1.794s] Level 1:colcon.colcon_core.package_identification:_identify(src/status_publisher) by extension 'colcon_pkg'
[1.794s] Level 1:colcon.colcon_core.package_identification:_identify(src/status_publisher) by extensions ['colcon_meta']
[1.794s] Level 1:colcon.colcon_core.package_identification:_identify(src/status_publisher) by extension 'colcon_meta'
[1.795s] Level 1:colcon.colcon_core.package_identification:_identify(src/status_publisher) by extensions ['ros']
[1.795s] Level 1:colcon.colcon_core.package_identification:_identify(src/status_publisher) by extension 'ros'
[1.797s] DEBUG:colcon.colcon_core.package_identification:Package 'src/status_publisher' with type 'ros.ament_python' and name 'status_publisher'
[1.798s] Level 1:colcon.colcon_core.package_discovery:discover_packages(recursive) using defaults
[1.798s] Level 1:colcon.colcon_core.package_discovery:discover_packages(ignore) discover
[1.798s] Level 1:colcon.colcon_core.package_discovery:discover_packages(ignore) using defaults
[1.798s] Level 1:colcon.colcon_core.package_discovery:discover_packages(path) discover
[1.798s] Level 1:colcon.colcon_core.package_discovery:discover_packages(path) using defaults
[1.882s] INFO:colcon.colcon_core.package_selection:Skipping not selected package 'status_interfaces' in 'src/status_interfaces'
[1.882s] INFO:colcon.colcon_core.package_selection:Skipping not selected package 'status_publisher' in 'src/status_publisher'
[1.883s] Level 1:colcon.colcon_core.package_discovery:discover_packages(prefix_path) check parameters
[1.883s] Level 1:colcon.colcon_core.package_discovery:discover_packages(prefix_path) discover
[1.893s] DEBUG:colcon.colcon_installed_package_information.package_discovery:Found 3 installed packages in /home/fishros/chapt3/topic_practice_ws/install
[1.899s] DEBUG:colcon.colcon_installed_package_information.package_discovery:Found 271 installed packages in /opt/ros/humble
[1.905s] Level 1:colcon.colcon_core.package_discovery:discover_packages(prefix_path) using defaults
[2.196s] Level 5:colcon.colcon_core.verb:set package 'status_display' build argument 'cmake_args' from command line to 'None'
[2.197s] Level 5:colcon.colcon_core.verb:set package 'status_display' build argument 'cmake_target' from command line to 'None'
[2.197s] Level 5:colcon.colcon_core.verb:set package 'status_display' build argument 'cmake_target_skip_unavailable' from command line to 'False'
[2.197s] Level 5:colcon.colcon_core.verb:set package 'status_display' build argument 'cmake_clean_cache' from command line to 'False'
[2.197s] Level 5:colcon.colcon_core.verb:set package 'status_display' build argument 'cmake_clean_first' from command line to 'False'
[2.197s] Level 5:colcon.colcon_core.verb:set package 'status_display' build argument 'cmake_force_configure' from command line to 'False'
[2.197s] Level 5:colcon.colcon_core.verb:set package 'status_display' build argument 'ament_cmake_args' from command line to 'None'
[2.197s] Level 5:colcon.colcon_core.verb:set package 'status_display' build argument 'catkin_cmake_args' from command line to 'None'
[2.197s] Level 5:colcon.colcon_core.verb:set package 'status_display' build argument 'catkin_skip_building_tests' from command line to 'False'
[2.197s] DEBUG:colcon.colcon_core.verb:Building package 'status_display' with the following arguments: {'ament_cmake_args': None, 'build_base': '/home/fishros/chapt3/topic_practice_ws/build/status_display', 'catkin_cmake_args': None, 'catkin_skip_building_tests': False, 'cmake_args': None, 'cmake_clean_cache': False, 'cmake_clean_first': False, 'cmake_force_configure': False, 'cmake_target': None, 'cmake_target_skip_unavailable': False, 'install_base': '/home/fishros/chapt3/topic_practice_ws/install/status_display', 'merge_install': False, 'path': '/home/fishros/chapt3/topic_practice_ws/src/status_display', 'symlink_install': False, 'test_result_base': None}
[2.198s] INFO:colcon.colcon_core.executor:Executing jobs using 'parallel' executor
[2.200s] DEBUG:colcon.colcon_parallel_executor.executor.parallel:run_until_complete
[2.202s] INFO:colcon.colcon_ros.task.ament_cmake.build:Building ROS package in '/home/fishros/chapt3/topic_practice_ws/src/status_display' with build type 'ament_cmake'
[2.202s] INFO:colcon.colcon_cmake.task.cmake.build:Building CMake package in '/home/fishros/chapt3/topic_practice_ws/src/status_display'
[2.216s] INFO:colcon.colcon_core.plugin_system:Skipping extension 'colcon_core.shell.bat': Not used on non-Windows systems
[2.217s] INFO:colcon.colcon_core.shell:Skip shell extension 'powershell' for command environment: Not usable outside of PowerShell
[2.218s] DEBUG:colcon.colcon_core.shell:Skip shell extension 'dsv' for command environment
[2.242s] DEBUG:colcon.colcon_core.event_handler.log_command:Invoking command in '/home/fishros/chapt3/topic_practice_ws/build/status_display': CMAKE_PREFIX_PATH=${CMAKE_PREFIX_PATH}:/home/fishros/chapt3/topic_practice_ws/install/status_publisher:/opt/ros/humble /usr/bin/cmake --build /home/fishros/chapt3/topic_practice_ws/build/status_display -- -j1 -l1
[2.782s] DEBUG:colcon.colcon_core.event_handler.log_command:Invoked command in '/home/fishros/chapt3/topic_practice_ws/build/status_display' returned '0': CMAKE_PREFIX_PATH=${CMAKE_PREFIX_PATH}:/home/fishros/chapt3/topic_practice_ws/install/status_publisher:/opt/ros/humble /usr/bin/cmake --build /home/fishros/chapt3/topic_practice_ws/build/status_display -- -j1 -l1
[2.811s] DEBUG:colcon.colcon_core.event_handler.log_command:Invoking command in '/home/fishros/chapt3/topic_practice_ws/build/status_display': CMAKE_PREFIX_PATH=${CMAKE_PREFIX_PATH}:/home/fishros/chapt3/topic_practice_ws/install/status_publisher:/opt/ros/humble /usr/bin/cmake --install /home/fishros/chapt3/topic_practice_ws/build/status_display
[2.865s] Level 1:colcon.colcon_core.environment:create_environment_scripts_only(status_display)
[2.867s] DEBUG:colcon.colcon_core.event_handler.log_command:Invoked command in '/home/fishros/chapt3/topic_practice_ws/build/status_display' returned '0': CMAKE_PREFIX_PATH=${CMAKE_PREFIX_PATH}:/home/fishros/chapt3/topic_practice_ws/install/status_publisher:/opt/ros/humble /usr/bin/cmake --install /home/fishros/chapt3/topic_practice_ws/build/status_display
[2.878s] Level 1:colcon.colcon_core.environment:checking '/home/fishros/chapt3/topic_practice_ws/install/status_display' for CMake module files
[2.879s] Level 1:colcon.colcon_core.environment:checking '/home/fishros/chapt3/topic_practice_ws/install/status_display' for CMake config files
[2.879s] Level 1:colcon.colcon_core.shell:create_environment_hook('status_display', 'cmake_prefix_path')
[2.881s] INFO:colcon.colcon_core.shell:Creating environment hook '/home/fishros/chapt3/topic_practice_ws/install/status_display/share/status_display/hook/cmake_prefix_path.ps1'
[2.884s] INFO:colcon.colcon_core.shell:Creating environment descriptor '/home/fishros/chapt3/topic_practice_ws/install/status_display/share/status_display/hook/cmake_prefix_path.dsv'
[2.886s] INFO:colcon.colcon_core.shell:Creating environment hook '/home/fishros/chapt3/topic_practice_ws/install/status_display/share/status_display/hook/cmake_prefix_path.sh'
[2.889s] Level 1:colcon.colcon_core.environment:checking '/home/fishros/chapt3/topic_practice_ws/install/status_display/lib'
[2.889s] Level 1:colcon.colcon_core.environment:checking '/home/fishros/chapt3/topic_practice_ws/install/status_display/bin'
[2.889s] Level 1:colcon.colcon_core.environment:checking '/home/fishros/chapt3/topic_practice_ws/install/status_display/lib/pkgconfig/status_display.pc'
[2.889s] Level 1:colcon.colcon_core.environment:checking '/home/fishros/chapt3/topic_practice_ws/install/status_display/lib/python3.10/site-packages'
[2.890s] Level 1:colcon.colcon_core.environment:checking '/home/fishros/chapt3/topic_practice_ws/install/status_display/bin'
[2.892s] INFO:colcon.colcon_core.shell:Creating package script '/home/fishros/chapt3/topic_practice_ws/install/status_display/share/status_display/package.ps1'
[2.895s] INFO:colcon.colcon_core.shell:Creating package descriptor '/home/fishros/chapt3/topic_practice_ws/install/status_display/share/status_display/package.dsv'
[2.898s] INFO:colcon.colcon_core.shell:Creating package script '/home/fishros/chapt3/topic_practice_ws/install/status_display/share/status_display/package.sh'
[2.901s] INFO:colcon.colcon_core.shell:Creating package script '/home/fishros/chapt3/topic_practice_ws/install/status_display/share/status_display/package.bash'
[2.904s] INFO:colcon.colcon_core.shell:Creating package script '/home/fishros/chapt3/topic_practice_ws/install/status_display/share/status_display/package.zsh'
[2.908s] Level 1:colcon.colcon_core.environment:create_file_with_runtime_dependencies(/home/fishros/chapt3/topic_practice_ws/install/status_display/share/colcon-core/packages/status_display)
[2.909s] Level 1:colcon.colcon_core.environment:create_environment_scripts_only(status_display)
[2.910s] Level 1:colcon.colcon_core.environment:checking '/home/fishros/chapt3/topic_practice_ws/install/status_display' for CMake module files
[2.911s] Level 1:colcon.colcon_core.environment:checking '/home/fishros/chapt3/topic_practice_ws/install/status_display' for CMake config files
[2.911s] Level 1:colcon.colcon_core.shell:create_environment_hook('status_display', 'cmake_prefix_path')
[2.911s] INFO:colcon.colcon_core.shell:Creating environment hook '/home/fishros/chapt3/topic_practice_ws/install/status_display/share/status_display/hook/cmake_prefix_path.ps1'
[2.915s] INFO:colcon.colcon_core.shell:Creating environment descriptor '/home/fishros/chapt3/topic_practice_ws/install/status_display/share/status_display/hook/cmake_prefix_path.dsv'
[2.916s] INFO:colcon.colcon_core.shell:Creating environment hook '/home/fishros/chapt3/topic_practice_ws/install/status_display/share/status_display/hook/cmake_prefix_path.sh'
[2.917s] Level 1:colcon.colcon_core.environment:checking '/home/fishros/chapt3/topic_practice_ws/install/status_display/lib'
[2.917s] Level 1:colcon.colcon_core.environment:checking '/home/fishros/chapt3/topic_practice_ws/install/status_display/bin'
[2.917s] Level 1:colcon.colcon_core.environment:checking '/home/fishros/chapt3/topic_practice_ws/install/status_display/lib/pkgconfig/status_display.pc'
[2.918s] Level 1:colcon.colcon_core.environment:checking '/home/fishros/chapt3/topic_practice_ws/install/status_display/lib/python3.10/site-packages'
[2.918s] Level 1:colcon.colcon_core.environment:checking '/home/fishros/chapt3/topic_practice_ws/install/status_display/bin'
[2.919s] INFO:colcon.colcon_core.shell:Creating package script '/home/fishros/chapt3/topic_practice_ws/install/status_display/share/status_display/package.ps1'
[2.921s] INFO:colcon.colcon_core.shell:Creating package descriptor '/home/fishros/chapt3/topic_practice_ws/install/status_display/share/status_display/package.dsv'
[2.922s] INFO:colcon.colcon_core.shell:Creating package script '/home/fishros/chapt3/topic_practice_ws/install/status_display/share/status_display/package.sh'
[2.924s] INFO:colcon.colcon_core.shell:Creating package script '/home/fishros/chapt3/topic_practice_ws/install/status_display/share/status_display/package.bash'
[2.925s] INFO:colcon.colcon_core.shell:Creating package script '/home/fishros/chapt3/topic_practice_ws/install/status_display/share/status_display/package.zsh'
[2.926s] Level 1:colcon.colcon_core.environment:create_file_with_runtime_dependencies(/home/fishros/chapt3/topic_practice_ws/install/status_display/share/colcon-core/packages/status_display)
[2.928s] DEBUG:colcon.colcon_parallel_executor.executor.parallel:closing loop
[2.929s] DEBUG:colcon.colcon_parallel_executor.executor.parallel:loop closed
[2.929s] DEBUG:colcon.colcon_parallel_executor.executor.parallel:run_until_complete finished with '0'
[2.929s] DEBUG:colcon.colcon_core.event_reactor:joining thread
[2.953s] INFO:colcon.colcon_core.plugin_system:Skipping extension 'colcon_notification.desktop_notification.terminal_notifier': Not used on non-Darwin systems
[2.954s] INFO:colcon.colcon_core.plugin_system:Skipping extension 'colcon_notification.desktop_notification.win32': Not used on non-Windows systems
[2.954s] INFO:colcon.colcon_notification.desktop_notification:Sending desktop notification using 'notify2'
[3.014s] DEBUG:colcon.colcon_core.event_reactor:joined thread
[3.015s] INFO:colcon.colcon_core.shell:Creating prefix script '/home/fishros/chapt3/topic_practice_ws/install/local_setup.ps1'
[3.022s] INFO:colcon.colcon_core.shell:Creating prefix util module '/home/fishros/chapt3/topic_practice_ws/install/_local_setup_util_ps1.py'
[3.033s] INFO:colcon.colcon_core.shell:Creating prefix chain script '/home/fishros/chapt3/topic_practice_ws/install/setup.ps1'
[3.039s] INFO:colcon.colcon_core.shell:Creating prefix script '/home/fishros/chapt3/topic_practice_ws/install/local_setup.sh'
[3.042s] INFO:colcon.colcon_core.shell:Creating prefix util module '/home/fishros/chapt3/topic_practice_ws/install/_local_setup_util_sh.py'
[3.044s] INFO:colcon.colcon_core.shell:Creating prefix chain script '/home/fishros/chapt3/topic_practice_ws/install/setup.sh'
[3.051s] INFO:colcon.colcon_core.shell:Creating prefix script '/home/fishros/chapt3/topic_practice_ws/install/local_setup.bash'
[3.054s] INFO:colcon.colcon_core.shell:Creating prefix chain script '/home/fishros/chapt3/topic_practice_ws/install/setup.bash'
[3.060s] INFO:colcon.colcon_core.shell:Creating prefix script '/home/fishros/chapt3/topic_practice_ws/install/local_setup.zsh'
[3.064s] INFO:colcon.colcon_core.shell:Creating prefix chain script '/home/fishros/chapt3/topic_practice_ws/install/setup.zsh'
