[0.507s] DEBUG:colcon:Command line arguments: ['/usr/bin/colcon', 'build']
[0.507s] DEBUG:colcon:Parsed command line arguments: Namespace(log_base=None, log_level=None, verb_name='build', build_base='build', install_base='install', merge_install=False, symlink_install=False, test_result_base=None, continue_on_error=False, executor='parallel', parallel_workers=1, event_handlers=None, ignore_user_meta=False, metas=['./colcon.meta'], base_paths=['.'], packages_ignore=None, packages_ignore_regex=None, paths=None, packages_up_to=None, packages_up_to_regex=None, packages_above=None, packages_above_and_dependencies=None, packages_above_depth=None, packages_select_by_dep=None, packages_skip_by_dep=None, packages_skip_up_to=None, packages_select_build_failed=False, packages_skip_build_finished=False, packages_select_test_failures=False, packages_skip_test_passed=False, packages_select=None, packages_skip=None, packages_select_regex=None, packages_skip_regex=None, packages_start=None, packages_end=None, allow_overriding=[], cmake_args=None, cmake_target=None, cmake_target_skip_unavailable=False, cmake_clean_cache=False, cmake_clean_first=False, cmake_force_configure=False, ament_cmake_args=None, catkin_cmake_args=None, catkin_skip_building_tests=False, verb_parser=<colcon_defaults.argument_parser.defaults.DefaultArgumentsDecorator object at 0x7d6d9a0ef0a0>, verb_extension=<colcon_core.verb.build.BuildVerb object at 0x7d6d9a220550>, main=<bound method BuildVerb.main of <colcon_core.verb.build.BuildVerb object at 0x7d6d9a220550>>)
[0.913s] Level 1:colcon.colcon_core.package_discovery:discover_packages(colcon_meta) check parameters
[0.914s] Level 1:colcon.colcon_core.package_discovery:discover_packages(recursive) check parameters
[0.914s] Level 1:colcon.colcon_core.package_discovery:discover_packages(ignore) check parameters
[0.914s] Level 1:colcon.colcon_core.package_discovery:discover_packages(path) check parameters
[0.914s] Level 1:colcon.colcon_core.package_discovery:discover_packages(colcon_meta) discover
[0.914s] Level 1:colcon.colcon_core.package_discovery:discover_packages(recursive) discover
[0.914s] INFO:colcon.colcon_core.package_discovery:Crawling recursively for packages in '/home/fishros/chapt3/topic_practice_ws'
[0.914s] Level 1:colcon.colcon_core.package_identification:_identify(.) by extensions ['ignore', 'ignore_ament_install']
[0.914s] Level 1:colcon.colcon_core.package_identification:_identify(.) by extension 'ignore'
[0.915s] Level 1:colcon.colcon_core.package_identification:_identify(.) by extension 'ignore_ament_install'
[0.915s] Level 1:colcon.colcon_core.package_identification:_identify(.) by extensions ['colcon_pkg']
[0.915s] Level 1:colcon.colcon_core.package_identification:_identify(.) by extension 'colcon_pkg'
[0.915s] Level 1:colcon.colcon_core.package_identification:_identify(.) by extensions ['colcon_meta']
[0.915s] Level 1:colcon.colcon_core.package_identification:_identify(.) by extension 'colcon_meta'
[0.915s] Level 1:colcon.colcon_core.package_identification:_identify(.) by extensions ['ros']
[0.915s] Level 1:colcon.colcon_core.package_identification:_identify(.) by extension 'ros'
[0.935s] Level 1:colcon.colcon_core.package_identification:_identify(.) by extensions ['cmake', 'python']
[0.935s] Level 1:colcon.colcon_core.package_identification:_identify(.) by extension 'cmake'
[0.936s] Level 1:colcon.colcon_core.package_identification:_identify(.) by extension 'python'
[0.936s] Level 1:colcon.colcon_core.package_identification:_identify(.) by extensions ['python_setup_py']
[0.936s] Level 1:colcon.colcon_core.package_identification:_identify(.) by extension 'python_setup_py'
[0.937s] Level 1:colcon.colcon_core.package_identification:_identify(build) by extensions ['ignore', 'ignore_ament_install']
[0.937s] Level 1:colcon.colcon_core.package_identification:_identify(build) by extension 'ignore'
[0.937s] Level 1:colcon.colcon_core.package_identification:_identify(build) ignored
[0.938s] Level 1:colcon.colcon_core.package_identification:_identify(install) by extensions ['ignore', 'ignore_ament_install']
[0.938s] Level 1:colcon.colcon_core.package_identification:_identify(install) by extension 'ignore'
[0.938s] Level 1:colcon.colcon_core.package_identification:_identify(install) ignored
[0.938s] Level 1:colcon.colcon_core.package_identification:_identify(log) by extensions ['ignore', 'ignore_ament_install']
[0.938s] Level 1:colcon.colcon_core.package_identification:_identify(log) by extension 'ignore'
[0.938s] Level 1:colcon.colcon_core.package_identification:_identify(log) ignored
[0.939s] Level 1:colcon.colcon_core.package_identification:_identify(src) by extensions ['ignore', 'ignore_ament_install']
[0.939s] Level 1:colcon.colcon_core.package_identification:_identify(src) by extension 'ignore'
[0.939s] Level 1:colcon.colcon_core.package_identification:_identify(src) by extension 'ignore_ament_install'
[0.939s] Level 1:colcon.colcon_core.package_identification:_identify(src) by extensions ['colcon_pkg']
[0.939s] Level 1:colcon.colcon_core.package_identification:_identify(src) by extension 'colcon_pkg'
[0.939s] Level 1:colcon.colcon_core.package_identification:_identify(src) by extensions ['colcon_meta']
[0.939s] Level 1:colcon.colcon_core.package_identification:_identify(src) by extension 'colcon_meta'
[0.939s] Level 1:colcon.colcon_core.package_identification:_identify(src) by extensions ['ros']
[0.939s] Level 1:colcon.colcon_core.package_identification:_identify(src) by extension 'ros'
[0.940s] Level 1:colcon.colcon_core.package_identification:_identify(src) by extensions ['cmake', 'python']
[0.940s] Level 1:colcon.colcon_core.package_identification:_identify(src) by extension 'cmake'
[0.940s] Level 1:colcon.colcon_core.package_identification:_identify(src) by extension 'python'
[0.940s] Level 1:colcon.colcon_core.package_identification:_identify(src) by extensions ['python_setup_py']
[0.940s] Level 1:colcon.colcon_core.package_identification:_identify(src) by extension 'python_setup_py'
[0.940s] Level 1:colcon.colcon_core.package_identification:_identify(src/status_interfaces) by extensions ['ignore', 'ignore_ament_install']
[0.941s] Level 1:colcon.colcon_core.package_identification:_identify(src/status_interfaces) by extension 'ignore'
[0.941s] Level 1:colcon.colcon_core.package_identification:_identify(src/status_interfaces) by extension 'ignore_ament_install'
[0.941s] Level 1:colcon.colcon_core.package_identification:_identify(src/status_interfaces) by extensions ['colcon_pkg']
[0.941s] Level 1:colcon.colcon_core.package_identification:_identify(src/status_interfaces) by extension 'colcon_pkg'
[0.941s] Level 1:colcon.colcon_core.package_identification:_identify(src/status_interfaces) by extensions ['colcon_meta']
[0.941s] Level 1:colcon.colcon_core.package_identification:_identify(src/status_interfaces) by extension 'colcon_meta'
[0.941s] Level 1:colcon.colcon_core.package_identification:_identify(src/status_interfaces) by extensions ['ros']
[0.941s] Level 1:colcon.colcon_core.package_identification:_identify(src/status_interfaces) by extension 'ros'
[0.946s] DEBUG:colcon.colcon_core.package_identification:Package 'src/status_interfaces' with type 'ros.ament_cmake' and name 'status_interfaces'
[0.947s] Level 1:colcon.colcon_core.package_identification:_identify(src/status_publisher) by extensions ['ignore', 'ignore_ament_install']
[0.947s] Level 1:colcon.colcon_core.package_identification:_identify(src/status_publisher) by extension 'ignore'
[0.947s] Level 1:colcon.colcon_core.package_identification:_identify(src/status_publisher) by extension 'ignore_ament_install'
[0.947s] Level 1:colcon.colcon_core.package_identification:_identify(src/status_publisher) by extensions ['colcon_pkg']
[0.947s] Level 1:colcon.colcon_core.package_identification:_identify(src/status_publisher) by extension 'colcon_pkg'
[0.947s] Level 1:colcon.colcon_core.package_identification:_identify(src/status_publisher) by extensions ['colcon_meta']
[0.947s] Level 1:colcon.colcon_core.package_identification:_identify(src/status_publisher) by extension 'colcon_meta'
[0.947s] Level 1:colcon.colcon_core.package_identification:_identify(src/status_publisher) by extensions ['ros']
[0.948s] Level 1:colcon.colcon_core.package_identification:_identify(src/status_publisher) by extension 'ros'
[0.949s] DEBUG:colcon.colcon_core.package_identification:Package 'src/status_publisher' with type 'ros.ament_python' and name 'status_publisher'
[0.950s] Level 1:colcon.colcon_core.package_discovery:discover_packages(recursive) using defaults
[0.950s] Level 1:colcon.colcon_core.package_discovery:discover_packages(ignore) discover
[0.950s] Level 1:colcon.colcon_core.package_discovery:discover_packages(ignore) using defaults
[0.950s] Level 1:colcon.colcon_core.package_discovery:discover_packages(path) discover
[0.950s] Level 1:colcon.colcon_core.package_discovery:discover_packages(path) using defaults
[1.008s] Level 1:colcon.colcon_core.package_discovery:discover_packages(prefix_path) check parameters
[1.009s] Level 1:colcon.colcon_core.package_discovery:discover_packages(prefix_path) discover
[1.014s] DEBUG:colcon.colcon_installed_package_information.package_discovery:Found 271 installed packages in /opt/ros/humble
[1.017s] Level 1:colcon.colcon_core.package_discovery:discover_packages(prefix_path) using defaults
[1.192s] Level 5:colcon.colcon_core.verb:set package 'status_interfaces' build argument 'cmake_args' from command line to 'None'
[1.192s] Level 5:colcon.colcon_core.verb:set package 'status_interfaces' build argument 'cmake_target' from command line to 'None'
[1.192s] Level 5:colcon.colcon_core.verb:set package 'status_interfaces' build argument 'cmake_target_skip_unavailable' from command line to 'False'
[1.192s] Level 5:colcon.colcon_core.verb:set package 'status_interfaces' build argument 'cmake_clean_cache' from command line to 'False'
[1.192s] Level 5:colcon.colcon_core.verb:set package 'status_interfaces' build argument 'cmake_clean_first' from command line to 'False'
[1.192s] Level 5:colcon.colcon_core.verb:set package 'status_interfaces' build argument 'cmake_force_configure' from command line to 'False'
[1.192s] Level 5:colcon.colcon_core.verb:set package 'status_interfaces' build argument 'ament_cmake_args' from command line to 'None'
[1.192s] Level 5:colcon.colcon_core.verb:set package 'status_interfaces' build argument 'catkin_cmake_args' from command line to 'None'
[1.192s] Level 5:colcon.colcon_core.verb:set package 'status_interfaces' build argument 'catkin_skip_building_tests' from command line to 'False'
[1.192s] DEBUG:colcon.colcon_core.verb:Building package 'status_interfaces' with the following arguments: {'ament_cmake_args': None, 'build_base': '/home/fishros/chapt3/topic_practice_ws/build/status_interfaces', 'catkin_cmake_args': None, 'catkin_skip_building_tests': False, 'cmake_args': None, 'cmake_clean_cache': False, 'cmake_clean_first': False, 'cmake_force_configure': False, 'cmake_target': None, 'cmake_target_skip_unavailable': False, 'install_base': '/home/fishros/chapt3/topic_practice_ws/install/status_interfaces', 'merge_install': False, 'path': '/home/fishros/chapt3/topic_practice_ws/src/status_interfaces', 'symlink_install': False, 'test_result_base': None}
[1.193s] Level 5:colcon.colcon_core.verb:set package 'status_publisher' build argument 'cmake_args' from command line to 'None'
[1.193s] Level 5:colcon.colcon_core.verb:set package 'status_publisher' build argument 'cmake_target' from command line to 'None'
[1.193s] Level 5:colcon.colcon_core.verb:set package 'status_publisher' build argument 'cmake_target_skip_unavailable' from command line to 'False'
[1.193s] Level 5:colcon.colcon_core.verb:set package 'status_publisher' build argument 'cmake_clean_cache' from command line to 'False'
[1.193s] Level 5:colcon.colcon_core.verb:set package 'status_publisher' build argument 'cmake_clean_first' from command line to 'False'
[1.193s] Level 5:colcon.colcon_core.verb:set package 'status_publisher' build argument 'cmake_force_configure' from command line to 'False'
[1.193s] Level 5:colcon.colcon_core.verb:set package 'status_publisher' build argument 'ament_cmake_args' from command line to 'None'
[1.193s] Level 5:colcon.colcon_core.verb:set package 'status_publisher' build argument 'catkin_cmake_args' from command line to 'None'
[1.193s] Level 5:colcon.colcon_core.verb:set package 'status_publisher' build argument 'catkin_skip_building_tests' from command line to 'False'
[1.193s] DEBUG:colcon.colcon_core.verb:Building package 'status_publisher' with the following arguments: {'ament_cmake_args': None, 'build_base': '/home/fishros/chapt3/topic_practice_ws/build/status_publisher', 'catkin_cmake_args': None, 'catkin_skip_building_tests': False, 'cmake_args': None, 'cmake_clean_cache': False, 'cmake_clean_first': False, 'cmake_force_configure': False, 'cmake_target': None, 'cmake_target_skip_unavailable': False, 'install_base': '/home/fishros/chapt3/topic_practice_ws/install/status_publisher', 'merge_install': False, 'path': '/home/fishros/chapt3/topic_practice_ws/src/status_publisher', 'symlink_install': False, 'test_result_base': None}
[1.193s] INFO:colcon.colcon_core.executor:Executing jobs using 'parallel' executor
[1.200s] DEBUG:colcon.colcon_parallel_executor.executor.parallel:run_until_complete
[1.202s] INFO:colcon.colcon_ros.task.ament_cmake.build:Building ROS package in '/home/fishros/chapt3/topic_practice_ws/src/status_interfaces' with build type 'ament_cmake'
[1.204s] INFO:colcon.colcon_cmake.task.cmake.build:Building CMake package in '/home/fishros/chapt3/topic_practice_ws/src/status_interfaces'
[1.219s] INFO:colcon.colcon_core.plugin_system:Skipping extension 'colcon_core.shell.bat': Not used on non-Windows systems
[1.220s] INFO:colcon.colcon_core.shell:Skip shell extension 'powershell' for command environment: Not usable outside of PowerShell
[1.221s] DEBUG:colcon.colcon_core.shell:Skip shell extension 'dsv' for command environment
[1.267s] DEBUG:colcon.colcon_core.event_handler.log_command:Invoking command in '/home/fishros/chapt3/topic_practice_ws/build/status_interfaces': CMAKE_PREFIX_PATH=/opt/ros/humble /usr/bin/cmake --build /home/fishros/chapt3/topic_practice_ws/build/status_interfaces -- -j1 -l1
[3.975s] DEBUG:colcon.colcon_core.event_handler.log_command:Invoked command in '/home/fishros/chapt3/topic_practice_ws/build/status_interfaces' returned '0': CMAKE_PREFIX_PATH=/opt/ros/humble /usr/bin/cmake --build /home/fishros/chapt3/topic_practice_ws/build/status_interfaces -- -j1 -l1
[4.002s] DEBUG:colcon.colcon_core.event_handler.log_command:Invoking command in '/home/fishros/chapt3/topic_practice_ws/build/status_interfaces': CMAKE_PREFIX_PATH=/opt/ros/humble /usr/bin/cmake --install /home/fishros/chapt3/topic_practice_ws/build/status_interfaces
[4.273s] Level 1:colcon.colcon_core.environment:create_environment_scripts_only(status_interfaces)
[4.275s] DEBUG:colcon.colcon_core.event_handler.log_command:Invoked command in '/home/fishros/chapt3/topic_practice_ws/build/status_interfaces' returned '0': CMAKE_PREFIX_PATH=/opt/ros/humble /usr/bin/cmake --install /home/fishros/chapt3/topic_practice_ws/build/status_interfaces
[4.290s] Level 1:colcon.colcon_core.environment:checking '/home/fishros/chapt3/topic_practice_ws/install/status_interfaces' for CMake module files
[4.290s] Level 1:colcon.colcon_core.environment:checking '/home/fishros/chapt3/topic_practice_ws/install/status_interfaces' for CMake config files
[4.293s] Level 1:colcon.colcon_core.shell:create_environment_hook('status_interfaces', 'cmake_prefix_path')
[4.294s] INFO:colcon.colcon_core.shell:Creating environment hook '/home/fishros/chapt3/topic_practice_ws/install/status_interfaces/share/status_interfaces/hook/cmake_prefix_path.ps1'
[4.297s] INFO:colcon.colcon_core.shell:Creating environment descriptor '/home/fishros/chapt3/topic_practice_ws/install/status_interfaces/share/status_interfaces/hook/cmake_prefix_path.dsv'
[4.299s] INFO:colcon.colcon_core.shell:Creating environment hook '/home/fishros/chapt3/topic_practice_ws/install/status_interfaces/share/status_interfaces/hook/cmake_prefix_path.sh'
[4.303s] Level 1:colcon.colcon_core.environment:checking '/home/fishros/chapt3/topic_practice_ws/install/status_interfaces/lib'
[4.303s] Level 1:colcon.colcon_core.shell:create_environment_hook('status_interfaces', 'ld_library_path_lib')
[4.305s] INFO:colcon.colcon_core.shell:Creating environment hook '/home/fishros/chapt3/topic_practice_ws/install/status_interfaces/share/status_interfaces/hook/ld_library_path_lib.ps1'
[4.305s] INFO:colcon.colcon_core.shell:Creating environment descriptor '/home/fishros/chapt3/topic_practice_ws/install/status_interfaces/share/status_interfaces/hook/ld_library_path_lib.dsv'
[4.306s] INFO:colcon.colcon_core.shell:Creating environment hook '/home/fishros/chapt3/topic_practice_ws/install/status_interfaces/share/status_interfaces/hook/ld_library_path_lib.sh'
[4.308s] Level 1:colcon.colcon_core.environment:checking '/home/fishros/chapt3/topic_practice_ws/install/status_interfaces/bin'
[4.308s] Level 1:colcon.colcon_core.environment:checking '/home/fishros/chapt3/topic_practice_ws/install/status_interfaces/lib/pkgconfig/status_interfaces.pc'
[4.309s] Level 1:colcon.colcon_core.environment:checking '/home/fishros/chapt3/topic_practice_ws/install/status_interfaces/lib/python3.10/site-packages'
[4.309s] Level 1:colcon.colcon_core.environment:checking '/home/fishros/chapt3/topic_practice_ws/install/status_interfaces/bin'
[4.309s] INFO:colcon.colcon_core.shell:Creating package script '/home/fishros/chapt3/topic_practice_ws/install/status_interfaces/share/status_interfaces/package.ps1'
[4.313s] INFO:colcon.colcon_core.shell:Creating package descriptor '/home/fishros/chapt3/topic_practice_ws/install/status_interfaces/share/status_interfaces/package.dsv'
[4.315s] INFO:colcon.colcon_core.shell:Creating package script '/home/fishros/chapt3/topic_practice_ws/install/status_interfaces/share/status_interfaces/package.sh'
[4.319s] INFO:colcon.colcon_core.shell:Creating package script '/home/fishros/chapt3/topic_practice_ws/install/status_interfaces/share/status_interfaces/package.bash'
[4.323s] INFO:colcon.colcon_core.shell:Creating package script '/home/fishros/chapt3/topic_practice_ws/install/status_interfaces/share/status_interfaces/package.zsh'
[4.327s] Level 1:colcon.colcon_core.environment:create_file_with_runtime_dependencies(/home/fishros/chapt3/topic_practice_ws/install/status_interfaces/share/colcon-core/packages/status_interfaces)
[4.329s] Level 1:colcon.colcon_core.environment:create_environment_scripts_only(status_interfaces)
[4.331s] Level 1:colcon.colcon_core.environment:checking '/home/fishros/chapt3/topic_practice_ws/install/status_interfaces' for CMake module files
[4.331s] Level 1:colcon.colcon_core.environment:checking '/home/fishros/chapt3/topic_practice_ws/install/status_interfaces' for CMake config files
[4.333s] Level 1:colcon.colcon_core.shell:create_environment_hook('status_interfaces', 'cmake_prefix_path')
[4.333s] INFO:colcon.colcon_core.shell:Creating environment hook '/home/fishros/chapt3/topic_practice_ws/install/status_interfaces/share/status_interfaces/hook/cmake_prefix_path.ps1'
[4.336s] INFO:colcon.colcon_core.shell:Creating environment descriptor '/home/fishros/chapt3/topic_practice_ws/install/status_interfaces/share/status_interfaces/hook/cmake_prefix_path.dsv'
[4.336s] INFO:colcon.colcon_core.shell:Creating environment hook '/home/fishros/chapt3/topic_practice_ws/install/status_interfaces/share/status_interfaces/hook/cmake_prefix_path.sh'
[4.339s] Level 1:colcon.colcon_core.environment:checking '/home/fishros/chapt3/topic_practice_ws/install/status_interfaces/lib'
[4.339s] Level 1:colcon.colcon_core.shell:create_environment_hook('status_interfaces', 'ld_library_path_lib')
[4.339s] INFO:colcon.colcon_core.shell:Creating environment hook '/home/fishros/chapt3/topic_practice_ws/install/status_interfaces/share/status_interfaces/hook/ld_library_path_lib.ps1'
[4.340s] INFO:colcon.colcon_core.shell:Creating environment descriptor '/home/fishros/chapt3/topic_practice_ws/install/status_interfaces/share/status_interfaces/hook/ld_library_path_lib.dsv'
[4.341s] INFO:colcon.colcon_core.shell:Creating environment hook '/home/fishros/chapt3/topic_practice_ws/install/status_interfaces/share/status_interfaces/hook/ld_library_path_lib.sh'
[4.343s] Level 1:colcon.colcon_core.environment:checking '/home/fishros/chapt3/topic_practice_ws/install/status_interfaces/bin'
[4.343s] Level 1:colcon.colcon_core.environment:checking '/home/fishros/chapt3/topic_practice_ws/install/status_interfaces/lib/pkgconfig/status_interfaces.pc'
[4.344s] Level 1:colcon.colcon_core.environment:checking '/home/fishros/chapt3/topic_practice_ws/install/status_interfaces/lib/python3.10/site-packages'
[4.344s] Level 1:colcon.colcon_core.environment:checking '/home/fishros/chapt3/topic_practice_ws/install/status_interfaces/bin'
[4.346s] INFO:colcon.colcon_core.shell:Creating package script '/home/fishros/chapt3/topic_practice_ws/install/status_interfaces/share/status_interfaces/package.ps1'
[4.346s] INFO:colcon.colcon_core.shell:Creating package descriptor '/home/fishros/chapt3/topic_practice_ws/install/status_interfaces/share/status_interfaces/package.dsv'
[4.349s] INFO:colcon.colcon_core.shell:Creating package script '/home/fishros/chapt3/topic_practice_ws/install/status_interfaces/share/status_interfaces/package.sh'
[4.350s] INFO:colcon.colcon_core.shell:Creating package script '/home/fishros/chapt3/topic_practice_ws/install/status_interfaces/share/status_interfaces/package.bash'
[4.352s] INFO:colcon.colcon_core.shell:Creating package script '/home/fishros/chapt3/topic_practice_ws/install/status_interfaces/share/status_interfaces/package.zsh'
[4.354s] Level 1:colcon.colcon_core.environment:create_file_with_runtime_dependencies(/home/fishros/chapt3/topic_practice_ws/install/status_interfaces/share/colcon-core/packages/status_interfaces)
[4.357s] INFO:colcon.colcon_ros.task.ament_python.build:Building ROS package in '/home/fishros/chapt3/topic_practice_ws/src/status_publisher' with build type 'ament_python'
[4.357s] Level 1:colcon.colcon_core.shell:create_environment_hook('status_publisher', 'ament_prefix_path')
[4.357s] INFO:colcon.colcon_core.shell:Creating environment hook '/home/fishros/chapt3/topic_practice_ws/install/status_publisher/share/status_publisher/hook/ament_prefix_path.ps1'
[4.359s] INFO:colcon.colcon_core.shell:Creating environment descriptor '/home/fishros/chapt3/topic_practice_ws/install/status_publisher/share/status_publisher/hook/ament_prefix_path.dsv'
[4.360s] INFO:colcon.colcon_core.shell:Creating environment hook '/home/fishros/chapt3/topic_practice_ws/install/status_publisher/share/status_publisher/hook/ament_prefix_path.sh'
[4.362s] INFO:colcon.colcon_core.shell:Skip shell extension 'powershell' for command environment: Not usable outside of PowerShell
[4.362s] DEBUG:colcon.colcon_core.shell:Skip shell extension 'dsv' for command environment
[5.164s] INFO:colcon.colcon_core.task.python.build:Building Python package in '/home/fishros/chapt3/topic_practice_ws/src/status_publisher'
[5.165s] INFO:colcon.colcon_core.shell:Skip shell extension 'powershell' for command environment: Not usable outside of PowerShell
[5.165s] DEBUG:colcon.colcon_core.shell:Skip shell extension 'dsv' for command environment
[6.312s] DEBUG:colcon.colcon_core.event_handler.log_command:Invoking command in '/home/fishros/chapt3/topic_practice_ws/src/status_publisher': AMENT_PREFIX_PATH=/home/fishros/chapt3/topic_practice_ws/install/status_interfaces:${AMENT_PREFIX_PATH} CMAKE_PREFIX_PATH=/home/fishros/chapt3/topic_practice_ws/install/status_interfaces LD_LIBRARY_PATH=/home/fishros/chapt3/topic_practice_ws/install/status_interfaces/lib:${LD_LIBRARY_PATH} PYTHONPATH=/home/fishros/chapt3/topic_practice_ws/build/status_publisher/prefix_override:/usr/lib/python3/dist-packages/colcon_core/task/python/colcon_distutils_commands:/home/fishros/chapt3/topic_practice_ws/install/status_publisher/lib/python3.10/site-packages:/home/fishros/chapt3/topic_practice_ws/install/status_interfaces/local/lib/python3.10/dist-packages:${PYTHONPATH} /usr/bin/python3 -W ignore:setup.py install is deprecated -W ignore:easy_install command is deprecated setup.py egg_info --egg-base ../../build/status_publisher build --build-base /home/fishros/chapt3/topic_practice_ws/build/status_publisher/build install --record /home/fishros/chapt3/topic_practice_ws/build/status_publisher/install.log --single-version-externally-managed install_data
[7.467s] Level 1:colcon.colcon_core.environment:checking '/home/fishros/chapt3/topic_practice_ws/install/status_publisher' for CMake module files
[7.473s] Level 1:colcon.colcon_core.environment:checking '/home/fishros/chapt3/topic_practice_ws/install/status_publisher' for CMake config files
[7.473s] Level 1:colcon.colcon_core.environment:checking '/home/fishros/chapt3/topic_practice_ws/install/status_publisher/lib'
[7.473s] Level 1:colcon.colcon_core.environment:checking '/home/fishros/chapt3/topic_practice_ws/install/status_publisher/bin'
[7.471s] DEBUG:colcon.colcon_core.event_handler.log_command:Invoked command in '/home/fishros/chapt3/topic_practice_ws/src/status_publisher' returned '0': AMENT_PREFIX_PATH=/home/fishros/chapt3/topic_practice_ws/install/status_interfaces:${AMENT_PREFIX_PATH} CMAKE_PREFIX_PATH=/home/fishros/chapt3/topic_practice_ws/install/status_interfaces LD_LIBRARY_PATH=/home/fishros/chapt3/topic_practice_ws/install/status_interfaces/lib:${LD_LIBRARY_PATH} PYTHONPATH=/home/fishros/chapt3/topic_practice_ws/build/status_publisher/prefix_override:/usr/lib/python3/dist-packages/colcon_core/task/python/colcon_distutils_commands:/home/fishros/chapt3/topic_practice_ws/install/status_publisher/lib/python3.10/site-packages:/home/fishros/chapt3/topic_practice_ws/install/status_interfaces/local/lib/python3.10/dist-packages:${PYTHONPATH} /usr/bin/python3 -W ignore:setup.py install is deprecated -W ignore:easy_install command is deprecated setup.py egg_info --egg-base ../../build/status_publisher build --build-base /home/fishros/chapt3/topic_practice_ws/build/status_publisher/build install --record /home/fishros/chapt3/topic_practice_ws/build/status_publisher/install.log --single-version-externally-managed install_data
[7.475s] Level 1:colcon.colcon_core.environment:checking '/home/fishros/chapt3/topic_practice_ws/install/status_publisher/lib/pkgconfig/status_publisher.pc'
[7.477s] Level 1:colcon.colcon_core.environment:checking '/home/fishros/chapt3/topic_practice_ws/install/status_publisher/lib/python3.10/site-packages'
[7.477s] Level 1:colcon.colcon_core.shell:create_environment_hook('status_publisher', 'pythonpath')
[7.479s] INFO:colcon.colcon_core.shell:Creating environment hook '/home/fishros/chapt3/topic_practice_ws/install/status_publisher/share/status_publisher/hook/pythonpath.ps1'
[7.479s] INFO:colcon.colcon_core.shell:Creating environment descriptor '/home/fishros/chapt3/topic_practice_ws/install/status_publisher/share/status_publisher/hook/pythonpath.dsv'
[7.480s] INFO:colcon.colcon_core.shell:Creating environment hook '/home/fishros/chapt3/topic_practice_ws/install/status_publisher/share/status_publisher/hook/pythonpath.sh'
[7.483s] Level 1:colcon.colcon_core.environment:checking '/home/fishros/chapt3/topic_practice_ws/install/status_publisher/bin'
[7.483s] Level 1:colcon.colcon_core.environment:create_environment_scripts_only(status_publisher)
[7.486s] INFO:colcon.colcon_core.shell:Creating package script '/home/fishros/chapt3/topic_practice_ws/install/status_publisher/share/status_publisher/package.ps1'
[7.486s] INFO:colcon.colcon_core.shell:Creating package descriptor '/home/fishros/chapt3/topic_practice_ws/install/status_publisher/share/status_publisher/package.dsv'
[7.492s] INFO:colcon.colcon_core.shell:Creating package script '/home/fishros/chapt3/topic_practice_ws/install/status_publisher/share/status_publisher/package.sh'
[7.493s] INFO:colcon.colcon_core.shell:Creating package script '/home/fishros/chapt3/topic_practice_ws/install/status_publisher/share/status_publisher/package.bash'
[7.494s] INFO:colcon.colcon_core.shell:Creating package script '/home/fishros/chapt3/topic_practice_ws/install/status_publisher/share/status_publisher/package.zsh'
[7.494s] Level 1:colcon.colcon_core.environment:create_file_with_runtime_dependencies(/home/fishros/chapt3/topic_practice_ws/install/status_publisher/share/colcon-core/packages/status_publisher)
[7.501s] DEBUG:colcon.colcon_parallel_executor.executor.parallel:closing loop
[7.501s] DEBUG:colcon.colcon_parallel_executor.executor.parallel:loop closed
[7.501s] DEBUG:colcon.colcon_parallel_executor.executor.parallel:run_until_complete finished with '0'
[7.501s] DEBUG:colcon.colcon_core.event_reactor:joining thread
[7.549s] INFO:colcon.colcon_core.plugin_system:Skipping extension 'colcon_notification.desktop_notification.terminal_notifier': Not used on non-Darwin systems
[7.549s] INFO:colcon.colcon_core.plugin_system:Skipping extension 'colcon_notification.desktop_notification.win32': Not used on non-Windows systems
[7.549s] INFO:colcon.colcon_notification.desktop_notification:Sending desktop notification using 'notify2'
[7.903s] DEBUG:colcon.colcon_core.event_reactor:joined thread
[7.903s] INFO:colcon.colcon_core.shell:Creating prefix script '/home/fishros/chapt3/topic_practice_ws/install/local_setup.ps1'
[7.920s] INFO:colcon.colcon_core.shell:Creating prefix util module '/home/fishros/chapt3/topic_practice_ws/install/_local_setup_util_ps1.py'
[7.923s] INFO:colcon.colcon_core.shell:Creating prefix chain script '/home/fishros/chapt3/topic_practice_ws/install/setup.ps1'
[7.927s] INFO:colcon.colcon_core.shell:Creating prefix script '/home/fishros/chapt3/topic_practice_ws/install/local_setup.sh'
[7.932s] INFO:colcon.colcon_core.shell:Creating prefix util module '/home/fishros/chapt3/topic_practice_ws/install/_local_setup_util_sh.py'
[7.934s] INFO:colcon.colcon_core.shell:Creating prefix chain script '/home/fishros/chapt3/topic_practice_ws/install/setup.sh'
[7.942s] INFO:colcon.colcon_core.shell:Creating prefix script '/home/fishros/chapt3/topic_practice_ws/install/local_setup.bash'
[7.948s] INFO:colcon.colcon_core.shell:Creating prefix chain script '/home/fishros/chapt3/topic_practice_ws/install/setup.bash'
[7.953s] INFO:colcon.colcon_core.shell:Creating prefix script '/home/fishros/chapt3/topic_practice_ws/install/local_setup.zsh'
[7.955s] INFO:colcon.colcon_core.shell:Creating prefix chain script '/home/fishros/chapt3/topic_practice_ws/install/setup.zsh'
