[0.027s] Invoking command in '/home/fishros/chapt4/chapt4_ws/src/chapt4_interfaces/build/chapt4_interfaces': CMAKE_PREFIX_PATH=/opt/ros/humble /usr/bin/cmake /home/fishros/chapt4/chapt4_ws/src/chapt4_interfaces -DCMAKE_INSTALL_PREFIX=/home/fishros/chapt4/chapt4_ws/src/chapt4_interfaces/install/chapt4_interfaces
[0.498s] -- The C compiler identification is GNU 11.4.0
[0.805s] -- The CXX compiler identification is GNU 11.4.0
[0.835s] -- Detecting C compiler ABI info
[1.067s] -- Detecting C compiler ABI info - done
[1.099s] -- Check for working C compiler: /usr/bin/cc - skipped
[1.104s] -- Detecting C compile features
[1.112s] -- Detecting C compile features - done
[1.126s] -- Detecting CXX compiler ABI info
[1.524s] -- Detecting CXX compiler ABI info - done
[1.570s] -- Check for working CXX compiler: /usr/bin/c++ - skipped
[1.570s] -- Detecting CXX compile features
[1.570s] -- Detecting CXX compile features - done
[1.607s] -- Found ament_cmake: 1.3.11 (/opt/ros/humble/share/ament_cmake/cmake)
[2.134s] -- Found Python3: /usr/bin/python3 (found version "3.10.12") found components: Interpreter 
[2.531s] -- Found rosidl_default_generators: 1.2.0 (/opt/ros/humble/share/rosidl_default_generators/cmake)
[2.550s] -- Using all available rosidl_typesupport_c: rosidl_typesupport_fastrtps_c;rosidl_typesupport_introspection_c
[2.586s] -- Found rosidl_adapter: 3.1.6 (/opt/ros/humble/share/rosidl_adapter/cmake)
[2.824s] -- Using all available rosidl_typesupport_cpp: rosidl_typesupport_fastrtps_cpp;rosidl_typesupport_introspection_cpp
[2.948s] -- Found sensor_msgs: 4.8.0 (/opt/ros/humble/share/sensor_msgs/cmake)
[3.214s] -- Configuring incomplete, errors occurred!
[3.214s] See also "/home/fishros/chapt4/chapt4_ws/src/chapt4_interfaces/build/chapt4_interfaces/CMakeFiles/CMakeOutput.log".
[3.217s] [31mCMake Error at /opt/ros/humble/share/rosidl_cmake/cmake/rosidl_generate_interfaces.cmake:93 (message):
[3.217s]   rosidl_generate_interfaces() the passed file 'srv/FaceDetection.srv'
[3.217s]   doesn't exist relative to the CMAKE_CURRENT_SOURCE_DIR
[3.217s]   '/home/fishros/chapt4/chapt4_ws/src/chapt4_interfaces'
[3.217s] Call Stack (most recent call first):
[3.217s]   CMakeLists.txt:13 (rosidl_generate_interfaces)
[3.217s] 
[3.217s] [0m
[3.239s] Invoked command in '/home/fishros/chapt4/chapt4_ws/src/chapt4_interfaces/build/chapt4_interfaces' returned '1': CMAKE_PREFIX_PATH=/opt/ros/humble /usr/bin/cmake /home/fishros/chapt4/chapt4_ws/src/chapt4_interfaces -DCMAKE_INSTALL_PREFIX=/home/fishros/chapt4/chapt4_ws/src/chapt4_interfaces/install/chapt4_interfaces
