[1.970s] Invoking command in '/home/fishros/chapt5/chapt5_ws/src/demo_python_tf': PYTHONPATH=/home/fishros/chapt5/build/demo_python_tf/prefix_override:/usr/lib/python3/dist-packages/colcon_core/task/python/colcon_distutils_commands:/home/fishros/chapt5/install/demo_python_tf/lib/python3.10/site-packages:${PYTHONPATH} /usr/bin/python3 -W ignore:setup.py install is deprecated -W ignore:easy_install command is deprecated setup.py egg_info --egg-base ../../../build/demo_python_tf build --build-base /home/fishros/chapt5/build/demo_python_tf/build install --record /home/fishros/chapt5/build/demo_python_tf/install.log --single-version-externally-managed install_data
[2.707s] running egg_info
[2.707s] writing ../../../build/demo_python_tf/demo_python_tf.egg-info/PKG-INFO
[2.710s] writing dependency_links to ../../../build/demo_python_tf/demo_python_tf.egg-info/dependency_links.txt
[2.710s] writing entry points to ../../../build/demo_python_tf/demo_python_tf.egg-info/entry_points.txt
[2.710s] writing requirements to ../../../build/demo_python_tf/demo_python_tf.egg-info/requires.txt
[2.710s] writing top-level names to ../../../build/demo_python_tf/demo_python_tf.egg-info/top_level.txt
[2.715s] reading manifest file '../../../build/demo_python_tf/demo_python_tf.egg-info/SOURCES.txt'
[2.716s] adding license file 'LICENSE'
[2.720s] writing manifest file '../../../build/demo_python_tf/demo_python_tf.egg-info/SOURCES.txt'
[2.720s] running build
[2.721s] running build_py
[2.721s] copying demo_python_tf/tf_listener.py -> /home/fishros/chapt5/build/demo_python_tf/build/lib/demo_python_tf
[2.723s] running install
[2.724s] running install_lib
[2.728s] copying /home/fishros/chapt5/build/demo_python_tf/build/lib/demo_python_tf/tf_listener.py -> /home/fishros/chapt5/install/demo_python_tf/lib/python3.10/site-packages/demo_python_tf
[2.730s] byte-compiling /home/fishros/chapt5/install/demo_python_tf/lib/python3.10/site-packages/demo_python_tf/tf_listener.py to tf_listener.cpython-310.pyc
[2.733s] running install_data
[2.733s] running install_egg_info
[2.738s] removing '/home/fishros/chapt5/install/demo_python_tf/lib/python3.10/site-packages/demo_python_tf-0.0.0-py3.10.egg-info' (and everything under it)
[2.738s] Copying ../../../build/demo_python_tf/demo_python_tf.egg-info to /home/fishros/chapt5/install/demo_python_tf/lib/python3.10/site-packages/demo_python_tf-0.0.0-py3.10.egg-info
[2.741s] running install_scripts
[2.815s] Installing dynamic_tf_broadcaster script to /home/fishros/chapt5/install/demo_python_tf/lib/demo_python_tf
[2.821s] Installing static_tf_broadcaster script to /home/fishros/chapt5/install/demo_python_tf/lib/demo_python_tf
[2.821s] Installing tf_listener script to /home/fishros/chapt5/install/demo_python_tf/lib/demo_python_tf
[2.821s] writing list of installed files to '/home/fishros/chapt5/build/demo_python_tf/install.log'
[2.912s] Invoked command in '/home/fishros/chapt5/chapt5_ws/src/demo_python_tf' returned '0': PYTHONPATH=/home/fishros/chapt5/build/demo_python_tf/prefix_override:/usr/lib/python3/dist-packages/colcon_core/task/python/colcon_distutils_commands:/home/fishros/chapt5/install/demo_python_tf/lib/python3.10/site-packages:${PYTHONPATH} /usr/bin/python3 -W ignore:setup.py install is deprecated -W ignore:easy_install command is deprecated setup.py egg_info --egg-base ../../../build/demo_python_tf build --build-base /home/fishros/chapt5/build/demo_python_tf/build install --record /home/fishros/chapt5/build/demo_python_tf/install.log --single-version-externally-managed install_data
