[3.272s] Invoking command in '/home/fishros/chapt2/chapt2_ws/src/demo_python_pkg': PYTHONPATH=/home/fishros/chapt2/chapt2_ws/build/demo_python_pkg/prefix_override:/usr/lib/python3/dist-packages/colcon_core/task/python/colcon_distutils_commands:/home/fishros/chapt2/chapt2_ws/install/demo_python_pkg/lib/python3.10/site-packages:${PYTHONPATH} /usr/bin/python3 -W ignore:setup.py install is deprecated -W ignore:easy_install command is deprecated setup.py egg_info --egg-base ../../build/demo_python_pkg build --build-base /home/fishros/chapt2/chapt2_ws/build/demo_python_pkg/build install --record /home/fishros/chapt2/chapt2_ws/build/demo_python_pkg/install.log --single-version-externally-managed install_data
[4.446s] running egg_info
[4.450s] writing ../../build/demo_python_pkg/demo_python_pkg.egg-info/PKG-INFO
[4.451s] writing dependency_links to ../../build/demo_python_pkg/demo_python_pkg.egg-info/dependency_links.txt
[4.451s] writing entry points to ../../build/demo_python_pkg/demo_python_pkg.egg-info/entry_points.txt
[4.451s] writing requirements to ../../build/demo_python_pkg/demo_python_pkg.egg-info/requires.txt
[4.451s] writing top-level names to ../../build/demo_python_pkg/demo_python_pkg.egg-info/top_level.txt
[4.459s] reading manifest file '../../build/demo_python_pkg/demo_python_pkg.egg-info/SOURCES.txt'
[4.465s] adding license file 'LICENSE'
[4.465s] writing manifest file '../../build/demo_python_pkg/demo_python_pkg.egg-info/SOURCES.txt'
[4.466s] running build
[4.467s] running build_py
[4.471s] copying demo_python_pkg/learn_thread.py -> /home/fishros/chapt2/chapt2_ws/build/demo_python_pkg/build/lib/demo_python_pkg
[4.471s] running install
[4.473s] running install_lib
[4.478s] copying /home/fishros/chapt2/chapt2_ws/build/demo_python_pkg/build/lib/demo_python_pkg/learn_thread.py -> /home/fishros/chapt2/chapt2_ws/install/demo_python_pkg/lib/python3.10/site-packages/demo_python_pkg
[4.480s] byte-compiling /home/fishros/chapt2/chapt2_ws/install/demo_python_pkg/lib/python3.10/site-packages/demo_python_pkg/learn_thread.py to learn_thread.cpython-310.pyc
[4.483s] running install_data
[4.485s] running install_egg_info
[4.493s] removing '/home/fishros/chapt2/chapt2_ws/install/demo_python_pkg/lib/python3.10/site-packages/demo_python_pkg-0.0.0-py3.10.egg-info' (and everything under it)
[4.497s] Copying ../../build/demo_python_pkg/demo_python_pkg.egg-info to /home/fishros/chapt2/chapt2_ws/install/demo_python_pkg/lib/python3.10/site-packages/demo_python_pkg-0.0.0-py3.10.egg-info
[4.499s] running install_scripts
[4.581s] Installing learn_thread script to /home/fishros/chapt2/chapt2_ws/install/demo_python_pkg/lib/demo_python_pkg
[4.583s] Installing person_node script to /home/fishros/chapt2/chapt2_ws/install/demo_python_pkg/lib/demo_python_pkg
[4.584s] Installing python_node script to /home/fishros/chapt2/chapt2_ws/install/demo_python_pkg/lib/demo_python_pkg
[4.592s] writing list of installed files to '/home/fishros/chapt2/chapt2_ws/build/demo_python_pkg/install.log'
[4.722s] Invoked command in '/home/fishros/chapt2/chapt2_ws/src/demo_python_pkg' returned '0': PYTHONPATH=/home/fishros/chapt2/chapt2_ws/build/demo_python_pkg/prefix_override:/usr/lib/python3/dist-packages/colcon_core/task/python/colcon_distutils_commands:/home/fishros/chapt2/chapt2_ws/install/demo_python_pkg/lib/python3.10/site-packages:${PYTHONPATH} /usr/bin/python3 -W ignore:setup.py install is deprecated -W ignore:easy_install command is deprecated setup.py egg_info --egg-base ../../build/demo_python_pkg build --build-base /home/fishros/chapt2/chapt2_ws/build/demo_python_pkg/build install --record /home/fishros/chapt2/chapt2_ws/build/demo_python_pkg/install.log --single-version-externally-managed install_data
