[0.027s] Invoking command in '/home/fishros/chapt3/topic_practice_ws/build/status_display': CMAKE_PREFIX_PATH=/opt/ros/humble /usr/bin/cmake --build /home/fishros/chapt3/topic_practice_ws/build/status_display -- -j1 -l1
[0.097s] -- Found ament_cmake: 1.3.11 (/opt/ros/humble/share/ament_cmake/cmake)
[0.497s] -- Found rclcpp: 16.0.12 (/opt/ros/humble/share/rclcpp/cmake)
[0.586s] -- Found rosidl_generator_c: 3.1.6 (/opt/ros/humble/share/rosidl_generator_c/cmake)
[0.604s] -- Found rosidl_adapter: 3.1.6 (/opt/ros/humble/share/rosidl_adapter/cmake)
[0.633s] -- Found rosidl_generator_cpp: 3.1.6 (/opt/ros/humble/share/rosidl_generator_cpp/cmake)
[0.678s] -- Using all available rosidl_typesupport_c: rosidl_typesupport_fastrtps_c;rosidl_typesupport_introspection_c
[0.716s] -- Using all available rosidl_typesupport_cpp: rosidl_typesupport_fastrtps_cpp;rosidl_typesupport_introspection_cpp
[0.839s] -- Found rmw_implementation_cmake: 6.1.2 (/opt/ros/humble/share/rmw_implementation_cmake/cmake)
[0.845s] -- Found rmw_fastrtps_cpp: 6.2.7 (/opt/ros/humble/share/rmw_fastrtps_cpp/cmake)
[1.135s] -- Using RMW implementation 'rmw_fastrtps_cpp' as default
[1.338s] -- Found status_interfaces: 0.0.0 (/home/fishros/chapt3/topic_practice_ws/install/status_interfaces/share/status_interfaces/cmake)
[1.404s] -- Found ament_lint_auto: 0.12.12 (/opt/ros/humble/share/ament_lint_auto/cmake)
[1.661s] -- Added test 'cppcheck' to perform static code analysis on C / C++ code
[1.663s] -- Configured cppcheck include dirs: 
[1.663s] -- Configured cppcheck exclude dirs and/or files: 
[1.667s] -- Added test 'lint_cmake' to check CMake code style
[1.671s] -- Added test 'uncrustify' to check C / C++ code style
[1.671s] -- Configured uncrustify additional arguments: 
[1.676s] -- Added test 'xmllint' to check XML markup files
[1.680s] -- Configuring done
[1.694s] [31mCMake Error at CMakeLists.txt:20 (add_executable):
[1.694s]   Cannot find source file:
[1.694s] 
[1.694s]     src/sys_status_displayer.cpp
[1.694s] 
[1.694s]   Tried extensions .c .C .c++ .cc .cpp .cxx .cu .mpp .m .M .mm .ixx .cppm .h
[1.694s]   .hh .h++ .hm .hpp .hxx .in .txx .f .F .for .f77 .f90 .f95 .f03 .hip .ispc
[1.695s] 
[1.697s] [0m
[1.704s] [31mCMake Error at CMakeLists.txt:20 (add_executable):
[1.704s]   No SOURCES given to target: sys_status_display
[1.704s] 
[1.705s] [0m
[1.705s] [0mCMake Generate step failed.  Build files cannot be regenerated correctly.[0m
[1.739s] gmake: *** [Makefile:267：cmake_check_build_system] 错误 1
[1.745s] Invoked command in '/home/fishros/chapt3/topic_practice_ws/build/status_display' returned '2': CMAKE_PREFIX_PATH=/opt/ros/humble /usr/bin/cmake --build /home/fishros/chapt3/topic_practice_ws/build/status_display -- -j1 -l1
