[2.319s] Invoking command in '/home/fishros/chapt4/chapt4_ws/src/demo_python_service': PYTHONPATH=/home/fishros/chapt4/chapt4_ws/src/demo_python_service/build/demo_python_service/prefix_override:/usr/lib/python3/dist-packages/colcon_core/task/python/colcon_distutils_commands:/home/fishros/chapt4/chapt4_ws/src/demo_python_service/install/demo_python_service/lib/python3.10/site-packages:${PYTHONPATH} /usr/bin/python3 -W ignore:setup.py install is deprecated -W ignore:easy_install command is deprecated setup.py egg_info --egg-base build/demo_python_service build --build-base /home/fishros/chapt4/chapt4_ws/src/demo_python_service/build/demo_python_service/build install --record /home/fishros/chapt4/chapt4_ws/src/demo_python_service/build/demo_python_service/install.log --single-version-externally-managed install_data
[2.987s] running egg_info
[2.987s] writing build/demo_python_service/demo_python_service.egg-info/PKG-INFO
[2.989s] writing dependency_links to build/demo_python_service/demo_python_service.egg-info/dependency_links.txt
[2.990s] writing entry points to build/demo_python_service/demo_python_service.egg-info/entry_points.txt
[2.992s] writing requirements to build/demo_python_service/demo_python_service.egg-info/requires.txt
[2.992s] writing top-level names to build/demo_python_service/demo_python_service.egg-info/top_level.txt
[2.999s] reading manifest file 'build/demo_python_service/demo_python_service.egg-info/SOURCES.txt'
[3.003s] adding license file 'LICENSE'
[3.005s] writing manifest file 'build/demo_python_service/demo_python_service.egg-info/SOURCES.txt'
[3.005s] running build
[3.005s] running build_py
[3.008s] copying demo_python_service/learn_face_detect.py -> /home/fishros/chapt4/chapt4_ws/src/demo_python_service/build/demo_python_service/build/lib/demo_python_service
[3.009s] running install
[3.009s] running install_lib
[3.013s] copying /home/fishros/chapt4/chapt4_ws/src/demo_python_service/build/demo_python_service/build/lib/demo_python_service/learn_face_detect.py -> /home/fishros/chapt4/chapt4_ws/src/demo_python_service/install/demo_python_service/lib/python3.10/site-packages/demo_python_service
[3.016s] byte-compiling /home/fishros/chapt4/chapt4_ws/src/demo_python_service/install/demo_python_service/lib/python3.10/site-packages/demo_python_service/learn_face_detect.py to learn_face_detect.cpython-310.pyc
[3.017s] running install_data
[3.018s] running install_egg_info
[3.024s] removing '/home/fishros/chapt4/chapt4_ws/src/demo_python_service/install/demo_python_service/lib/python3.10/site-packages/demo_python_service-0.0.0-py3.10.egg-info' (and everything under it)
[3.024s] Copying build/demo_python_service/demo_python_service.egg-info to /home/fishros/chapt4/chapt4_ws/src/demo_python_service/install/demo_python_service/lib/python3.10/site-packages/demo_python_service-0.0.0-py3.10.egg-info
[3.028s] running install_scripts
[3.102s] Installing learn_face_detect script to /home/fishros/chapt4/chapt4_ws/src/demo_python_service/install/demo_python_service/lib/demo_python_service
[3.105s] writing list of installed files to '/home/fishros/chapt4/chapt4_ws/src/demo_python_service/build/demo_python_service/install.log'
[3.201s] Invoked command in '/home/fishros/chapt4/chapt4_ws/src/demo_python_service' returned '0': PYTHONPATH=/home/fishros/chapt4/chapt4_ws/src/demo_python_service/build/demo_python_service/prefix_override:/usr/lib/python3/dist-packages/colcon_core/task/python/colcon_distutils_commands:/home/fishros/chapt4/chapt4_ws/src/demo_python_service/install/demo_python_service/lib/python3.10/site-packages:${PYTHONPATH} /usr/bin/python3 -W ignore:setup.py install is deprecated -W ignore:easy_install command is deprecated setup.py egg_info --egg-base build/demo_python_service build --build-base /home/fishros/chapt4/chapt4_ws/src/demo_python_service/build/demo_python_service/build install --record /home/fishros/chapt4/chapt4_ws/src/demo_python_service/build/demo_python_service/install.log --single-version-externally-managed install_data
